[100%] Built target mqttc
-- Install configuration: ""
-- Up-to-date: /home/cyberdog_ws/install/share/mqttc/environment/library_path.sh
-- Up-to-date: /home/cyberdog_ws/install/share/mqttc/environment/library_path.dsv
-- Up-to-date: /home/cyberdog_ws/install/include
-- Up-to-date: /home/cyberdog_ws/install/include/mqttc
-- Up-to-date: /home/cyberdog_ws/install/include/mqttc/mqtt.h
-- Up-to-date: /home/cyberdog_ws/install/include/mqttc/mqtt_pal.h
-- Up-to-date: /home/cyberdog_ws/install/lib/libmqttc.so
-- Up-to-date: /home/cyberdog_ws/install/share/mqttc/environment/library_path.sh
-- Up-to-date: /home/cyberdog_ws/install/share/mqttc/environment/library_path.dsv
-- Up-to-date: /home/cyberdog_ws/install/share/ament_index/resource_index/package_run_dependencies/mqttc
-- Up-to-date: /home/cyberdog_ws/install/share/ament_index/resource_index/parent_prefix_path/mqttc
-- Up-to-date: /home/cyberdog_ws/install/share/mqttc/environment/ament_prefix_path.sh
-- Up-to-date: /home/cyberdog_ws/install/share/mqttc/environment/ament_prefix_path.dsv
-- Up-to-date: /home/cyberdog_ws/install/share/mqttc/environment/path.sh
-- Up-to-date: /home/cyberdog_ws/install/share/mqttc/environment/path.dsv
-- Up-to-date: /home/cyberdog_ws/install/share/mqttc/local_setup.bash
-- Up-to-date: /home/cyberdog_ws/install/share/mqttc/local_setup.sh
-- Up-to-date: /home/cyberdog_ws/install/share/mqttc/local_setup.zsh
-- Up-to-date: /home/cyberdog_ws/install/share/mqttc/local_setup.dsv
-- Up-to-date: /home/cyberdog_ws/install/share/mqttc/package.dsv
-- Up-to-date: /home/cyberdog_ws/install/share/ament_index/resource_index/packages/mqttc
-- Up-to-date: /home/cyberdog_ws/install/share/mqttc/cmake/mqttcExport.cmake
-- Up-to-date: /home/cyberdog_ws/install/share/mqttc/cmake/mqttcExport-noconfig.cmake
-- Up-to-date: /home/cyberdog_ws/install/share/mqttc/cmake/ament_cmake_export_include_directories-extras.cmake
-- Up-to-date: /home/cyberdog_ws/install/share/mqttc/cmake/ament_cmake_export_targets-extras.cmake
-- Up-to-date: /home/cyberdog_ws/install/share/mqttc/cmake/mqttcConfig.cmake
-- Up-to-date: /home/cyberdog_ws/install/share/mqttc/cmake/mqttcConfig-version.cmake
-- Up-to-date: /home/cyberdog_ws/install/share/mqttc/package.xml
