[0.095s] Invoking command in '/home/cyberdog_ws/build/manager_base': CMAKE_PREFIX_PATH=${CMAKE_PREFIX_PATH}:/opt/ros/galactic /usr/bin/cmake --build /home/cyberdog_ws/build/manager_base -- -j16 -l16
[0.161s] Invoked command in '/home/cyberdog_ws/build/manager_base' returned '0': CMAKE_PREFIX_PATH=${CMAKE_PREFIX_PATH}:/opt/ros/galactic /usr/bin/cmake --build /home/cyberdog_ws/build/manager_base -- -j16 -l16
[0.192s] Invoking command in '/home/cyberdog_ws/build/manager_base': CMAKE_PREFIX_PATH=${CMAKE_PREFIX_PATH}:/opt/ros/galactic /usr/bin/cmake --install /home/cyberdog_ws/build/manager_base
[0.201s] -- Install configuration: ""
[0.201s] -- Up-to-date: /home/cyberdog_ws/install/include/
[0.201s] -- Up-to-date: /home/cyberdog_ws/install/include//manager_base
[0.201s] -- Up-to-date: /home/cyberdog_ws/install/include//manager_base/manager_base.hpp
[0.202s] -- Up-to-date: /home/cyberdog_ws/install/share/ament_index/resource_index/package_run_dependencies/manager_base
[0.202s] -- Up-to-date: /home/cyberdog_ws/install/share/ament_index/resource_index/parent_prefix_path/manager_base
[0.202s] -- Up-to-date: /home/cyberdog_ws/install/share/manager_base/environment/ament_prefix_path.sh
[0.202s] -- Up-to-date: /home/cyberdog_ws/install/share/manager_base/environment/ament_prefix_path.dsv
[0.202s] -- Up-to-date: /home/cyberdog_ws/install/share/manager_base/environment/path.sh
[0.202s] -- Up-to-date: /home/cyberdog_ws/install/share/manager_base/environment/path.dsv
[0.202s] -- Up-to-date: /home/cyberdog_ws/install/share/manager_base/local_setup.bash
[0.202s] -- Up-to-date: /home/cyberdog_ws/install/share/manager_base/local_setup.sh
[0.202s] -- Up-to-date: /home/cyberdog_ws/install/share/manager_base/local_setup.zsh
[0.202s] -- Up-to-date: /home/cyberdog_ws/install/share/manager_base/local_setup.dsv
[0.202s] -- Installing: /home/cyberdog_ws/install/share/manager_base/package.dsv
[0.202s] -- Up-to-date: /home/cyberdog_ws/install/share/ament_index/resource_index/packages/manager_base
[0.202s] -- Up-to-date: /home/cyberdog_ws/install/share/manager_base/cmake/ament_cmake_export_include_directories-extras.cmake
[0.203s] -- Up-to-date: /home/cyberdog_ws/install/share/manager_base/cmake/manager_baseConfig.cmake
[0.203s] -- Up-to-date: /home/cyberdog_ws/install/share/manager_base/cmake/manager_baseConfig-version.cmake
[0.203s] -- Up-to-date: /home/cyberdog_ws/install/share/manager_base/package.xml
[0.207s] Invoked command in '/home/cyberdog_ws/build/manager_base' returned '0': CMAKE_PREFIX_PATH=${CMAKE_PREFIX_PATH}:/opt/ros/galactic /usr/bin/cmake --install /home/cyberdog_ws/build/manager_base
