[0.142s] DEBUG:colcon:Command line arguments: ['/usr/bin/colcon', 'build', '--merge-install', '--packages-up-to', 'params']
[0.142s] DEBUG:colcon:Parsed command line arguments: Namespace(ament_cmake_args=None, base_paths=['.'], build_base='build', catkin_cmake_args=None, catkin_skip_building_tests=False, cmake_args=None, cmake_clean_cache=False, cmake_clean_first=False, cmake_force_configure=False, cmake_target=None, cmake_target_skip_unavailable=False, continue_on_error=False, event_handlers=None, executor='parallel', ignore_user_meta=False, install_base='install', log_base=None, log_level=None, main=<bound method BuildVerb.main of <colcon_core.verb.build.BuildVerb object at 0x7fe72197f6a0>>, merge_install=True, metas=['./colcon.meta'], mixin=None, mixin_files=None, mixin_verb=('build',), packages_above=None, packages_above_and_dependencies=None, packages_above_depth=None, packages_end=None, packages_ignore=None, packages_ignore_regex=None, packages_select=None, packages_select_build_failed=False, packages_select_by_dep=None, packages_select_regex=None, packages_select_test_failures=False, packages_skip=None, packages_skip_build_finished=False, packages_skip_by_dep=None, packages_skip_regex=None, packages_skip_test_passed=False, packages_skip_up_to=None, packages_start=None, packages_up_to=['params'], packages_up_to_regex=None, parallel_workers=16, paths=None, symlink_install=False, test_result_base=None, verb_extension=<colcon_core.verb.build.BuildVerb object at 0x7fe72197f6a0>, verb_name='build', verb_parser=<colcon_mixin.mixin.mixin_argument.MixinArgumentDecorator object at 0x7fe72197fd00>)
[0.161s] Level 1:colcon.colcon_core.package_discovery:discover_packages(colcon_meta) check parameters
[0.162s] INFO:colcon.colcon_metadata.package_discovery.colcon_meta:Using configuration from '/root/.colcon/metadata/default/Gazebo.meta'
[0.162s] INFO:colcon.colcon_metadata.package_discovery.colcon_meta:Using configuration from '/root/.colcon/metadata/default/fastrtps.meta'
[0.162s] Level 1:colcon.colcon_core.package_discovery:discover_packages(recursive) check parameters
[0.162s] Level 1:colcon.colcon_core.package_discovery:discover_packages(ignore) check parameters
[0.162s] Level 1:colcon.colcon_core.package_discovery:discover_packages(path) check parameters
[0.162s] Level 1:colcon.colcon_core.package_discovery:discover_packages(colcon_meta) discover
[0.162s] Level 1:colcon.colcon_core.package_discovery:discover_packages(recursive) discover
[0.162s] INFO:colcon.colcon_core.package_discovery:Crawling recursively for packages in '/home/cyberdog_ws'
[0.162s] Level 1:colcon.colcon_core.package_identification:_identify(.) by extensions ['ignore', 'ignore_ament_install']
[0.162s] Level 1:colcon.colcon_core.package_identification:_identify(.) by extension 'ignore'
[0.162s] Level 1:colcon.colcon_core.package_identification:_identify(.) by extension 'ignore_ament_install'
[0.162s] Level 1:colcon.colcon_core.package_identification:_identify(.) by extensions ['colcon_pkg']
[0.162s] Level 1:colcon.colcon_core.package_identification:_identify(.) by extension 'colcon_pkg'
[0.162s] Level 1:colcon.colcon_core.package_identification:_identify(.) by extensions ['colcon_meta']
[0.162s] Level 1:colcon.colcon_core.package_identification:_identify(.) by extension 'colcon_meta'
[0.162s] Level 1:colcon.colcon_core.package_identification:_identify(.) by extensions ['ros']
[0.162s] Level 1:colcon.colcon_core.package_identification:_identify(.) by extension 'ros'
[0.171s] Level 1:colcon.colcon_core.package_identification:_identify(.) by extensions ['cmake', 'python']
[0.171s] Level 1:colcon.colcon_core.package_identification:_identify(.) by extension 'cmake'
[0.171s] Level 1:colcon.colcon_core.package_identification:_identify(.) by extension 'python'
[0.171s] Level 1:colcon.colcon_core.package_identification:_identify(.) by extensions ['python_setup_py']
[0.171s] Level 1:colcon.colcon_core.package_identification:_identify(.) by extension 'python_setup_py'
[0.171s] Level 1:colcon.colcon_core.package_identification:_identify(build) by extensions ['ignore', 'ignore_ament_install']
[0.171s] Level 1:colcon.colcon_core.package_identification:_identify(build) by extension 'ignore'
[0.171s] Level 1:colcon.colcon_core.package_identification:_identify(build) ignored
[0.172s] Level 1:colcon.colcon_core.package_identification:_identify(install) by extensions ['ignore', 'ignore_ament_install']
[0.172s] Level 1:colcon.colcon_core.package_identification:_identify(install) by extension 'ignore'
[0.172s] Level 1:colcon.colcon_core.package_identification:_identify(install) ignored
[0.172s] Level 1:colcon.colcon_core.package_identification:_identify(log) by extensions ['ignore', 'ignore_ament_install']
[0.172s] Level 1:colcon.colcon_core.package_identification:_identify(log) by extension 'ignore'
[0.172s] Level 1:colcon.colcon_core.package_identification:_identify(log) ignored
[0.172s] Level 1:colcon.colcon_core.package_identification:_identify(src) by extensions ['ignore', 'ignore_ament_install']
[0.172s] Level 1:colcon.colcon_core.package_identification:_identify(src) by extension 'ignore'
[0.172s] Level 1:colcon.colcon_core.package_identification:_identify(src) by extension 'ignore_ament_install'
[0.172s] Level 1:colcon.colcon_core.package_identification:_identify(src) by extensions ['colcon_pkg']
[0.172s] Level 1:colcon.colcon_core.package_identification:_identify(src) by extension 'colcon_pkg'
[0.172s] Level 1:colcon.colcon_core.package_identification:_identify(src) by extensions ['colcon_meta']
[0.172s] Level 1:colcon.colcon_core.package_identification:_identify(src) by extension 'colcon_meta'
[0.172s] Level 1:colcon.colcon_core.package_identification:_identify(src) by extensions ['ros']
[0.172s] Level 1:colcon.colcon_core.package_identification:_identify(src) by extension 'ros'
[0.172s] Level 1:colcon.colcon_core.package_identification:_identify(src) by extensions ['cmake', 'python']
[0.172s] Level 1:colcon.colcon_core.package_identification:_identify(src) by extension 'cmake'
[0.172s] Level 1:colcon.colcon_core.package_identification:_identify(src) by extension 'python'
[0.172s] Level 1:colcon.colcon_core.package_identification:_identify(src) by extensions ['python_setup_py']
[0.172s] Level 1:colcon.colcon_core.package_identification:_identify(src) by extension 'python_setup_py'
[0.172s] Level 1:colcon.colcon_core.package_identification:_identify(src/bes_transmit) by extensions ['ignore', 'ignore_ament_install']
[0.172s] Level 1:colcon.colcon_core.package_identification:_identify(src/bes_transmit) by extension 'ignore'
[0.172s] Level 1:colcon.colcon_core.package_identification:_identify(src/bes_transmit) by extension 'ignore_ament_install'
[0.173s] Level 1:colcon.colcon_core.package_identification:_identify(src/bes_transmit) by extensions ['colcon_pkg']
[0.173s] Level 1:colcon.colcon_core.package_identification:_identify(src/bes_transmit) by extension 'colcon_pkg'
[0.173s] Level 1:colcon.colcon_core.package_identification:_identify(src/bes_transmit) by extensions ['colcon_meta']
[0.173s] Level 1:colcon.colcon_core.package_identification:_identify(src/bes_transmit) by extension 'colcon_meta'
[0.173s] Level 1:colcon.colcon_core.package_identification:_identify(src/bes_transmit) by extensions ['ros']
[0.173s] Level 1:colcon.colcon_core.package_identification:_identify(src/bes_transmit) by extension 'ros'
[0.175s] DEBUG:colcon.colcon_core.package_identification:Package 'src/bes_transmit' with type 'ros.ament_cmake' and name 'bes_transmit'
[0.175s] Level 1:colcon.colcon_core.package_identification:_identify(src/bridges) by extensions ['ignore', 'ignore_ament_install']
[0.176s] Level 1:colcon.colcon_core.package_identification:_identify(src/bridges) by extension 'ignore'
[0.176s] Level 1:colcon.colcon_core.package_identification:_identify(src/bridges) by extension 'ignore_ament_install'
[0.176s] Level 1:colcon.colcon_core.package_identification:_identify(src/bridges) by extensions ['colcon_pkg']
[0.176s] Level 1:colcon.colcon_core.package_identification:_identify(src/bridges) by extension 'colcon_pkg'
[0.176s] Level 1:colcon.colcon_core.package_identification:_identify(src/bridges) by extensions ['colcon_meta']
[0.176s] Level 1:colcon.colcon_core.package_identification:_identify(src/bridges) by extension 'colcon_meta'
[0.176s] Level 1:colcon.colcon_core.package_identification:_identify(src/bridges) by extensions ['ros']
[0.176s] Level 1:colcon.colcon_core.package_identification:_identify(src/bridges) by extension 'ros'
[0.176s] Level 1:colcon.colcon_core.package_identification:_identify(src/bridges) by extensions ['cmake', 'python']
[0.176s] Level 1:colcon.colcon_core.package_identification:_identify(src/bridges) by extension 'cmake'
[0.176s] Level 1:colcon.colcon_core.package_identification:_identify(src/bridges) by extension 'python'
[0.176s] Level 1:colcon.colcon_core.package_identification:_identify(src/bridges) by extensions ['python_setup_py']
[0.176s] Level 1:colcon.colcon_core.package_identification:_identify(src/bridges) by extension 'python_setup_py'
[0.176s] Level 1:colcon.colcon_core.package_identification:_identify(src/bridges/cyberdog_grpc) by extensions ['ignore', 'ignore_ament_install']
[0.176s] Level 1:colcon.colcon_core.package_identification:_identify(src/bridges/cyberdog_grpc) by extension 'ignore'
[0.176s] Level 1:colcon.colcon_core.package_identification:_identify(src/bridges/cyberdog_grpc) by extension 'ignore_ament_install'
[0.176s] Level 1:colcon.colcon_core.package_identification:_identify(src/bridges/cyberdog_grpc) by extensions ['colcon_pkg']
[0.176s] Level 1:colcon.colcon_core.package_identification:_identify(src/bridges/cyberdog_grpc) by extension 'colcon_pkg'
[0.176s] Level 1:colcon.colcon_core.package_identification:_identify(src/bridges/cyberdog_grpc) by extensions ['colcon_meta']
[0.176s] Level 1:colcon.colcon_core.package_identification:_identify(src/bridges/cyberdog_grpc) by extension 'colcon_meta'
[0.176s] Level 1:colcon.colcon_core.package_identification:_identify(src/bridges/cyberdog_grpc) by extensions ['ros']
[0.176s] Level 1:colcon.colcon_core.package_identification:_identify(src/bridges/cyberdog_grpc) by extension 'ros'
[0.178s] DEBUG:colcon.colcon_core.package_identification:Package 'src/bridges/cyberdog_grpc' with type 'ros.ament_cmake' and name 'cyberdog_grpc'
[0.178s] Level 1:colcon.colcon_core.package_identification:_identify(src/bridges/embed_protocol) by extensions ['ignore', 'ignore_ament_install']
[0.178s] Level 1:colcon.colcon_core.package_identification:_identify(src/bridges/embed_protocol) by extension 'ignore'
[0.178s] Level 1:colcon.colcon_core.package_identification:_identify(src/bridges/embed_protocol) by extension 'ignore_ament_install'
[0.178s] Level 1:colcon.colcon_core.package_identification:_identify(src/bridges/embed_protocol) by extensions ['colcon_pkg']
[0.178s] Level 1:colcon.colcon_core.package_identification:_identify(src/bridges/embed_protocol) by extension 'colcon_pkg'
[0.178s] Level 1:colcon.colcon_core.package_identification:_identify(src/bridges/embed_protocol) by extensions ['colcon_meta']
[0.178s] Level 1:colcon.colcon_core.package_identification:_identify(src/bridges/embed_protocol) by extension 'colcon_meta'
[0.178s] Level 1:colcon.colcon_core.package_identification:_identify(src/bridges/embed_protocol) by extensions ['ros']
[0.178s] Level 1:colcon.colcon_core.package_identification:_identify(src/bridges/embed_protocol) by extension 'ros'
[0.179s] DEBUG:colcon.colcon_core.package_identification:Package 'src/bridges/embed_protocol' with type 'ros.ament_cmake' and name 'cyberdog_embed_protocol'
[0.179s] Level 1:colcon.colcon_core.package_identification:_identify(src/bridges/params) by extensions ['ignore', 'ignore_ament_install']
[0.179s] Level 1:colcon.colcon_core.package_identification:_identify(src/bridges/params) by extension 'ignore'
[0.179s] Level 1:colcon.colcon_core.package_identification:_identify(src/bridges/params) by extension 'ignore_ament_install'
[0.179s] Level 1:colcon.colcon_core.package_identification:_identify(src/bridges/params) by extensions ['colcon_pkg']
[0.179s] Level 1:colcon.colcon_core.package_identification:_identify(src/bridges/params) by extension 'colcon_pkg'
[0.179s] Level 1:colcon.colcon_core.package_identification:_identify(src/bridges/params) by extensions ['colcon_meta']
[0.179s] Level 1:colcon.colcon_core.package_identification:_identify(src/bridges/params) by extension 'colcon_meta'
[0.179s] Level 1:colcon.colcon_core.package_identification:_identify(src/bridges/params) by extensions ['ros']
[0.179s] Level 1:colcon.colcon_core.package_identification:_identify(src/bridges/params) by extension 'ros'
[0.179s] DEBUG:colcon.colcon_core.package_identification:Package 'src/bridges/params' with type 'ros.ament_cmake' and name 'params'
[0.180s] Level 1:colcon.colcon_core.package_identification:_identify(src/bridges/protocol) by extensions ['ignore', 'ignore_ament_install']
[0.180s] Level 1:colcon.colcon_core.package_identification:_identify(src/bridges/protocol) by extension 'ignore'
[0.180s] Level 1:colcon.colcon_core.package_identification:_identify(src/bridges/protocol) by extension 'ignore_ament_install'
[0.180s] Level 1:colcon.colcon_core.package_identification:_identify(src/bridges/protocol) by extensions ['colcon_pkg']
[0.180s] Level 1:colcon.colcon_core.package_identification:_identify(src/bridges/protocol) by extension 'colcon_pkg'
[0.180s] Level 1:colcon.colcon_core.package_identification:_identify(src/bridges/protocol) by extensions ['colcon_meta']
[0.180s] Level 1:colcon.colcon_core.package_identification:_identify(src/bridges/protocol) by extension 'colcon_meta'
[0.180s] Level 1:colcon.colcon_core.package_identification:_identify(src/bridges/protocol) by extensions ['ros']
[0.180s] Level 1:colcon.colcon_core.package_identification:_identify(src/bridges/protocol) by extension 'ros'
[0.181s] DEBUG:colcon.colcon_core.package_identification:Package 'src/bridges/protocol' with type 'ros.ament_cmake' and name 'protocol'
[0.181s] Level 1:colcon.colcon_core.package_identification:_identify(src/cyberdog_ws) by extensions ['ignore', 'ignore_ament_install']
[0.181s] Level 1:colcon.colcon_core.package_identification:_identify(src/cyberdog_ws) by extension 'ignore'
[0.181s] Level 1:colcon.colcon_core.package_identification:_identify(src/cyberdog_ws) by extension 'ignore_ament_install'
[0.181s] Level 1:colcon.colcon_core.package_identification:_identify(src/cyberdog_ws) by extensions ['colcon_pkg']
[0.181s] Level 1:colcon.colcon_core.package_identification:_identify(src/cyberdog_ws) by extension 'colcon_pkg'
[0.181s] Level 1:colcon.colcon_core.package_identification:_identify(src/cyberdog_ws) by extensions ['colcon_meta']
[0.181s] Level 1:colcon.colcon_core.package_identification:_identify(src/cyberdog_ws) by extension 'colcon_meta'
[0.181s] Level 1:colcon.colcon_core.package_identification:_identify(src/cyberdog_ws) by extensions ['ros']
[0.181s] Level 1:colcon.colcon_core.package_identification:_identify(src/cyberdog_ws) by extension 'ros'
[0.181s] Level 1:colcon.colcon_core.package_identification:_identify(src/cyberdog_ws) by extensions ['cmake', 'python']
[0.181s] Level 1:colcon.colcon_core.package_identification:_identify(src/cyberdog_ws) by extension 'cmake'
[0.181s] Level 1:colcon.colcon_core.package_identification:_identify(src/cyberdog_ws) by extension 'python'
[0.181s] Level 1:colcon.colcon_core.package_identification:_identify(src/cyberdog_ws) by extensions ['python_setup_py']
[0.181s] Level 1:colcon.colcon_core.package_identification:_identify(src/cyberdog_ws) by extension 'python_setup_py'
[0.181s] Level 1:colcon.colcon_core.package_identification:_identify(src/cyberdog_ws/cyberdog_bringup) by extensions ['ignore', 'ignore_ament_install']
[0.181s] Level 1:colcon.colcon_core.package_identification:_identify(src/cyberdog_ws/cyberdog_bringup) by extension 'ignore'
[0.181s] Level 1:colcon.colcon_core.package_identification:_identify(src/cyberdog_ws/cyberdog_bringup) by extension 'ignore_ament_install'
[0.181s] Level 1:colcon.colcon_core.package_identification:_identify(src/cyberdog_ws/cyberdog_bringup) by extensions ['colcon_pkg']
[0.181s] Level 1:colcon.colcon_core.package_identification:_identify(src/cyberdog_ws/cyberdog_bringup) by extension 'colcon_pkg'
[0.181s] Level 1:colcon.colcon_core.package_identification:_identify(src/cyberdog_ws/cyberdog_bringup) by extensions ['colcon_meta']
[0.181s] Level 1:colcon.colcon_core.package_identification:_identify(src/cyberdog_ws/cyberdog_bringup) by extension 'colcon_meta'
[0.181s] Level 1:colcon.colcon_core.package_identification:_identify(src/cyberdog_ws/cyberdog_bringup) by extensions ['ros']
[0.181s] Level 1:colcon.colcon_core.package_identification:_identify(src/cyberdog_ws/cyberdog_bringup) by extension 'ros'
[0.182s] DEBUG:colcon.colcon_core.package_identification:Package 'src/cyberdog_ws/cyberdog_bringup' with type 'ros.ament_cmake' and name 'cyberdog_bringup'
[0.182s] Level 1:colcon.colcon_core.package_identification:_identify(src/cyberdog_ws/third_party) by extensions ['ignore', 'ignore_ament_install']
[0.182s] Level 1:colcon.colcon_core.package_identification:_identify(src/cyberdog_ws/third_party) by extension 'ignore'
[0.182s] Level 1:colcon.colcon_core.package_identification:_identify(src/cyberdog_ws/third_party) by extension 'ignore_ament_install'
[0.182s] Level 1:colcon.colcon_core.package_identification:_identify(src/cyberdog_ws/third_party) by extensions ['colcon_pkg']
[0.182s] Level 1:colcon.colcon_core.package_identification:_identify(src/cyberdog_ws/third_party) by extension 'colcon_pkg'
[0.182s] Level 1:colcon.colcon_core.package_identification:_identify(src/cyberdog_ws/third_party) by extensions ['colcon_meta']
[0.182s] Level 1:colcon.colcon_core.package_identification:_identify(src/cyberdog_ws/third_party) by extension 'colcon_meta'
[0.183s] Level 1:colcon.colcon_core.package_identification:_identify(src/cyberdog_ws/third_party) by extensions ['ros']
[0.183s] Level 1:colcon.colcon_core.package_identification:_identify(src/cyberdog_ws/third_party) by extension 'ros'
[0.183s] Level 1:colcon.colcon_core.package_identification:_identify(src/cyberdog_ws/third_party) by extensions ['cmake', 'python']
[0.183s] Level 1:colcon.colcon_core.package_identification:_identify(src/cyberdog_ws/third_party) by extension 'cmake'
[0.183s] Level 1:colcon.colcon_core.package_identification:_identify(src/cyberdog_ws/third_party) by extension 'python'
[0.183s] Level 1:colcon.colcon_core.package_identification:_identify(src/cyberdog_ws/third_party) by extensions ['python_setup_py']
[0.183s] Level 1:colcon.colcon_core.package_identification:_identify(src/cyberdog_ws/third_party) by extension 'python_setup_py'
[0.183s] Level 1:colcon.colcon_core.package_identification:_identify(src/cyberdog_ws/third_party/cpp_httplib) by extensions ['ignore', 'ignore_ament_install']
[0.183s] Level 1:colcon.colcon_core.package_identification:_identify(src/cyberdog_ws/third_party/cpp_httplib) by extension 'ignore'
[0.183s] Level 1:colcon.colcon_core.package_identification:_identify(src/cyberdog_ws/third_party/cpp_httplib) by extension 'ignore_ament_install'
[0.183s] Level 1:colcon.colcon_core.package_identification:_identify(src/cyberdog_ws/third_party/cpp_httplib) by extensions ['colcon_pkg']
[0.183s] Level 1:colcon.colcon_core.package_identification:_identify(src/cyberdog_ws/third_party/cpp_httplib) by extension 'colcon_pkg'
[0.183s] Level 1:colcon.colcon_core.package_identification:_identify(src/cyberdog_ws/third_party/cpp_httplib) by extensions ['colcon_meta']
[0.183s] Level 1:colcon.colcon_core.package_identification:_identify(src/cyberdog_ws/third_party/cpp_httplib) by extension 'colcon_meta'
[0.183s] Level 1:colcon.colcon_core.package_identification:_identify(src/cyberdog_ws/third_party/cpp_httplib) by extensions ['ros']
[0.183s] Level 1:colcon.colcon_core.package_identification:_identify(src/cyberdog_ws/third_party/cpp_httplib) by extension 'ros'
[0.184s] DEBUG:colcon.colcon_core.package_identification:Package 'src/cyberdog_ws/third_party/cpp_httplib' with type 'ros.ament_cmake' and name 'cpp_httplib'
[0.184s] Level 1:colcon.colcon_core.package_identification:_identify(src/cyberdog_ws/third_party/filesystem) by extensions ['ignore', 'ignore_ament_install']
[0.184s] Level 1:colcon.colcon_core.package_identification:_identify(src/cyberdog_ws/third_party/filesystem) by extension 'ignore'
[0.184s] Level 1:colcon.colcon_core.package_identification:_identify(src/cyberdog_ws/third_party/filesystem) by extension 'ignore_ament_install'
[0.184s] Level 1:colcon.colcon_core.package_identification:_identify(src/cyberdog_ws/third_party/filesystem) by extensions ['colcon_pkg']
[0.184s] Level 1:colcon.colcon_core.package_identification:_identify(src/cyberdog_ws/third_party/filesystem) by extension 'colcon_pkg'
[0.184s] Level 1:colcon.colcon_core.package_identification:_identify(src/cyberdog_ws/third_party/filesystem) by extensions ['colcon_meta']
[0.184s] Level 1:colcon.colcon_core.package_identification:_identify(src/cyberdog_ws/third_party/filesystem) by extension 'colcon_meta'
[0.184s] Level 1:colcon.colcon_core.package_identification:_identify(src/cyberdog_ws/third_party/filesystem) by extensions ['ros']
[0.184s] Level 1:colcon.colcon_core.package_identification:_identify(src/cyberdog_ws/third_party/filesystem) by extension 'ros'
[0.184s] DEBUG:colcon.colcon_core.package_identification:Package 'src/cyberdog_ws/third_party/filesystem' with type 'ros.ament_cmake' and name 'filesystem'
[0.184s] Level 1:colcon.colcon_core.package_identification:_identify(src/cyberdog_ws/third_party/nvinference) by extensions ['ignore', 'ignore_ament_install']
[0.184s] Level 1:colcon.colcon_core.package_identification:_identify(src/cyberdog_ws/third_party/nvinference) by extension 'ignore'
[0.185s] Level 1:colcon.colcon_core.package_identification:_identify(src/cyberdog_ws/third_party/nvinference) by extension 'ignore_ament_install'
[0.185s] Level 1:colcon.colcon_core.package_identification:_identify(src/cyberdog_ws/third_party/nvinference) by extensions ['colcon_pkg']
[0.185s] Level 1:colcon.colcon_core.package_identification:_identify(src/cyberdog_ws/third_party/nvinference) by extension 'colcon_pkg'
[0.185s] Level 1:colcon.colcon_core.package_identification:_identify(src/cyberdog_ws/third_party/nvinference) by extensions ['colcon_meta']
[0.185s] Level 1:colcon.colcon_core.package_identification:_identify(src/cyberdog_ws/third_party/nvinference) by extension 'colcon_meta'
[0.185s] Level 1:colcon.colcon_core.package_identification:_identify(src/cyberdog_ws/third_party/nvinference) by extensions ['ros']
[0.185s] Level 1:colcon.colcon_core.package_identification:_identify(src/cyberdog_ws/third_party/nvinference) by extension 'ros'
[0.185s] DEBUG:colcon.colcon_core.package_identification:Package 'src/cyberdog_ws/third_party/nvinference' with type 'ros.ament_cmake' and name 'nvinference'
[0.185s] Level 1:colcon.colcon_core.package_identification:_identify(src/cyberdog_ws/third_party/rapidjson) by extensions ['ignore', 'ignore_ament_install']
[0.185s] Level 1:colcon.colcon_core.package_identification:_identify(src/cyberdog_ws/third_party/rapidjson) by extension 'ignore'
[0.185s] Level 1:colcon.colcon_core.package_identification:_identify(src/cyberdog_ws/third_party/rapidjson) by extension 'ignore_ament_install'
[0.185s] Level 1:colcon.colcon_core.package_identification:_identify(src/cyberdog_ws/third_party/rapidjson) by extensions ['colcon_pkg']
[0.185s] Level 1:colcon.colcon_core.package_identification:_identify(src/cyberdog_ws/third_party/rapidjson) by extension 'colcon_pkg'
[0.185s] Level 1:colcon.colcon_core.package_identification:_identify(src/cyberdog_ws/third_party/rapidjson) by extensions ['colcon_meta']
[0.185s] Level 1:colcon.colcon_core.package_identification:_identify(src/cyberdog_ws/third_party/rapidjson) by extension 'colcon_meta'
[0.185s] Level 1:colcon.colcon_core.package_identification:_identify(src/cyberdog_ws/third_party/rapidjson) by extensions ['ros']
[0.185s] Level 1:colcon.colcon_core.package_identification:_identify(src/cyberdog_ws/third_party/rapidjson) by extension 'ros'
[0.186s] DEBUG:colcon.colcon_core.package_identification:Package 'src/cyberdog_ws/third_party/rapidjson' with type 'ros.ament_cmake' and name 'rapidjson'
[0.186s] Level 1:colcon.colcon_core.package_identification:_identify(src/cyberdog_ws/third_party/toml) by extensions ['ignore', 'ignore_ament_install']
[0.186s] Level 1:colcon.colcon_core.package_identification:_identify(src/cyberdog_ws/third_party/toml) by extension 'ignore'
[0.186s] Level 1:colcon.colcon_core.package_identification:_identify(src/cyberdog_ws/third_party/toml) by extension 'ignore_ament_install'
[0.186s] Level 1:colcon.colcon_core.package_identification:_identify(src/cyberdog_ws/third_party/toml) by extensions ['colcon_pkg']
[0.186s] Level 1:colcon.colcon_core.package_identification:_identify(src/cyberdog_ws/third_party/toml) by extension 'colcon_pkg'
[0.186s] Level 1:colcon.colcon_core.package_identification:_identify(src/cyberdog_ws/third_party/toml) by extensions ['colcon_meta']
[0.186s] Level 1:colcon.colcon_core.package_identification:_identify(src/cyberdog_ws/third_party/toml) by extension 'colcon_meta'
[0.186s] Level 1:colcon.colcon_core.package_identification:_identify(src/cyberdog_ws/third_party/toml) by extensions ['ros']
[0.186s] Level 1:colcon.colcon_core.package_identification:_identify(src/cyberdog_ws/third_party/toml) by extension 'ros'
[0.186s] DEBUG:colcon.colcon_core.package_identification:Package 'src/cyberdog_ws/third_party/toml' with type 'ros.ament_cmake' and name 'toml'
[0.186s] Level 1:colcon.colcon_core.package_identification:_identify(src/cyberdog_ws/third_party/xpack) by extensions ['ignore', 'ignore_ament_install']
[0.186s] Level 1:colcon.colcon_core.package_identification:_identify(src/cyberdog_ws/third_party/xpack) by extension 'ignore'
[0.186s] Level 1:colcon.colcon_core.package_identification:_identify(src/cyberdog_ws/third_party/xpack) by extension 'ignore_ament_install'
[0.186s] Level 1:colcon.colcon_core.package_identification:_identify(src/cyberdog_ws/third_party/xpack) by extensions ['colcon_pkg']
[0.186s] Level 1:colcon.colcon_core.package_identification:_identify(src/cyberdog_ws/third_party/xpack) by extension 'colcon_pkg'
[0.186s] Level 1:colcon.colcon_core.package_identification:_identify(src/cyberdog_ws/third_party/xpack) by extensions ['colcon_meta']
[0.187s] Level 1:colcon.colcon_core.package_identification:_identify(src/cyberdog_ws/third_party/xpack) by extension 'colcon_meta'
[0.187s] Level 1:colcon.colcon_core.package_identification:_identify(src/cyberdog_ws/third_party/xpack) by extensions ['ros']
[0.187s] Level 1:colcon.colcon_core.package_identification:_identify(src/cyberdog_ws/third_party/xpack) by extension 'ros'
[0.187s] DEBUG:colcon.colcon_core.package_identification:Package 'src/cyberdog_ws/third_party/xpack' with type 'ros.ament_cmake' and name 'xpack'
[0.187s] Level 1:colcon.colcon_core.package_identification:_identify(src/cyberdog_ws/third_party/zxing) by extensions ['ignore', 'ignore_ament_install']
[0.187s] Level 1:colcon.colcon_core.package_identification:_identify(src/cyberdog_ws/third_party/zxing) by extension 'ignore'
[0.187s] Level 1:colcon.colcon_core.package_identification:_identify(src/cyberdog_ws/third_party/zxing) by extension 'ignore_ament_install'
[0.187s] Level 1:colcon.colcon_core.package_identification:_identify(src/cyberdog_ws/third_party/zxing) by extensions ['colcon_pkg']
[0.187s] Level 1:colcon.colcon_core.package_identification:_identify(src/cyberdog_ws/third_party/zxing) by extension 'colcon_pkg'
[0.187s] Level 1:colcon.colcon_core.package_identification:_identify(src/cyberdog_ws/third_party/zxing) by extensions ['colcon_meta']
[0.187s] Level 1:colcon.colcon_core.package_identification:_identify(src/cyberdog_ws/third_party/zxing) by extension 'colcon_meta'
[0.187s] Level 1:colcon.colcon_core.package_identification:_identify(src/cyberdog_ws/third_party/zxing) by extensions ['ros']
[0.187s] Level 1:colcon.colcon_core.package_identification:_identify(src/cyberdog_ws/third_party/zxing) by extension 'ros'
[0.189s] DEBUG:colcon.colcon_core.package_identification:Package 'src/cyberdog_ws/third_party/zxing' with type 'ros.ament_cmake' and name 'zxing'
[0.189s] Level 1:colcon.colcon_core.package_identification:_identify(src/cyberdog_ws/tools) by extensions ['ignore', 'ignore_ament_install']
[0.189s] Level 1:colcon.colcon_core.package_identification:_identify(src/cyberdog_ws/tools) by extension 'ignore'
[0.189s] Level 1:colcon.colcon_core.package_identification:_identify(src/cyberdog_ws/tools) by extension 'ignore_ament_install'
[0.189s] Level 1:colcon.colcon_core.package_identification:_identify(src/cyberdog_ws/tools) by extensions ['colcon_pkg']
[0.189s] Level 1:colcon.colcon_core.package_identification:_identify(src/cyberdog_ws/tools) by extension 'colcon_pkg'
[0.189s] Level 1:colcon.colcon_core.package_identification:_identify(src/cyberdog_ws/tools) by extensions ['colcon_meta']
[0.189s] Level 1:colcon.colcon_core.package_identification:_identify(src/cyberdog_ws/tools) by extension 'colcon_meta'
[0.189s] Level 1:colcon.colcon_core.package_identification:_identify(src/cyberdog_ws/tools) by extensions ['ros']
[0.189s] Level 1:colcon.colcon_core.package_identification:_identify(src/cyberdog_ws/tools) by extension 'ros'
[0.189s] Level 1:colcon.colcon_core.package_identification:_identify(src/cyberdog_ws/tools) by extensions ['cmake', 'python']
[0.189s] Level 1:colcon.colcon_core.package_identification:_identify(src/cyberdog_ws/tools) by extension 'cmake'
[0.190s] Level 1:colcon.colcon_core.package_identification:_identify(src/cyberdog_ws/tools) by extension 'python'
[0.190s] Level 1:colcon.colcon_core.package_identification:_identify(src/cyberdog_ws/tools) by extensions ['python_setup_py']
[0.190s] Level 1:colcon.colcon_core.package_identification:_identify(src/cyberdog_ws/tools) by extension 'python_setup_py'
[0.190s] Level 1:colcon.colcon_core.package_identification:_identify(src/cyberdog_ws/visions) by extensions ['ignore', 'ignore_ament_install']
[0.190s] Level 1:colcon.colcon_core.package_identification:_identify(src/cyberdog_ws/visions) by extension 'ignore'
[0.190s] Level 1:colcon.colcon_core.package_identification:_identify(src/cyberdog_ws/visions) by extension 'ignore_ament_install'
[0.190s] Level 1:colcon.colcon_core.package_identification:_identify(src/cyberdog_ws/visions) by extensions ['colcon_pkg']
[0.190s] Level 1:colcon.colcon_core.package_identification:_identify(src/cyberdog_ws/visions) by extension 'colcon_pkg'
[0.190s] Level 1:colcon.colcon_core.package_identification:_identify(src/cyberdog_ws/visions) by extensions ['colcon_meta']
[0.190s] Level 1:colcon.colcon_core.package_identification:_identify(src/cyberdog_ws/visions) by extension 'colcon_meta'
[0.190s] Level 1:colcon.colcon_core.package_identification:_identify(src/cyberdog_ws/visions) by extensions ['ros']
[0.190s] Level 1:colcon.colcon_core.package_identification:_identify(src/cyberdog_ws/visions) by extension 'ros'
[0.190s] Level 1:colcon.colcon_core.package_identification:_identify(src/cyberdog_ws/visions) by extensions ['cmake', 'python']
[0.190s] Level 1:colcon.colcon_core.package_identification:_identify(src/cyberdog_ws/visions) by extension 'cmake'
[0.190s] Level 1:colcon.colcon_core.package_identification:_identify(src/cyberdog_ws/visions) by extension 'python'
[0.190s] Level 1:colcon.colcon_core.package_identification:_identify(src/cyberdog_ws/visions) by extensions ['python_setup_py']
[0.190s] Level 1:colcon.colcon_core.package_identification:_identify(src/cyberdog_ws/visions) by extension 'python_setup_py'
[0.190s] Level 1:colcon.colcon_core.package_identification:_identify(src/manager) by extensions ['ignore', 'ignore_ament_install']
[0.190s] Level 1:colcon.colcon_core.package_identification:_identify(src/manager) by extension 'ignore'
[0.190s] Level 1:colcon.colcon_core.package_identification:_identify(src/manager) by extension 'ignore_ament_install'
[0.190s] Level 1:colcon.colcon_core.package_identification:_identify(src/manager) by extensions ['colcon_pkg']
[0.190s] Level 1:colcon.colcon_core.package_identification:_identify(src/manager) by extension 'colcon_pkg'
[0.190s] Level 1:colcon.colcon_core.package_identification:_identify(src/manager) by extensions ['colcon_meta']
[0.190s] Level 1:colcon.colcon_core.package_identification:_identify(src/manager) by extension 'colcon_meta'
[0.190s] Level 1:colcon.colcon_core.package_identification:_identify(src/manager) by extensions ['ros']
[0.190s] Level 1:colcon.colcon_core.package_identification:_identify(src/manager) by extension 'ros'
[0.190s] Level 1:colcon.colcon_core.package_identification:_identify(src/manager) by extensions ['cmake', 'python']
[0.191s] Level 1:colcon.colcon_core.package_identification:_identify(src/manager) by extension 'cmake'
[0.191s] Level 1:colcon.colcon_core.package_identification:_identify(src/manager) by extension 'python'
[0.191s] Level 1:colcon.colcon_core.package_identification:_identify(src/manager) by extensions ['python_setup_py']
[0.191s] Level 1:colcon.colcon_core.package_identification:_identify(src/manager) by extension 'python_setup_py'
[0.191s] Level 1:colcon.colcon_core.package_identification:_identify(src/manager/black_box) by extensions ['ignore', 'ignore_ament_install']
[0.191s] Level 1:colcon.colcon_core.package_identification:_identify(src/manager/black_box) by extension 'ignore'
[0.191s] Level 1:colcon.colcon_core.package_identification:_identify(src/manager/black_box) by extension 'ignore_ament_install'
[0.191s] Level 1:colcon.colcon_core.package_identification:_identify(src/manager/black_box) by extensions ['colcon_pkg']
[0.191s] Level 1:colcon.colcon_core.package_identification:_identify(src/manager/black_box) by extension 'colcon_pkg'
[0.191s] Level 1:colcon.colcon_core.package_identification:_identify(src/manager/black_box) by extensions ['colcon_meta']
[0.191s] Level 1:colcon.colcon_core.package_identification:_identify(src/manager/black_box) by extension 'colcon_meta'
[0.191s] Level 1:colcon.colcon_core.package_identification:_identify(src/manager/black_box) by extensions ['ros']
[0.191s] Level 1:colcon.colcon_core.package_identification:_identify(src/manager/black_box) by extension 'ros'
[0.191s] DEBUG:colcon.colcon_core.package_identification:Package 'src/manager/black_box' with type 'ros.ament_cmake' and name 'black_box'
[0.192s] Level 1:colcon.colcon_core.package_identification:_identify(src/manager/cyberdog_manager) by extensions ['ignore', 'ignore_ament_install']
[0.192s] Level 1:colcon.colcon_core.package_identification:_identify(src/manager/cyberdog_manager) by extension 'ignore'
[0.192s] Level 1:colcon.colcon_core.package_identification:_identify(src/manager/cyberdog_manager) by extension 'ignore_ament_install'
[0.192s] Level 1:colcon.colcon_core.package_identification:_identify(src/manager/cyberdog_manager) by extensions ['colcon_pkg']
[0.192s] Level 1:colcon.colcon_core.package_identification:_identify(src/manager/cyberdog_manager) by extension 'colcon_pkg'
[0.192s] Level 1:colcon.colcon_core.package_identification:_identify(src/manager/cyberdog_manager) by extensions ['colcon_meta']
[0.192s] Level 1:colcon.colcon_core.package_identification:_identify(src/manager/cyberdog_manager) by extension 'colcon_meta'
[0.192s] Level 1:colcon.colcon_core.package_identification:_identify(src/manager/cyberdog_manager) by extensions ['ros']
[0.192s] Level 1:colcon.colcon_core.package_identification:_identify(src/manager/cyberdog_manager) by extension 'ros'
[0.193s] DEBUG:colcon.colcon_core.package_identification:Package 'src/manager/cyberdog_manager' with type 'ros.ament_cmake' and name 'cyberdog_manager'
[0.193s] Level 1:colcon.colcon_core.package_identification:_identify(src/manager/cyberdog_permissions) by extensions ['ignore', 'ignore_ament_install']
[0.193s] Level 1:colcon.colcon_core.package_identification:_identify(src/manager/cyberdog_permissions) by extension 'ignore'
[0.193s] Level 1:colcon.colcon_core.package_identification:_identify(src/manager/cyberdog_permissions) by extension 'ignore_ament_install'
[0.193s] Level 1:colcon.colcon_core.package_identification:_identify(src/manager/cyberdog_permissions) by extensions ['colcon_pkg']
[0.193s] Level 1:colcon.colcon_core.package_identification:_identify(src/manager/cyberdog_permissions) by extension 'colcon_pkg'
[0.193s] Level 1:colcon.colcon_core.package_identification:_identify(src/manager/cyberdog_permissions) by extensions ['colcon_meta']
[0.193s] Level 1:colcon.colcon_core.package_identification:_identify(src/manager/cyberdog_permissions) by extension 'colcon_meta'
[0.193s] Level 1:colcon.colcon_core.package_identification:_identify(src/manager/cyberdog_permissions) by extensions ['ros']
[0.193s] Level 1:colcon.colcon_core.package_identification:_identify(src/manager/cyberdog_permissions) by extension 'ros'
[0.194s] DEBUG:colcon.colcon_core.package_identification:Package 'src/manager/cyberdog_permissions' with type 'ros.ament_cmake' and name 'cyberdog_permission'
[0.194s] Level 1:colcon.colcon_core.package_identification:_identify(src/manager/low_power_consumption) by extensions ['ignore', 'ignore_ament_install']
[0.194s] Level 1:colcon.colcon_core.package_identification:_identify(src/manager/low_power_consumption) by extension 'ignore'
[0.194s] Level 1:colcon.colcon_core.package_identification:_identify(src/manager/low_power_consumption) by extension 'ignore_ament_install'
[0.194s] Level 1:colcon.colcon_core.package_identification:_identify(src/manager/low_power_consumption) by extensions ['colcon_pkg']
[0.194s] Level 1:colcon.colcon_core.package_identification:_identify(src/manager/low_power_consumption) by extension 'colcon_pkg'
[0.194s] Level 1:colcon.colcon_core.package_identification:_identify(src/manager/low_power_consumption) by extensions ['colcon_meta']
[0.194s] Level 1:colcon.colcon_core.package_identification:_identify(src/manager/low_power_consumption) by extension 'colcon_meta'
[0.194s] Level 1:colcon.colcon_core.package_identification:_identify(src/manager/low_power_consumption) by extensions ['ros']
[0.194s] Level 1:colcon.colcon_core.package_identification:_identify(src/manager/low_power_consumption) by extension 'ros'
[0.201s] DEBUG:colcon.colcon_core.package_identification:Package 'src/manager/low_power_consumption' with type 'ros.ament_cmake' and name 'low_power_consumption'
[0.201s] Level 1:colcon.colcon_core.package_identification:_identify(src/manager/manager_base) by extensions ['ignore', 'ignore_ament_install']
[0.201s] Level 1:colcon.colcon_core.package_identification:_identify(src/manager/manager_base) by extension 'ignore'
[0.201s] Level 1:colcon.colcon_core.package_identification:_identify(src/manager/manager_base) by extension 'ignore_ament_install'
[0.201s] Level 1:colcon.colcon_core.package_identification:_identify(src/manager/manager_base) by extensions ['colcon_pkg']
[0.201s] Level 1:colcon.colcon_core.package_identification:_identify(src/manager/manager_base) by extension 'colcon_pkg'
[0.201s] Level 1:colcon.colcon_core.package_identification:_identify(src/manager/manager_base) by extensions ['colcon_meta']
[0.201s] Level 1:colcon.colcon_core.package_identification:_identify(src/manager/manager_base) by extension 'colcon_meta'
[0.201s] Level 1:colcon.colcon_core.package_identification:_identify(src/manager/manager_base) by extensions ['ros']
[0.201s] Level 1:colcon.colcon_core.package_identification:_identify(src/manager/manager_base) by extension 'ros'
[0.202s] DEBUG:colcon.colcon_core.package_identification:Package 'src/manager/manager_base' with type 'ros.ament_cmake' and name 'manager_base'
[0.202s] Level 1:colcon.colcon_core.package_identification:_identify(src/manager/user_info_manager) by extensions ['ignore', 'ignore_ament_install']
[0.202s] Level 1:colcon.colcon_core.package_identification:_identify(src/manager/user_info_manager) by extension 'ignore'
[0.202s] Level 1:colcon.colcon_core.package_identification:_identify(src/manager/user_info_manager) by extension 'ignore_ament_install'
[0.202s] Level 1:colcon.colcon_core.package_identification:_identify(src/manager/user_info_manager) by extensions ['colcon_pkg']
[0.202s] Level 1:colcon.colcon_core.package_identification:_identify(src/manager/user_info_manager) by extension 'colcon_pkg'
[0.202s] Level 1:colcon.colcon_core.package_identification:_identify(src/manager/user_info_manager) by extensions ['colcon_meta']
[0.202s] Level 1:colcon.colcon_core.package_identification:_identify(src/manager/user_info_manager) by extension 'colcon_meta'
[0.202s] Level 1:colcon.colcon_core.package_identification:_identify(src/manager/user_info_manager) by extensions ['ros']
[0.202s] Level 1:colcon.colcon_core.package_identification:_identify(src/manager/user_info_manager) by extension 'ros'
[0.203s] DEBUG:colcon.colcon_core.package_identification:Package 'src/manager/user_info_manager' with type 'ros.ament_cmake' and name 'user_info_manager'
[0.203s] Level 1:colcon.colcon_core.package_identification:_identify(src/motion) by extensions ['ignore', 'ignore_ament_install']
[0.203s] Level 1:colcon.colcon_core.package_identification:_identify(src/motion) by extension 'ignore'
[0.203s] Level 1:colcon.colcon_core.package_identification:_identify(src/motion) by extension 'ignore_ament_install'
[0.203s] Level 1:colcon.colcon_core.package_identification:_identify(src/motion) by extensions ['colcon_pkg']
[0.203s] Level 1:colcon.colcon_core.package_identification:_identify(src/motion) by extension 'colcon_pkg'
[0.203s] Level 1:colcon.colcon_core.package_identification:_identify(src/motion) by extensions ['colcon_meta']
[0.203s] Level 1:colcon.colcon_core.package_identification:_identify(src/motion) by extension 'colcon_meta'
[0.203s] Level 1:colcon.colcon_core.package_identification:_identify(src/motion) by extensions ['ros']
[0.203s] Level 1:colcon.colcon_core.package_identification:_identify(src/motion) by extension 'ros'
[0.203s] Level 1:colcon.colcon_core.package_identification:_identify(src/motion) by extensions ['cmake', 'python']
[0.203s] Level 1:colcon.colcon_core.package_identification:_identify(src/motion) by extension 'cmake'
[0.203s] Level 1:colcon.colcon_core.package_identification:_identify(src/motion) by extension 'python'
[0.203s] Level 1:colcon.colcon_core.package_identification:_identify(src/motion) by extensions ['python_setup_py']
[0.203s] Level 1:colcon.colcon_core.package_identification:_identify(src/motion) by extension 'python_setup_py'
[0.203s] Level 1:colcon.colcon_core.package_identification:_identify(src/motion/elec_skin) by extensions ['ignore', 'ignore_ament_install']
[0.203s] Level 1:colcon.colcon_core.package_identification:_identify(src/motion/elec_skin) by extension 'ignore'
[0.204s] Level 1:colcon.colcon_core.package_identification:_identify(src/motion/elec_skin) by extension 'ignore_ament_install'
[0.204s] Level 1:colcon.colcon_core.package_identification:_identify(src/motion/elec_skin) by extensions ['colcon_pkg']
[0.204s] Level 1:colcon.colcon_core.package_identification:_identify(src/motion/elec_skin) by extension 'colcon_pkg'
[0.204s] Level 1:colcon.colcon_core.package_identification:_identify(src/motion/elec_skin) by extensions ['colcon_meta']
[0.204s] Level 1:colcon.colcon_core.package_identification:_identify(src/motion/elec_skin) by extension 'colcon_meta'
[0.204s] Level 1:colcon.colcon_core.package_identification:_identify(src/motion/elec_skin) by extensions ['ros']
[0.204s] Level 1:colcon.colcon_core.package_identification:_identify(src/motion/elec_skin) by extension 'ros'
[0.204s] DEBUG:colcon.colcon_core.package_identification:Package 'src/motion/elec_skin' with type 'ros.ament_cmake' and name 'elec_skin'
[0.205s] Level 1:colcon.colcon_core.package_identification:_identify(src/motion/motion_action) by extensions ['ignore', 'ignore_ament_install']
[0.205s] Level 1:colcon.colcon_core.package_identification:_identify(src/motion/motion_action) by extension 'ignore'
[0.205s] Level 1:colcon.colcon_core.package_identification:_identify(src/motion/motion_action) by extension 'ignore_ament_install'
[0.205s] Level 1:colcon.colcon_core.package_identification:_identify(src/motion/motion_action) by extensions ['colcon_pkg']
[0.205s] Level 1:colcon.colcon_core.package_identification:_identify(src/motion/motion_action) by extension 'colcon_pkg'
[0.205s] Level 1:colcon.colcon_core.package_identification:_identify(src/motion/motion_action) by extensions ['colcon_meta']
[0.205s] Level 1:colcon.colcon_core.package_identification:_identify(src/motion/motion_action) by extension 'colcon_meta'
[0.205s] Level 1:colcon.colcon_core.package_identification:_identify(src/motion/motion_action) by extensions ['ros']
[0.205s] Level 1:colcon.colcon_core.package_identification:_identify(src/motion/motion_action) by extension 'ros'
[0.205s] DEBUG:colcon.colcon_core.package_identification:Package 'src/motion/motion_action' with type 'ros.ament_cmake' and name 'motion_action'
[0.206s] Level 1:colcon.colcon_core.package_identification:_identify(src/motion/motion_bridge) by extensions ['ignore', 'ignore_ament_install']
[0.206s] Level 1:colcon.colcon_core.package_identification:_identify(src/motion/motion_bridge) by extension 'ignore'
[0.206s] Level 1:colcon.colcon_core.package_identification:_identify(src/motion/motion_bridge) by extension 'ignore_ament_install'
[0.206s] Level 1:colcon.colcon_core.package_identification:_identify(src/motion/motion_bridge) by extensions ['colcon_pkg']
[0.206s] Level 1:colcon.colcon_core.package_identification:_identify(src/motion/motion_bridge) by extension 'colcon_pkg'
[0.206s] Level 1:colcon.colcon_core.package_identification:_identify(src/motion/motion_bridge) by extensions ['colcon_meta']
[0.206s] Level 1:colcon.colcon_core.package_identification:_identify(src/motion/motion_bridge) by extension 'colcon_meta'
[0.206s] Level 1:colcon.colcon_core.package_identification:_identify(src/motion/motion_bridge) by extensions ['ros']
[0.206s] Level 1:colcon.colcon_core.package_identification:_identify(src/motion/motion_bridge) by extension 'ros'
[0.207s] DEBUG:colcon.colcon_core.package_identification:Package 'src/motion/motion_bridge' with type 'ros.ament_cmake' and name 'motion_bridge'
[0.207s] Level 1:colcon.colcon_core.package_identification:_identify(src/motion/motion_manager) by extensions ['ignore', 'ignore_ament_install']
[0.207s] Level 1:colcon.colcon_core.package_identification:_identify(src/motion/motion_manager) by extension 'ignore'
[0.207s] Level 1:colcon.colcon_core.package_identification:_identify(src/motion/motion_manager) by extension 'ignore_ament_install'
[0.207s] Level 1:colcon.colcon_core.package_identification:_identify(src/motion/motion_manager) by extensions ['colcon_pkg']
[0.207s] Level 1:colcon.colcon_core.package_identification:_identify(src/motion/motion_manager) by extension 'colcon_pkg'
[0.207s] Level 1:colcon.colcon_core.package_identification:_identify(src/motion/motion_manager) by extensions ['colcon_meta']
[0.207s] Level 1:colcon.colcon_core.package_identification:_identify(src/motion/motion_manager) by extension 'colcon_meta'
[0.207s] Level 1:colcon.colcon_core.package_identification:_identify(src/motion/motion_manager) by extensions ['ros']
[0.207s] Level 1:colcon.colcon_core.package_identification:_identify(src/motion/motion_manager) by extension 'ros'
[0.208s] DEBUG:colcon.colcon_core.package_identification:Package 'src/motion/motion_manager' with type 'ros.ament_cmake' and name 'motion_manager'
[0.208s] Level 1:colcon.colcon_core.package_identification:_identify(src/motion/motion_utils) by extensions ['ignore', 'ignore_ament_install']
[0.208s] Level 1:colcon.colcon_core.package_identification:_identify(src/motion/motion_utils) by extension 'ignore'
[0.208s] Level 1:colcon.colcon_core.package_identification:_identify(src/motion/motion_utils) by extension 'ignore_ament_install'
[0.208s] Level 1:colcon.colcon_core.package_identification:_identify(src/motion/motion_utils) by extensions ['colcon_pkg']
[0.208s] Level 1:colcon.colcon_core.package_identification:_identify(src/motion/motion_utils) by extension 'colcon_pkg'
[0.208s] Level 1:colcon.colcon_core.package_identification:_identify(src/motion/motion_utils) by extensions ['colcon_meta']
[0.208s] Level 1:colcon.colcon_core.package_identification:_identify(src/motion/motion_utils) by extension 'colcon_meta'
[0.208s] Level 1:colcon.colcon_core.package_identification:_identify(src/motion/motion_utils) by extensions ['ros']
[0.208s] Level 1:colcon.colcon_core.package_identification:_identify(src/motion/motion_utils) by extension 'ros'
[0.209s] DEBUG:colcon.colcon_core.package_identification:Package 'src/motion/motion_utils' with type 'ros.ament_cmake' and name 'motion_utils'
[0.209s] Level 1:colcon.colcon_core.package_identification:_identify(src/motion/skin_manager) by extensions ['ignore', 'ignore_ament_install']
[0.209s] Level 1:colcon.colcon_core.package_identification:_identify(src/motion/skin_manager) by extension 'ignore'
[0.209s] Level 1:colcon.colcon_core.package_identification:_identify(src/motion/skin_manager) by extension 'ignore_ament_install'
[0.209s] Level 1:colcon.colcon_core.package_identification:_identify(src/motion/skin_manager) by extensions ['colcon_pkg']
[0.209s] Level 1:colcon.colcon_core.package_identification:_identify(src/motion/skin_manager) by extension 'colcon_pkg'
[0.209s] Level 1:colcon.colcon_core.package_identification:_identify(src/motion/skin_manager) by extensions ['colcon_meta']
[0.209s] Level 1:colcon.colcon_core.package_identification:_identify(src/motion/skin_manager) by extension 'colcon_meta'
[0.209s] Level 1:colcon.colcon_core.package_identification:_identify(src/motion/skin_manager) by extensions ['ros']
[0.209s] Level 1:colcon.colcon_core.package_identification:_identify(src/motion/skin_manager) by extension 'ros'
[0.210s] DEBUG:colcon.colcon_core.package_identification:Package 'src/motion/skin_manager' with type 'ros.ament_cmake' and name 'skin_manager'
[0.210s] Level 1:colcon.colcon_core.package_identification:_identify(src/mqttc) by extensions ['ignore', 'ignore_ament_install']
[0.210s] Level 1:colcon.colcon_core.package_identification:_identify(src/mqttc) by extension 'ignore'
[0.210s] Level 1:colcon.colcon_core.package_identification:_identify(src/mqttc) by extension 'ignore_ament_install'
[0.210s] Level 1:colcon.colcon_core.package_identification:_identify(src/mqttc) by extensions ['colcon_pkg']
[0.210s] Level 1:colcon.colcon_core.package_identification:_identify(src/mqttc) by extension 'colcon_pkg'
[0.210s] Level 1:colcon.colcon_core.package_identification:_identify(src/mqttc) by extensions ['colcon_meta']
[0.210s] Level 1:colcon.colcon_core.package_identification:_identify(src/mqttc) by extension 'colcon_meta'
[0.210s] Level 1:colcon.colcon_core.package_identification:_identify(src/mqttc) by extensions ['ros']
[0.211s] Level 1:colcon.colcon_core.package_identification:_identify(src/mqttc) by extension 'ros'
[0.211s] DEBUG:colcon.colcon_core.package_identification:Package 'src/mqttc' with type 'ros.ament_cmake' and name 'mqttc'
[0.211s] Level 1:colcon.colcon_core.package_identification:_identify(src/utils) by extensions ['ignore', 'ignore_ament_install']
[0.211s] Level 1:colcon.colcon_core.package_identification:_identify(src/utils) by extension 'ignore'
[0.211s] Level 1:colcon.colcon_core.package_identification:_identify(src/utils) by extension 'ignore_ament_install'
[0.211s] Level 1:colcon.colcon_core.package_identification:_identify(src/utils) by extensions ['colcon_pkg']
[0.211s] Level 1:colcon.colcon_core.package_identification:_identify(src/utils) by extension 'colcon_pkg'
[0.211s] Level 1:colcon.colcon_core.package_identification:_identify(src/utils) by extensions ['colcon_meta']
[0.211s] Level 1:colcon.colcon_core.package_identification:_identify(src/utils) by extension 'colcon_meta'
[0.211s] Level 1:colcon.colcon_core.package_identification:_identify(src/utils) by extensions ['ros']
[0.211s] Level 1:colcon.colcon_core.package_identification:_identify(src/utils) by extension 'ros'
[0.211s] Level 1:colcon.colcon_core.package_identification:_identify(src/utils) by extensions ['cmake', 'python']
[0.211s] Level 1:colcon.colcon_core.package_identification:_identify(src/utils) by extension 'cmake'
[0.211s] Level 1:colcon.colcon_core.package_identification:_identify(src/utils) by extension 'python'
[0.211s] Level 1:colcon.colcon_core.package_identification:_identify(src/utils) by extensions ['python_setup_py']
[0.211s] Level 1:colcon.colcon_core.package_identification:_identify(src/utils) by extension 'python_setup_py'
[0.211s] Level 1:colcon.colcon_core.package_identification:_identify(src/utils/cyberdog_common) by extensions ['ignore', 'ignore_ament_install']
[0.211s] Level 1:colcon.colcon_core.package_identification:_identify(src/utils/cyberdog_common) by extension 'ignore'
[0.212s] Level 1:colcon.colcon_core.package_identification:_identify(src/utils/cyberdog_common) by extension 'ignore_ament_install'
[0.212s] Level 1:colcon.colcon_core.package_identification:_identify(src/utils/cyberdog_common) by extensions ['colcon_pkg']
[0.212s] Level 1:colcon.colcon_core.package_identification:_identify(src/utils/cyberdog_common) by extension 'colcon_pkg'
[0.212s] Level 1:colcon.colcon_core.package_identification:_identify(src/utils/cyberdog_common) by extensions ['colcon_meta']
[0.212s] Level 1:colcon.colcon_core.package_identification:_identify(src/utils/cyberdog_common) by extension 'colcon_meta'
[0.212s] Level 1:colcon.colcon_core.package_identification:_identify(src/utils/cyberdog_common) by extensions ['ros']
[0.212s] Level 1:colcon.colcon_core.package_identification:_identify(src/utils/cyberdog_common) by extension 'ros'
[0.212s] DEBUG:colcon.colcon_core.package_identification:Package 'src/utils/cyberdog_common' with type 'ros.ament_cmake' and name 'cyberdog_common'
[0.213s] Level 1:colcon.colcon_core.package_identification:_identify(src/utils/cyberdog_debug) by extensions ['ignore', 'ignore_ament_install']
[0.213s] Level 1:colcon.colcon_core.package_identification:_identify(src/utils/cyberdog_debug) by extension 'ignore'
[0.213s] Level 1:colcon.colcon_core.package_identification:_identify(src/utils/cyberdog_debug) by extension 'ignore_ament_install'
[0.213s] Level 1:colcon.colcon_core.package_identification:_identify(src/utils/cyberdog_debug) by extensions ['colcon_pkg']
[0.213s] Level 1:colcon.colcon_core.package_identification:_identify(src/utils/cyberdog_debug) by extension 'colcon_pkg'
[0.213s] Level 1:colcon.colcon_core.package_identification:_identify(src/utils/cyberdog_debug) by extensions ['colcon_meta']
[0.213s] Level 1:colcon.colcon_core.package_identification:_identify(src/utils/cyberdog_debug) by extension 'colcon_meta'
[0.213s] Level 1:colcon.colcon_core.package_identification:_identify(src/utils/cyberdog_debug) by extensions ['ros']
[0.213s] Level 1:colcon.colcon_core.package_identification:_identify(src/utils/cyberdog_debug) by extension 'ros'
[0.213s] DEBUG:colcon.colcon_core.package_identification:Package 'src/utils/cyberdog_debug' with type 'ros.ament_cmake' and name 'cyberdog_debug'
[0.214s] Level 1:colcon.colcon_core.package_identification:_identify(src/utils/cyberdog_machine) by extensions ['ignore', 'ignore_ament_install']
[0.214s] Level 1:colcon.colcon_core.package_identification:_identify(src/utils/cyberdog_machine) by extension 'ignore'
[0.214s] Level 1:colcon.colcon_core.package_identification:_identify(src/utils/cyberdog_machine) by extension 'ignore_ament_install'
[0.214s] Level 1:colcon.colcon_core.package_identification:_identify(src/utils/cyberdog_machine) by extensions ['colcon_pkg']
[0.214s] Level 1:colcon.colcon_core.package_identification:_identify(src/utils/cyberdog_machine) by extension 'colcon_pkg'
[0.214s] Level 1:colcon.colcon_core.package_identification:_identify(src/utils/cyberdog_machine) by extensions ['colcon_meta']
[0.214s] Level 1:colcon.colcon_core.package_identification:_identify(src/utils/cyberdog_machine) by extension 'colcon_meta'
[0.214s] Level 1:colcon.colcon_core.package_identification:_identify(src/utils/cyberdog_machine) by extensions ['ros']
[0.214s] Level 1:colcon.colcon_core.package_identification:_identify(src/utils/cyberdog_machine) by extension 'ros'
[0.214s] DEBUG:colcon.colcon_core.package_identification:Package 'src/utils/cyberdog_machine' with type 'ros.ament_cmake' and name 'cyberdog_machine'
[0.214s] Level 1:colcon.colcon_core.package_identification:_identify(src/utils/cyberdog_parameter) by extensions ['ignore', 'ignore_ament_install']
[0.214s] Level 1:colcon.colcon_core.package_identification:_identify(src/utils/cyberdog_parameter) by extension 'ignore'
[0.214s] Level 1:colcon.colcon_core.package_identification:_identify(src/utils/cyberdog_parameter) by extension 'ignore_ament_install'
[0.214s] Level 1:colcon.colcon_core.package_identification:_identify(src/utils/cyberdog_parameter) by extensions ['colcon_pkg']
[0.214s] Level 1:colcon.colcon_core.package_identification:_identify(src/utils/cyberdog_parameter) by extension 'colcon_pkg'
[0.214s] Level 1:colcon.colcon_core.package_identification:_identify(src/utils/cyberdog_parameter) by extensions ['colcon_meta']
[0.214s] Level 1:colcon.colcon_core.package_identification:_identify(src/utils/cyberdog_parameter) by extension 'colcon_meta'
[0.215s] Level 1:colcon.colcon_core.package_identification:_identify(src/utils/cyberdog_parameter) by extensions ['ros']
[0.215s] Level 1:colcon.colcon_core.package_identification:_identify(src/utils/cyberdog_parameter) by extension 'ros'
[0.215s] DEBUG:colcon.colcon_core.package_identification:Package 'src/utils/cyberdog_parameter' with type 'ros.ament_cmake' and name 'cyberdog_parameter'
[0.215s] Level 1:colcon.colcon_core.package_identification:_identify(src/utils/cyberdog_system) by extensions ['ignore', 'ignore_ament_install']
[0.215s] Level 1:colcon.colcon_core.package_identification:_identify(src/utils/cyberdog_system) by extension 'ignore'
[0.215s] Level 1:colcon.colcon_core.package_identification:_identify(src/utils/cyberdog_system) by extension 'ignore_ament_install'
[0.215s] Level 1:colcon.colcon_core.package_identification:_identify(src/utils/cyberdog_system) by extensions ['colcon_pkg']
[0.215s] Level 1:colcon.colcon_core.package_identification:_identify(src/utils/cyberdog_system) by extension 'colcon_pkg'
[0.216s] Level 1:colcon.colcon_core.package_identification:_identify(src/utils/cyberdog_system) by extensions ['colcon_meta']
[0.216s] Level 1:colcon.colcon_core.package_identification:_identify(src/utils/cyberdog_system) by extension 'colcon_meta'
[0.216s] Level 1:colcon.colcon_core.package_identification:_identify(src/utils/cyberdog_system) by extensions ['ros']
[0.216s] Level 1:colcon.colcon_core.package_identification:_identify(src/utils/cyberdog_system) by extension 'ros'
[0.216s] DEBUG:colcon.colcon_core.package_identification:Package 'src/utils/cyberdog_system' with type 'ros.ament_cmake' and name 'cyberdog_system'
[0.216s] Level 1:colcon.colcon_core.package_discovery:discover_packages(recursive) using defaults
[0.217s] Level 1:colcon.colcon_core.package_discovery:discover_packages(ignore) discover
[0.217s] Level 1:colcon.colcon_core.package_discovery:discover_packages(ignore) using defaults
[0.217s] Level 1:colcon.colcon_core.package_discovery:discover_packages(path) discover
[0.217s] Level 1:colcon.colcon_core.package_discovery:discover_packages(path) using defaults
[0.235s] INFO:colcon.colcon_core.package_selection:Skipping package 'motion_utils' in 'src/motion/motion_utils'
[0.235s] INFO:colcon.colcon_core.package_selection:Skipping package 'motion_manager' in 'src/motion/motion_manager'
[0.235s] INFO:colcon.colcon_core.package_selection:Skipping package 'motion_bridge' in 'src/motion/motion_bridge'
[0.235s] INFO:colcon.colcon_core.package_selection:Skipping package 'motion_action' in 'src/motion/motion_action'
[0.236s] INFO:colcon.colcon_core.package_selection:Skipping package 'skin_manager' in 'src/motion/skin_manager'
[0.236s] INFO:colcon.colcon_core.package_selection:Skipping package 'cyberdog_manager' in 'src/manager/cyberdog_manager'
[0.236s] INFO:colcon.colcon_core.package_selection:Skipping package 'user_info_manager' in 'src/manager/user_info_manager'
[0.236s] INFO:colcon.colcon_core.package_selection:Skipping package 'manager_base' in 'src/manager/manager_base'
[0.236s] INFO:colcon.colcon_core.package_selection:Skipping package 'elec_skin' in 'src/motion/elec_skin'
[0.236s] INFO:colcon.colcon_core.package_selection:Skipping package 'cyberdog_grpc' in 'src/bridges/cyberdog_grpc'
[0.236s] INFO:colcon.colcon_core.package_selection:Skipping package 'low_power_consumption' in 'src/manager/low_power_consumption'
[0.236s] INFO:colcon.colcon_core.package_selection:Skipping package 'cyberdog_system' in 'src/utils/cyberdog_system'
[0.236s] INFO:colcon.colcon_core.package_selection:Skipping package 'cyberdog_permission' in 'src/manager/cyberdog_permissions'
[0.236s] INFO:colcon.colcon_core.package_selection:Skipping package 'cyberdog_parameter' in 'src/utils/cyberdog_parameter'
[0.236s] INFO:colcon.colcon_core.package_selection:Skipping package 'cyberdog_machine' in 'src/utils/cyberdog_machine'
[0.236s] INFO:colcon.colcon_core.package_selection:Skipping package 'cyberdog_embed_protocol' in 'src/bridges/embed_protocol'
[0.236s] INFO:colcon.colcon_core.package_selection:Skipping package 'cyberdog_debug' in 'src/utils/cyberdog_debug'
[0.236s] INFO:colcon.colcon_core.package_selection:Skipping package 'black_box' in 'src/manager/black_box'
[0.236s] INFO:colcon.colcon_core.package_selection:Skipping package 'bes_transmit' in 'src/bes_transmit'
[0.236s] INFO:colcon.colcon_core.package_selection:Skipping package 'cyberdog_common' in 'src/utils/cyberdog_common'
[0.236s] INFO:colcon.colcon_core.package_selection:Skipping package 'zxing' in 'src/cyberdog_ws/third_party/zxing'
[0.236s] INFO:colcon.colcon_core.package_selection:Skipping package 'xpack' in 'src/cyberdog_ws/third_party/xpack'
[0.236s] INFO:colcon.colcon_core.package_selection:Skipping package 'toml' in 'src/cyberdog_ws/third_party/toml'
[0.236s] INFO:colcon.colcon_core.package_selection:Skipping package 'rapidjson' in 'src/cyberdog_ws/third_party/rapidjson'
[0.236s] INFO:colcon.colcon_core.package_selection:Skipping package 'protocol' in 'src/bridges/protocol'
[0.236s] INFO:colcon.colcon_core.package_selection:Skipping package 'nvinference' in 'src/cyberdog_ws/third_party/nvinference'
[0.236s] INFO:colcon.colcon_core.package_selection:Skipping package 'mqttc' in 'src/mqttc'
[0.236s] INFO:colcon.colcon_core.package_selection:Skipping package 'filesystem' in 'src/cyberdog_ws/third_party/filesystem'
[0.236s] INFO:colcon.colcon_core.package_selection:Skipping package 'cyberdog_bringup' in 'src/cyberdog_ws/cyberdog_bringup'
[0.236s] INFO:colcon.colcon_core.package_selection:Skipping package 'cpp_httplib' in 'src/cyberdog_ws/third_party/cpp_httplib'
[0.237s] Level 5:colcon.colcon_core.verb:set package 'params' build argument 'cmake_args' from command line to 'None'
[0.237s] Level 5:colcon.colcon_core.verb:set package 'params' build argument 'cmake_target' from command line to 'None'
[0.237s] Level 5:colcon.colcon_core.verb:set package 'params' build argument 'cmake_target_skip_unavailable' from command line to 'False'
[0.237s] Level 5:colcon.colcon_core.verb:set package 'params' build argument 'cmake_clean_cache' from command line to 'False'
[0.237s] Level 5:colcon.colcon_core.verb:set package 'params' build argument 'cmake_clean_first' from command line to 'False'
[0.237s] Level 5:colcon.colcon_core.verb:set package 'params' build argument 'cmake_force_configure' from command line to 'False'
[0.237s] Level 5:colcon.colcon_core.verb:set package 'params' build argument 'ament_cmake_args' from command line to 'None'
[0.237s] Level 5:colcon.colcon_core.verb:set package 'params' build argument 'catkin_cmake_args' from command line to 'None'
[0.237s] Level 5:colcon.colcon_core.verb:set package 'params' build argument 'catkin_skip_building_tests' from command line to 'False'
[0.237s] DEBUG:colcon.colcon_core.verb:Building package 'params' with the following arguments: {'ament_cmake_args': None, 'build_base': '/home/cyberdog_ws/build/params', 'catkin_cmake_args': None, 'catkin_skip_building_tests': False, 'cmake_args': None, 'cmake_clean_cache': False, 'cmake_clean_first': False, 'cmake_force_configure': False, 'cmake_target': None, 'cmake_target_skip_unavailable': False, 'install_base': '/home/cyberdog_ws/install', 'merge_install': True, 'path': '/home/cyberdog_ws/src/bridges/params', 'symlink_install': False, 'test_result_base': None}
[0.237s] INFO:colcon.colcon_core.executor:Executing jobs using 'parallel' executor
[0.241s] DEBUG:colcon.colcon_parallel_executor.executor.parallel:run_until_complete
[0.241s] INFO:colcon.colcon_ros.task.ament_cmake.build:Building ROS package in '/home/cyberdog_ws/src/bridges/params' with build type 'ament_cmake'
[0.241s] INFO:colcon.colcon_cmake.task.cmake.build:Building CMake package in '/home/cyberdog_ws/src/bridges/params'
[0.246s] INFO:colcon.colcon_core.plugin_system:Skipping extension 'colcon_core.shell.bat': Not used on non-Windows systems
[0.246s] INFO:colcon.colcon_core.shell:Skip shell extension 'powershell' for command environment: Not usable outside of PowerShell
[0.246s] DEBUG:colcon.colcon_core.shell:Skip shell extension 'dsv' for command environment
[0.260s] DEBUG:colcon.colcon_core.event_handler.log_command:Invoking command in '/home/cyberdog_ws/build/params': CMAKE_PREFIX_PATH=${CMAKE_PREFIX_PATH}:/opt/ros/galactic /usr/bin/cmake /home/cyberdog_ws/src/bridges/params -DCMAKE_INSTALL_PREFIX=/home/cyberdog_ws/install
[0.915s] DEBUG:colcon.colcon_core.event_handler.log_command:Invoked command in '/home/cyberdog_ws/build/params' returned '0': CMAKE_PREFIX_PATH=${CMAKE_PREFIX_PATH}:/opt/ros/galactic /usr/bin/cmake /home/cyberdog_ws/src/bridges/params -DCMAKE_INSTALL_PREFIX=/home/cyberdog_ws/install
[0.918s] DEBUG:colcon.colcon_core.event_handler.log_command:Invoking command in '/home/cyberdog_ws/build/params': CMAKE_PREFIX_PATH=${CMAKE_PREFIX_PATH}:/opt/ros/galactic /usr/bin/cmake --build /home/cyberdog_ws/build/params -- -j16 -l16
[0.962s] DEBUG:colcon.colcon_core.event_handler.log_command:Invoked command in '/home/cyberdog_ws/build/params' returned '0': CMAKE_PREFIX_PATH=${CMAKE_PREFIX_PATH}:/opt/ros/galactic /usr/bin/cmake --build /home/cyberdog_ws/build/params -- -j16 -l16
[1.006s] DEBUG:colcon.colcon_core.event_handler.log_command:Invoking command in '/home/cyberdog_ws/build/params': CMAKE_PREFIX_PATH=${CMAKE_PREFIX_PATH}:/opt/ros/galactic /usr/bin/cmake --install /home/cyberdog_ws/build/params
[1.022s] Level 1:colcon.colcon_core.environment:create_environment_scripts_only(params)
[1.023s] DEBUG:colcon.colcon_core.event_handler.log_command:Invoked command in '/home/cyberdog_ws/build/params' returned '0': CMAKE_PREFIX_PATH=${CMAKE_PREFIX_PATH}:/opt/ros/galactic /usr/bin/cmake --install /home/cyberdog_ws/build/params
[1.027s] Level 1:colcon.colcon_core.environment:checking '/home/cyberdog_ws/install' for CMake module files
[1.027s] Level 1:colcon.colcon_core.environment:checking '/home/cyberdog_ws/install' for CMake config files
[1.030s] Level 1:colcon.colcon_core.shell:create_environment_hook('params', 'cmake_prefix_path')
[1.032s] INFO:colcon.colcon_core.shell:Creating environment hook '/home/cyberdog_ws/install/share/params/hook/cmake_prefix_path.ps1'
[1.032s] INFO:colcon.colcon_core.shell:Creating environment descriptor '/home/cyberdog_ws/install/share/params/hook/cmake_prefix_path.dsv'
[1.032s] INFO:colcon.colcon_core.shell:Creating environment hook '/home/cyberdog_ws/install/share/params/hook/cmake_prefix_path.sh'
[1.033s] Level 1:colcon.colcon_core.environment:checking '/home/cyberdog_ws/install/lib'
[1.033s] Level 1:colcon.colcon_core.shell:create_environment_hook('params', 'ld_library_path_lib')
[1.034s] INFO:colcon.colcon_core.shell:Creating environment hook '/home/cyberdog_ws/install/share/params/hook/ld_library_path_lib.ps1'
[1.034s] INFO:colcon.colcon_core.shell:Creating environment descriptor '/home/cyberdog_ws/install/share/params/hook/ld_library_path_lib.dsv'
[1.035s] INFO:colcon.colcon_core.shell:Creating environment hook '/home/cyberdog_ws/install/share/params/hook/ld_library_path_lib.sh'
[1.035s] Level 1:colcon.colcon_core.environment:checking '/home/cyberdog_ws/install/bin'
[1.035s] Level 1:colcon.colcon_core.environment:checking '/home/cyberdog_ws/install/lib/pkgconfig/params.pc'
[1.036s] Level 1:colcon.colcon_core.environment:checking '/home/cyberdog_ws/install/lib/python3.8/site-packages'
[1.036s] Level 1:colcon.colcon_core.shell:create_environment_hook('params', 'pythonpath')
[1.037s] INFO:colcon.colcon_core.shell:Creating environment hook '/home/cyberdog_ws/install/share/params/hook/pythonpath.ps1'
[1.037s] INFO:colcon.colcon_core.shell:Creating environment descriptor '/home/cyberdog_ws/install/share/params/hook/pythonpath.dsv'
[1.037s] INFO:colcon.colcon_core.shell:Creating environment hook '/home/cyberdog_ws/install/share/params/hook/pythonpath.sh'
[1.037s] Level 1:colcon.colcon_core.environment:checking '/home/cyberdog_ws/install/bin'
[1.038s] INFO:colcon.colcon_core.shell:Creating package script '/home/cyberdog_ws/install/share/params/package.ps1'
[1.039s] INFO:colcon.colcon_core.shell:Creating package descriptor '/home/cyberdog_ws/install/share/params/package.dsv'
[1.040s] INFO:colcon.colcon_core.shell:Creating package script '/home/cyberdog_ws/install/share/params/package.sh'
[1.040s] INFO:colcon.colcon_core.shell:Creating package script '/home/cyberdog_ws/install/share/params/package.bash'
[1.041s] INFO:colcon.colcon_core.shell:Creating package script '/home/cyberdog_ws/install/share/params/package.zsh'
[1.041s] Level 1:colcon.colcon_core.environment:create_file_with_runtime_dependencies(/home/cyberdog_ws/install/share/colcon-core/packages/params)
[1.068s] Level 1:colcon.colcon_core.environment:create_environment_scripts_only(params)
[1.070s] Level 1:colcon.colcon_core.environment:checking '/home/cyberdog_ws/install' for CMake module files
[1.070s] Level 1:colcon.colcon_core.environment:checking '/home/cyberdog_ws/install' for CMake config files
[1.074s] Level 1:colcon.colcon_core.shell:create_environment_hook('params', 'cmake_prefix_path')
[1.075s] INFO:colcon.colcon_core.shell:Creating environment hook '/home/cyberdog_ws/install/share/params/hook/cmake_prefix_path.ps1'
[1.075s] INFO:colcon.colcon_core.shell:Creating environment descriptor '/home/cyberdog_ws/install/share/params/hook/cmake_prefix_path.dsv'
[1.076s] INFO:colcon.colcon_core.shell:Creating environment hook '/home/cyberdog_ws/install/share/params/hook/cmake_prefix_path.sh'
[1.076s] Level 1:colcon.colcon_core.environment:checking '/home/cyberdog_ws/install/lib'
[1.076s] Level 1:colcon.colcon_core.shell:create_environment_hook('params', 'ld_library_path_lib')
[1.077s] INFO:colcon.colcon_core.shell:Creating environment hook '/home/cyberdog_ws/install/share/params/hook/ld_library_path_lib.ps1'
[1.078s] INFO:colcon.colcon_core.shell:Creating environment descriptor '/home/cyberdog_ws/install/share/params/hook/ld_library_path_lib.dsv'
[1.078s] INFO:colcon.colcon_core.shell:Creating environment hook '/home/cyberdog_ws/install/share/params/hook/ld_library_path_lib.sh'
[1.078s] Level 1:colcon.colcon_core.environment:checking '/home/cyberdog_ws/install/bin'
[1.078s] Level 1:colcon.colcon_core.environment:checking '/home/cyberdog_ws/install/lib/pkgconfig/params.pc'
[1.078s] Level 1:colcon.colcon_core.environment:checking '/home/cyberdog_ws/install/lib/python3.8/site-packages'
[1.078s] Level 1:colcon.colcon_core.shell:create_environment_hook('params', 'pythonpath')
[1.080s] INFO:colcon.colcon_core.shell:Creating environment hook '/home/cyberdog_ws/install/share/params/hook/pythonpath.ps1'
[1.080s] INFO:colcon.colcon_core.shell:Creating environment descriptor '/home/cyberdog_ws/install/share/params/hook/pythonpath.dsv'
[1.080s] INFO:colcon.colcon_core.shell:Creating environment hook '/home/cyberdog_ws/install/share/params/hook/pythonpath.sh'
[1.081s] Level 1:colcon.colcon_core.environment:checking '/home/cyberdog_ws/install/bin'
[1.082s] INFO:colcon.colcon_core.shell:Creating package script '/home/cyberdog_ws/install/share/params/package.ps1'
[1.083s] INFO:colcon.colcon_core.shell:Creating package descriptor '/home/cyberdog_ws/install/share/params/package.dsv'
[1.083s] INFO:colcon.colcon_core.shell:Creating package script '/home/cyberdog_ws/install/share/params/package.sh'
[1.084s] INFO:colcon.colcon_core.shell:Creating package script '/home/cyberdog_ws/install/share/params/package.bash'
[1.084s] INFO:colcon.colcon_core.shell:Creating package script '/home/cyberdog_ws/install/share/params/package.zsh'
[1.084s] Level 1:colcon.colcon_core.environment:create_file_with_runtime_dependencies(/home/cyberdog_ws/install/share/colcon-core/packages/params)
[1.085s] DEBUG:colcon.colcon_parallel_executor.executor.parallel:closing loop
[1.085s] DEBUG:colcon.colcon_parallel_executor.executor.parallel:loop closed
[1.085s] DEBUG:colcon.colcon_parallel_executor.executor.parallel:run_until_complete finished with '0'
[1.085s] DEBUG:colcon.colcon_core.event_reactor:joining thread
[1.093s] INFO:colcon.colcon_core.plugin_system:Skipping extension 'colcon_notification.desktop_notification.terminal_notifier': Not used on non-Darwin systems
[1.093s] INFO:colcon.colcon_core.plugin_system:Skipping extension 'colcon_notification.desktop_notification.win32': Not used on non-Windows systems
[1.093s] INFO:colcon.colcon_notification.desktop_notification:Sending desktop notification using 'notify2'
[1.105s] DEBUG:colcon.colcon_core.event_reactor:joined thread
[1.108s] INFO:colcon.colcon_core.shell:Creating prefix script '/home/cyberdog_ws/install/local_setup.ps1'
[1.109s] INFO:colcon.colcon_core.shell:Creating prefix util module '/home/cyberdog_ws/install/_local_setup_util_ps1.py'
[1.111s] INFO:colcon.colcon_core.shell:Creating prefix chain script '/home/cyberdog_ws/install/setup.ps1'
[1.112s] INFO:colcon.colcon_core.shell:Creating prefix script '/home/cyberdog_ws/install/local_setup.sh'
[1.113s] INFO:colcon.colcon_core.shell:Creating prefix util module '/home/cyberdog_ws/install/_local_setup_util_sh.py'
[1.113s] INFO:colcon.colcon_core.shell:Creating prefix chain script '/home/cyberdog_ws/install/setup.sh'
[1.115s] INFO:colcon.colcon_core.shell:Creating prefix script '/home/cyberdog_ws/install/local_setup.bash'
[1.115s] INFO:colcon.colcon_core.shell:Creating prefix chain script '/home/cyberdog_ws/install/setup.bash'
[1.116s] INFO:colcon.colcon_core.shell:Creating prefix script '/home/cyberdog_ws/install/local_setup.zsh'
[1.116s] INFO:colcon.colcon_core.shell:Creating prefix chain script '/home/cyberdog_ws/install/setup.zsh'
