-- Install configuration: ""
-- Up-to-date: /home/cyberdog_ws/install/include/
-- Up-to-date: /home/cyberdog_ws/install/include//cyberdog_debug
-- Up-to-date: /home/cyberdog_ws/install/include//cyberdog_debug/backtrace.hpp
-- Up-to-date: /home/cyberdog_ws/install/share/ament_index/resource_index/package_run_dependencies/cyberdog_debug
-- Up-to-date: /home/cyberdog_ws/install/share/ament_index/resource_index/parent_prefix_path/cyberdog_debug
-- Up-to-date: /home/cyberdog_ws/install/share/cyberdog_debug/environment/ament_prefix_path.sh
-- Up-to-date: /home/cyberdog_ws/install/share/cyberdog_debug/environment/ament_prefix_path.dsv
-- Up-to-date: /home/cyberdog_ws/install/share/cyberdog_debug/environment/path.sh
-- Up-to-date: /home/cyberdog_ws/install/share/cyberdog_debug/environment/path.dsv
-- Up-to-date: /home/cyberdog_ws/install/share/cyberdog_debug/local_setup.bash
-- Up-to-date: /home/cyberdog_ws/install/share/cyberdog_debug/local_setup.sh
-- Up-to-date: /home/cyberdog_ws/install/share/cyberdog_debug/local_setup.zsh
-- Up-to-date: /home/cyberdog_ws/install/share/cyberdog_debug/local_setup.dsv
-- Installing: /home/cyberdog_ws/install/share/cyberdog_debug/package.dsv
-- Up-to-date: /home/cyberdog_ws/install/share/ament_index/resource_index/packages/cyberdog_debug
-- Up-to-date: /home/cyberdog_ws/install/share/cyberdog_debug/cmake/ament_cmake_export_include_directories-extras.cmake
-- Up-to-date: /home/cyberdog_ws/install/share/cyberdog_debug/cmake/cyberdog_debugConfig.cmake
-- Up-to-date: /home/cyberdog_ws/install/share/cyberdog_debug/cmake/cyberdog_debugConfig-version.cmake
-- Up-to-date: /home/cyberdog_ws/install/share/cyberdog_debug/package.xml
