[0.046s] Invoking command in '/home/cyberdog_ws/build/cyberdog_debug': CMAKE_PREFIX_PATH=${CMAKE_PREFIX_PATH}:/opt/ros/galactic /usr/bin/cmake --build /home/cyberdog_ws/build/cyberdog_debug -- -j16 -l16
[0.092s] Invoked command in '/home/cyberdog_ws/build/cyberdog_debug' returned '0': CMAKE_PREFIX_PATH=${CMAKE_PREFIX_PATH}:/opt/ros/galactic /usr/bin/cmake --build /home/cyberdog_ws/build/cyberdog_debug -- -j16 -l16
[0.121s] Invoking command in '/home/cyberdog_ws/build/cyberdog_debug': CMAKE_PREFIX_PATH=${CMAKE_PREFIX_PATH}:/opt/ros/galactic /usr/bin/cmake --install /home/cyberdog_ws/build/cyberdog_debug
[0.132s] -- Install configuration: ""
[0.132s] -- Up-to-date: /home/cyberdog_ws/install/include/
[0.132s] -- Up-to-date: /home/cyberdog_ws/install/include//cyberdog_debug
[0.132s] -- Up-to-date: /home/cyberdog_ws/install/include//cyberdog_debug/backtrace.hpp
[0.132s] -- Up-to-date: /home/cyberdog_ws/install/share/ament_index/resource_index/package_run_dependencies/cyberdog_debug
[0.133s] -- Up-to-date: /home/cyberdog_ws/install/share/ament_index/resource_index/parent_prefix_path/cyberdog_debug
[0.133s] -- Up-to-date: /home/cyberdog_ws/install/share/cyberdog_debug/environment/ament_prefix_path.sh
[0.133s] -- Up-to-date: /home/cyberdog_ws/install/share/cyberdog_debug/environment/ament_prefix_path.dsv
[0.133s] -- Up-to-date: /home/cyberdog_ws/install/share/cyberdog_debug/environment/path.sh
[0.133s] -- Up-to-date: /home/cyberdog_ws/install/share/cyberdog_debug/environment/path.dsv
[0.133s] -- Up-to-date: /home/cyberdog_ws/install/share/cyberdog_debug/local_setup.bash
[0.133s] -- Up-to-date: /home/cyberdog_ws/install/share/cyberdog_debug/local_setup.sh
[0.133s] -- Up-to-date: /home/cyberdog_ws/install/share/cyberdog_debug/local_setup.zsh
[0.133s] -- Up-to-date: /home/cyberdog_ws/install/share/cyberdog_debug/local_setup.dsv
[0.134s] -- Installing: /home/cyberdog_ws/install/share/cyberdog_debug/package.dsv
[0.134s] -- Up-to-date: /home/cyberdog_ws/install/share/ament_index/resource_index/packages/cyberdog_debug
[0.134s] -- Up-to-date: /home/cyberdog_ws/install/share/cyberdog_debug/cmake/ament_cmake_export_include_directories-extras.cmake
[0.134s] -- Up-to-date: /home/cyberdog_ws/install/share/cyberdog_debug/cmake/cyberdog_debugConfig.cmake
[0.134s] -- Up-to-date: /home/cyberdog_ws/install/share/cyberdog_debug/cmake/cyberdog_debugConfig-version.cmake
[0.134s] -- Up-to-date: /home/cyberdog_ws/install/share/cyberdog_debug/package.xml
[0.169s] Invoked command in '/home/cyberdog_ws/build/cyberdog_debug' returned '0': CMAKE_PREFIX_PATH=${CMAKE_PREFIX_PATH}:/opt/ros/galactic /usr/bin/cmake --install /home/cyberdog_ws/build/cyberdog_debug
