-- The C compiler identification is GNU 9.4.0
-- The CXX compiler identification is GNU 9.4.0
-- Check for working C compiler: /usr/bin/cc
-- Check for working C compiler: /usr/bin/cc -- works
-- Detecting C compiler ABI info
-- Detecting C compiler ABI info - done
-- Detecting C compile features
-- Detecting C compile features - done
-- Check for working CXX compiler: /usr/bin/c++
-- Check for working CXX compiler: /usr/bin/c++ -- works
-- Detecting CXX compiler ABI info
-- Detecting CXX compiler ABI info - done
-- Detecting CXX compile features
-- Detecting CXX compile features - done
-- Found ament_cmake: 1.1.6 (/opt/ros/galactic/share/ament_cmake/cmake)
-- Found PythonInterp: /usr/bin/python3 (found suitable version "3.8.10", minimum required is "3") 
-- Using PYTHON_EXECUTABLE: /usr/bin/python3
-- Found rclcpp: 9.2.2 (/opt/ros/galactic/share/rclcpp/cmake)
-- Using all available rosidl_typesupport_c: rosidl_typesupport_fastrtps_c;rosidl_typesupport_introspection_c
-- Found rosidl_adapter: 2.2.3 (/opt/ros/galactic/share/rosidl_adapter/cmake)
-- Found OpenSSL: /usr/lib/x86_64-linux-gnu/libcrypto.so (found version "1.1.1f")  
-- Found FastRTPS: /opt/ros/galactic/include  
-- Using all available rosidl_typesupport_cpp: rosidl_typesupport_fastrtps_cpp;rosidl_typesupport_introspection_cpp
-- Found rmw_implementation_cmake: 3.3.1 (/opt/ros/galactic/share/rmw_implementation_cmake/cmake)
-- Found rmw_cyclonedds_cpp: 0.22.6 (/opt/ros/galactic/share/rmw_cyclonedds_cpp/cmake)
-- Using RMW implementation 'rmw_cyclonedds_cpp' as default
-- Looking for pthread.h
-- Looking for pthread.h - found
-- Performing Test CMAKE_HAVE_LIBC_PTHREAD
-- Performing Test CMAKE_HAVE_LIBC_PTHREAD - Failed
-- Looking for pthread_create in pthreads
-- Looking for pthread_create in pthreads - not found
-- Looking for pthread_create in pthread
-- Looking for pthread_create in pthread - found
-- Found Threads: TRUE  
-- Found toml: 0.0.0 (/home/cyberdog_ws/install/share/toml/cmake)
-- Found protocol: 1.0.0 (/home/cyberdog_ws/install/share/protocol/cmake)
-- Found cyberdog_common: 0.0.0 (/home/cyberdog_ws/install/share/cyberdog_common/cmake)
-- Found elec_skin: 0.0.0 (/home/cyberdog_ws/install/share/elec_skin/cmake)
-- Found ament_lint_auto: 0.10.7 (/opt/ros/galactic/share/ament_lint_auto/cmake)
-- Added test 'copyright' to check source files copyright and LICENSE
-- Added test 'cppcheck' to perform static code analysis on C / C++ code
-- Configured cppcheck include dirs: /home/cyberdog_ws/src/motion/skin_manager/include
-- Configured cppcheck exclude dirs and/or files: 
-- Added test 'cpplint' to check C / C++ code against the Google style
-- Configured cpplint exclude dirs and/or files: 
-- Added test 'lint_cmake' to check CMake code style
-- Added test 'uncrustify' to check C / C++ code style
-- Configured uncrustify additional arguments: 
-- Added test 'xmllint' to check XML markup files
-- Configuring done
-- Generating done
-- Build files have been written to: /home/cyberdog_ws/build/skin_manager
[35m[1mScanning dependencies of target skin_manager[0m
[ 50%] [32mBuilding CXX object CMakeFiles/skin_manager.dir/src/skin_manager.cpp.o[0m
[100%] [32m[1mLinking CXX shared library libskin_manager.so[0m
[100%] Built target skin_manager
-- Install configuration: ""
-- Up-to-date: /home/cyberdog_ws/install/include
-- Installing: /home/cyberdog_ws/install/include/skin_manager
-- Installing: /home/cyberdog_ws/install/include/skin_manager/skin_manager.hpp
-- Installing: /home/cyberdog_ws/install/lib/libskin_manager.so
-- Set runtime path of "/home/cyberdog_ws/install/lib/libskin_manager.so" to ""
-- Up-to-date: /home/cyberdog_ws/install/include/
-- Up-to-date: /home/cyberdog_ws/install/include//skin_manager
-- Up-to-date: /home/cyberdog_ws/install/include//skin_manager/skin_manager.hpp
-- Installing: /home/cyberdog_ws/install/share/skin_manager/config/
-- Installing: /home/cyberdog_ws/install/share/skin_manager/config//elec_skin.toml
-- Installing: /home/cyberdog_ws/install/share/skin_manager/environment/library_path.sh
-- Installing: /home/cyberdog_ws/install/share/skin_manager/environment/library_path.dsv
-- Installing: /home/cyberdog_ws/install/share/ament_index/resource_index/package_run_dependencies/skin_manager
-- Installing: /home/cyberdog_ws/install/share/ament_index/resource_index/parent_prefix_path/skin_manager
-- Installing: /home/cyberdog_ws/install/share/skin_manager/environment/ament_prefix_path.sh
-- Installing: /home/cyberdog_ws/install/share/skin_manager/environment/ament_prefix_path.dsv
-- Installing: /home/cyberdog_ws/install/share/skin_manager/environment/path.sh
-- Installing: /home/cyberdog_ws/install/share/skin_manager/environment/path.dsv
-- Installing: /home/cyberdog_ws/install/share/skin_manager/local_setup.bash
-- Installing: /home/cyberdog_ws/install/share/skin_manager/local_setup.sh
-- Installing: /home/cyberdog_ws/install/share/skin_manager/local_setup.zsh
-- Installing: /home/cyberdog_ws/install/share/skin_manager/local_setup.dsv
-- Installing: /home/cyberdog_ws/install/share/skin_manager/package.dsv
-- Installing: /home/cyberdog_ws/install/share/ament_index/resource_index/packages/skin_manager
-- Installing: /home/cyberdog_ws/install/share/skin_manager/cmake/ament_cmake_export_libraries-extras.cmake
-- Installing: /home/cyberdog_ws/install/share/skin_manager/cmake/ament_cmake_export_dependencies-extras.cmake
-- Installing: /home/cyberdog_ws/install/share/skin_manager/cmake/skin_managerConfig.cmake
-- Installing: /home/cyberdog_ws/install/share/skin_manager/cmake/skin_managerConfig-version.cmake
-- Installing: /home/cyberdog_ws/install/share/skin_manager/package.xml
