[0.022s] Invoking command in '/home/cyberdog_ws/build/skin_manager': AMENT_PREFIX_PATH=/home/cyberdog_ws/install:${AMENT_PREFIX_PATH} CMAKE_PREFIX_PATH=/home/cyberdog_ws/install:/opt/ros/galactic LD_LIBRARY_PATH=/home/cyberdog_ws/install/lib:${LD_LIBRARY_PATH} PYTHONPATH=/home/cyberdog_ws/install/lib/python3.8/site-packages:${PYTHONPATH} /usr/bin/cmake /home/cyberdog_ws/src/motion/skin_manager -DCMAKE_INSTALL_PREFIX=/home/cyberdog_ws/install
[0.085s] -- The C compiler identification is GNU 9.4.0
[0.146s] -- The CXX compiler identification is GNU 9.4.0
[0.151s] -- Check for working C compiler: /usr/bin/cc
[0.228s] -- Check for working C compiler: /usr/bin/cc -- works
[0.229s] -- Detecting C compiler ABI info
[0.299s] -- Detecting C compiler ABI info - done
[0.308s] -- Detecting C compile features
[0.308s] -- Detecting C compile features - done
[0.310s] -- Check for working CXX compiler: /usr/bin/c++
[0.384s] -- Check for working CXX compiler: /usr/bin/c++ -- works
[0.385s] -- Detecting CXX compiler ABI info
[0.459s] -- Detecting CXX compiler ABI info - done
[0.469s] -- Detecting CXX compile features
[0.470s] -- Detecting CXX compile features - done
[0.473s] -- Found ament_cmake: 1.1.6 (/opt/ros/galactic/share/ament_cmake/cmake)
[0.497s] -- Found PythonInterp: /usr/bin/python3 (found suitable version "3.8.10", minimum required is "3") 
[0.497s] -- Using PYTHON_EXECUTABLE: /usr/bin/python3
[0.576s] -- Found rclcpp: 9.2.2 (/opt/ros/galactic/share/rclcpp/cmake)
[0.631s] -- Using all available rosidl_typesupport_c: rosidl_typesupport_fastrtps_c;rosidl_typesupport_introspection_c
[0.639s] -- Found rosidl_adapter: 2.2.3 (/opt/ros/galactic/share/rosidl_adapter/cmake)
[0.750s] -- Found OpenSSL: /usr/lib/x86_64-linux-gnu/libcrypto.so (found version "1.1.1f")  
[0.793s] -- Found FastRTPS: /opt/ros/galactic/include  
[0.883s] -- Using all available rosidl_typesupport_cpp: rosidl_typesupport_fastrtps_cpp;rosidl_typesupport_introspection_cpp
[0.946s] -- Found rmw_implementation_cmake: 3.3.1 (/opt/ros/galactic/share/rmw_implementation_cmake/cmake)
[0.949s] -- Found rmw_cyclonedds_cpp: 0.22.6 (/opt/ros/galactic/share/rmw_cyclonedds_cpp/cmake)
[0.971s] -- Using RMW implementation 'rmw_cyclonedds_cpp' as default
[0.971s] -- Looking for pthread.h
[1.046s] -- Looking for pthread.h - found
[1.046s] -- Performing Test CMAKE_HAVE_LIBC_PTHREAD
[1.129s] -- Performing Test CMAKE_HAVE_LIBC_PTHREAD - Failed
[1.129s] -- Looking for pthread_create in pthreads
[1.198s] -- Looking for pthread_create in pthreads - not found
[1.198s] -- Looking for pthread_create in pthread
[1.287s] -- Looking for pthread_create in pthread - found
[1.288s] -- Found Threads: TRUE  
[1.455s] -- Found toml: 0.0.0 (/home/cyberdog_ws/install/share/toml/cmake)
[1.456s] -- Found protocol: 1.0.0 (/home/cyberdog_ws/install/share/protocol/cmake)
[1.852s] -- Found cyberdog_common: 0.0.0 (/home/cyberdog_ws/install/share/cyberdog_common/cmake)
[1.879s] -- Found elec_skin: 0.0.0 (/home/cyberdog_ws/install/share/elec_skin/cmake)
[1.884s] -- Found ament_lint_auto: 0.10.7 (/opt/ros/galactic/share/ament_lint_auto/cmake)
[1.957s] -- Added test 'copyright' to check source files copyright and LICENSE
[1.958s] -- Added test 'cppcheck' to perform static code analysis on C / C++ code
[1.958s] -- Configured cppcheck include dirs: /home/cyberdog_ws/src/motion/skin_manager/include
[1.958s] -- Configured cppcheck exclude dirs and/or files: 
[1.959s] -- Added test 'cpplint' to check C / C++ code against the Google style
[1.959s] -- Configured cpplint exclude dirs and/or files: 
[1.960s] -- Added test 'lint_cmake' to check CMake code style
[1.961s] -- Added test 'uncrustify' to check C / C++ code style
[1.961s] -- Configured uncrustify additional arguments: 
[1.962s] -- Added test 'xmllint' to check XML markup files
[1.966s] -- Configuring done
[1.977s] -- Generating done
[1.978s] -- Build files have been written to: /home/cyberdog_ws/build/skin_manager
[1.987s] Invoked command in '/home/cyberdog_ws/build/skin_manager' returned '0': AMENT_PREFIX_PATH=/home/cyberdog_ws/install:${AMENT_PREFIX_PATH} CMAKE_PREFIX_PATH=/home/cyberdog_ws/install:/opt/ros/galactic LD_LIBRARY_PATH=/home/cyberdog_ws/install/lib:${LD_LIBRARY_PATH} PYTHONPATH=/home/cyberdog_ws/install/lib/python3.8/site-packages:${PYTHONPATH} /usr/bin/cmake /home/cyberdog_ws/src/motion/skin_manager -DCMAKE_INSTALL_PREFIX=/home/cyberdog_ws/install
[1.988s] Invoking command in '/home/cyberdog_ws/build/skin_manager': AMENT_PREFIX_PATH=/home/cyberdog_ws/install:${AMENT_PREFIX_PATH} CMAKE_PREFIX_PATH=/home/cyberdog_ws/install:/opt/ros/galactic LD_LIBRARY_PATH=/home/cyberdog_ws/install/lib:${LD_LIBRARY_PATH} PYTHONPATH=/home/cyberdog_ws/install/lib/python3.8/site-packages:${PYTHONPATH} /usr/bin/cmake --build /home/cyberdog_ws/build/skin_manager -- -j16 -l16
[2.027s] [35m[1mScanning dependencies of target skin_manager[0m
[2.069s] [ 50%] [32mBuilding CXX object CMakeFiles/skin_manager.dir/src/skin_manager.cpp.o[0m
[10.556s] [100%] [32m[1mLinking CXX shared library libskin_manager.so[0m
[10.898s] [100%] Built target skin_manager
[10.910s] Invoked command in '/home/cyberdog_ws/build/skin_manager' returned '0': AMENT_PREFIX_PATH=/home/cyberdog_ws/install:${AMENT_PREFIX_PATH} CMAKE_PREFIX_PATH=/home/cyberdog_ws/install:/opt/ros/galactic LD_LIBRARY_PATH=/home/cyberdog_ws/install/lib:${LD_LIBRARY_PATH} PYTHONPATH=/home/cyberdog_ws/install/lib/python3.8/site-packages:${PYTHONPATH} /usr/bin/cmake --build /home/cyberdog_ws/build/skin_manager -- -j16 -l16
[10.940s] Invoking command in '/home/cyberdog_ws/build/skin_manager': AMENT_PREFIX_PATH=/home/cyberdog_ws/install:${AMENT_PREFIX_PATH} CMAKE_PREFIX_PATH=/home/cyberdog_ws/install:/opt/ros/galactic LD_LIBRARY_PATH=/home/cyberdog_ws/install/lib:${LD_LIBRARY_PATH} PYTHONPATH=/home/cyberdog_ws/install/lib/python3.8/site-packages:${PYTHONPATH} /usr/bin/cmake --install /home/cyberdog_ws/build/skin_manager
[10.947s] -- Install configuration: ""
[10.947s] -- Up-to-date: /home/cyberdog_ws/install/include
[10.948s] -- Installing: /home/cyberdog_ws/install/include/skin_manager
[10.948s] -- Installing: /home/cyberdog_ws/install/include/skin_manager/skin_manager.hpp
[10.948s] -- Installing: /home/cyberdog_ws/install/lib/libskin_manager.so
[10.951s] -- Set runtime path of "/home/cyberdog_ws/install/lib/libskin_manager.so" to ""
[10.951s] -- Up-to-date: /home/cyberdog_ws/install/include/
[10.951s] -- Up-to-date: /home/cyberdog_ws/install/include//skin_manager
[10.951s] -- Up-to-date: /home/cyberdog_ws/install/include//skin_manager/skin_manager.hpp
[10.951s] -- Installing: /home/cyberdog_ws/install/share/skin_manager/config/
[10.952s] -- Installing: /home/cyberdog_ws/install/share/skin_manager/config//elec_skin.toml
[10.952s] -- Installing: /home/cyberdog_ws/install/share/skin_manager/environment/library_path.sh
[10.952s] -- Installing: /home/cyberdog_ws/install/share/skin_manager/environment/library_path.dsv
[10.952s] -- Installing: /home/cyberdog_ws/install/share/ament_index/resource_index/package_run_dependencies/skin_manager
[10.952s] -- Installing: /home/cyberdog_ws/install/share/ament_index/resource_index/parent_prefix_path/skin_manager
[10.952s] -- Installing: /home/cyberdog_ws/install/share/skin_manager/environment/ament_prefix_path.sh
[10.953s] -- Installing: /home/cyberdog_ws/install/share/skin_manager/environment/ament_prefix_path.dsv
[10.953s] -- Installing: /home/cyberdog_ws/install/share/skin_manager/environment/path.sh
[10.953s] -- Installing: /home/cyberdog_ws/install/share/skin_manager/environment/path.dsv
[10.953s] -- Installing: /home/cyberdog_ws/install/share/skin_manager/local_setup.bash
[10.953s] -- Installing: /home/cyberdog_ws/install/share/skin_manager/local_setup.sh
[10.953s] -- Installing: /home/cyberdog_ws/install/share/skin_manager/local_setup.zsh
[10.953s] -- Installing: /home/cyberdog_ws/install/share/skin_manager/local_setup.dsv
[10.953s] -- Installing: /home/cyberdog_ws/install/share/skin_manager/package.dsv
[10.953s] -- Installing: /home/cyberdog_ws/install/share/ament_index/resource_index/packages/skin_manager
[10.953s] -- Installing: /home/cyberdog_ws/install/share/skin_manager/cmake/ament_cmake_export_libraries-extras.cmake
[10.953s] -- Installing: /home/cyberdog_ws/install/share/skin_manager/cmake/ament_cmake_export_dependencies-extras.cmake
[10.953s] -- Installing: /home/cyberdog_ws/install/share/skin_manager/cmake/skin_managerConfig.cmake
[10.953s] -- Installing: /home/cyberdog_ws/install/share/skin_manager/cmake/skin_managerConfig-version.cmake
[10.953s] -- Installing: /home/cyberdog_ws/install/share/skin_manager/package.xml
[10.957s] Invoked command in '/home/cyberdog_ws/build/skin_manager' returned '0': AMENT_PREFIX_PATH=/home/cyberdog_ws/install:${AMENT_PREFIX_PATH} CMAKE_PREFIX_PATH=/home/cyberdog_ws/install:/opt/ros/galactic LD_LIBRARY_PATH=/home/cyberdog_ws/install/lib:${LD_LIBRARY_PATH} PYTHONPATH=/home/cyberdog_ws/install/lib/python3.8/site-packages:${PYTHONPATH} /usr/bin/cmake --install /home/cyberdog_ws/build/skin_manager
