-- Found ament_cmake: 1.1.6 (/opt/ros/galactic/share/ament_cmake/cmake)
-- Using PYTHON_EXECUTABLE: /usr/bin/python3
-- Found manager_base: 0.0.0 (/home/cyberdog_ws/install/share/manager_base/cmake)
-- Found cyberdog_common: 0.0.0 (/home/cyberdog_ws/install/share/cyberdog_common/cmake)
-- Using all available rosidl_typesupport_c: rosidl_typesupport_fastrtps_c;rosidl_typesupport_introspection_c
-- Found rosidl_adapter: 2.2.3 (/opt/ros/galactic/share/rosidl_adapter/cmake)
-- Found OpenSSL: /usr/lib/x86_64-linux-gnu/libcrypto.so (found version "1.1.1f")  
-- Found FastRTPS: /opt/ros/galactic/include  
-- Using all available rosidl_typesupport_cpp: rosidl_typesupport_fastrtps_cpp;rosidl_typesupport_introspection_cpp
-- Found rmw_implementation_cmake: 3.3.1 (/opt/ros/galactic/share/rmw_implementation_cmake/cmake)
-- Found rmw_cyclonedds_cpp: 0.22.6 (/opt/ros/galactic/share/rmw_cyclonedds_cpp/cmake)
-- Using RMW implementation 'rmw_cyclonedds_cpp' as default
-- Looking for pthread.h
-- Looking for pthread.h - found
-- Performing Test CMAKE_HAVE_LIBC_PTHREAD
-- Performing Test CMAKE_HAVE_LIBC_PTHREAD - Failed
-- Looking for pthread_create in pthreads
-- Looking for pthread_create in pthreads - not found
-- Looking for pthread_create in pthread
-- Looking for pthread_create in pthread - found
-- Found Threads: TRUE  
-- Found cyberdog_system: 0.0.0 (/home/cyberdog_ws/install/share/cyberdog_system/cmake)
-- Found protocol: 1.0.0 (/home/cyberdog_ws/install/share/protocol/cmake)
-- Found motion_action: 0.0.0 (/home/cyberdog_ws/install/share/motion_action/cmake)
-- Found cyberdog_machine: 0.0.0 (/home/cyberdog_ws/install/share/cyberdog_machine/cmake)
CMake Error at CMakeLists.txt:17 (find_package):
  By not providing "Findbes_transmit.cmake" in CMAKE_MODULE_PATH this project
  has asked CMake to find a package configuration file provided by
  "bes_transmit", but CMake did not find one.

  Could not find a package configuration file provided by "bes_transmit" with
  any of the following names:

    bes_transmitConfig.cmake
    bes_transmit-config.cmake

  Add the installation prefix of "bes_transmit" to CMAKE_PREFIX_PATH or set
  "bes_transmit_DIR" to a directory containing one of the above files.  If
  "bes_transmit" provides a separate development package or SDK, be sure it
  has been installed.


-- Configuring incomplete, errors occurred!
See also "/home/cyberdog_ws/build/motion_manager/CMakeFiles/CMakeOutput.log".
See also "/home/cyberdog_ws/build/motion_manager/CMakeFiles/CMakeError.log".
