[0.050s] Invoking command in '/home/cyberdog_ws/build/motion_manager': CMAKE_PREFIX_PATH=${CMAKE_PREFIX_PATH}:/opt/ros/galactic /usr/bin/cmake --build /home/cyberdog_ws/build/motion_manager -- -j16 -l16
[0.135s] [100%] Built target motion_manager
[0.150s] Invoked command in '/home/cyberdog_ws/build/motion_manager' returned '0': CMAKE_PREFIX_PATH=${CMAKE_PREFIX_PATH}:/opt/ros/galactic /usr/bin/cmake --build /home/cyberdog_ws/build/motion_manager -- -j16 -l16
[0.202s] Invoking command in '/home/cyberdog_ws/build/motion_manager': CMAKE_PREFIX_PATH=${CMAKE_PREFIX_PATH}:/opt/ros/galactic /usr/bin/cmake --install /home/cyberdog_ws/build/motion_manager
[0.215s] -- Install configuration: ""
[0.215s] -- Up-to-date: /home/cyberdog_ws/install/lib/motion_manager/motion_manager
[0.215s] -- Up-to-date: /home/cyberdog_ws/install/share/motion_manager/config
[0.216s] -- Up-to-date: /home/cyberdog_ws/install/share/motion_manager/config/priority.toml
[0.216s] -- Up-to-date: /home/cyberdog_ws/install/share/ament_index/resource_index/package_run_dependencies/motion_manager
[0.216s] -- Up-to-date: /home/cyberdog_ws/install/share/ament_index/resource_index/parent_prefix_path/motion_manager
[0.216s] -- Up-to-date: /home/cyberdog_ws/install/share/motion_manager/environment/ament_prefix_path.sh
[0.216s] -- Up-to-date: /home/cyberdog_ws/install/share/motion_manager/environment/ament_prefix_path.dsv
[0.216s] -- Up-to-date: /home/cyberdog_ws/install/share/motion_manager/environment/path.sh
[0.216s] -- Up-to-date: /home/cyberdog_ws/install/share/motion_manager/environment/path.dsv
[0.217s] -- Up-to-date: /home/cyberdog_ws/install/share/motion_manager/local_setup.bash
[0.217s] -- Up-to-date: /home/cyberdog_ws/install/share/motion_manager/local_setup.sh
[0.217s] -- Up-to-date: /home/cyberdog_ws/install/share/motion_manager/local_setup.zsh
[0.217s] -- Up-to-date: /home/cyberdog_ws/install/share/motion_manager/local_setup.dsv
[0.217s] -- Installing: /home/cyberdog_ws/install/share/motion_manager/package.dsv
[0.217s] -- Up-to-date: /home/cyberdog_ws/install/share/ament_index/resource_index/packages/motion_manager
[0.217s] -- Up-to-date: /home/cyberdog_ws/install/share/motion_manager/cmake/motion_managerConfig.cmake
[0.217s] -- Up-to-date: /home/cyberdog_ws/install/share/motion_manager/cmake/motion_managerConfig-version.cmake
[0.217s] -- Up-to-date: /home/cyberdog_ws/install/share/motion_manager/package.xml
[0.222s] Invoked command in '/home/cyberdog_ws/build/motion_manager' returned '0': CMAKE_PREFIX_PATH=${CMAKE_PREFIX_PATH}:/opt/ros/galactic /usr/bin/cmake --install /home/cyberdog_ws/build/motion_manager
