[0.051s] Invoking command in '/home/cyberdog_ws/build/cyberdog_embed_protocol': CMAKE_PREFIX_PATH=${CMAKE_PREFIX_PATH}:/opt/ros/galactic /usr/bin/cmake --build /home/cyberdog_ws/build/cyberdog_embed_protocol -- -j16 -l16
[0.112s] [ 20%] Built target gtest_main
[0.112s] [ 40%] Built target gtest
[0.125s] [ 60%] Built target sensor_simulator_node
[0.127s] [ 80%] Built target can_node_test
[0.150s] [100%] Built target embed_protocol_test
[0.174s] Invoked command in '/home/cyberdog_ws/build/cyberdog_embed_protocol' returned '0': CMAKE_PREFIX_PATH=${CMAKE_PREFIX_PATH}:/opt/ros/galactic /usr/bin/cmake --build /home/cyberdog_ws/build/cyberdog_embed_protocol -- -j16 -l16
[0.230s] Invoking command in '/home/cyberdog_ws/build/cyberdog_embed_protocol': CMAKE_PREFIX_PATH=${CMAKE_PREFIX_PATH}:/opt/ros/galactic /usr/bin/cmake --install /home/cyberdog_ws/build/cyberdog_embed_protocol
[0.269s] -- Install configuration: ""
[0.270s] -- Up-to-date: /home/cyberdog_ws/install/include/
[0.271s] -- Up-to-date: /home/cyberdog_ws/install/include//protocol
[0.271s] -- Up-to-date: /home/cyberdog_ws/install/include//protocol/can
[0.271s] -- Up-to-date: /home/cyberdog_ws/install/include//protocol/can/visibility_control.hpp
[0.271s] -- Up-to-date: /home/cyberdog_ws/install/include//protocol/can/socket_can_sender.hpp
[0.271s] -- Up-to-date: /home/cyberdog_ws/install/include//protocol/can/socket_can_id.hpp
[0.271s] -- Up-to-date: /home/cyberdog_ws/install/include//protocol/can/socket_can_common.hpp
[0.271s] -- Up-to-date: /home/cyberdog_ws/install/include//protocol/can/can_utils.hpp
[0.272s] -- Up-to-date: /home/cyberdog_ws/install/include//protocol/can/socket_can_receiver.hpp
[0.272s] -- Up-to-date: /home/cyberdog_ws/install/include//protocol/can/toml_analysis.hpp
[0.272s] -- Up-to-date: /home/cyberdog_ws/install/include//embed_protocol
[0.272s] -- Up-to-date: /home/cyberdog_ws/install/include//embed_protocol/embed_protocol.hpp
[0.272s] -- Up-to-date: /home/cyberdog_ws/install/include//embed_protocol/common.hpp
[0.277s] -- Up-to-date: /home/cyberdog_ws/install/include//embed_protocol/protocol_base.hpp
[0.277s] -- Up-to-date: /home/cyberdog_ws/install/include//embed_protocol/can_protocol.hpp
[0.278s] -- Up-to-date: /home/cyberdog_ws/install/include//embed_parser
[0.278s] -- Up-to-date: /home/cyberdog_ws/install/include//embed_parser/can_parser.hpp
[0.278s] -- Up-to-date: /home/cyberdog_ws/install/include//embed_parser/parser_base.hpp
[0.278s] -- Up-to-date: /home/cyberdog_ws/install/share/ament_index/resource_index/package_run_dependencies/cyberdog_embed_protocol
[0.278s] -- Up-to-date: /home/cyberdog_ws/install/share/ament_index/resource_index/parent_prefix_path/cyberdog_embed_protocol
[0.278s] -- Up-to-date: /home/cyberdog_ws/install/share/cyberdog_embed_protocol/environment/ament_prefix_path.sh
[0.278s] -- Up-to-date: /home/cyberdog_ws/install/share/cyberdog_embed_protocol/environment/ament_prefix_path.dsv
[0.278s] -- Up-to-date: /home/cyberdog_ws/install/share/cyberdog_embed_protocol/environment/path.sh
[0.279s] -- Up-to-date: /home/cyberdog_ws/install/share/cyberdog_embed_protocol/environment/path.dsv
[0.279s] -- Up-to-date: /home/cyberdog_ws/install/share/cyberdog_embed_protocol/local_setup.bash
[0.279s] -- Up-to-date: /home/cyberdog_ws/install/share/cyberdog_embed_protocol/local_setup.sh
[0.279s] -- Up-to-date: /home/cyberdog_ws/install/share/cyberdog_embed_protocol/local_setup.zsh
[0.279s] -- Up-to-date: /home/cyberdog_ws/install/share/cyberdog_embed_protocol/local_setup.dsv
[0.279s] -- Installing: /home/cyberdog_ws/install/share/cyberdog_embed_protocol/package.dsv
[0.279s] -- Up-to-date: /home/cyberdog_ws/install/share/ament_index/resource_index/packages/cyberdog_embed_protocol
[0.279s] -- Up-to-date: /home/cyberdog_ws/install/share/cyberdog_embed_protocol/cmake/ament_cmake_export_include_directories-extras.cmake
[0.279s] -- Up-to-date: /home/cyberdog_ws/install/share/cyberdog_embed_protocol/cmake/ament_cmake_export_dependencies-extras.cmake
[0.279s] -- Up-to-date: /home/cyberdog_ws/install/share/cyberdog_embed_protocol/cmake/cyberdog_embed_protocolConfig.cmake
[0.280s] -- Up-to-date: /home/cyberdog_ws/install/share/cyberdog_embed_protocol/cmake/cyberdog_embed_protocolConfig-version.cmake
[0.280s] -- Up-to-date: /home/cyberdog_ws/install/share/cyberdog_embed_protocol/package.xml
[0.299s] Invoked command in '/home/cyberdog_ws/build/cyberdog_embed_protocol' returned '0': CMAKE_PREFIX_PATH=${CMAKE_PREFIX_PATH}:/opt/ros/galactic /usr/bin/cmake --install /home/cyberdog_ws/build/cyberdog_embed_protocol
