-- Install configuration: ""
-- Up-to-date: /home/cyberdog_ws/install/include/
-- Up-to-date: /home/cyberdog_ws/install/include//cyberdog_system
-- Up-to-date: /home/cyberdog_ws/install/include//cyberdog_system/robot_code.hpp
-- Up-to-date: /home/cyberdog_ws/install/include//cyberdog_system/robot_state.hpp
-- Up-to-date: /home/cyberdog_ws/install/include//cyberdog_system/robot_cmd.hpp
-- Up-to-date: /home/cyberdog_ws/install/share/ament_index/resource_index/package_run_dependencies/cyberdog_system
-- Up-to-date: /home/cyberdog_ws/install/share/ament_index/resource_index/parent_prefix_path/cyberdog_system
-- Up-to-date: /home/cyberdog_ws/install/share/cyberdog_system/environment/ament_prefix_path.sh
-- Up-to-date: /home/cyberdog_ws/install/share/cyberdog_system/environment/ament_prefix_path.dsv
-- Up-to-date: /home/cyberdog_ws/install/share/cyberdog_system/environment/path.sh
-- Up-to-date: /home/cyberdog_ws/install/share/cyberdog_system/environment/path.dsv
-- Up-to-date: /home/cyberdog_ws/install/share/cyberdog_system/local_setup.bash
-- Up-to-date: /home/cyberdog_ws/install/share/cyberdog_system/local_setup.sh
-- Up-to-date: /home/cyberdog_ws/install/share/cyberdog_system/local_setup.zsh
-- Up-to-date: /home/cyberdog_ws/install/share/cyberdog_system/local_setup.dsv
-- Up-to-date: /home/cyberdog_ws/install/share/cyberdog_system/package.dsv
-- Up-to-date: /home/cyberdog_ws/install/share/ament_index/resource_index/packages/cyberdog_system
-- Up-to-date: /home/cyberdog_ws/install/share/cyberdog_system/cmake/ament_cmake_export_include_directories-extras.cmake
-- Up-to-date: /home/cyberdog_ws/install/share/cyberdog_system/cmake/cyberdog_systemConfig.cmake
-- Up-to-date: /home/cyberdog_ws/install/share/cyberdog_system/cmake/cyberdog_systemConfig-version.cmake
-- Up-to-date: /home/cyberdog_ws/install/share/cyberdog_system/package.xml
