[0.009s] Invoking command in '/home/cyberdog_ws/build/toml': CMAKE_PREFIX_PATH=/opt/ros/galactic /usr/bin/cmake /home/cyberdog_ws/src/cyberdog_ws/third_party/toml -DCMAKE_INSTALL_PREFIX=/home/cyberdog_ws/install
[0.043s] -- The C compiler identification is GNU 9.4.0
[0.076s] -- The CXX compiler identification is GNU 9.4.0
[0.079s] -- Check for working C compiler: /usr/bin/cc
[0.122s] -- Check for working C compiler: /usr/bin/cc -- works
[0.122s] -- Detecting C compiler ABI info
[0.166s] -- Detecting C compiler ABI info - done
[0.172s] -- Detecting C compile features
[0.172s] -- Detecting C compile features - done
[0.174s] -- Check for working CXX compiler: /usr/bin/c++
[0.222s] -- Check for working CXX compiler: /usr/bin/c++ -- works
[0.222s] -- Detecting CXX compiler ABI info
[0.271s] -- Detecting CXX compiler ABI info - done
[0.278s] -- Detecting CXX compile features
[0.278s] -- Detecting CXX compile features - done
[0.280s] -- Found ament_cmake: 1.1.6 (/opt/ros/galactic/share/ament_cmake/cmake)
[0.296s] -- Found PythonInterp: /usr/bin/python3 (found suitable version "3.8.10", minimum required is "3") 
[0.296s] -- Using PYTHON_EXECUTABLE: /usr/bin/python3
[0.351s] -- Found ament_lint_auto: 0.10.7 (/opt/ros/galactic/share/ament_lint_auto/cmake)
[0.402s] -- Added test 'copyright' to check source files copyright and LICENSE
[0.403s] -- Added test 'cppcheck' to perform static code analysis on C / C++ code
[0.403s] -- Configured cppcheck include dirs: 
[0.403s] -- Configured cppcheck exclude dirs and/or files: 
[0.404s] -- Added test 'cpplint' to check C / C++ code against the Google style
[0.404s] -- Configured cpplint exclude dirs and/or files: 
[0.404s] -- Added test 'lint_cmake' to check CMake code style
[0.405s] -- Added test 'uncrustify' to check C / C++ code style
[0.405s] -- Configured uncrustify additional arguments: 
[0.406s] -- Added test 'xmllint' to check XML markup files
[0.407s] -- Configuring done
[0.408s] -- Generating done
[0.409s] -- Build files have been written to: /home/cyberdog_ws/build/toml
[0.412s] Invoked command in '/home/cyberdog_ws/build/toml' returned '0': CMAKE_PREFIX_PATH=/opt/ros/galactic /usr/bin/cmake /home/cyberdog_ws/src/cyberdog_ws/third_party/toml -DCMAKE_INSTALL_PREFIX=/home/cyberdog_ws/install
[0.414s] Invoking command in '/home/cyberdog_ws/build/toml': CMAKE_PREFIX_PATH=/opt/ros/galactic /usr/bin/cmake --build /home/cyberdog_ws/build/toml -- -j16 -l16
[0.437s] Invoked command in '/home/cyberdog_ws/build/toml' returned '0': CMAKE_PREFIX_PATH=/opt/ros/galactic /usr/bin/cmake --build /home/cyberdog_ws/build/toml -- -j16 -l16
[0.457s] Invoking command in '/home/cyberdog_ws/build/toml': CMAKE_PREFIX_PATH=/opt/ros/galactic /usr/bin/cmake --install /home/cyberdog_ws/build/toml
[0.462s] -- Install configuration: ""
[0.462s] -- Installing: /home/cyberdog_ws/install/include
[0.462s] -- Installing: /home/cyberdog_ws/install/include/toml
[0.462s] -- Installing: /home/cyberdog_ws/install/include/toml/toml.hpp
[0.462s] -- Installing: /home/cyberdog_ws/install/include/toml/toml
[0.462s] -- Installing: /home/cyberdog_ws/install/include/toml/toml/macros.hpp
[0.462s] -- Installing: /home/cyberdog_ws/install/include/toml/toml/exception.hpp
[0.463s] -- Installing: /home/cyberdog_ws/install/include/toml/toml/source_location.hpp
[0.463s] -- Installing: /home/cyberdog_ws/install/include/toml/toml/into.hpp
[0.463s] -- Installing: /home/cyberdog_ws/install/include/toml/toml/literal.hpp
[0.463s] -- Installing: /home/cyberdog_ws/install/include/toml/toml/serializer.hpp
[0.463s] -- Installing: /home/cyberdog_ws/install/include/toml/toml/storage.hpp
[0.463s] -- Installing: /home/cyberdog_ws/install/include/toml/toml/region.hpp
[0.463s] -- Installing: /home/cyberdog_ws/install/include/toml/toml/value.hpp
[0.463s] -- Installing: /home/cyberdog_ws/install/include/toml/toml/types.hpp
[0.463s] -- Installing: /home/cyberdog_ws/install/include/toml/toml/from.hpp
[0.463s] -- Installing: /home/cyberdog_ws/install/include/toml/toml/get.hpp
[0.463s] -- Installing: /home/cyberdog_ws/install/include/toml/toml/parser.hpp
[0.463s] -- Installing: /home/cyberdog_ws/install/include/toml/toml/color.hpp
[0.463s] -- Installing: /home/cyberdog_ws/install/include/toml/toml/combinator.hpp
[0.463s] -- Installing: /home/cyberdog_ws/install/include/toml/toml/datetime.hpp
[0.463s] -- Installing: /home/cyberdog_ws/install/include/toml/toml/string.hpp
[0.463s] -- Installing: /home/cyberdog_ws/install/include/toml/toml/lexer.hpp
[0.463s] -- Installing: /home/cyberdog_ws/install/include/toml/toml/traits.hpp
[0.463s] -- Installing: /home/cyberdog_ws/install/include/toml/toml/comments.hpp
[0.464s] -- Installing: /home/cyberdog_ws/install/include/toml/toml/utility.hpp
[0.464s] -- Installing: /home/cyberdog_ws/install/include/toml/toml/result.hpp
[0.464s] -- Installing: /home/cyberdog_ws/install/share/ament_index/resource_index/package_run_dependencies/toml
[0.464s] -- Installing: /home/cyberdog_ws/install/share/ament_index/resource_index/parent_prefix_path/toml
[0.464s] -- Installing: /home/cyberdog_ws/install/share/toml/environment/ament_prefix_path.sh
[0.464s] -- Installing: /home/cyberdog_ws/install/share/toml/environment/ament_prefix_path.dsv
[0.464s] -- Installing: /home/cyberdog_ws/install/share/toml/environment/path.sh
[0.464s] -- Installing: /home/cyberdog_ws/install/share/toml/environment/path.dsv
[0.464s] -- Installing: /home/cyberdog_ws/install/share/toml/local_setup.bash
[0.464s] -- Installing: /home/cyberdog_ws/install/share/toml/local_setup.sh
[0.464s] -- Installing: /home/cyberdog_ws/install/share/toml/local_setup.zsh
[0.464s] -- Installing: /home/cyberdog_ws/install/share/toml/local_setup.dsv
[0.464s] -- Installing: /home/cyberdog_ws/install/share/toml/package.dsv
[0.465s] -- Installing: /home/cyberdog_ws/install/share/ament_index/resource_index/packages/toml
[0.465s] -- Installing: /home/cyberdog_ws/install/share/toml/cmake/ament_cmake_export_include_directories-extras.cmake
[0.465s] -- Installing: /home/cyberdog_ws/install/share/toml/cmake/tomlConfig.cmake
[0.465s] -- Installing: /home/cyberdog_ws/install/share/toml/cmake/tomlConfig-version.cmake
[0.465s] -- Installing: /home/cyberdog_ws/install/share/toml/package.xml
[0.466s] Invoked command in '/home/cyberdog_ws/build/toml' returned '0': CMAKE_PREFIX_PATH=/opt/ros/galactic /usr/bin/cmake --install /home/cyberdog_ws/build/toml
