[0.098s] DEBUG:colcon:Command line arguments: ['/usr/bin/colcon', 'build', '--merge-install', '--packages-up-to', 'motion_manager']
[0.098s] DEBUG:colcon:Parsed command line arguments: Namespace(ament_cmake_args=None, base_paths=['.'], build_base='build', catkin_cmake_args=None, catkin_skip_building_tests=False, cmake_args=None, cmake_clean_cache=False, cmake_clean_first=False, cmake_force_configure=False, cmake_target=None, cmake_target_skip_unavailable=False, continue_on_error=False, event_handlers=None, executor='parallel', ignore_user_meta=False, install_base='install', log_base=None, log_level=None, main=<bound method BuildVerb.main of <colcon_core.verb.build.BuildVerb object at 0x7f52339aa850>>, merge_install=True, metas=['./colcon.meta'], mixin=None, mixin_files=None, mixin_verb=('build',), packages_above=None, packages_above_and_dependencies=None, packages_above_depth=None, packages_end=None, packages_ignore=None, packages_ignore_regex=None, packages_select=None, packages_select_build_failed=False, packages_select_by_dep=None, packages_select_regex=None, packages_select_test_failures=False, packages_skip=None, packages_skip_build_finished=False, packages_skip_by_dep=None, packages_skip_regex=None, packages_skip_test_passed=False, packages_skip_up_to=None, packages_start=None, packages_up_to=['motion_manager'], packages_up_to_regex=None, parallel_workers=16, paths=None, symlink_install=False, test_result_base=None, verb_extension=<colcon_core.verb.build.BuildVerb object at 0x7f52339aa850>, verb_name='build', verb_parser=<colcon_mixin.mixin.mixin_argument.MixinArgumentDecorator object at 0x7f52339aae20>)
[0.112s] Level 1:colcon.colcon_core.package_discovery:discover_packages(colcon_meta) check parameters
[0.112s] INFO:colcon.colcon_metadata.package_discovery.colcon_meta:Using configuration from '/root/.colcon/metadata/default/Gazebo.meta'
[0.113s] INFO:colcon.colcon_metadata.package_discovery.colcon_meta:Using configuration from '/root/.colcon/metadata/default/fastrtps.meta'
[0.113s] Level 1:colcon.colcon_core.package_discovery:discover_packages(recursive) check parameters
[0.113s] Level 1:colcon.colcon_core.package_discovery:discover_packages(ignore) check parameters
[0.113s] Level 1:colcon.colcon_core.package_discovery:discover_packages(path) check parameters
[0.113s] Level 1:colcon.colcon_core.package_discovery:discover_packages(colcon_meta) discover
[0.113s] Level 1:colcon.colcon_core.package_discovery:discover_packages(recursive) discover
[0.113s] INFO:colcon.colcon_core.package_discovery:Crawling recursively for packages in '/home/cyberdog_ws'
[0.113s] Level 1:colcon.colcon_core.package_identification:_identify(.) by extensions ['ignore', 'ignore_ament_install']
[0.113s] Level 1:colcon.colcon_core.package_identification:_identify(.) by extension 'ignore'
[0.113s] Level 1:colcon.colcon_core.package_identification:_identify(.) by extension 'ignore_ament_install'
[0.113s] Level 1:colcon.colcon_core.package_identification:_identify(.) by extensions ['colcon_pkg']
[0.113s] Level 1:colcon.colcon_core.package_identification:_identify(.) by extension 'colcon_pkg'
[0.113s] Level 1:colcon.colcon_core.package_identification:_identify(.) by extensions ['colcon_meta']
[0.113s] Level 1:colcon.colcon_core.package_identification:_identify(.) by extension 'colcon_meta'
[0.113s] Level 1:colcon.colcon_core.package_identification:_identify(.) by extensions ['ros']
[0.113s] Level 1:colcon.colcon_core.package_identification:_identify(.) by extension 'ros'
[0.120s] Level 1:colcon.colcon_core.package_identification:_identify(.) by extensions ['cmake', 'python']
[0.120s] Level 1:colcon.colcon_core.package_identification:_identify(.) by extension 'cmake'
[0.120s] Level 1:colcon.colcon_core.package_identification:_identify(.) by extension 'python'
[0.120s] Level 1:colcon.colcon_core.package_identification:_identify(.) by extensions ['python_setup_py']
[0.120s] Level 1:colcon.colcon_core.package_identification:_identify(.) by extension 'python_setup_py'
[0.120s] Level 1:colcon.colcon_core.package_identification:_identify(build) by extensions ['ignore', 'ignore_ament_install']
[0.120s] Level 1:colcon.colcon_core.package_identification:_identify(build) by extension 'ignore'
[0.120s] Level 1:colcon.colcon_core.package_identification:_identify(build) ignored
[0.120s] Level 1:colcon.colcon_core.package_identification:_identify(install) by extensions ['ignore', 'ignore_ament_install']
[0.120s] Level 1:colcon.colcon_core.package_identification:_identify(install) by extension 'ignore'
[0.120s] Level 1:colcon.colcon_core.package_identification:_identify(install) ignored
[0.120s] Level 1:colcon.colcon_core.package_identification:_identify(log) by extensions ['ignore', 'ignore_ament_install']
[0.120s] Level 1:colcon.colcon_core.package_identification:_identify(log) by extension 'ignore'
[0.120s] Level 1:colcon.colcon_core.package_identification:_identify(log) ignored
[0.120s] Level 1:colcon.colcon_core.package_identification:_identify(src) by extensions ['ignore', 'ignore_ament_install']
[0.120s] Level 1:colcon.colcon_core.package_identification:_identify(src) by extension 'ignore'
[0.120s] Level 1:colcon.colcon_core.package_identification:_identify(src) by extension 'ignore_ament_install'
[0.120s] Level 1:colcon.colcon_core.package_identification:_identify(src) by extensions ['colcon_pkg']
[0.120s] Level 1:colcon.colcon_core.package_identification:_identify(src) by extension 'colcon_pkg'
[0.120s] Level 1:colcon.colcon_core.package_identification:_identify(src) by extensions ['colcon_meta']
[0.120s] Level 1:colcon.colcon_core.package_identification:_identify(src) by extension 'colcon_meta'
[0.120s] Level 1:colcon.colcon_core.package_identification:_identify(src) by extensions ['ros']
[0.120s] Level 1:colcon.colcon_core.package_identification:_identify(src) by extension 'ros'
[0.120s] Level 1:colcon.colcon_core.package_identification:_identify(src) by extensions ['cmake', 'python']
[0.120s] Level 1:colcon.colcon_core.package_identification:_identify(src) by extension 'cmake'
[0.120s] Level 1:colcon.colcon_core.package_identification:_identify(src) by extension 'python'
[0.120s] Level 1:colcon.colcon_core.package_identification:_identify(src) by extensions ['python_setup_py']
[0.120s] Level 1:colcon.colcon_core.package_identification:_identify(src) by extension 'python_setup_py'
[0.121s] Level 1:colcon.colcon_core.package_identification:_identify(src/cyberdog_ws) by extensions ['ignore', 'ignore_ament_install']
[0.121s] Level 1:colcon.colcon_core.package_identification:_identify(src/cyberdog_ws) by extension 'ignore'
[0.121s] Level 1:colcon.colcon_core.package_identification:_identify(src/cyberdog_ws) by extension 'ignore_ament_install'
[0.121s] Level 1:colcon.colcon_core.package_identification:_identify(src/cyberdog_ws) by extensions ['colcon_pkg']
[0.121s] Level 1:colcon.colcon_core.package_identification:_identify(src/cyberdog_ws) by extension 'colcon_pkg'
[0.121s] Level 1:colcon.colcon_core.package_identification:_identify(src/cyberdog_ws) by extensions ['colcon_meta']
[0.121s] Level 1:colcon.colcon_core.package_identification:_identify(src/cyberdog_ws) by extension 'colcon_meta'
[0.121s] Level 1:colcon.colcon_core.package_identification:_identify(src/cyberdog_ws) by extensions ['ros']
[0.121s] Level 1:colcon.colcon_core.package_identification:_identify(src/cyberdog_ws) by extension 'ros'
[0.121s] Level 1:colcon.colcon_core.package_identification:_identify(src/cyberdog_ws) by extensions ['cmake', 'python']
[0.121s] Level 1:colcon.colcon_core.package_identification:_identify(src/cyberdog_ws) by extension 'cmake'
[0.121s] Level 1:colcon.colcon_core.package_identification:_identify(src/cyberdog_ws) by extension 'python'
[0.121s] Level 1:colcon.colcon_core.package_identification:_identify(src/cyberdog_ws) by extensions ['python_setup_py']
[0.121s] Level 1:colcon.colcon_core.package_identification:_identify(src/cyberdog_ws) by extension 'python_setup_py'
[0.121s] Level 1:colcon.colcon_core.package_identification:_identify(src/cyberdog_ws/cyberdog_bringup) by extensions ['ignore', 'ignore_ament_install']
[0.121s] Level 1:colcon.colcon_core.package_identification:_identify(src/cyberdog_ws/cyberdog_bringup) by extension 'ignore'
[0.121s] Level 1:colcon.colcon_core.package_identification:_identify(src/cyberdog_ws/cyberdog_bringup) by extension 'ignore_ament_install'
[0.121s] Level 1:colcon.colcon_core.package_identification:_identify(src/cyberdog_ws/cyberdog_bringup) by extensions ['colcon_pkg']
[0.121s] Level 1:colcon.colcon_core.package_identification:_identify(src/cyberdog_ws/cyberdog_bringup) by extension 'colcon_pkg'
[0.121s] Level 1:colcon.colcon_core.package_identification:_identify(src/cyberdog_ws/cyberdog_bringup) by extensions ['colcon_meta']
[0.121s] Level 1:colcon.colcon_core.package_identification:_identify(src/cyberdog_ws/cyberdog_bringup) by extension 'colcon_meta'
[0.121s] Level 1:colcon.colcon_core.package_identification:_identify(src/cyberdog_ws/cyberdog_bringup) by extensions ['ros']
[0.121s] Level 1:colcon.colcon_core.package_identification:_identify(src/cyberdog_ws/cyberdog_bringup) by extension 'ros'
[0.123s] DEBUG:colcon.colcon_core.package_identification:Package 'src/cyberdog_ws/cyberdog_bringup' with type 'ros.ament_cmake' and name 'cyberdog_bringup'
[0.123s] Level 1:colcon.colcon_core.package_identification:_identify(src/cyberdog_ws/third_party) by extensions ['ignore', 'ignore_ament_install']
[0.123s] Level 1:colcon.colcon_core.package_identification:_identify(src/cyberdog_ws/third_party) by extension 'ignore'
[0.123s] Level 1:colcon.colcon_core.package_identification:_identify(src/cyberdog_ws/third_party) by extension 'ignore_ament_install'
[0.123s] Level 1:colcon.colcon_core.package_identification:_identify(src/cyberdog_ws/third_party) by extensions ['colcon_pkg']
[0.123s] Level 1:colcon.colcon_core.package_identification:_identify(src/cyberdog_ws/third_party) by extension 'colcon_pkg'
[0.123s] Level 1:colcon.colcon_core.package_identification:_identify(src/cyberdog_ws/third_party) by extensions ['colcon_meta']
[0.123s] Level 1:colcon.colcon_core.package_identification:_identify(src/cyberdog_ws/third_party) by extension 'colcon_meta'
[0.123s] Level 1:colcon.colcon_core.package_identification:_identify(src/cyberdog_ws/third_party) by extensions ['ros']
[0.123s] Level 1:colcon.colcon_core.package_identification:_identify(src/cyberdog_ws/third_party) by extension 'ros'
[0.123s] Level 1:colcon.colcon_core.package_identification:_identify(src/cyberdog_ws/third_party) by extensions ['cmake', 'python']
[0.123s] Level 1:colcon.colcon_core.package_identification:_identify(src/cyberdog_ws/third_party) by extension 'cmake'
[0.123s] Level 1:colcon.colcon_core.package_identification:_identify(src/cyberdog_ws/third_party) by extension 'python'
[0.123s] Level 1:colcon.colcon_core.package_identification:_identify(src/cyberdog_ws/third_party) by extensions ['python_setup_py']
[0.123s] Level 1:colcon.colcon_core.package_identification:_identify(src/cyberdog_ws/third_party) by extension 'python_setup_py'
[0.123s] Level 1:colcon.colcon_core.package_identification:_identify(src/cyberdog_ws/third_party/cpp_httplib) by extensions ['ignore', 'ignore_ament_install']
[0.123s] Level 1:colcon.colcon_core.package_identification:_identify(src/cyberdog_ws/third_party/cpp_httplib) by extension 'ignore'
[0.123s] Level 1:colcon.colcon_core.package_identification:_identify(src/cyberdog_ws/third_party/cpp_httplib) by extension 'ignore_ament_install'
[0.123s] Level 1:colcon.colcon_core.package_identification:_identify(src/cyberdog_ws/third_party/cpp_httplib) by extensions ['colcon_pkg']
[0.123s] Level 1:colcon.colcon_core.package_identification:_identify(src/cyberdog_ws/third_party/cpp_httplib) by extension 'colcon_pkg'
[0.123s] Level 1:colcon.colcon_core.package_identification:_identify(src/cyberdog_ws/third_party/cpp_httplib) by extensions ['colcon_meta']
[0.123s] Level 1:colcon.colcon_core.package_identification:_identify(src/cyberdog_ws/third_party/cpp_httplib) by extension 'colcon_meta'
[0.123s] Level 1:colcon.colcon_core.package_identification:_identify(src/cyberdog_ws/third_party/cpp_httplib) by extensions ['ros']
[0.123s] Level 1:colcon.colcon_core.package_identification:_identify(src/cyberdog_ws/third_party/cpp_httplib) by extension 'ros'
[0.124s] DEBUG:colcon.colcon_core.package_identification:Package 'src/cyberdog_ws/third_party/cpp_httplib' with type 'ros.ament_cmake' and name 'cpp_httplib'
[0.124s] Level 1:colcon.colcon_core.package_identification:_identify(src/cyberdog_ws/third_party/filesystem) by extensions ['ignore', 'ignore_ament_install']
[0.124s] Level 1:colcon.colcon_core.package_identification:_identify(src/cyberdog_ws/third_party/filesystem) by extension 'ignore'
[0.124s] Level 1:colcon.colcon_core.package_identification:_identify(src/cyberdog_ws/third_party/filesystem) by extension 'ignore_ament_install'
[0.124s] Level 1:colcon.colcon_core.package_identification:_identify(src/cyberdog_ws/third_party/filesystem) by extensions ['colcon_pkg']
[0.124s] Level 1:colcon.colcon_core.package_identification:_identify(src/cyberdog_ws/third_party/filesystem) by extension 'colcon_pkg'
[0.124s] Level 1:colcon.colcon_core.package_identification:_identify(src/cyberdog_ws/third_party/filesystem) by extensions ['colcon_meta']
[0.124s] Level 1:colcon.colcon_core.package_identification:_identify(src/cyberdog_ws/third_party/filesystem) by extension 'colcon_meta'
[0.124s] Level 1:colcon.colcon_core.package_identification:_identify(src/cyberdog_ws/third_party/filesystem) by extensions ['ros']
[0.124s] Level 1:colcon.colcon_core.package_identification:_identify(src/cyberdog_ws/third_party/filesystem) by extension 'ros'
[0.124s] DEBUG:colcon.colcon_core.package_identification:Package 'src/cyberdog_ws/third_party/filesystem' with type 'ros.ament_cmake' and name 'filesystem'
[0.124s] Level 1:colcon.colcon_core.package_identification:_identify(src/cyberdog_ws/third_party/mqttc) by extensions ['ignore', 'ignore_ament_install']
[0.124s] Level 1:colcon.colcon_core.package_identification:_identify(src/cyberdog_ws/third_party/mqttc) by extension 'ignore'
[0.124s] Level 1:colcon.colcon_core.package_identification:_identify(src/cyberdog_ws/third_party/mqttc) by extension 'ignore_ament_install'
[0.124s] Level 1:colcon.colcon_core.package_identification:_identify(src/cyberdog_ws/third_party/mqttc) by extensions ['colcon_pkg']
[0.124s] Level 1:colcon.colcon_core.package_identification:_identify(src/cyberdog_ws/third_party/mqttc) by extension 'colcon_pkg'
[0.124s] Level 1:colcon.colcon_core.package_identification:_identify(src/cyberdog_ws/third_party/mqttc) by extensions ['colcon_meta']
[0.124s] Level 1:colcon.colcon_core.package_identification:_identify(src/cyberdog_ws/third_party/mqttc) by extension 'colcon_meta'
[0.124s] Level 1:colcon.colcon_core.package_identification:_identify(src/cyberdog_ws/third_party/mqttc) by extensions ['ros']
[0.124s] Level 1:colcon.colcon_core.package_identification:_identify(src/cyberdog_ws/third_party/mqttc) by extension 'ros'
[0.125s] DEBUG:colcon.colcon_core.package_identification:Package 'src/cyberdog_ws/third_party/mqttc' with type 'ros.ament_cmake' and name 'mqttc'
[0.125s] Level 1:colcon.colcon_core.package_identification:_identify(src/cyberdog_ws/third_party/nvinference) by extensions ['ignore', 'ignore_ament_install']
[0.125s] Level 1:colcon.colcon_core.package_identification:_identify(src/cyberdog_ws/third_party/nvinference) by extension 'ignore'
[0.125s] Level 1:colcon.colcon_core.package_identification:_identify(src/cyberdog_ws/third_party/nvinference) by extension 'ignore_ament_install'
[0.125s] Level 1:colcon.colcon_core.package_identification:_identify(src/cyberdog_ws/third_party/nvinference) by extensions ['colcon_pkg']
[0.125s] Level 1:colcon.colcon_core.package_identification:_identify(src/cyberdog_ws/third_party/nvinference) by extension 'colcon_pkg'
[0.125s] Level 1:colcon.colcon_core.package_identification:_identify(src/cyberdog_ws/third_party/nvinference) by extensions ['colcon_meta']
[0.125s] Level 1:colcon.colcon_core.package_identification:_identify(src/cyberdog_ws/third_party/nvinference) by extension 'colcon_meta'
[0.125s] Level 1:colcon.colcon_core.package_identification:_identify(src/cyberdog_ws/third_party/nvinference) by extensions ['ros']
[0.125s] Level 1:colcon.colcon_core.package_identification:_identify(src/cyberdog_ws/third_party/nvinference) by extension 'ros'
[0.125s] DEBUG:colcon.colcon_core.package_identification:Package 'src/cyberdog_ws/third_party/nvinference' with type 'ros.ament_cmake' and name 'nvinference'
[0.125s] Level 1:colcon.colcon_core.package_identification:_identify(src/cyberdog_ws/third_party/rapidjson) by extensions ['ignore', 'ignore_ament_install']
[0.125s] Level 1:colcon.colcon_core.package_identification:_identify(src/cyberdog_ws/third_party/rapidjson) by extension 'ignore'
[0.125s] Level 1:colcon.colcon_core.package_identification:_identify(src/cyberdog_ws/third_party/rapidjson) by extension 'ignore_ament_install'
[0.125s] Level 1:colcon.colcon_core.package_identification:_identify(src/cyberdog_ws/third_party/rapidjson) by extensions ['colcon_pkg']
[0.125s] Level 1:colcon.colcon_core.package_identification:_identify(src/cyberdog_ws/third_party/rapidjson) by extension 'colcon_pkg'
[0.125s] Level 1:colcon.colcon_core.package_identification:_identify(src/cyberdog_ws/third_party/rapidjson) by extensions ['colcon_meta']
[0.125s] Level 1:colcon.colcon_core.package_identification:_identify(src/cyberdog_ws/third_party/rapidjson) by extension 'colcon_meta'
[0.125s] Level 1:colcon.colcon_core.package_identification:_identify(src/cyberdog_ws/third_party/rapidjson) by extensions ['ros']
[0.125s] Level 1:colcon.colcon_core.package_identification:_identify(src/cyberdog_ws/third_party/rapidjson) by extension 'ros'
[0.126s] DEBUG:colcon.colcon_core.package_identification:Package 'src/cyberdog_ws/third_party/rapidjson' with type 'ros.ament_cmake' and name 'rapidjson'
[0.126s] Level 1:colcon.colcon_core.package_identification:_identify(src/cyberdog_ws/third_party/toml) by extensions ['ignore', 'ignore_ament_install']
[0.126s] Level 1:colcon.colcon_core.package_identification:_identify(src/cyberdog_ws/third_party/toml) by extension 'ignore'
[0.126s] Level 1:colcon.colcon_core.package_identification:_identify(src/cyberdog_ws/third_party/toml) by extension 'ignore_ament_install'
[0.126s] Level 1:colcon.colcon_core.package_identification:_identify(src/cyberdog_ws/third_party/toml) by extensions ['colcon_pkg']
[0.126s] Level 1:colcon.colcon_core.package_identification:_identify(src/cyberdog_ws/third_party/toml) by extension 'colcon_pkg'
[0.126s] Level 1:colcon.colcon_core.package_identification:_identify(src/cyberdog_ws/third_party/toml) by extensions ['colcon_meta']
[0.126s] Level 1:colcon.colcon_core.package_identification:_identify(src/cyberdog_ws/third_party/toml) by extension 'colcon_meta'
[0.126s] Level 1:colcon.colcon_core.package_identification:_identify(src/cyberdog_ws/third_party/toml) by extensions ['ros']
[0.126s] Level 1:colcon.colcon_core.package_identification:_identify(src/cyberdog_ws/third_party/toml) by extension 'ros'
[0.126s] DEBUG:colcon.colcon_core.package_identification:Package 'src/cyberdog_ws/third_party/toml' with type 'ros.ament_cmake' and name 'toml'
[0.126s] Level 1:colcon.colcon_core.package_identification:_identify(src/cyberdog_ws/third_party/xpack) by extensions ['ignore', 'ignore_ament_install']
[0.126s] Level 1:colcon.colcon_core.package_identification:_identify(src/cyberdog_ws/third_party/xpack) by extension 'ignore'
[0.126s] Level 1:colcon.colcon_core.package_identification:_identify(src/cyberdog_ws/third_party/xpack) by extension 'ignore_ament_install'
[0.126s] Level 1:colcon.colcon_core.package_identification:_identify(src/cyberdog_ws/third_party/xpack) by extensions ['colcon_pkg']
[0.126s] Level 1:colcon.colcon_core.package_identification:_identify(src/cyberdog_ws/third_party/xpack) by extension 'colcon_pkg'
[0.126s] Level 1:colcon.colcon_core.package_identification:_identify(src/cyberdog_ws/third_party/xpack) by extensions ['colcon_meta']
[0.126s] Level 1:colcon.colcon_core.package_identification:_identify(src/cyberdog_ws/third_party/xpack) by extension 'colcon_meta'
[0.127s] Level 1:colcon.colcon_core.package_identification:_identify(src/cyberdog_ws/third_party/xpack) by extensions ['ros']
[0.127s] Level 1:colcon.colcon_core.package_identification:_identify(src/cyberdog_ws/third_party/xpack) by extension 'ros'
[0.127s] DEBUG:colcon.colcon_core.package_identification:Package 'src/cyberdog_ws/third_party/xpack' with type 'ros.ament_cmake' and name 'xpack'
[0.127s] Level 1:colcon.colcon_core.package_identification:_identify(src/cyberdog_ws/third_party/zxing) by extensions ['ignore', 'ignore_ament_install']
[0.127s] Level 1:colcon.colcon_core.package_identification:_identify(src/cyberdog_ws/third_party/zxing) by extension 'ignore'
[0.127s] Level 1:colcon.colcon_core.package_identification:_identify(src/cyberdog_ws/third_party/zxing) by extension 'ignore_ament_install'
[0.127s] Level 1:colcon.colcon_core.package_identification:_identify(src/cyberdog_ws/third_party/zxing) by extensions ['colcon_pkg']
[0.127s] Level 1:colcon.colcon_core.package_identification:_identify(src/cyberdog_ws/third_party/zxing) by extension 'colcon_pkg'
[0.127s] Level 1:colcon.colcon_core.package_identification:_identify(src/cyberdog_ws/third_party/zxing) by extensions ['colcon_meta']
[0.127s] Level 1:colcon.colcon_core.package_identification:_identify(src/cyberdog_ws/third_party/zxing) by extension 'colcon_meta'
[0.127s] Level 1:colcon.colcon_core.package_identification:_identify(src/cyberdog_ws/third_party/zxing) by extensions ['ros']
[0.127s] Level 1:colcon.colcon_core.package_identification:_identify(src/cyberdog_ws/third_party/zxing) by extension 'ros'
[0.127s] DEBUG:colcon.colcon_core.package_identification:Package 'src/cyberdog_ws/third_party/zxing' with type 'ros.ament_cmake' and name 'zxing'
[0.127s] Level 1:colcon.colcon_core.package_identification:_identify(src/cyberdog_ws/tools) by extensions ['ignore', 'ignore_ament_install']
[0.127s] Level 1:colcon.colcon_core.package_identification:_identify(src/cyberdog_ws/tools) by extension 'ignore'
[0.127s] Level 1:colcon.colcon_core.package_identification:_identify(src/cyberdog_ws/tools) by extension 'ignore_ament_install'
[0.128s] Level 1:colcon.colcon_core.package_identification:_identify(src/cyberdog_ws/tools) by extensions ['colcon_pkg']
[0.128s] Level 1:colcon.colcon_core.package_identification:_identify(src/cyberdog_ws/tools) by extension 'colcon_pkg'
[0.128s] Level 1:colcon.colcon_core.package_identification:_identify(src/cyberdog_ws/tools) by extensions ['colcon_meta']
[0.128s] Level 1:colcon.colcon_core.package_identification:_identify(src/cyberdog_ws/tools) by extension 'colcon_meta'
[0.128s] Level 1:colcon.colcon_core.package_identification:_identify(src/cyberdog_ws/tools) by extensions ['ros']
[0.128s] Level 1:colcon.colcon_core.package_identification:_identify(src/cyberdog_ws/tools) by extension 'ros'
[0.128s] Level 1:colcon.colcon_core.package_identification:_identify(src/cyberdog_ws/tools) by extensions ['cmake', 'python']
[0.128s] Level 1:colcon.colcon_core.package_identification:_identify(src/cyberdog_ws/tools) by extension 'cmake'
[0.128s] Level 1:colcon.colcon_core.package_identification:_identify(src/cyberdog_ws/tools) by extension 'python'
[0.128s] Level 1:colcon.colcon_core.package_identification:_identify(src/cyberdog_ws/tools) by extensions ['python_setup_py']
[0.128s] Level 1:colcon.colcon_core.package_identification:_identify(src/cyberdog_ws/tools) by extension 'python_setup_py'
[0.128s] Level 1:colcon.colcon_core.package_identification:_identify(src/cyberdog_ws/visions) by extensions ['ignore', 'ignore_ament_install']
[0.128s] Level 1:colcon.colcon_core.package_identification:_identify(src/cyberdog_ws/visions) by extension 'ignore'
[0.128s] Level 1:colcon.colcon_core.package_identification:_identify(src/cyberdog_ws/visions) by extension 'ignore_ament_install'
[0.128s] Level 1:colcon.colcon_core.package_identification:_identify(src/cyberdog_ws/visions) by extensions ['colcon_pkg']
[0.128s] Level 1:colcon.colcon_core.package_identification:_identify(src/cyberdog_ws/visions) by extension 'colcon_pkg'
[0.128s] Level 1:colcon.colcon_core.package_identification:_identify(src/cyberdog_ws/visions) by extensions ['colcon_meta']
[0.128s] Level 1:colcon.colcon_core.package_identification:_identify(src/cyberdog_ws/visions) by extension 'colcon_meta'
[0.128s] Level 1:colcon.colcon_core.package_identification:_identify(src/cyberdog_ws/visions) by extensions ['ros']
[0.128s] Level 1:colcon.colcon_core.package_identification:_identify(src/cyberdog_ws/visions) by extension 'ros'
[0.128s] Level 1:colcon.colcon_core.package_identification:_identify(src/cyberdog_ws/visions) by extensions ['cmake', 'python']
[0.128s] Level 1:colcon.colcon_core.package_identification:_identify(src/cyberdog_ws/visions) by extension 'cmake'
[0.128s] Level 1:colcon.colcon_core.package_identification:_identify(src/cyberdog_ws/visions) by extension 'python'
[0.128s] Level 1:colcon.colcon_core.package_identification:_identify(src/cyberdog_ws/visions) by extensions ['python_setup_py']
[0.128s] Level 1:colcon.colcon_core.package_identification:_identify(src/cyberdog_ws/visions) by extension 'python_setup_py'
[0.128s] Level 1:colcon.colcon_core.package_identification:_identify(src/motion) by extensions ['ignore', 'ignore_ament_install']
[0.128s] Level 1:colcon.colcon_core.package_identification:_identify(src/motion) by extension 'ignore'
[0.128s] Level 1:colcon.colcon_core.package_identification:_identify(src/motion) by extension 'ignore_ament_install'
[0.128s] Level 1:colcon.colcon_core.package_identification:_identify(src/motion) by extensions ['colcon_pkg']
[0.128s] Level 1:colcon.colcon_core.package_identification:_identify(src/motion) by extension 'colcon_pkg'
[0.128s] Level 1:colcon.colcon_core.package_identification:_identify(src/motion) by extensions ['colcon_meta']
[0.128s] Level 1:colcon.colcon_core.package_identification:_identify(src/motion) by extension 'colcon_meta'
[0.128s] Level 1:colcon.colcon_core.package_identification:_identify(src/motion) by extensions ['ros']
[0.128s] Level 1:colcon.colcon_core.package_identification:_identify(src/motion) by extension 'ros'
[0.128s] Level 1:colcon.colcon_core.package_identification:_identify(src/motion) by extensions ['cmake', 'python']
[0.128s] Level 1:colcon.colcon_core.package_identification:_identify(src/motion) by extension 'cmake'
[0.128s] Level 1:colcon.colcon_core.package_identification:_identify(src/motion) by extension 'python'
[0.128s] Level 1:colcon.colcon_core.package_identification:_identify(src/motion) by extensions ['python_setup_py']
[0.129s] Level 1:colcon.colcon_core.package_identification:_identify(src/motion) by extension 'python_setup_py'
[0.129s] Level 1:colcon.colcon_core.package_identification:_identify(src/motion/elec_skin) by extensions ['ignore', 'ignore_ament_install']
[0.129s] Level 1:colcon.colcon_core.package_identification:_identify(src/motion/elec_skin) by extension 'ignore'
[0.129s] Level 1:colcon.colcon_core.package_identification:_identify(src/motion/elec_skin) by extension 'ignore_ament_install'
[0.129s] Level 1:colcon.colcon_core.package_identification:_identify(src/motion/elec_skin) by extensions ['colcon_pkg']
[0.129s] Level 1:colcon.colcon_core.package_identification:_identify(src/motion/elec_skin) by extension 'colcon_pkg'
[0.129s] Level 1:colcon.colcon_core.package_identification:_identify(src/motion/elec_skin) by extensions ['colcon_meta']
[0.129s] Level 1:colcon.colcon_core.package_identification:_identify(src/motion/elec_skin) by extension 'colcon_meta'
[0.129s] Level 1:colcon.colcon_core.package_identification:_identify(src/motion/elec_skin) by extensions ['ros']
[0.129s] Level 1:colcon.colcon_core.package_identification:_identify(src/motion/elec_skin) by extension 'ros'
[0.129s] DEBUG:colcon.colcon_core.package_identification:Package 'src/motion/elec_skin' with type 'ros.ament_cmake' and name 'elec_skin'
[0.129s] Level 1:colcon.colcon_core.package_identification:_identify(src/motion/motion_action) by extensions ['ignore', 'ignore_ament_install']
[0.129s] Level 1:colcon.colcon_core.package_identification:_identify(src/motion/motion_action) by extension 'ignore'
[0.129s] Level 1:colcon.colcon_core.package_identification:_identify(src/motion/motion_action) by extension 'ignore_ament_install'
[0.130s] Level 1:colcon.colcon_core.package_identification:_identify(src/motion/motion_action) by extensions ['colcon_pkg']
[0.130s] Level 1:colcon.colcon_core.package_identification:_identify(src/motion/motion_action) by extension 'colcon_pkg'
[0.130s] Level 1:colcon.colcon_core.package_identification:_identify(src/motion/motion_action) by extensions ['colcon_meta']
[0.130s] Level 1:colcon.colcon_core.package_identification:_identify(src/motion/motion_action) by extension 'colcon_meta'
[0.130s] Level 1:colcon.colcon_core.package_identification:_identify(src/motion/motion_action) by extensions ['ros']
[0.130s] Level 1:colcon.colcon_core.package_identification:_identify(src/motion/motion_action) by extension 'ros'
[0.130s] DEBUG:colcon.colcon_core.package_identification:Package 'src/motion/motion_action' with type 'ros.ament_cmake' and name 'motion_action'
[0.130s] Level 1:colcon.colcon_core.package_identification:_identify(src/motion/motion_bridge) by extensions ['ignore', 'ignore_ament_install']
[0.130s] Level 1:colcon.colcon_core.package_identification:_identify(src/motion/motion_bridge) by extension 'ignore'
[0.130s] Level 1:colcon.colcon_core.package_identification:_identify(src/motion/motion_bridge) by extension 'ignore_ament_install'
[0.130s] Level 1:colcon.colcon_core.package_identification:_identify(src/motion/motion_bridge) by extensions ['colcon_pkg']
[0.130s] Level 1:colcon.colcon_core.package_identification:_identify(src/motion/motion_bridge) by extension 'colcon_pkg'
[0.130s] Level 1:colcon.colcon_core.package_identification:_identify(src/motion/motion_bridge) by extensions ['colcon_meta']
[0.130s] Level 1:colcon.colcon_core.package_identification:_identify(src/motion/motion_bridge) by extension 'colcon_meta'
[0.130s] Level 1:colcon.colcon_core.package_identification:_identify(src/motion/motion_bridge) by extensions ['ros']
[0.130s] Level 1:colcon.colcon_core.package_identification:_identify(src/motion/motion_bridge) by extension 'ros'
[0.131s] DEBUG:colcon.colcon_core.package_identification:Package 'src/motion/motion_bridge' with type 'ros.ament_cmake' and name 'motion_bridge'
[0.131s] Level 1:colcon.colcon_core.package_identification:_identify(src/motion/motion_manager) by extensions ['ignore', 'ignore_ament_install']
[0.131s] Level 1:colcon.colcon_core.package_identification:_identify(src/motion/motion_manager) by extension 'ignore'
[0.131s] Level 1:colcon.colcon_core.package_identification:_identify(src/motion/motion_manager) by extension 'ignore_ament_install'
[0.131s] Level 1:colcon.colcon_core.package_identification:_identify(src/motion/motion_manager) by extensions ['colcon_pkg']
[0.131s] Level 1:colcon.colcon_core.package_identification:_identify(src/motion/motion_manager) by extension 'colcon_pkg'
[0.131s] Level 1:colcon.colcon_core.package_identification:_identify(src/motion/motion_manager) by extensions ['colcon_meta']
[0.131s] Level 1:colcon.colcon_core.package_identification:_identify(src/motion/motion_manager) by extension 'colcon_meta'
[0.131s] Level 1:colcon.colcon_core.package_identification:_identify(src/motion/motion_manager) by extensions ['ros']
[0.131s] Level 1:colcon.colcon_core.package_identification:_identify(src/motion/motion_manager) by extension 'ros'
[0.132s] DEBUG:colcon.colcon_core.package_identification:Package 'src/motion/motion_manager' with type 'ros.ament_cmake' and name 'motion_manager'
[0.133s] Level 1:colcon.colcon_core.package_identification:_identify(src/motion/motion_utils) by extensions ['ignore', 'ignore_ament_install']
[0.133s] Level 1:colcon.colcon_core.package_identification:_identify(src/motion/motion_utils) by extension 'ignore'
[0.133s] Level 1:colcon.colcon_core.package_identification:_identify(src/motion/motion_utils) by extension 'ignore_ament_install'
[0.133s] Level 1:colcon.colcon_core.package_identification:_identify(src/motion/motion_utils) by extensions ['colcon_pkg']
[0.133s] Level 1:colcon.colcon_core.package_identification:_identify(src/motion/motion_utils) by extension 'colcon_pkg'
[0.133s] Level 1:colcon.colcon_core.package_identification:_identify(src/motion/motion_utils) by extensions ['colcon_meta']
[0.133s] Level 1:colcon.colcon_core.package_identification:_identify(src/motion/motion_utils) by extension 'colcon_meta'
[0.133s] Level 1:colcon.colcon_core.package_identification:_identify(src/motion/motion_utils) by extensions ['ros']
[0.133s] Level 1:colcon.colcon_core.package_identification:_identify(src/motion/motion_utils) by extension 'ros'
[0.133s] DEBUG:colcon.colcon_core.package_identification:Package 'src/motion/motion_utils' with type 'ros.ament_cmake' and name 'motion_utils'
[0.133s] Level 1:colcon.colcon_core.package_identification:_identify(src/motion/skin_manager) by extensions ['ignore', 'ignore_ament_install']
[0.133s] Level 1:colcon.colcon_core.package_identification:_identify(src/motion/skin_manager) by extension 'ignore'
[0.134s] Level 1:colcon.colcon_core.package_identification:_identify(src/motion/skin_manager) by extension 'ignore_ament_install'
[0.134s] Level 1:colcon.colcon_core.package_identification:_identify(src/motion/skin_manager) by extensions ['colcon_pkg']
[0.134s] Level 1:colcon.colcon_core.package_identification:_identify(src/motion/skin_manager) by extension 'colcon_pkg'
[0.134s] Level 1:colcon.colcon_core.package_identification:_identify(src/motion/skin_manager) by extensions ['colcon_meta']
[0.134s] Level 1:colcon.colcon_core.package_identification:_identify(src/motion/skin_manager) by extension 'colcon_meta'
[0.134s] Level 1:colcon.colcon_core.package_identification:_identify(src/motion/skin_manager) by extensions ['ros']
[0.134s] Level 1:colcon.colcon_core.package_identification:_identify(src/motion/skin_manager) by extension 'ros'
[0.134s] DEBUG:colcon.colcon_core.package_identification:Package 'src/motion/skin_manager' with type 'ros.ament_cmake' and name 'skin_manager'
[0.134s] Level 1:colcon.colcon_core.package_identification:_identify(src/utils) by extensions ['ignore', 'ignore_ament_install']
[0.134s] Level 1:colcon.colcon_core.package_identification:_identify(src/utils) by extension 'ignore'
[0.134s] Level 1:colcon.colcon_core.package_identification:_identify(src/utils) by extension 'ignore_ament_install'
[0.134s] Level 1:colcon.colcon_core.package_identification:_identify(src/utils) by extensions ['colcon_pkg']
[0.134s] Level 1:colcon.colcon_core.package_identification:_identify(src/utils) by extension 'colcon_pkg'
[0.134s] Level 1:colcon.colcon_core.package_identification:_identify(src/utils) by extensions ['colcon_meta']
[0.134s] Level 1:colcon.colcon_core.package_identification:_identify(src/utils) by extension 'colcon_meta'
[0.134s] Level 1:colcon.colcon_core.package_identification:_identify(src/utils) by extensions ['ros']
[0.135s] Level 1:colcon.colcon_core.package_identification:_identify(src/utils) by extension 'ros'
[0.135s] Level 1:colcon.colcon_core.package_identification:_identify(src/utils) by extensions ['cmake', 'python']
[0.135s] Level 1:colcon.colcon_core.package_identification:_identify(src/utils) by extension 'cmake'
[0.135s] Level 1:colcon.colcon_core.package_identification:_identify(src/utils) by extension 'python'
[0.135s] Level 1:colcon.colcon_core.package_identification:_identify(src/utils) by extensions ['python_setup_py']
[0.135s] Level 1:colcon.colcon_core.package_identification:_identify(src/utils) by extension 'python_setup_py'
[0.135s] Level 1:colcon.colcon_core.package_identification:_identify(src/utils/cyberdog_common) by extensions ['ignore', 'ignore_ament_install']
[0.135s] Level 1:colcon.colcon_core.package_identification:_identify(src/utils/cyberdog_common) by extension 'ignore'
[0.135s] Level 1:colcon.colcon_core.package_identification:_identify(src/utils/cyberdog_common) by extension 'ignore_ament_install'
[0.135s] Level 1:colcon.colcon_core.package_identification:_identify(src/utils/cyberdog_common) by extensions ['colcon_pkg']
[0.135s] Level 1:colcon.colcon_core.package_identification:_identify(src/utils/cyberdog_common) by extension 'colcon_pkg'
[0.135s] Level 1:colcon.colcon_core.package_identification:_identify(src/utils/cyberdog_common) by extensions ['colcon_meta']
[0.135s] Level 1:colcon.colcon_core.package_identification:_identify(src/utils/cyberdog_common) by extension 'colcon_meta'
[0.135s] Level 1:colcon.colcon_core.package_identification:_identify(src/utils/cyberdog_common) by extensions ['ros']
[0.135s] Level 1:colcon.colcon_core.package_identification:_identify(src/utils/cyberdog_common) by extension 'ros'
[0.135s] DEBUG:colcon.colcon_core.package_identification:Package 'src/utils/cyberdog_common' with type 'ros.ament_cmake' and name 'cyberdog_common'
[0.136s] Level 1:colcon.colcon_core.package_identification:_identify(src/utils/cyberdog_debug) by extensions ['ignore', 'ignore_ament_install']
[0.136s] Level 1:colcon.colcon_core.package_identification:_identify(src/utils/cyberdog_debug) by extension 'ignore'
[0.136s] Level 1:colcon.colcon_core.package_identification:_identify(src/utils/cyberdog_debug) by extension 'ignore_ament_install'
[0.136s] Level 1:colcon.colcon_core.package_identification:_identify(src/utils/cyberdog_debug) by extensions ['colcon_pkg']
[0.136s] Level 1:colcon.colcon_core.package_identification:_identify(src/utils/cyberdog_debug) by extension 'colcon_pkg'
[0.136s] Level 1:colcon.colcon_core.package_identification:_identify(src/utils/cyberdog_debug) by extensions ['colcon_meta']
[0.136s] Level 1:colcon.colcon_core.package_identification:_identify(src/utils/cyberdog_debug) by extension 'colcon_meta'
[0.136s] Level 1:colcon.colcon_core.package_identification:_identify(src/utils/cyberdog_debug) by extensions ['ros']
[0.136s] Level 1:colcon.colcon_core.package_identification:_identify(src/utils/cyberdog_debug) by extension 'ros'
[0.141s] DEBUG:colcon.colcon_core.package_identification:Package 'src/utils/cyberdog_debug' with type 'ros.ament_cmake' and name 'cyberdog_debug'
[0.141s] Level 1:colcon.colcon_core.package_identification:_identify(src/utils/cyberdog_machine) by extensions ['ignore', 'ignore_ament_install']
[0.141s] Level 1:colcon.colcon_core.package_identification:_identify(src/utils/cyberdog_machine) by extension 'ignore'
[0.141s] Level 1:colcon.colcon_core.package_identification:_identify(src/utils/cyberdog_machine) by extension 'ignore_ament_install'
[0.141s] Level 1:colcon.colcon_core.package_identification:_identify(src/utils/cyberdog_machine) by extensions ['colcon_pkg']
[0.141s] Level 1:colcon.colcon_core.package_identification:_identify(src/utils/cyberdog_machine) by extension 'colcon_pkg'
[0.141s] Level 1:colcon.colcon_core.package_identification:_identify(src/utils/cyberdog_machine) by extensions ['colcon_meta']
[0.141s] Level 1:colcon.colcon_core.package_identification:_identify(src/utils/cyberdog_machine) by extension 'colcon_meta'
[0.141s] Level 1:colcon.colcon_core.package_identification:_identify(src/utils/cyberdog_machine) by extensions ['ros']
[0.141s] Level 1:colcon.colcon_core.package_identification:_identify(src/utils/cyberdog_machine) by extension 'ros'
[0.141s] DEBUG:colcon.colcon_core.package_identification:Package 'src/utils/cyberdog_machine' with type 'ros.ament_cmake' and name 'cyberdog_machine'
[0.141s] Level 1:colcon.colcon_core.package_identification:_identify(src/utils/cyberdog_parameter) by extensions ['ignore', 'ignore_ament_install']
[0.141s] Level 1:colcon.colcon_core.package_identification:_identify(src/utils/cyberdog_parameter) by extension 'ignore'
[0.141s] Level 1:colcon.colcon_core.package_identification:_identify(src/utils/cyberdog_parameter) by extension 'ignore_ament_install'
[0.141s] Level 1:colcon.colcon_core.package_identification:_identify(src/utils/cyberdog_parameter) by extensions ['colcon_pkg']
[0.141s] Level 1:colcon.colcon_core.package_identification:_identify(src/utils/cyberdog_parameter) by extension 'colcon_pkg'
[0.142s] Level 1:colcon.colcon_core.package_identification:_identify(src/utils/cyberdog_parameter) by extensions ['colcon_meta']
[0.142s] Level 1:colcon.colcon_core.package_identification:_identify(src/utils/cyberdog_parameter) by extension 'colcon_meta'
[0.142s] Level 1:colcon.colcon_core.package_identification:_identify(src/utils/cyberdog_parameter) by extensions ['ros']
[0.142s] Level 1:colcon.colcon_core.package_identification:_identify(src/utils/cyberdog_parameter) by extension 'ros'
[0.142s] DEBUG:colcon.colcon_core.package_identification:Package 'src/utils/cyberdog_parameter' with type 'ros.ament_cmake' and name 'cyberdog_parameter'
[0.142s] Level 1:colcon.colcon_core.package_identification:_identify(src/utils/cyberdog_system) by extensions ['ignore', 'ignore_ament_install']
[0.142s] Level 1:colcon.colcon_core.package_identification:_identify(src/utils/cyberdog_system) by extension 'ignore'
[0.142s] Level 1:colcon.colcon_core.package_identification:_identify(src/utils/cyberdog_system) by extension 'ignore_ament_install'
[0.142s] Level 1:colcon.colcon_core.package_identification:_identify(src/utils/cyberdog_system) by extensions ['colcon_pkg']
[0.142s] Level 1:colcon.colcon_core.package_identification:_identify(src/utils/cyberdog_system) by extension 'colcon_pkg'
[0.142s] Level 1:colcon.colcon_core.package_identification:_identify(src/utils/cyberdog_system) by extensions ['colcon_meta']
[0.142s] Level 1:colcon.colcon_core.package_identification:_identify(src/utils/cyberdog_system) by extension 'colcon_meta'
[0.142s] Level 1:colcon.colcon_core.package_identification:_identify(src/utils/cyberdog_system) by extensions ['ros']
[0.142s] Level 1:colcon.colcon_core.package_identification:_identify(src/utils/cyberdog_system) by extension 'ros'
[0.143s] DEBUG:colcon.colcon_core.package_identification:Package 'src/utils/cyberdog_system' with type 'ros.ament_cmake' and name 'cyberdog_system'
[0.143s] Level 1:colcon.colcon_core.package_discovery:discover_packages(recursive) using defaults
[0.143s] Level 1:colcon.colcon_core.package_discovery:discover_packages(ignore) discover
[0.143s] Level 1:colcon.colcon_core.package_discovery:discover_packages(ignore) using defaults
[0.143s] Level 1:colcon.colcon_core.package_discovery:discover_packages(path) discover
[0.143s] Level 1:colcon.colcon_core.package_discovery:discover_packages(path) using defaults
[0.155s] INFO:colcon.colcon_core.package_selection:Skipping package 'motion_utils' in 'src/motion/motion_utils'
[0.155s] INFO:colcon.colcon_core.package_selection:Skipping package 'motion_bridge' in 'src/motion/motion_bridge'
[0.155s] INFO:colcon.colcon_core.package_selection:Skipping package 'cyberdog_parameter' in 'src/utils/cyberdog_parameter'
[0.155s] INFO:colcon.colcon_core.package_selection:Skipping package 'zxing' in 'src/cyberdog_ws/third_party/zxing'
[0.155s] INFO:colcon.colcon_core.package_selection:Skipping package 'nvinference' in 'src/cyberdog_ws/third_party/nvinference'
[0.155s] INFO:colcon.colcon_core.package_selection:Skipping package 'mqttc' in 'src/cyberdog_ws/third_party/mqttc'
[0.155s] INFO:colcon.colcon_core.package_selection:Skipping package 'filesystem' in 'src/cyberdog_ws/third_party/filesystem'
[0.155s] INFO:colcon.colcon_core.package_selection:Skipping package 'cyberdog_bringup' in 'src/cyberdog_ws/cyberdog_bringup'
[0.155s] INFO:colcon.colcon_core.package_selection:Skipping package 'cpp_httplib' in 'src/cyberdog_ws/third_party/cpp_httplib'
[0.155s] Level 5:colcon.colcon_core.verb:set package 'rapidjson' build argument 'cmake_args' from command line to 'None'
[0.155s] Level 5:colcon.colcon_core.verb:set package 'rapidjson' build argument 'cmake_target' from command line to 'None'
[0.155s] Level 5:colcon.colcon_core.verb:set package 'rapidjson' build argument 'cmake_target_skip_unavailable' from command line to 'False'
[0.155s] Level 5:colcon.colcon_core.verb:set package 'rapidjson' build argument 'cmake_clean_cache' from command line to 'False'
[0.155s] Level 5:colcon.colcon_core.verb:set package 'rapidjson' build argument 'cmake_clean_first' from command line to 'False'
[0.155s] Level 5:colcon.colcon_core.verb:set package 'rapidjson' build argument 'cmake_force_configure' from command line to 'False'
[0.155s] Level 5:colcon.colcon_core.verb:set package 'rapidjson' build argument 'ament_cmake_args' from command line to 'None'
[0.155s] Level 5:colcon.colcon_core.verb:set package 'rapidjson' build argument 'catkin_cmake_args' from command line to 'None'
[0.155s] Level 5:colcon.colcon_core.verb:set package 'rapidjson' build argument 'catkin_skip_building_tests' from command line to 'False'
[0.156s] DEBUG:colcon.colcon_core.verb:Building package 'rapidjson' with the following arguments: {'ament_cmake_args': None, 'build_base': '/home/cyberdog_ws/build/rapidjson', 'catkin_cmake_args': None, 'catkin_skip_building_tests': False, 'cmake_args': None, 'cmake_clean_cache': False, 'cmake_clean_first': False, 'cmake_force_configure': False, 'cmake_target': None, 'cmake_target_skip_unavailable': False, 'install_base': '/home/cyberdog_ws/install', 'merge_install': True, 'path': '/home/cyberdog_ws/src/cyberdog_ws/third_party/rapidjson', 'symlink_install': False, 'test_result_base': None}
[0.156s] Level 5:colcon.colcon_core.verb:set package 'toml' build argument 'cmake_args' from command line to 'None'
[0.156s] Level 5:colcon.colcon_core.verb:set package 'toml' build argument 'cmake_target' from command line to 'None'
[0.156s] Level 5:colcon.colcon_core.verb:set package 'toml' build argument 'cmake_target_skip_unavailable' from command line to 'False'
[0.156s] Level 5:colcon.colcon_core.verb:set package 'toml' build argument 'cmake_clean_cache' from command line to 'False'
[0.156s] Level 5:colcon.colcon_core.verb:set package 'toml' build argument 'cmake_clean_first' from command line to 'False'
[0.156s] Level 5:colcon.colcon_core.verb:set package 'toml' build argument 'cmake_force_configure' from command line to 'False'
[0.156s] Level 5:colcon.colcon_core.verb:set package 'toml' build argument 'ament_cmake_args' from command line to 'None'
[0.156s] Level 5:colcon.colcon_core.verb:set package 'toml' build argument 'catkin_cmake_args' from command line to 'None'
[0.156s] Level 5:colcon.colcon_core.verb:set package 'toml' build argument 'catkin_skip_building_tests' from command line to 'False'
[0.156s] DEBUG:colcon.colcon_core.verb:Building package 'toml' with the following arguments: {'ament_cmake_args': None, 'build_base': '/home/cyberdog_ws/build/toml', 'catkin_cmake_args': None, 'catkin_skip_building_tests': False, 'cmake_args': None, 'cmake_clean_cache': False, 'cmake_clean_first': False, 'cmake_force_configure': False, 'cmake_target': None, 'cmake_target_skip_unavailable': False, 'install_base': '/home/cyberdog_ws/install', 'merge_install': True, 'path': '/home/cyberdog_ws/src/cyberdog_ws/third_party/toml', 'symlink_install': False, 'test_result_base': None}
[0.157s] Level 5:colcon.colcon_core.verb:set package 'xpack' build argument 'cmake_args' from command line to 'None'
[0.157s] Level 5:colcon.colcon_core.verb:set package 'xpack' build argument 'cmake_target' from command line to 'None'
[0.157s] Level 5:colcon.colcon_core.verb:set package 'xpack' build argument 'cmake_target_skip_unavailable' from command line to 'False'
[0.157s] Level 5:colcon.colcon_core.verb:set package 'xpack' build argument 'cmake_clean_cache' from command line to 'False'
[0.157s] Level 5:colcon.colcon_core.verb:set package 'xpack' build argument 'cmake_clean_first' from command line to 'False'
[0.157s] Level 5:colcon.colcon_core.verb:set package 'xpack' build argument 'cmake_force_configure' from command line to 'False'
[0.157s] Level 5:colcon.colcon_core.verb:set package 'xpack' build argument 'ament_cmake_args' from command line to 'None'
[0.157s] Level 5:colcon.colcon_core.verb:set package 'xpack' build argument 'catkin_cmake_args' from command line to 'None'
[0.157s] Level 5:colcon.colcon_core.verb:set package 'xpack' build argument 'catkin_skip_building_tests' from command line to 'False'
[0.157s] DEBUG:colcon.colcon_core.verb:Building package 'xpack' with the following arguments: {'ament_cmake_args': None, 'build_base': '/home/cyberdog_ws/build/xpack', 'catkin_cmake_args': None, 'catkin_skip_building_tests': False, 'cmake_args': None, 'cmake_clean_cache': False, 'cmake_clean_first': False, 'cmake_force_configure': False, 'cmake_target': None, 'cmake_target_skip_unavailable': False, 'install_base': '/home/cyberdog_ws/install', 'merge_install': True, 'path': '/home/cyberdog_ws/src/cyberdog_ws/third_party/xpack', 'symlink_install': False, 'test_result_base': None}
[0.157s] Level 5:colcon.colcon_core.verb:set package 'cyberdog_common' build argument 'cmake_args' from command line to 'None'
[0.157s] Level 5:colcon.colcon_core.verb:set package 'cyberdog_common' build argument 'cmake_target' from command line to 'None'
[0.157s] Level 5:colcon.colcon_core.verb:set package 'cyberdog_common' build argument 'cmake_target_skip_unavailable' from command line to 'False'
[0.157s] Level 5:colcon.colcon_core.verb:set package 'cyberdog_common' build argument 'cmake_clean_cache' from command line to 'False'
[0.157s] Level 5:colcon.colcon_core.verb:set package 'cyberdog_common' build argument 'cmake_clean_first' from command line to 'False'
[0.157s] Level 5:colcon.colcon_core.verb:set package 'cyberdog_common' build argument 'cmake_force_configure' from command line to 'False'
[0.157s] Level 5:colcon.colcon_core.verb:set package 'cyberdog_common' build argument 'ament_cmake_args' from command line to 'None'
[0.157s] Level 5:colcon.colcon_core.verb:set package 'cyberdog_common' build argument 'catkin_cmake_args' from command line to 'None'
[0.157s] Level 5:colcon.colcon_core.verb:set package 'cyberdog_common' build argument 'catkin_skip_building_tests' from command line to 'False'
[0.157s] DEBUG:colcon.colcon_core.verb:Building package 'cyberdog_common' with the following arguments: {'ament_cmake_args': None, 'build_base': '/home/cyberdog_ws/build/cyberdog_common', 'catkin_cmake_args': None, 'catkin_skip_building_tests': False, 'cmake_args': None, 'cmake_clean_cache': False, 'cmake_clean_first': False, 'cmake_force_configure': False, 'cmake_target': None, 'cmake_target_skip_unavailable': False, 'install_base': '/home/cyberdog_ws/install', 'merge_install': True, 'path': '/home/cyberdog_ws/src/utils/cyberdog_common', 'symlink_install': False, 'test_result_base': None}
[0.158s] Level 5:colcon.colcon_core.verb:set package 'cyberdog_debug' build argument 'cmake_args' from command line to 'None'
[0.158s] Level 5:colcon.colcon_core.verb:set package 'cyberdog_debug' build argument 'cmake_target' from command line to 'None'
[0.158s] Level 5:colcon.colcon_core.verb:set package 'cyberdog_debug' build argument 'cmake_target_skip_unavailable' from command line to 'False'
[0.158s] Level 5:colcon.colcon_core.verb:set package 'cyberdog_debug' build argument 'cmake_clean_cache' from command line to 'False'
[0.158s] Level 5:colcon.colcon_core.verb:set package 'cyberdog_debug' build argument 'cmake_clean_first' from command line to 'False'
[0.158s] Level 5:colcon.colcon_core.verb:set package 'cyberdog_debug' build argument 'cmake_force_configure' from command line to 'False'
[0.158s] Level 5:colcon.colcon_core.verb:set package 'cyberdog_debug' build argument 'ament_cmake_args' from command line to 'None'
[0.158s] Level 5:colcon.colcon_core.verb:set package 'cyberdog_debug' build argument 'catkin_cmake_args' from command line to 'None'
[0.158s] Level 5:colcon.colcon_core.verb:set package 'cyberdog_debug' build argument 'catkin_skip_building_tests' from command line to 'False'
[0.158s] DEBUG:colcon.colcon_core.verb:Building package 'cyberdog_debug' with the following arguments: {'ament_cmake_args': None, 'build_base': '/home/cyberdog_ws/build/cyberdog_debug', 'catkin_cmake_args': None, 'catkin_skip_building_tests': False, 'cmake_args': None, 'cmake_clean_cache': False, 'cmake_clean_first': False, 'cmake_force_configure': False, 'cmake_target': None, 'cmake_target_skip_unavailable': False, 'install_base': '/home/cyberdog_ws/install', 'merge_install': True, 'path': '/home/cyberdog_ws/src/utils/cyberdog_debug', 'symlink_install': False, 'test_result_base': None}
[0.159s] Level 5:colcon.colcon_core.verb:set package 'cyberdog_machine' build argument 'cmake_args' from command line to 'None'
[0.159s] Level 5:colcon.colcon_core.verb:set package 'cyberdog_machine' build argument 'cmake_target' from command line to 'None'
[0.159s] Level 5:colcon.colcon_core.verb:set package 'cyberdog_machine' build argument 'cmake_target_skip_unavailable' from command line to 'False'
[0.159s] Level 5:colcon.colcon_core.verb:set package 'cyberdog_machine' build argument 'cmake_clean_cache' from command line to 'False'
[0.159s] Level 5:colcon.colcon_core.verb:set package 'cyberdog_machine' build argument 'cmake_clean_first' from command line to 'False'
[0.159s] Level 5:colcon.colcon_core.verb:set package 'cyberdog_machine' build argument 'cmake_force_configure' from command line to 'False'
[0.159s] Level 5:colcon.colcon_core.verb:set package 'cyberdog_machine' build argument 'ament_cmake_args' from command line to 'None'
[0.159s] Level 5:colcon.colcon_core.verb:set package 'cyberdog_machine' build argument 'catkin_cmake_args' from command line to 'None'
[0.159s] Level 5:colcon.colcon_core.verb:set package 'cyberdog_machine' build argument 'catkin_skip_building_tests' from command line to 'False'
[0.159s] DEBUG:colcon.colcon_core.verb:Building package 'cyberdog_machine' with the following arguments: {'ament_cmake_args': None, 'build_base': '/home/cyberdog_ws/build/cyberdog_machine', 'catkin_cmake_args': None, 'catkin_skip_building_tests': False, 'cmake_args': None, 'cmake_clean_cache': False, 'cmake_clean_first': False, 'cmake_force_configure': False, 'cmake_target': None, 'cmake_target_skip_unavailable': False, 'install_base': '/home/cyberdog_ws/install', 'merge_install': True, 'path': '/home/cyberdog_ws/src/utils/cyberdog_machine', 'symlink_install': False, 'test_result_base': None}
[0.159s] Level 5:colcon.colcon_core.verb:set package 'cyberdog_system' build argument 'cmake_args' from command line to 'None'
[0.159s] Level 5:colcon.colcon_core.verb:set package 'cyberdog_system' build argument 'cmake_target' from command line to 'None'
[0.159s] Level 5:colcon.colcon_core.verb:set package 'cyberdog_system' build argument 'cmake_target_skip_unavailable' from command line to 'False'
[0.159s] Level 5:colcon.colcon_core.verb:set package 'cyberdog_system' build argument 'cmake_clean_cache' from command line to 'False'
[0.159s] Level 5:colcon.colcon_core.verb:set package 'cyberdog_system' build argument 'cmake_clean_first' from command line to 'False'
[0.159s] Level 5:colcon.colcon_core.verb:set package 'cyberdog_system' build argument 'cmake_force_configure' from command line to 'False'
[0.159s] Level 5:colcon.colcon_core.verb:set package 'cyberdog_system' build argument 'ament_cmake_args' from command line to 'None'
[0.159s] Level 5:colcon.colcon_core.verb:set package 'cyberdog_system' build argument 'catkin_cmake_args' from command line to 'None'
[0.159s] Level 5:colcon.colcon_core.verb:set package 'cyberdog_system' build argument 'catkin_skip_building_tests' from command line to 'False'
[0.159s] DEBUG:colcon.colcon_core.verb:Building package 'cyberdog_system' with the following arguments: {'ament_cmake_args': None, 'build_base': '/home/cyberdog_ws/build/cyberdog_system', 'catkin_cmake_args': None, 'catkin_skip_building_tests': False, 'cmake_args': None, 'cmake_clean_cache': False, 'cmake_clean_first': False, 'cmake_force_configure': False, 'cmake_target': None, 'cmake_target_skip_unavailable': False, 'install_base': '/home/cyberdog_ws/install', 'merge_install': True, 'path': '/home/cyberdog_ws/src/utils/cyberdog_system', 'symlink_install': False, 'test_result_base': None}
[0.160s] Level 5:colcon.colcon_core.verb:set package 'elec_skin' build argument 'cmake_args' from command line to 'None'
[0.160s] Level 5:colcon.colcon_core.verb:set package 'elec_skin' build argument 'cmake_target' from command line to 'None'
[0.160s] Level 5:colcon.colcon_core.verb:set package 'elec_skin' build argument 'cmake_target_skip_unavailable' from command line to 'False'
[0.160s] Level 5:colcon.colcon_core.verb:set package 'elec_skin' build argument 'cmake_clean_cache' from command line to 'False'
[0.160s] Level 5:colcon.colcon_core.verb:set package 'elec_skin' build argument 'cmake_clean_first' from command line to 'False'
[0.160s] Level 5:colcon.colcon_core.verb:set package 'elec_skin' build argument 'cmake_force_configure' from command line to 'False'
[0.160s] Level 5:colcon.colcon_core.verb:set package 'elec_skin' build argument 'ament_cmake_args' from command line to 'None'
[0.160s] Level 5:colcon.colcon_core.verb:set package 'elec_skin' build argument 'catkin_cmake_args' from command line to 'None'
[0.160s] Level 5:colcon.colcon_core.verb:set package 'elec_skin' build argument 'catkin_skip_building_tests' from command line to 'False'
[0.160s] DEBUG:colcon.colcon_core.verb:Building package 'elec_skin' with the following arguments: {'ament_cmake_args': None, 'build_base': '/home/cyberdog_ws/build/elec_skin', 'catkin_cmake_args': None, 'catkin_skip_building_tests': False, 'cmake_args': None, 'cmake_clean_cache': False, 'cmake_clean_first': False, 'cmake_force_configure': False, 'cmake_target': None, 'cmake_target_skip_unavailable': False, 'install_base': '/home/cyberdog_ws/install', 'merge_install': True, 'path': '/home/cyberdog_ws/src/motion/elec_skin', 'symlink_install': False, 'test_result_base': None}
[0.161s] Level 5:colcon.colcon_core.verb:set package 'skin_manager' build argument 'cmake_args' from command line to 'None'
[0.161s] Level 5:colcon.colcon_core.verb:set package 'skin_manager' build argument 'cmake_target' from command line to 'None'
[0.161s] Level 5:colcon.colcon_core.verb:set package 'skin_manager' build argument 'cmake_target_skip_unavailable' from command line to 'False'
[0.161s] Level 5:colcon.colcon_core.verb:set package 'skin_manager' build argument 'cmake_clean_cache' from command line to 'False'
[0.161s] Level 5:colcon.colcon_core.verb:set package 'skin_manager' build argument 'cmake_clean_first' from command line to 'False'
[0.161s] Level 5:colcon.colcon_core.verb:set package 'skin_manager' build argument 'cmake_force_configure' from command line to 'False'
[0.161s] Level 5:colcon.colcon_core.verb:set package 'skin_manager' build argument 'ament_cmake_args' from command line to 'None'
[0.161s] Level 5:colcon.colcon_core.verb:set package 'skin_manager' build argument 'catkin_cmake_args' from command line to 'None'
[0.161s] Level 5:colcon.colcon_core.verb:set package 'skin_manager' build argument 'catkin_skip_building_tests' from command line to 'False'
[0.161s] DEBUG:colcon.colcon_core.verb:Building package 'skin_manager' with the following arguments: {'ament_cmake_args': None, 'build_base': '/home/cyberdog_ws/build/skin_manager', 'catkin_cmake_args': None, 'catkin_skip_building_tests': False, 'cmake_args': None, 'cmake_clean_cache': False, 'cmake_clean_first': False, 'cmake_force_configure': False, 'cmake_target': None, 'cmake_target_skip_unavailable': False, 'install_base': '/home/cyberdog_ws/install', 'merge_install': True, 'path': '/home/cyberdog_ws/src/motion/skin_manager', 'symlink_install': False, 'test_result_base': None}
[0.161s] Level 5:colcon.colcon_core.verb:set package 'motion_action' build argument 'cmake_args' from command line to 'None'
[0.161s] Level 5:colcon.colcon_core.verb:set package 'motion_action' build argument 'cmake_target' from command line to 'None'
[0.161s] Level 5:colcon.colcon_core.verb:set package 'motion_action' build argument 'cmake_target_skip_unavailable' from command line to 'False'
[0.161s] Level 5:colcon.colcon_core.verb:set package 'motion_action' build argument 'cmake_clean_cache' from command line to 'False'
[0.161s] Level 5:colcon.colcon_core.verb:set package 'motion_action' build argument 'cmake_clean_first' from command line to 'False'
[0.161s] Level 5:colcon.colcon_core.verb:set package 'motion_action' build argument 'cmake_force_configure' from command line to 'False'
[0.161s] Level 5:colcon.colcon_core.verb:set package 'motion_action' build argument 'ament_cmake_args' from command line to 'None'
[0.161s] Level 5:colcon.colcon_core.verb:set package 'motion_action' build argument 'catkin_cmake_args' from command line to 'None'
[0.161s] Level 5:colcon.colcon_core.verb:set package 'motion_action' build argument 'catkin_skip_building_tests' from command line to 'False'
[0.161s] DEBUG:colcon.colcon_core.verb:Building package 'motion_action' with the following arguments: {'ament_cmake_args': None, 'build_base': '/home/cyberdog_ws/build/motion_action', 'catkin_cmake_args': None, 'catkin_skip_building_tests': False, 'cmake_args': None, 'cmake_clean_cache': False, 'cmake_clean_first': False, 'cmake_force_configure': False, 'cmake_target': None, 'cmake_target_skip_unavailable': False, 'install_base': '/home/cyberdog_ws/install', 'merge_install': True, 'path': '/home/cyberdog_ws/src/motion/motion_action', 'symlink_install': False, 'test_result_base': None}
[0.162s] Level 5:colcon.colcon_core.verb:set package 'motion_manager' build argument 'cmake_args' from command line to 'None'
[0.162s] Level 5:colcon.colcon_core.verb:set package 'motion_manager' build argument 'cmake_target' from command line to 'None'
[0.162s] Level 5:colcon.colcon_core.verb:set package 'motion_manager' build argument 'cmake_target_skip_unavailable' from command line to 'False'
[0.162s] Level 5:colcon.colcon_core.verb:set package 'motion_manager' build argument 'cmake_clean_cache' from command line to 'False'
[0.162s] Level 5:colcon.colcon_core.verb:set package 'motion_manager' build argument 'cmake_clean_first' from command line to 'False'
[0.162s] Level 5:colcon.colcon_core.verb:set package 'motion_manager' build argument 'cmake_force_configure' from command line to 'False'
[0.162s] Level 5:colcon.colcon_core.verb:set package 'motion_manager' build argument 'ament_cmake_args' from command line to 'None'
[0.162s] Level 5:colcon.colcon_core.verb:set package 'motion_manager' build argument 'catkin_cmake_args' from command line to 'None'
[0.162s] Level 5:colcon.colcon_core.verb:set package 'motion_manager' build argument 'catkin_skip_building_tests' from command line to 'False'
[0.162s] DEBUG:colcon.colcon_core.verb:Building package 'motion_manager' with the following arguments: {'ament_cmake_args': None, 'build_base': '/home/cyberdog_ws/build/motion_manager', 'catkin_cmake_args': None, 'catkin_skip_building_tests': False, 'cmake_args': None, 'cmake_clean_cache': False, 'cmake_clean_first': False, 'cmake_force_configure': False, 'cmake_target': None, 'cmake_target_skip_unavailable': False, 'install_base': '/home/cyberdog_ws/install', 'merge_install': True, 'path': '/home/cyberdog_ws/src/motion/motion_manager', 'symlink_install': False, 'test_result_base': None}
[0.162s] INFO:colcon.colcon_core.executor:Executing jobs using 'parallel' executor
[0.165s] DEBUG:colcon.colcon_parallel_executor.executor.parallel:run_until_complete
[0.165s] INFO:colcon.colcon_ros.task.ament_cmake.build:Building ROS package in '/home/cyberdog_ws/src/cyberdog_ws/third_party/rapidjson' with build type 'ament_cmake'
[0.165s] INFO:colcon.colcon_cmake.task.cmake.build:Building CMake package in '/home/cyberdog_ws/src/cyberdog_ws/third_party/rapidjson'
[0.168s] INFO:colcon.colcon_core.plugin_system:Skipping extension 'colcon_core.shell.bat': Not used on non-Windows systems
[0.168s] INFO:colcon.colcon_core.shell:Skip shell extension 'powershell' for command environment: Not usable outside of PowerShell
[0.168s] DEBUG:colcon.colcon_core.shell:Skip shell extension 'dsv' for command environment
[0.172s] INFO:colcon.colcon_ros.task.ament_cmake.build:Building ROS package in '/home/cyberdog_ws/src/cyberdog_ws/third_party/toml' with build type 'ament_cmake'
[0.172s] INFO:colcon.colcon_cmake.task.cmake.build:Building CMake package in '/home/cyberdog_ws/src/cyberdog_ws/third_party/toml'
[0.173s] INFO:colcon.colcon_core.shell:Skip shell extension 'powershell' for command environment: Not usable outside of PowerShell
[0.173s] DEBUG:colcon.colcon_core.shell:Skip shell extension 'dsv' for command environment
[0.176s] INFO:colcon.colcon_ros.task.ament_cmake.build:Building ROS package in '/home/cyberdog_ws/src/cyberdog_ws/third_party/xpack' with build type 'ament_cmake'
[0.176s] INFO:colcon.colcon_cmake.task.cmake.build:Building CMake package in '/home/cyberdog_ws/src/cyberdog_ws/third_party/xpack'
[0.177s] INFO:colcon.colcon_core.shell:Skip shell extension 'powershell' for command environment: Not usable outside of PowerShell
[0.177s] DEBUG:colcon.colcon_core.shell:Skip shell extension 'dsv' for command environment
[0.183s] DEBUG:colcon.colcon_core.event_handler.log_command:Invoking command in '/home/cyberdog_ws/build/rapidjson': CMAKE_PREFIX_PATH=/opt/ros/galactic /usr/bin/cmake /home/cyberdog_ws/src/cyberdog_ws/third_party/rapidjson -DCMAKE_INSTALL_PREFIX=/home/cyberdog_ws/install
[0.186s] DEBUG:colcon.colcon_core.event_handler.log_command:Invoking command in '/home/cyberdog_ws/build/toml': CMAKE_PREFIX_PATH=/opt/ros/galactic /usr/bin/cmake --build /home/cyberdog_ws/build/toml -- -j16 -l16
[0.188s] DEBUG:colcon.colcon_core.event_handler.log_command:Invoking command in '/home/cyberdog_ws/build/xpack': CMAKE_PREFIX_PATH=/opt/ros/galactic /usr/bin/cmake /home/cyberdog_ws/src/cyberdog_ws/third_party/xpack -DCMAKE_INSTALL_PREFIX=/home/cyberdog_ws/install
[0.210s] DEBUG:colcon.colcon_core.event_handler.log_command:Invoked command in '/home/cyberdog_ws/build/toml' returned '0': CMAKE_PREFIX_PATH=/opt/ros/galactic /usr/bin/cmake --build /home/cyberdog_ws/build/toml -- -j16 -l16
[0.231s] DEBUG:colcon.colcon_core.event_handler.log_command:Invoking command in '/home/cyberdog_ws/build/toml': CMAKE_PREFIX_PATH=/opt/ros/galactic /usr/bin/cmake --install /home/cyberdog_ws/build/toml
[0.238s] Level 1:colcon.colcon_core.environment:create_environment_scripts_only(toml)
[0.239s] DEBUG:colcon.colcon_core.event_handler.log_command:Invoked command in '/home/cyberdog_ws/build/toml' returned '0': CMAKE_PREFIX_PATH=/opt/ros/galactic /usr/bin/cmake --install /home/cyberdog_ws/build/toml
[0.242s] Level 1:colcon.colcon_core.environment:checking '/home/cyberdog_ws/install' for CMake module files
[0.242s] Level 1:colcon.colcon_core.environment:checking '/home/cyberdog_ws/install' for CMake config files
[0.243s] Level 1:colcon.colcon_core.shell:create_environment_hook('toml', 'cmake_prefix_path')
[0.243s] INFO:colcon.colcon_core.shell:Creating environment hook '/home/cyberdog_ws/install/share/toml/hook/cmake_prefix_path.ps1'
[0.244s] INFO:colcon.colcon_core.shell:Creating environment descriptor '/home/cyberdog_ws/install/share/toml/hook/cmake_prefix_path.dsv'
[0.244s] INFO:colcon.colcon_core.shell:Creating environment hook '/home/cyberdog_ws/install/share/toml/hook/cmake_prefix_path.sh'
[0.245s] Level 1:colcon.colcon_core.environment:checking '/home/cyberdog_ws/install/bin'
[0.245s] Level 1:colcon.colcon_core.environment:checking '/home/cyberdog_ws/install/lib/pkgconfig/toml.pc'
[0.245s] Level 1:colcon.colcon_core.environment:checking '/home/cyberdog_ws/install/lib/python3.8/site-packages'
[0.245s] Level 1:colcon.colcon_core.environment:checking '/home/cyberdog_ws/install/bin'
[0.246s] INFO:colcon.colcon_core.shell:Creating package script '/home/cyberdog_ws/install/share/toml/package.ps1'
[0.246s] INFO:colcon.colcon_core.shell:Creating package descriptor '/home/cyberdog_ws/install/share/toml/package.dsv'
[0.247s] INFO:colcon.colcon_core.shell:Creating package script '/home/cyberdog_ws/install/share/toml/package.sh'
[0.247s] INFO:colcon.colcon_core.shell:Creating package script '/home/cyberdog_ws/install/share/toml/package.bash'
[0.248s] INFO:colcon.colcon_core.shell:Creating package script '/home/cyberdog_ws/install/share/toml/package.zsh'
[0.248s] Level 1:colcon.colcon_core.environment:create_file_with_runtime_dependencies(/home/cyberdog_ws/install/share/colcon-core/packages/toml)
[0.263s] Level 1:colcon.colcon_core.environment:create_environment_scripts_only(toml)
[0.264s] Level 1:colcon.colcon_core.environment:checking '/home/cyberdog_ws/install' for CMake module files
[0.264s] Level 1:colcon.colcon_core.environment:checking '/home/cyberdog_ws/install' for CMake config files
[0.265s] Level 1:colcon.colcon_core.shell:create_environment_hook('toml', 'cmake_prefix_path')
[0.265s] INFO:colcon.colcon_core.shell:Creating environment hook '/home/cyberdog_ws/install/share/toml/hook/cmake_prefix_path.ps1'
[0.266s] INFO:colcon.colcon_core.shell:Creating environment descriptor '/home/cyberdog_ws/install/share/toml/hook/cmake_prefix_path.dsv'
[0.266s] INFO:colcon.colcon_core.shell:Creating environment hook '/home/cyberdog_ws/install/share/toml/hook/cmake_prefix_path.sh'
[0.266s] Level 1:colcon.colcon_core.environment:checking '/home/cyberdog_ws/install/bin'
[0.266s] Level 1:colcon.colcon_core.environment:checking '/home/cyberdog_ws/install/lib/pkgconfig/toml.pc'
[0.267s] Level 1:colcon.colcon_core.environment:checking '/home/cyberdog_ws/install/lib/python3.8/site-packages'
[0.267s] Level 1:colcon.colcon_core.environment:checking '/home/cyberdog_ws/install/bin'
[0.268s] INFO:colcon.colcon_core.shell:Creating package script '/home/cyberdog_ws/install/share/toml/package.ps1'
[0.268s] INFO:colcon.colcon_core.shell:Creating package descriptor '/home/cyberdog_ws/install/share/toml/package.dsv'
[0.268s] INFO:colcon.colcon_core.shell:Creating package script '/home/cyberdog_ws/install/share/toml/package.sh'
[0.268s] INFO:colcon.colcon_core.shell:Creating package script '/home/cyberdog_ws/install/share/toml/package.bash'
[0.269s] INFO:colcon.colcon_core.shell:Creating package script '/home/cyberdog_ws/install/share/toml/package.zsh'
[0.269s] Level 1:colcon.colcon_core.environment:create_file_with_runtime_dependencies(/home/cyberdog_ws/install/share/colcon-core/packages/toml)
[0.593s] DEBUG:colcon.colcon_core.event_handler.log_command:Invoked command in '/home/cyberdog_ws/build/rapidjson' returned '0': CMAKE_PREFIX_PATH=/opt/ros/galactic /usr/bin/cmake /home/cyberdog_ws/src/cyberdog_ws/third_party/rapidjson -DCMAKE_INSTALL_PREFIX=/home/cyberdog_ws/install
[0.594s] DEBUG:colcon.colcon_core.event_handler.log_command:Invoking command in '/home/cyberdog_ws/build/rapidjson': CMAKE_PREFIX_PATH=/opt/ros/galactic /usr/bin/cmake --build /home/cyberdog_ws/build/rapidjson -- -j16 -l16
[0.596s] DEBUG:colcon.colcon_core.event_handler.log_command:Invoked command in '/home/cyberdog_ws/build/xpack' returned '0': CMAKE_PREFIX_PATH=/opt/ros/galactic /usr/bin/cmake /home/cyberdog_ws/src/cyberdog_ws/third_party/xpack -DCMAKE_INSTALL_PREFIX=/home/cyberdog_ws/install
[0.597s] DEBUG:colcon.colcon_core.event_handler.log_command:Invoking command in '/home/cyberdog_ws/build/xpack': CMAKE_PREFIX_PATH=/opt/ros/galactic /usr/bin/cmake --build /home/cyberdog_ws/build/xpack -- -j16 -l16
[0.617s] DEBUG:colcon.colcon_core.event_handler.log_command:Invoked command in '/home/cyberdog_ws/build/rapidjson' returned '0': CMAKE_PREFIX_PATH=/opt/ros/galactic /usr/bin/cmake --build /home/cyberdog_ws/build/rapidjson -- -j16 -l16
[0.619s] DEBUG:colcon.colcon_core.event_handler.log_command:Invoked command in '/home/cyberdog_ws/build/xpack' returned '0': CMAKE_PREFIX_PATH=/opt/ros/galactic /usr/bin/cmake --build /home/cyberdog_ws/build/xpack -- -j16 -l16
[0.631s] DEBUG:colcon.colcon_core.event_handler.log_command:Invoking command in '/home/cyberdog_ws/build/rapidjson': CMAKE_PREFIX_PATH=/opt/ros/galactic /usr/bin/cmake --install /home/cyberdog_ws/build/rapidjson
[0.633s] DEBUG:colcon.colcon_core.event_handler.log_command:Invoking command in '/home/cyberdog_ws/build/xpack': CMAKE_PREFIX_PATH=/opt/ros/galactic /usr/bin/cmake --install /home/cyberdog_ws/build/xpack
[0.641s] Level 1:colcon.colcon_core.environment:create_environment_scripts_only(rapidjson)
[0.642s] Level 1:colcon.colcon_core.environment:checking '/home/cyberdog_ws/install' for CMake module files
[0.644s] DEBUG:colcon.colcon_core.event_handler.log_command:Invoked command in '/home/cyberdog_ws/build/rapidjson' returned '0': CMAKE_PREFIX_PATH=/opt/ros/galactic /usr/bin/cmake --install /home/cyberdog_ws/build/rapidjson
[0.644s] Level 1:colcon.colcon_core.environment:checking '/home/cyberdog_ws/install' for CMake config files
[0.645s] Level 1:colcon.colcon_core.shell:create_environment_hook('rapidjson', 'cmake_prefix_path')
[0.645s] INFO:colcon.colcon_core.shell:Creating environment hook '/home/cyberdog_ws/install/share/rapidjson/hook/cmake_prefix_path.ps1'
[0.646s] INFO:colcon.colcon_core.shell:Creating environment descriptor '/home/cyberdog_ws/install/share/rapidjson/hook/cmake_prefix_path.dsv'
[0.646s] INFO:colcon.colcon_core.shell:Creating environment hook '/home/cyberdog_ws/install/share/rapidjson/hook/cmake_prefix_path.sh'
[0.646s] Level 1:colcon.colcon_core.environment:checking '/home/cyberdog_ws/install/bin'
[0.646s] Level 1:colcon.colcon_core.environment:checking '/home/cyberdog_ws/install/lib/pkgconfig/rapidjson.pc'
[0.647s] Level 1:colcon.colcon_core.environment:checking '/home/cyberdog_ws/install/lib/python3.8/site-packages'
[0.647s] Level 1:colcon.colcon_core.environment:checking '/home/cyberdog_ws/install/bin'
[0.647s] INFO:colcon.colcon_core.shell:Creating package script '/home/cyberdog_ws/install/share/rapidjson/package.ps1'
[0.648s] INFO:colcon.colcon_core.shell:Creating package descriptor '/home/cyberdog_ws/install/share/rapidjson/package.dsv'
[0.648s] INFO:colcon.colcon_core.shell:Creating package script '/home/cyberdog_ws/install/share/rapidjson/package.sh'
[0.648s] INFO:colcon.colcon_core.shell:Creating package script '/home/cyberdog_ws/install/share/rapidjson/package.bash'
[0.648s] INFO:colcon.colcon_core.shell:Creating package script '/home/cyberdog_ws/install/share/rapidjson/package.zsh'
[0.648s] Level 1:colcon.colcon_core.environment:create_file_with_runtime_dependencies(/home/cyberdog_ws/install/share/colcon-core/packages/rapidjson)
[0.650s] Level 1:colcon.colcon_core.environment:create_environment_scripts_only(xpack)
[0.652s] Level 1:colcon.colcon_core.environment:checking '/home/cyberdog_ws/install' for CMake module files
[0.652s] DEBUG:colcon.colcon_core.event_handler.log_command:Invoked command in '/home/cyberdog_ws/build/xpack' returned '0': CMAKE_PREFIX_PATH=/opt/ros/galactic /usr/bin/cmake --install /home/cyberdog_ws/build/xpack
[0.652s] Level 1:colcon.colcon_core.environment:checking '/home/cyberdog_ws/install' for CMake config files
[0.653s] Level 1:colcon.colcon_core.shell:create_environment_hook('xpack', 'cmake_prefix_path')
[0.653s] INFO:colcon.colcon_core.shell:Creating environment hook '/home/cyberdog_ws/install/share/xpack/hook/cmake_prefix_path.ps1'
[0.654s] INFO:colcon.colcon_core.shell:Creating environment descriptor '/home/cyberdog_ws/install/share/xpack/hook/cmake_prefix_path.dsv'
[0.654s] INFO:colcon.colcon_core.shell:Creating environment hook '/home/cyberdog_ws/install/share/xpack/hook/cmake_prefix_path.sh'
[0.654s] Level 1:colcon.colcon_core.environment:checking '/home/cyberdog_ws/install/bin'
[0.654s] Level 1:colcon.colcon_core.environment:checking '/home/cyberdog_ws/install/lib/pkgconfig/xpack.pc'
[0.654s] Level 1:colcon.colcon_core.environment:checking '/home/cyberdog_ws/install/lib/python3.8/site-packages'
[0.654s] Level 1:colcon.colcon_core.environment:checking '/home/cyberdog_ws/install/bin'
[0.655s] INFO:colcon.colcon_core.shell:Creating package script '/home/cyberdog_ws/install/share/xpack/package.ps1'
[0.656s] INFO:colcon.colcon_core.shell:Creating package descriptor '/home/cyberdog_ws/install/share/xpack/package.dsv'
[0.656s] INFO:colcon.colcon_core.shell:Creating package script '/home/cyberdog_ws/install/share/xpack/package.sh'
[0.656s] INFO:colcon.colcon_core.shell:Creating package script '/home/cyberdog_ws/install/share/xpack/package.bash'
[0.656s] INFO:colcon.colcon_core.shell:Creating package script '/home/cyberdog_ws/install/share/xpack/package.zsh'
[0.656s] Level 1:colcon.colcon_core.environment:create_file_with_runtime_dependencies(/home/cyberdog_ws/install/share/colcon-core/packages/xpack)
[0.662s] Level 1:colcon.colcon_core.environment:create_environment_scripts_only(rapidjson)
[0.663s] Level 1:colcon.colcon_core.environment:checking '/home/cyberdog_ws/install' for CMake module files
[0.664s] Level 1:colcon.colcon_core.environment:checking '/home/cyberdog_ws/install' for CMake config files
[0.664s] Level 1:colcon.colcon_core.shell:create_environment_hook('rapidjson', 'cmake_prefix_path')
[0.665s] INFO:colcon.colcon_core.shell:Creating environment hook '/home/cyberdog_ws/install/share/rapidjson/hook/cmake_prefix_path.ps1'
[0.665s] INFO:colcon.colcon_core.shell:Creating environment descriptor '/home/cyberdog_ws/install/share/rapidjson/hook/cmake_prefix_path.dsv'
[0.665s] INFO:colcon.colcon_core.shell:Creating environment hook '/home/cyberdog_ws/install/share/rapidjson/hook/cmake_prefix_path.sh'
[0.665s] Level 1:colcon.colcon_core.environment:checking '/home/cyberdog_ws/install/bin'
[0.666s] Level 1:colcon.colcon_core.environment:checking '/home/cyberdog_ws/install/lib/pkgconfig/rapidjson.pc'
[0.666s] Level 1:colcon.colcon_core.environment:checking '/home/cyberdog_ws/install/lib/python3.8/site-packages'
[0.666s] Level 1:colcon.colcon_core.environment:checking '/home/cyberdog_ws/install/bin'
[0.667s] INFO:colcon.colcon_core.shell:Creating package script '/home/cyberdog_ws/install/share/rapidjson/package.ps1'
[0.667s] INFO:colcon.colcon_core.shell:Creating package descriptor '/home/cyberdog_ws/install/share/rapidjson/package.dsv'
[0.667s] INFO:colcon.colcon_core.shell:Creating package script '/home/cyberdog_ws/install/share/rapidjson/package.sh'
[0.668s] INFO:colcon.colcon_core.shell:Creating package script '/home/cyberdog_ws/install/share/rapidjson/package.bash'
[0.668s] INFO:colcon.colcon_core.shell:Creating package script '/home/cyberdog_ws/install/share/rapidjson/package.zsh'
[0.668s] Level 1:colcon.colcon_core.environment:create_file_with_runtime_dependencies(/home/cyberdog_ws/install/share/colcon-core/packages/rapidjson)
[0.669s] Level 1:colcon.colcon_core.environment:create_environment_scripts_only(xpack)
[0.670s] Level 1:colcon.colcon_core.environment:checking '/home/cyberdog_ws/install' for CMake module files
[0.671s] Level 1:colcon.colcon_core.environment:checking '/home/cyberdog_ws/install' for CMake config files
[0.671s] Level 1:colcon.colcon_core.shell:create_environment_hook('xpack', 'cmake_prefix_path')
[0.672s] INFO:colcon.colcon_core.shell:Creating environment hook '/home/cyberdog_ws/install/share/xpack/hook/cmake_prefix_path.ps1'
[0.672s] INFO:colcon.colcon_core.shell:Creating environment descriptor '/home/cyberdog_ws/install/share/xpack/hook/cmake_prefix_path.dsv'
[0.672s] INFO:colcon.colcon_core.shell:Creating environment hook '/home/cyberdog_ws/install/share/xpack/hook/cmake_prefix_path.sh'
[0.672s] Level 1:colcon.colcon_core.environment:checking '/home/cyberdog_ws/install/bin'
[0.672s] Level 1:colcon.colcon_core.environment:checking '/home/cyberdog_ws/install/lib/pkgconfig/xpack.pc'
[0.673s] Level 1:colcon.colcon_core.environment:checking '/home/cyberdog_ws/install/lib/python3.8/site-packages'
[0.673s] Level 1:colcon.colcon_core.environment:checking '/home/cyberdog_ws/install/bin'
[0.673s] INFO:colcon.colcon_core.shell:Creating package script '/home/cyberdog_ws/install/share/xpack/package.ps1'
[0.674s] INFO:colcon.colcon_core.shell:Creating package descriptor '/home/cyberdog_ws/install/share/xpack/package.dsv'
[0.674s] INFO:colcon.colcon_core.shell:Creating package script '/home/cyberdog_ws/install/share/xpack/package.sh'
[0.674s] INFO:colcon.colcon_core.shell:Creating package script '/home/cyberdog_ws/install/share/xpack/package.bash'
[0.674s] INFO:colcon.colcon_core.shell:Creating package script '/home/cyberdog_ws/install/share/xpack/package.zsh'
[0.675s] Level 1:colcon.colcon_core.environment:create_file_with_runtime_dependencies(/home/cyberdog_ws/install/share/colcon-core/packages/xpack)
[0.675s] INFO:colcon.colcon_ros.task.ament_cmake.build:Building ROS package in '/home/cyberdog_ws/src/utils/cyberdog_common' with build type 'ament_cmake'
[0.675s] INFO:colcon.colcon_cmake.task.cmake.build:Building CMake package in '/home/cyberdog_ws/src/utils/cyberdog_common'
[0.676s] INFO:colcon.colcon_core.shell:Skip shell extension 'powershell' for command environment: Not usable outside of PowerShell
[0.676s] DEBUG:colcon.colcon_core.shell:Skip shell extension 'dsv' for command environment
[0.683s] DEBUG:colcon.colcon_core.event_handler.log_command:Invoking command in '/home/cyberdog_ws/build/cyberdog_common': AMENT_PREFIX_PATH=/home/cyberdog_ws/install:${AMENT_PREFIX_PATH} CMAKE_PREFIX_PATH=/home/cyberdog_ws/install:/opt/ros/galactic /usr/bin/cmake /home/cyberdog_ws/src/utils/cyberdog_common -DCMAKE_INSTALL_PREFIX=/home/cyberdog_ws/install
[1.818s] DEBUG:colcon.colcon_core.event_handler.log_command:Invoked command in '/home/cyberdog_ws/build/cyberdog_common' returned '1': AMENT_PREFIX_PATH=/home/cyberdog_ws/install:${AMENT_PREFIX_PATH} CMAKE_PREFIX_PATH=/home/cyberdog_ws/install:/opt/ros/galactic /usr/bin/cmake /home/cyberdog_ws/src/utils/cyberdog_common -DCMAKE_INSTALL_PREFIX=/home/cyberdog_ws/install
[1.827s] Level 1:colcon.colcon_core.environment:create_environment_scripts_only(cyberdog_common)
[1.828s] Level 1:colcon.colcon_core.environment:checking '/home/cyberdog_ws/install' for CMake module files
[1.828s] Level 1:colcon.colcon_core.environment:checking '/home/cyberdog_ws/install' for CMake config files
[1.828s] Level 1:colcon.colcon_core.shell:create_environment_hook('cyberdog_common', 'cmake_prefix_path')
[1.829s] INFO:colcon.colcon_core.shell:Creating environment hook '/home/cyberdog_ws/install/share/cyberdog_common/hook/cmake_prefix_path.ps1'
[1.830s] INFO:colcon.colcon_core.shell:Creating environment descriptor '/home/cyberdog_ws/install/share/cyberdog_common/hook/cmake_prefix_path.dsv'
[1.830s] INFO:colcon.colcon_core.shell:Creating environment hook '/home/cyberdog_ws/install/share/cyberdog_common/hook/cmake_prefix_path.sh'
[1.830s] Level 1:colcon.colcon_core.environment:checking '/home/cyberdog_ws/install/bin'
[1.830s] Level 1:colcon.colcon_core.environment:checking '/home/cyberdog_ws/install/lib/pkgconfig/cyberdog_common.pc'
[1.830s] Level 1:colcon.colcon_core.environment:checking '/home/cyberdog_ws/install/lib/python3.8/site-packages'
[1.830s] Level 1:colcon.colcon_core.environment:checking '/home/cyberdog_ws/install/bin'
[1.831s] INFO:colcon.colcon_core.shell:Creating package script '/home/cyberdog_ws/install/share/cyberdog_common/package.ps1'
[1.831s] INFO:colcon.colcon_core.shell:Creating package descriptor '/home/cyberdog_ws/install/share/cyberdog_common/package.dsv'
[1.832s] INFO:colcon.colcon_core.shell:Creating package script '/home/cyberdog_ws/install/share/cyberdog_common/package.sh'
[1.832s] INFO:colcon.colcon_core.shell:Creating package script '/home/cyberdog_ws/install/share/cyberdog_common/package.bash'
[1.832s] INFO:colcon.colcon_core.shell:Creating package script '/home/cyberdog_ws/install/share/cyberdog_common/package.zsh'
[1.832s] Level 1:colcon.colcon_core.environment:create_file_with_runtime_dependencies(/home/cyberdog_ws/install/share/colcon-core/packages/cyberdog_common)
[1.842s] DEBUG:colcon.colcon_parallel_executor.executor.parallel:closing loop
[1.842s] DEBUG:colcon.colcon_parallel_executor.executor.parallel:loop closed
[1.842s] DEBUG:colcon.colcon_parallel_executor.executor.parallel:run_until_complete finished with '1'
[1.843s] DEBUG:colcon.colcon_core.event_reactor:joining thread
[1.847s] INFO:colcon.colcon_core.plugin_system:Skipping extension 'colcon_notification.desktop_notification.terminal_notifier': Not used on non-Darwin systems
[1.847s] INFO:colcon.colcon_core.plugin_system:Skipping extension 'colcon_notification.desktop_notification.win32': Not used on non-Windows systems
[1.847s] INFO:colcon.colcon_notification.desktop_notification:Sending desktop notification using 'notify2'
[1.853s] DEBUG:colcon.colcon_core.event_reactor:joined thread
[1.854s] INFO:colcon.colcon_core.shell:Creating prefix script '/home/cyberdog_ws/install/local_setup.ps1'
[1.855s] INFO:colcon.colcon_core.shell:Creating prefix util module '/home/cyberdog_ws/install/_local_setup_util_ps1.py'
[1.855s] INFO:colcon.colcon_core.shell:Creating prefix chain script '/home/cyberdog_ws/install/setup.ps1'
[1.856s] INFO:colcon.colcon_core.shell:Creating prefix script '/home/cyberdog_ws/install/local_setup.sh'
[1.857s] INFO:colcon.colcon_core.shell:Creating prefix util module '/home/cyberdog_ws/install/_local_setup_util_sh.py'
[1.857s] INFO:colcon.colcon_core.shell:Creating prefix chain script '/home/cyberdog_ws/install/setup.sh'
[1.858s] INFO:colcon.colcon_core.shell:Creating prefix script '/home/cyberdog_ws/install/local_setup.bash'
[1.858s] INFO:colcon.colcon_core.shell:Creating prefix chain script '/home/cyberdog_ws/install/setup.bash'
[1.859s] INFO:colcon.colcon_core.shell:Creating prefix script '/home/cyberdog_ws/install/local_setup.zsh'
[1.859s] INFO:colcon.colcon_core.shell:Creating prefix chain script '/home/cyberdog_ws/install/setup.zsh'
