[0.034s] Invoking command in '/home/cyberdog_ws/build/cyberdog_machine': AMENT_PREFIX_PATH=/home/cyberdog_ws/install:${AMENT_PREFIX_PATH} CMAKE_PREFIX_PATH=/home/cyberdog_ws/install:/opt/ros/galactic LD_LIBRARY_PATH=/home/cyberdog_ws/install/lib:${LD_LIBRARY_PATH} PYTHONPATH=/home/cyberdog_ws/install/lib/python3.8/site-packages:${PYTHONPATH} /usr/bin/cmake --build /home/cyberdog_ws/build/cyberdog_machine -- -j16 -l16
[0.080s] Invoked command in '/home/cyberdog_ws/build/cyberdog_machine' returned '0': AMENT_PREFIX_PATH=/home/cyberdog_ws/install:${AMENT_PREFIX_PATH} CMAKE_PREFIX_PATH=/home/cyberdog_ws/install:/opt/ros/galactic LD_LIBRARY_PATH=/home/cyberdog_ws/install/lib:${LD_LIBRARY_PATH} PYTHONPATH=/home/cyberdog_ws/install/lib/python3.8/site-packages:${PYTHONPATH} /usr/bin/cmake --build /home/cyberdog_ws/build/cyberdog_machine -- -j16 -l16
[0.107s] Invoking command in '/home/cyberdog_ws/build/cyberdog_machine': AMENT_PREFIX_PATH=/home/cyberdog_ws/install:${AMENT_PREFIX_PATH} CMAKE_PREFIX_PATH=/home/cyberdog_ws/install:/opt/ros/galactic LD_LIBRARY_PATH=/home/cyberdog_ws/install/lib:${LD_LIBRARY_PATH} PYTHONPATH=/home/cyberdog_ws/install/lib/python3.8/site-packages:${PYTHONPATH} /usr/bin/cmake --install /home/cyberdog_ws/build/cyberdog_machine
[0.115s] -- Install configuration: ""
[0.116s] -- Up-to-date: /home/cyberdog_ws/install/include/
[0.116s] -- Up-to-date: /home/cyberdog_ws/install/include//cyberdog_machine
[0.116s] -- Up-to-date: /home/cyberdog_ws/install/include//cyberdog_machine/cyberdog_heartbeats.hpp
[0.116s] -- Up-to-date: /home/cyberdog_ws/install/include//cyberdog_machine/cyberdog_fs_machine.hpp
[0.116s] -- Up-to-date: /home/cyberdog_ws/install/lib/cyberdog_machine/fs_machine_config.toml
[0.116s] -- Up-to-date: /home/cyberdog_ws/install/share/ament_index/resource_index/package_run_dependencies/cyberdog_machine
[0.116s] -- Up-to-date: /home/cyberdog_ws/install/share/ament_index/resource_index/parent_prefix_path/cyberdog_machine
[0.116s] -- Up-to-date: /home/cyberdog_ws/install/share/cyberdog_machine/environment/ament_prefix_path.sh
[0.116s] -- Up-to-date: /home/cyberdog_ws/install/share/cyberdog_machine/environment/ament_prefix_path.dsv
[0.116s] -- Up-to-date: /home/cyberdog_ws/install/share/cyberdog_machine/environment/path.sh
[0.116s] -- Up-to-date: /home/cyberdog_ws/install/share/cyberdog_machine/environment/path.dsv
[0.116s] -- Up-to-date: /home/cyberdog_ws/install/share/cyberdog_machine/local_setup.bash
[0.116s] -- Up-to-date: /home/cyberdog_ws/install/share/cyberdog_machine/local_setup.sh
[0.116s] -- Up-to-date: /home/cyberdog_ws/install/share/cyberdog_machine/local_setup.zsh
[0.117s] -- Up-to-date: /home/cyberdog_ws/install/share/cyberdog_machine/local_setup.dsv
[0.117s] -- Installing: /home/cyberdog_ws/install/share/cyberdog_machine/package.dsv
[0.117s] -- Up-to-date: /home/cyberdog_ws/install/share/ament_index/resource_index/packages/cyberdog_machine
[0.117s] -- Up-to-date: /home/cyberdog_ws/install/share/cyberdog_machine/cmake/cyberdog_machineConfig.cmake
[0.117s] -- Up-to-date: /home/cyberdog_ws/install/share/cyberdog_machine/cmake/cyberdog_machineConfig-version.cmake
[0.117s] -- Up-to-date: /home/cyberdog_ws/install/share/cyberdog_machine/package.xml
[0.164s] Invoked command in '/home/cyberdog_ws/build/cyberdog_machine' returned '0': AMENT_PREFIX_PATH=/home/cyberdog_ws/install:${AMENT_PREFIX_PATH} CMAKE_PREFIX_PATH=/home/cyberdog_ws/install:/opt/ros/galactic LD_LIBRARY_PATH=/home/cyberdog_ws/install/lib:${LD_LIBRARY_PATH} PYTHONPATH=/home/cyberdog_ws/install/lib/python3.8/site-packages:${PYTHONPATH} /usr/bin/cmake --install /home/cyberdog_ws/build/cyberdog_machine
