[0.134s] DEBUG:colcon:Command line arguments: ['/usr/bin/colcon', 'build', '--merge-install', '--packages-up-to', 'manager']
[0.134s] DEBUG:colcon:Parsed command line arguments: Namespace(ament_cmake_args=None, base_paths=['.'], build_base='build', catkin_cmake_args=None, catkin_skip_building_tests=False, cmake_args=None, cmake_clean_cache=False, cmake_clean_first=False, cmake_force_configure=False, cmake_target=None, cmake_target_skip_unavailable=False, continue_on_error=False, event_handlers=None, executor='parallel', ignore_user_meta=False, install_base='install', log_base=None, log_level=None, main=<bound method BuildVerb.main of <colcon_core.verb.build.BuildVerb object at 0x7fa8bac4f580>>, merge_install=True, metas=['./colcon.meta'], mixin=None, mixin_files=None, mixin_verb=('build',), packages_above=None, packages_above_and_dependencies=None, packages_above_depth=None, packages_end=None, packages_ignore=None, packages_ignore_regex=None, packages_select=None, packages_select_build_failed=False, packages_select_by_dep=None, packages_select_regex=None, packages_select_test_failures=False, packages_skip=None, packages_skip_build_finished=False, packages_skip_by_dep=None, packages_skip_regex=None, packages_skip_test_passed=False, packages_skip_up_to=None, packages_start=None, packages_up_to=['manager'], packages_up_to_regex=None, parallel_workers=16, paths=None, symlink_install=False, test_result_base=None, verb_extension=<colcon_core.verb.build.BuildVerb object at 0x7fa8bac4f580>, verb_name='build', verb_parser=<colcon_mixin.mixin.mixin_argument.MixinArgumentDecorator object at 0x7fa8bac4fbe0>)
[0.153s] Level 1:colcon.colcon_core.package_discovery:discover_packages(colcon_meta) check parameters
[0.153s] INFO:colcon.colcon_metadata.package_discovery.colcon_meta:Using configuration from '/root/.colcon/metadata/default/Gazebo.meta'
[0.154s] INFO:colcon.colcon_metadata.package_discovery.colcon_meta:Using configuration from '/root/.colcon/metadata/default/fastrtps.meta'
[0.154s] Level 1:colcon.colcon_core.package_discovery:discover_packages(recursive) check parameters
[0.154s] Level 1:colcon.colcon_core.package_discovery:discover_packages(ignore) check parameters
[0.154s] Level 1:colcon.colcon_core.package_discovery:discover_packages(path) check parameters
[0.154s] Level 1:colcon.colcon_core.package_discovery:discover_packages(colcon_meta) discover
[0.154s] Level 1:colcon.colcon_core.package_discovery:discover_packages(recursive) discover
[0.154s] INFO:colcon.colcon_core.package_discovery:Crawling recursively for packages in '/home/cyberdog_ws'
[0.154s] Level 1:colcon.colcon_core.package_identification:_identify(.) by extensions ['ignore', 'ignore_ament_install']
[0.154s] Level 1:colcon.colcon_core.package_identification:_identify(.) by extension 'ignore'
[0.154s] Level 1:colcon.colcon_core.package_identification:_identify(.) by extension 'ignore_ament_install'
[0.154s] Level 1:colcon.colcon_core.package_identification:_identify(.) by extensions ['colcon_pkg']
[0.154s] Level 1:colcon.colcon_core.package_identification:_identify(.) by extension 'colcon_pkg'
[0.154s] Level 1:colcon.colcon_core.package_identification:_identify(.) by extensions ['colcon_meta']
[0.154s] Level 1:colcon.colcon_core.package_identification:_identify(.) by extension 'colcon_meta'
[0.154s] Level 1:colcon.colcon_core.package_identification:_identify(.) by extensions ['ros']
[0.154s] Level 1:colcon.colcon_core.package_identification:_identify(.) by extension 'ros'
[0.163s] Level 1:colcon.colcon_core.package_identification:_identify(.) by extensions ['cmake', 'python']
[0.163s] Level 1:colcon.colcon_core.package_identification:_identify(.) by extension 'cmake'
[0.163s] Level 1:colcon.colcon_core.package_identification:_identify(.) by extension 'python'
[0.163s] Level 1:colcon.colcon_core.package_identification:_identify(.) by extensions ['python_setup_py']
[0.163s] Level 1:colcon.colcon_core.package_identification:_identify(.) by extension 'python_setup_py'
[0.163s] Level 1:colcon.colcon_core.package_identification:_identify(build) by extensions ['ignore', 'ignore_ament_install']
[0.163s] Level 1:colcon.colcon_core.package_identification:_identify(build) by extension 'ignore'
[0.163s] Level 1:colcon.colcon_core.package_identification:_identify(build) ignored
[0.163s] Level 1:colcon.colcon_core.package_identification:_identify(install) by extensions ['ignore', 'ignore_ament_install']
[0.163s] Level 1:colcon.colcon_core.package_identification:_identify(install) by extension 'ignore'
[0.163s] Level 1:colcon.colcon_core.package_identification:_identify(install) ignored
[0.164s] Level 1:colcon.colcon_core.package_identification:_identify(log) by extensions ['ignore', 'ignore_ament_install']
[0.164s] Level 1:colcon.colcon_core.package_identification:_identify(log) by extension 'ignore'
[0.164s] Level 1:colcon.colcon_core.package_identification:_identify(log) ignored
[0.164s] Level 1:colcon.colcon_core.package_identification:_identify(src) by extensions ['ignore', 'ignore_ament_install']
[0.164s] Level 1:colcon.colcon_core.package_identification:_identify(src) by extension 'ignore'
[0.164s] Level 1:colcon.colcon_core.package_identification:_identify(src) by extension 'ignore_ament_install'
[0.164s] Level 1:colcon.colcon_core.package_identification:_identify(src) by extensions ['colcon_pkg']
[0.164s] Level 1:colcon.colcon_core.package_identification:_identify(src) by extension 'colcon_pkg'
[0.164s] Level 1:colcon.colcon_core.package_identification:_identify(src) by extensions ['colcon_meta']
[0.164s] Level 1:colcon.colcon_core.package_identification:_identify(src) by extension 'colcon_meta'
[0.164s] Level 1:colcon.colcon_core.package_identification:_identify(src) by extensions ['ros']
[0.164s] Level 1:colcon.colcon_core.package_identification:_identify(src) by extension 'ros'
[0.164s] Level 1:colcon.colcon_core.package_identification:_identify(src) by extensions ['cmake', 'python']
[0.164s] Level 1:colcon.colcon_core.package_identification:_identify(src) by extension 'cmake'
[0.164s] Level 1:colcon.colcon_core.package_identification:_identify(src) by extension 'python'
[0.164s] Level 1:colcon.colcon_core.package_identification:_identify(src) by extensions ['python_setup_py']
[0.164s] Level 1:colcon.colcon_core.package_identification:_identify(src) by extension 'python_setup_py'
[0.164s] Level 1:colcon.colcon_core.package_identification:_identify(src/bridges) by extensions ['ignore', 'ignore_ament_install']
[0.164s] Level 1:colcon.colcon_core.package_identification:_identify(src/bridges) by extension 'ignore'
[0.164s] Level 1:colcon.colcon_core.package_identification:_identify(src/bridges) by extension 'ignore_ament_install'
[0.164s] Level 1:colcon.colcon_core.package_identification:_identify(src/bridges) by extensions ['colcon_pkg']
[0.164s] Level 1:colcon.colcon_core.package_identification:_identify(src/bridges) by extension 'colcon_pkg'
[0.164s] Level 1:colcon.colcon_core.package_identification:_identify(src/bridges) by extensions ['colcon_meta']
[0.164s] Level 1:colcon.colcon_core.package_identification:_identify(src/bridges) by extension 'colcon_meta'
[0.164s] Level 1:colcon.colcon_core.package_identification:_identify(src/bridges) by extensions ['ros']
[0.164s] Level 1:colcon.colcon_core.package_identification:_identify(src/bridges) by extension 'ros'
[0.165s] Level 1:colcon.colcon_core.package_identification:_identify(src/bridges) by extensions ['cmake', 'python']
[0.165s] Level 1:colcon.colcon_core.package_identification:_identify(src/bridges) by extension 'cmake'
[0.165s] Level 1:colcon.colcon_core.package_identification:_identify(src/bridges) by extension 'python'
[0.165s] Level 1:colcon.colcon_core.package_identification:_identify(src/bridges) by extensions ['python_setup_py']
[0.165s] Level 1:colcon.colcon_core.package_identification:_identify(src/bridges) by extension 'python_setup_py'
[0.165s] Level 1:colcon.colcon_core.package_identification:_identify(src/bridges/cyberdog_grpc) by extensions ['ignore', 'ignore_ament_install']
[0.165s] Level 1:colcon.colcon_core.package_identification:_identify(src/bridges/cyberdog_grpc) by extension 'ignore'
[0.165s] Level 1:colcon.colcon_core.package_identification:_identify(src/bridges/cyberdog_grpc) by extension 'ignore_ament_install'
[0.165s] Level 1:colcon.colcon_core.package_identification:_identify(src/bridges/cyberdog_grpc) by extensions ['colcon_pkg']
[0.165s] Level 1:colcon.colcon_core.package_identification:_identify(src/bridges/cyberdog_grpc) by extension 'colcon_pkg'
[0.165s] Level 1:colcon.colcon_core.package_identification:_identify(src/bridges/cyberdog_grpc) by extensions ['colcon_meta']
[0.165s] Level 1:colcon.colcon_core.package_identification:_identify(src/bridges/cyberdog_grpc) by extension 'colcon_meta'
[0.165s] Level 1:colcon.colcon_core.package_identification:_identify(src/bridges/cyberdog_grpc) by extensions ['ros']
[0.165s] Level 1:colcon.colcon_core.package_identification:_identify(src/bridges/cyberdog_grpc) by extension 'ros'
[0.168s] DEBUG:colcon.colcon_core.package_identification:Package 'src/bridges/cyberdog_grpc' with type 'ros.ament_cmake' and name 'cyberdog_grpc'
[0.168s] Level 1:colcon.colcon_core.package_identification:_identify(src/bridges/embed_protocol) by extensions ['ignore', 'ignore_ament_install']
[0.169s] Level 1:colcon.colcon_core.package_identification:_identify(src/bridges/embed_protocol) by extension 'ignore'
[0.169s] Level 1:colcon.colcon_core.package_identification:_identify(src/bridges/embed_protocol) by extension 'ignore_ament_install'
[0.169s] Level 1:colcon.colcon_core.package_identification:_identify(src/bridges/embed_protocol) by extensions ['colcon_pkg']
[0.169s] Level 1:colcon.colcon_core.package_identification:_identify(src/bridges/embed_protocol) by extension 'colcon_pkg'
[0.169s] Level 1:colcon.colcon_core.package_identification:_identify(src/bridges/embed_protocol) by extensions ['colcon_meta']
[0.169s] Level 1:colcon.colcon_core.package_identification:_identify(src/bridges/embed_protocol) by extension 'colcon_meta'
[0.169s] Level 1:colcon.colcon_core.package_identification:_identify(src/bridges/embed_protocol) by extensions ['ros']
[0.169s] Level 1:colcon.colcon_core.package_identification:_identify(src/bridges/embed_protocol) by extension 'ros'
[0.169s] DEBUG:colcon.colcon_core.package_identification:Package 'src/bridges/embed_protocol' with type 'ros.ament_cmake' and name 'cyberdog_embed_protocol'
[0.170s] Level 1:colcon.colcon_core.package_identification:_identify(src/bridges/params) by extensions ['ignore', 'ignore_ament_install']
[0.170s] Level 1:colcon.colcon_core.package_identification:_identify(src/bridges/params) by extension 'ignore'
[0.170s] Level 1:colcon.colcon_core.package_identification:_identify(src/bridges/params) by extension 'ignore_ament_install'
[0.170s] Level 1:colcon.colcon_core.package_identification:_identify(src/bridges/params) by extensions ['colcon_pkg']
[0.170s] Level 1:colcon.colcon_core.package_identification:_identify(src/bridges/params) by extension 'colcon_pkg'
[0.170s] Level 1:colcon.colcon_core.package_identification:_identify(src/bridges/params) by extensions ['colcon_meta']
[0.170s] Level 1:colcon.colcon_core.package_identification:_identify(src/bridges/params) by extension 'colcon_meta'
[0.170s] Level 1:colcon.colcon_core.package_identification:_identify(src/bridges/params) by extensions ['ros']
[0.170s] Level 1:colcon.colcon_core.package_identification:_identify(src/bridges/params) by extension 'ros'
[0.170s] DEBUG:colcon.colcon_core.package_identification:Package 'src/bridges/params' with type 'ros.ament_cmake' and name 'params'
[0.170s] Level 1:colcon.colcon_core.package_identification:_identify(src/bridges/protocol) by extensions ['ignore', 'ignore_ament_install']
[0.170s] Level 1:colcon.colcon_core.package_identification:_identify(src/bridges/protocol) by extension 'ignore'
[0.170s] Level 1:colcon.colcon_core.package_identification:_identify(src/bridges/protocol) by extension 'ignore_ament_install'
[0.170s] Level 1:colcon.colcon_core.package_identification:_identify(src/bridges/protocol) by extensions ['colcon_pkg']
[0.170s] Level 1:colcon.colcon_core.package_identification:_identify(src/bridges/protocol) by extension 'colcon_pkg'
[0.170s] Level 1:colcon.colcon_core.package_identification:_identify(src/bridges/protocol) by extensions ['colcon_meta']
[0.170s] Level 1:colcon.colcon_core.package_identification:_identify(src/bridges/protocol) by extension 'colcon_meta'
[0.171s] Level 1:colcon.colcon_core.package_identification:_identify(src/bridges/protocol) by extensions ['ros']
[0.171s] Level 1:colcon.colcon_core.package_identification:_identify(src/bridges/protocol) by extension 'ros'
[0.171s] DEBUG:colcon.colcon_core.package_identification:Package 'src/bridges/protocol' with type 'ros.ament_cmake' and name 'protocol'
[0.171s] Level 1:colcon.colcon_core.package_identification:_identify(src/cyberdog_ws) by extensions ['ignore', 'ignore_ament_install']
[0.171s] Level 1:colcon.colcon_core.package_identification:_identify(src/cyberdog_ws) by extension 'ignore'
[0.172s] Level 1:colcon.colcon_core.package_identification:_identify(src/cyberdog_ws) by extension 'ignore_ament_install'
[0.172s] Level 1:colcon.colcon_core.package_identification:_identify(src/cyberdog_ws) by extensions ['colcon_pkg']
[0.172s] Level 1:colcon.colcon_core.package_identification:_identify(src/cyberdog_ws) by extension 'colcon_pkg'
[0.172s] Level 1:colcon.colcon_core.package_identification:_identify(src/cyberdog_ws) by extensions ['colcon_meta']
[0.172s] Level 1:colcon.colcon_core.package_identification:_identify(src/cyberdog_ws) by extension 'colcon_meta'
[0.172s] Level 1:colcon.colcon_core.package_identification:_identify(src/cyberdog_ws) by extensions ['ros']
[0.172s] Level 1:colcon.colcon_core.package_identification:_identify(src/cyberdog_ws) by extension 'ros'
[0.172s] Level 1:colcon.colcon_core.package_identification:_identify(src/cyberdog_ws) by extensions ['cmake', 'python']
[0.172s] Level 1:colcon.colcon_core.package_identification:_identify(src/cyberdog_ws) by extension 'cmake'
[0.172s] Level 1:colcon.colcon_core.package_identification:_identify(src/cyberdog_ws) by extension 'python'
[0.172s] Level 1:colcon.colcon_core.package_identification:_identify(src/cyberdog_ws) by extensions ['python_setup_py']
[0.172s] Level 1:colcon.colcon_core.package_identification:_identify(src/cyberdog_ws) by extension 'python_setup_py'
[0.172s] Level 1:colcon.colcon_core.package_identification:_identify(src/cyberdog_ws/cyberdog_bringup) by extensions ['ignore', 'ignore_ament_install']
[0.172s] Level 1:colcon.colcon_core.package_identification:_identify(src/cyberdog_ws/cyberdog_bringup) by extension 'ignore'
[0.172s] Level 1:colcon.colcon_core.package_identification:_identify(src/cyberdog_ws/cyberdog_bringup) by extension 'ignore_ament_install'
[0.172s] Level 1:colcon.colcon_core.package_identification:_identify(src/cyberdog_ws/cyberdog_bringup) by extensions ['colcon_pkg']
[0.172s] Level 1:colcon.colcon_core.package_identification:_identify(src/cyberdog_ws/cyberdog_bringup) by extension 'colcon_pkg'
[0.172s] Level 1:colcon.colcon_core.package_identification:_identify(src/cyberdog_ws/cyberdog_bringup) by extensions ['colcon_meta']
[0.172s] Level 1:colcon.colcon_core.package_identification:_identify(src/cyberdog_ws/cyberdog_bringup) by extension 'colcon_meta'
[0.172s] Level 1:colcon.colcon_core.package_identification:_identify(src/cyberdog_ws/cyberdog_bringup) by extensions ['ros']
[0.172s] Level 1:colcon.colcon_core.package_identification:_identify(src/cyberdog_ws/cyberdog_bringup) by extension 'ros'
[0.172s] DEBUG:colcon.colcon_core.package_identification:Package 'src/cyberdog_ws/cyberdog_bringup' with type 'ros.ament_cmake' and name 'cyberdog_bringup'
[0.173s] Level 1:colcon.colcon_core.package_identification:_identify(src/cyberdog_ws/third_party) by extensions ['ignore', 'ignore_ament_install']
[0.173s] Level 1:colcon.colcon_core.package_identification:_identify(src/cyberdog_ws/third_party) by extension 'ignore'
[0.173s] Level 1:colcon.colcon_core.package_identification:_identify(src/cyberdog_ws/third_party) by extension 'ignore_ament_install'
[0.173s] Level 1:colcon.colcon_core.package_identification:_identify(src/cyberdog_ws/third_party) by extensions ['colcon_pkg']
[0.173s] Level 1:colcon.colcon_core.package_identification:_identify(src/cyberdog_ws/third_party) by extension 'colcon_pkg'
[0.173s] Level 1:colcon.colcon_core.package_identification:_identify(src/cyberdog_ws/third_party) by extensions ['colcon_meta']
[0.173s] Level 1:colcon.colcon_core.package_identification:_identify(src/cyberdog_ws/third_party) by extension 'colcon_meta'
[0.173s] Level 1:colcon.colcon_core.package_identification:_identify(src/cyberdog_ws/third_party) by extensions ['ros']
[0.173s] Level 1:colcon.colcon_core.package_identification:_identify(src/cyberdog_ws/third_party) by extension 'ros'
[0.173s] Level 1:colcon.colcon_core.package_identification:_identify(src/cyberdog_ws/third_party) by extensions ['cmake', 'python']
[0.173s] Level 1:colcon.colcon_core.package_identification:_identify(src/cyberdog_ws/third_party) by extension 'cmake'
[0.173s] Level 1:colcon.colcon_core.package_identification:_identify(src/cyberdog_ws/third_party) by extension 'python'
[0.173s] Level 1:colcon.colcon_core.package_identification:_identify(src/cyberdog_ws/third_party) by extensions ['python_setup_py']
[0.173s] Level 1:colcon.colcon_core.package_identification:_identify(src/cyberdog_ws/third_party) by extension 'python_setup_py'
[0.173s] Level 1:colcon.colcon_core.package_identification:_identify(src/cyberdog_ws/third_party/cpp_httplib) by extensions ['ignore', 'ignore_ament_install']
[0.173s] Level 1:colcon.colcon_core.package_identification:_identify(src/cyberdog_ws/third_party/cpp_httplib) by extension 'ignore'
[0.173s] Level 1:colcon.colcon_core.package_identification:_identify(src/cyberdog_ws/third_party/cpp_httplib) by extension 'ignore_ament_install'
[0.173s] Level 1:colcon.colcon_core.package_identification:_identify(src/cyberdog_ws/third_party/cpp_httplib) by extensions ['colcon_pkg']
[0.173s] Level 1:colcon.colcon_core.package_identification:_identify(src/cyberdog_ws/third_party/cpp_httplib) by extension 'colcon_pkg'
[0.173s] Level 1:colcon.colcon_core.package_identification:_identify(src/cyberdog_ws/third_party/cpp_httplib) by extensions ['colcon_meta']
[0.174s] Level 1:colcon.colcon_core.package_identification:_identify(src/cyberdog_ws/third_party/cpp_httplib) by extension 'colcon_meta'
[0.174s] Level 1:colcon.colcon_core.package_identification:_identify(src/cyberdog_ws/third_party/cpp_httplib) by extensions ['ros']
[0.174s] Level 1:colcon.colcon_core.package_identification:_identify(src/cyberdog_ws/third_party/cpp_httplib) by extension 'ros'
[0.174s] DEBUG:colcon.colcon_core.package_identification:Package 'src/cyberdog_ws/third_party/cpp_httplib' with type 'ros.ament_cmake' and name 'cpp_httplib'
[0.174s] Level 1:colcon.colcon_core.package_identification:_identify(src/cyberdog_ws/third_party/filesystem) by extensions ['ignore', 'ignore_ament_install']
[0.174s] Level 1:colcon.colcon_core.package_identification:_identify(src/cyberdog_ws/third_party/filesystem) by extension 'ignore'
[0.174s] Level 1:colcon.colcon_core.package_identification:_identify(src/cyberdog_ws/third_party/filesystem) by extension 'ignore_ament_install'
[0.174s] Level 1:colcon.colcon_core.package_identification:_identify(src/cyberdog_ws/third_party/filesystem) by extensions ['colcon_pkg']
[0.174s] Level 1:colcon.colcon_core.package_identification:_identify(src/cyberdog_ws/third_party/filesystem) by extension 'colcon_pkg'
[0.174s] Level 1:colcon.colcon_core.package_identification:_identify(src/cyberdog_ws/third_party/filesystem) by extensions ['colcon_meta']
[0.174s] Level 1:colcon.colcon_core.package_identification:_identify(src/cyberdog_ws/third_party/filesystem) by extension 'colcon_meta'
[0.174s] Level 1:colcon.colcon_core.package_identification:_identify(src/cyberdog_ws/third_party/filesystem) by extensions ['ros']
[0.174s] Level 1:colcon.colcon_core.package_identification:_identify(src/cyberdog_ws/third_party/filesystem) by extension 'ros'
[0.175s] DEBUG:colcon.colcon_core.package_identification:Package 'src/cyberdog_ws/third_party/filesystem' with type 'ros.ament_cmake' and name 'filesystem'
[0.175s] Level 1:colcon.colcon_core.package_identification:_identify(src/cyberdog_ws/third_party/mqttc) by extensions ['ignore', 'ignore_ament_install']
[0.175s] Level 1:colcon.colcon_core.package_identification:_identify(src/cyberdog_ws/third_party/mqttc) by extension 'ignore'
[0.175s] Level 1:colcon.colcon_core.package_identification:_identify(src/cyberdog_ws/third_party/mqttc) by extension 'ignore_ament_install'
[0.175s] Level 1:colcon.colcon_core.package_identification:_identify(src/cyberdog_ws/third_party/mqttc) by extensions ['colcon_pkg']
[0.175s] Level 1:colcon.colcon_core.package_identification:_identify(src/cyberdog_ws/third_party/mqttc) by extension 'colcon_pkg'
[0.175s] Level 1:colcon.colcon_core.package_identification:_identify(src/cyberdog_ws/third_party/mqttc) by extensions ['colcon_meta']
[0.175s] Level 1:colcon.colcon_core.package_identification:_identify(src/cyberdog_ws/third_party/mqttc) by extension 'colcon_meta'
[0.175s] Level 1:colcon.colcon_core.package_identification:_identify(src/cyberdog_ws/third_party/mqttc) by extensions ['ros']
[0.175s] Level 1:colcon.colcon_core.package_identification:_identify(src/cyberdog_ws/third_party/mqttc) by extension 'ros'
[0.175s] DEBUG:colcon.colcon_core.package_identification:Package 'src/cyberdog_ws/third_party/mqttc' with type 'ros.ament_cmake' and name 'mqttc'
[0.175s] Level 1:colcon.colcon_core.package_identification:_identify(src/cyberdog_ws/third_party/nvinference) by extensions ['ignore', 'ignore_ament_install']
[0.175s] Level 1:colcon.colcon_core.package_identification:_identify(src/cyberdog_ws/third_party/nvinference) by extension 'ignore'
[0.175s] Level 1:colcon.colcon_core.package_identification:_identify(src/cyberdog_ws/third_party/nvinference) by extension 'ignore_ament_install'
[0.175s] Level 1:colcon.colcon_core.package_identification:_identify(src/cyberdog_ws/third_party/nvinference) by extensions ['colcon_pkg']
[0.176s] Level 1:colcon.colcon_core.package_identification:_identify(src/cyberdog_ws/third_party/nvinference) by extension 'colcon_pkg'
[0.176s] Level 1:colcon.colcon_core.package_identification:_identify(src/cyberdog_ws/third_party/nvinference) by extensions ['colcon_meta']
[0.176s] Level 1:colcon.colcon_core.package_identification:_identify(src/cyberdog_ws/third_party/nvinference) by extension 'colcon_meta'
[0.176s] Level 1:colcon.colcon_core.package_identification:_identify(src/cyberdog_ws/third_party/nvinference) by extensions ['ros']
[0.176s] Level 1:colcon.colcon_core.package_identification:_identify(src/cyberdog_ws/third_party/nvinference) by extension 'ros'
[0.176s] DEBUG:colcon.colcon_core.package_identification:Package 'src/cyberdog_ws/third_party/nvinference' with type 'ros.ament_cmake' and name 'nvinference'
[0.176s] Level 1:colcon.colcon_core.package_identification:_identify(src/cyberdog_ws/third_party/rapidjson) by extensions ['ignore', 'ignore_ament_install']
[0.176s] Level 1:colcon.colcon_core.package_identification:_identify(src/cyberdog_ws/third_party/rapidjson) by extension 'ignore'
[0.176s] Level 1:colcon.colcon_core.package_identification:_identify(src/cyberdog_ws/third_party/rapidjson) by extension 'ignore_ament_install'
[0.176s] Level 1:colcon.colcon_core.package_identification:_identify(src/cyberdog_ws/third_party/rapidjson) by extensions ['colcon_pkg']
[0.176s] Level 1:colcon.colcon_core.package_identification:_identify(src/cyberdog_ws/third_party/rapidjson) by extension 'colcon_pkg'
[0.176s] Level 1:colcon.colcon_core.package_identification:_identify(src/cyberdog_ws/third_party/rapidjson) by extensions ['colcon_meta']
[0.176s] Level 1:colcon.colcon_core.package_identification:_identify(src/cyberdog_ws/third_party/rapidjson) by extension 'colcon_meta'
[0.176s] Level 1:colcon.colcon_core.package_identification:_identify(src/cyberdog_ws/third_party/rapidjson) by extensions ['ros']
[0.176s] Level 1:colcon.colcon_core.package_identification:_identify(src/cyberdog_ws/third_party/rapidjson) by extension 'ros'
[0.177s] DEBUG:colcon.colcon_core.package_identification:Package 'src/cyberdog_ws/third_party/rapidjson' with type 'ros.ament_cmake' and name 'rapidjson'
[0.177s] Level 1:colcon.colcon_core.package_identification:_identify(src/cyberdog_ws/third_party/toml) by extensions ['ignore', 'ignore_ament_install']
[0.177s] Level 1:colcon.colcon_core.package_identification:_identify(src/cyberdog_ws/third_party/toml) by extension 'ignore'
[0.177s] Level 1:colcon.colcon_core.package_identification:_identify(src/cyberdog_ws/third_party/toml) by extension 'ignore_ament_install'
[0.177s] Level 1:colcon.colcon_core.package_identification:_identify(src/cyberdog_ws/third_party/toml) by extensions ['colcon_pkg']
[0.177s] Level 1:colcon.colcon_core.package_identification:_identify(src/cyberdog_ws/third_party/toml) by extension 'colcon_pkg'
[0.177s] Level 1:colcon.colcon_core.package_identification:_identify(src/cyberdog_ws/third_party/toml) by extensions ['colcon_meta']
[0.177s] Level 1:colcon.colcon_core.package_identification:_identify(src/cyberdog_ws/third_party/toml) by extension 'colcon_meta'
[0.177s] Level 1:colcon.colcon_core.package_identification:_identify(src/cyberdog_ws/third_party/toml) by extensions ['ros']
[0.177s] Level 1:colcon.colcon_core.package_identification:_identify(src/cyberdog_ws/third_party/toml) by extension 'ros'
[0.177s] DEBUG:colcon.colcon_core.package_identification:Package 'src/cyberdog_ws/third_party/toml' with type 'ros.ament_cmake' and name 'toml'
[0.177s] Level 1:colcon.colcon_core.package_identification:_identify(src/cyberdog_ws/third_party/xpack) by extensions ['ignore', 'ignore_ament_install']
[0.177s] Level 1:colcon.colcon_core.package_identification:_identify(src/cyberdog_ws/third_party/xpack) by extension 'ignore'
[0.177s] Level 1:colcon.colcon_core.package_identification:_identify(src/cyberdog_ws/third_party/xpack) by extension 'ignore_ament_install'
[0.177s] Level 1:colcon.colcon_core.package_identification:_identify(src/cyberdog_ws/third_party/xpack) by extensions ['colcon_pkg']
[0.177s] Level 1:colcon.colcon_core.package_identification:_identify(src/cyberdog_ws/third_party/xpack) by extension 'colcon_pkg'
[0.177s] Level 1:colcon.colcon_core.package_identification:_identify(src/cyberdog_ws/third_party/xpack) by extensions ['colcon_meta']
[0.177s] Level 1:colcon.colcon_core.package_identification:_identify(src/cyberdog_ws/third_party/xpack) by extension 'colcon_meta'
[0.178s] Level 1:colcon.colcon_core.package_identification:_identify(src/cyberdog_ws/third_party/xpack) by extensions ['ros']
[0.178s] Level 1:colcon.colcon_core.package_identification:_identify(src/cyberdog_ws/third_party/xpack) by extension 'ros'
[0.178s] DEBUG:colcon.colcon_core.package_identification:Package 'src/cyberdog_ws/third_party/xpack' with type 'ros.ament_cmake' and name 'xpack'
[0.178s] Level 1:colcon.colcon_core.package_identification:_identify(src/cyberdog_ws/third_party/zxing) by extensions ['ignore', 'ignore_ament_install']
[0.178s] Level 1:colcon.colcon_core.package_identification:_identify(src/cyberdog_ws/third_party/zxing) by extension 'ignore'
[0.178s] Level 1:colcon.colcon_core.package_identification:_identify(src/cyberdog_ws/third_party/zxing) by extension 'ignore_ament_install'
[0.178s] Level 1:colcon.colcon_core.package_identification:_identify(src/cyberdog_ws/third_party/zxing) by extensions ['colcon_pkg']
[0.178s] Level 1:colcon.colcon_core.package_identification:_identify(src/cyberdog_ws/third_party/zxing) by extension 'colcon_pkg'
[0.178s] Level 1:colcon.colcon_core.package_identification:_identify(src/cyberdog_ws/third_party/zxing) by extensions ['colcon_meta']
[0.178s] Level 1:colcon.colcon_core.package_identification:_identify(src/cyberdog_ws/third_party/zxing) by extension 'colcon_meta'
[0.178s] Level 1:colcon.colcon_core.package_identification:_identify(src/cyberdog_ws/third_party/zxing) by extensions ['ros']
[0.178s] Level 1:colcon.colcon_core.package_identification:_identify(src/cyberdog_ws/third_party/zxing) by extension 'ros'
[0.179s] DEBUG:colcon.colcon_core.package_identification:Package 'src/cyberdog_ws/third_party/zxing' with type 'ros.ament_cmake' and name 'zxing'
[0.179s] Level 1:colcon.colcon_core.package_identification:_identify(src/cyberdog_ws/tools) by extensions ['ignore', 'ignore_ament_install']
[0.179s] Level 1:colcon.colcon_core.package_identification:_identify(src/cyberdog_ws/tools) by extension 'ignore'
[0.179s] Level 1:colcon.colcon_core.package_identification:_identify(src/cyberdog_ws/tools) by extension 'ignore_ament_install'
[0.179s] Level 1:colcon.colcon_core.package_identification:_identify(src/cyberdog_ws/tools) by extensions ['colcon_pkg']
[0.179s] Level 1:colcon.colcon_core.package_identification:_identify(src/cyberdog_ws/tools) by extension 'colcon_pkg'
[0.179s] Level 1:colcon.colcon_core.package_identification:_identify(src/cyberdog_ws/tools) by extensions ['colcon_meta']
[0.179s] Level 1:colcon.colcon_core.package_identification:_identify(src/cyberdog_ws/tools) by extension 'colcon_meta'
[0.179s] Level 1:colcon.colcon_core.package_identification:_identify(src/cyberdog_ws/tools) by extensions ['ros']
[0.179s] Level 1:colcon.colcon_core.package_identification:_identify(src/cyberdog_ws/tools) by extension 'ros'
[0.179s] Level 1:colcon.colcon_core.package_identification:_identify(src/cyberdog_ws/tools) by extensions ['cmake', 'python']
[0.179s] Level 1:colcon.colcon_core.package_identification:_identify(src/cyberdog_ws/tools) by extension 'cmake'
[0.179s] Level 1:colcon.colcon_core.package_identification:_identify(src/cyberdog_ws/tools) by extension 'python'
[0.179s] Level 1:colcon.colcon_core.package_identification:_identify(src/cyberdog_ws/tools) by extensions ['python_setup_py']
[0.179s] Level 1:colcon.colcon_core.package_identification:_identify(src/cyberdog_ws/tools) by extension 'python_setup_py'
[0.179s] Level 1:colcon.colcon_core.package_identification:_identify(src/cyberdog_ws/visions) by extensions ['ignore', 'ignore_ament_install']
[0.179s] Level 1:colcon.colcon_core.package_identification:_identify(src/cyberdog_ws/visions) by extension 'ignore'
[0.179s] Level 1:colcon.colcon_core.package_identification:_identify(src/cyberdog_ws/visions) by extension 'ignore_ament_install'
[0.179s] Level 1:colcon.colcon_core.package_identification:_identify(src/cyberdog_ws/visions) by extensions ['colcon_pkg']
[0.179s] Level 1:colcon.colcon_core.package_identification:_identify(src/cyberdog_ws/visions) by extension 'colcon_pkg'
[0.179s] Level 1:colcon.colcon_core.package_identification:_identify(src/cyberdog_ws/visions) by extensions ['colcon_meta']
[0.179s] Level 1:colcon.colcon_core.package_identification:_identify(src/cyberdog_ws/visions) by extension 'colcon_meta'
[0.179s] Level 1:colcon.colcon_core.package_identification:_identify(src/cyberdog_ws/visions) by extensions ['ros']
[0.179s] Level 1:colcon.colcon_core.package_identification:_identify(src/cyberdog_ws/visions) by extension 'ros'
[0.179s] Level 1:colcon.colcon_core.package_identification:_identify(src/cyberdog_ws/visions) by extensions ['cmake', 'python']
[0.179s] Level 1:colcon.colcon_core.package_identification:_identify(src/cyberdog_ws/visions) by extension 'cmake'
[0.179s] Level 1:colcon.colcon_core.package_identification:_identify(src/cyberdog_ws/visions) by extension 'python'
[0.179s] Level 1:colcon.colcon_core.package_identification:_identify(src/cyberdog_ws/visions) by extensions ['python_setup_py']
[0.179s] Level 1:colcon.colcon_core.package_identification:_identify(src/cyberdog_ws/visions) by extension 'python_setup_py'
[0.180s] Level 1:colcon.colcon_core.package_identification:_identify(src/manager) by extensions ['ignore', 'ignore_ament_install']
[0.180s] Level 1:colcon.colcon_core.package_identification:_identify(src/manager) by extension 'ignore'
[0.180s] Level 1:colcon.colcon_core.package_identification:_identify(src/manager) by extension 'ignore_ament_install'
[0.180s] Level 1:colcon.colcon_core.package_identification:_identify(src/manager) by extensions ['colcon_pkg']
[0.180s] Level 1:colcon.colcon_core.package_identification:_identify(src/manager) by extension 'colcon_pkg'
[0.180s] Level 1:colcon.colcon_core.package_identification:_identify(src/manager) by extensions ['colcon_meta']
[0.180s] Level 1:colcon.colcon_core.package_identification:_identify(src/manager) by extension 'colcon_meta'
[0.180s] Level 1:colcon.colcon_core.package_identification:_identify(src/manager) by extensions ['ros']
[0.180s] Level 1:colcon.colcon_core.package_identification:_identify(src/manager) by extension 'ros'
[0.180s] Level 1:colcon.colcon_core.package_identification:_identify(src/manager) by extensions ['cmake', 'python']
[0.180s] Level 1:colcon.colcon_core.package_identification:_identify(src/manager) by extension 'cmake'
[0.180s] Level 1:colcon.colcon_core.package_identification:_identify(src/manager) by extension 'python'
[0.180s] Level 1:colcon.colcon_core.package_identification:_identify(src/manager) by extensions ['python_setup_py']
[0.180s] Level 1:colcon.colcon_core.package_identification:_identify(src/manager) by extension 'python_setup_py'
[0.180s] Level 1:colcon.colcon_core.package_identification:_identify(src/manager/black_box) by extensions ['ignore', 'ignore_ament_install']
[0.180s] Level 1:colcon.colcon_core.package_identification:_identify(src/manager/black_box) by extension 'ignore'
[0.180s] Level 1:colcon.colcon_core.package_identification:_identify(src/manager/black_box) by extension 'ignore_ament_install'
[0.180s] Level 1:colcon.colcon_core.package_identification:_identify(src/manager/black_box) by extensions ['colcon_pkg']
[0.180s] Level 1:colcon.colcon_core.package_identification:_identify(src/manager/black_box) by extension 'colcon_pkg'
[0.180s] Level 1:colcon.colcon_core.package_identification:_identify(src/manager/black_box) by extensions ['colcon_meta']
[0.180s] Level 1:colcon.colcon_core.package_identification:_identify(src/manager/black_box) by extension 'colcon_meta'
[0.180s] Level 1:colcon.colcon_core.package_identification:_identify(src/manager/black_box) by extensions ['ros']
[0.180s] Level 1:colcon.colcon_core.package_identification:_identify(src/manager/black_box) by extension 'ros'
[0.182s] DEBUG:colcon.colcon_core.package_identification:Package 'src/manager/black_box' with type 'ros.ament_cmake' and name 'black_box'
[0.182s] Level 1:colcon.colcon_core.package_identification:_identify(src/manager/cyberdog_manager) by extensions ['ignore', 'ignore_ament_install']
[0.182s] Level 1:colcon.colcon_core.package_identification:_identify(src/manager/cyberdog_manager) by extension 'ignore'
[0.182s] Level 1:colcon.colcon_core.package_identification:_identify(src/manager/cyberdog_manager) by extension 'ignore_ament_install'
[0.182s] Level 1:colcon.colcon_core.package_identification:_identify(src/manager/cyberdog_manager) by extensions ['colcon_pkg']
[0.182s] Level 1:colcon.colcon_core.package_identification:_identify(src/manager/cyberdog_manager) by extension 'colcon_pkg'
[0.182s] Level 1:colcon.colcon_core.package_identification:_identify(src/manager/cyberdog_manager) by extensions ['colcon_meta']
[0.182s] Level 1:colcon.colcon_core.package_identification:_identify(src/manager/cyberdog_manager) by extension 'colcon_meta'
[0.182s] Level 1:colcon.colcon_core.package_identification:_identify(src/manager/cyberdog_manager) by extensions ['ros']
[0.182s] Level 1:colcon.colcon_core.package_identification:_identify(src/manager/cyberdog_manager) by extension 'ros'
[0.183s] DEBUG:colcon.colcon_core.package_identification:Package 'src/manager/cyberdog_manager' with type 'ros.ament_cmake' and name 'cyberdog_manager'
[0.183s] Level 1:colcon.colcon_core.package_identification:_identify(src/manager/cyberdog_permissions) by extensions ['ignore', 'ignore_ament_install']
[0.184s] Level 1:colcon.colcon_core.package_identification:_identify(src/manager/cyberdog_permissions) by extension 'ignore'
[0.184s] Level 1:colcon.colcon_core.package_identification:_identify(src/manager/cyberdog_permissions) by extension 'ignore_ament_install'
[0.184s] Level 1:colcon.colcon_core.package_identification:_identify(src/manager/cyberdog_permissions) by extensions ['colcon_pkg']
[0.184s] Level 1:colcon.colcon_core.package_identification:_identify(src/manager/cyberdog_permissions) by extension 'colcon_pkg'
[0.184s] Level 1:colcon.colcon_core.package_identification:_identify(src/manager/cyberdog_permissions) by extensions ['colcon_meta']
[0.184s] Level 1:colcon.colcon_core.package_identification:_identify(src/manager/cyberdog_permissions) by extension 'colcon_meta'
[0.184s] Level 1:colcon.colcon_core.package_identification:_identify(src/manager/cyberdog_permissions) by extensions ['ros']
[0.184s] Level 1:colcon.colcon_core.package_identification:_identify(src/manager/cyberdog_permissions) by extension 'ros'
[0.184s] DEBUG:colcon.colcon_core.package_identification:Package 'src/manager/cyberdog_permissions' with type 'ros.ament_cmake' and name 'cyberdog_permission'
[0.184s] Level 1:colcon.colcon_core.package_identification:_identify(src/manager/low_power_consumption) by extensions ['ignore', 'ignore_ament_install']
[0.184s] Level 1:colcon.colcon_core.package_identification:_identify(src/manager/low_power_consumption) by extension 'ignore'
[0.184s] Level 1:colcon.colcon_core.package_identification:_identify(src/manager/low_power_consumption) by extension 'ignore_ament_install'
[0.184s] Level 1:colcon.colcon_core.package_identification:_identify(src/manager/low_power_consumption) by extensions ['colcon_pkg']
[0.184s] Level 1:colcon.colcon_core.package_identification:_identify(src/manager/low_power_consumption) by extension 'colcon_pkg'
[0.185s] Level 1:colcon.colcon_core.package_identification:_identify(src/manager/low_power_consumption) by extensions ['colcon_meta']
[0.185s] Level 1:colcon.colcon_core.package_identification:_identify(src/manager/low_power_consumption) by extension 'colcon_meta'
[0.185s] Level 1:colcon.colcon_core.package_identification:_identify(src/manager/low_power_consumption) by extensions ['ros']
[0.185s] Level 1:colcon.colcon_core.package_identification:_identify(src/manager/low_power_consumption) by extension 'ros'
[0.185s] DEBUG:colcon.colcon_core.package_identification:Package 'src/manager/low_power_consumption' with type 'ros.ament_cmake' and name 'low_power_consumption'
[0.185s] Level 1:colcon.colcon_core.package_identification:_identify(src/manager/manager_base) by extensions ['ignore', 'ignore_ament_install']
[0.191s] Level 1:colcon.colcon_core.package_identification:_identify(src/manager/manager_base) by extension 'ignore'
[0.191s] Level 1:colcon.colcon_core.package_identification:_identify(src/manager/manager_base) by extension 'ignore_ament_install'
[0.192s] Level 1:colcon.colcon_core.package_identification:_identify(src/manager/manager_base) by extensions ['colcon_pkg']
[0.192s] Level 1:colcon.colcon_core.package_identification:_identify(src/manager/manager_base) by extension 'colcon_pkg'
[0.192s] Level 1:colcon.colcon_core.package_identification:_identify(src/manager/manager_base) by extensions ['colcon_meta']
[0.192s] Level 1:colcon.colcon_core.package_identification:_identify(src/manager/manager_base) by extension 'colcon_meta'
[0.192s] Level 1:colcon.colcon_core.package_identification:_identify(src/manager/manager_base) by extensions ['ros']
[0.192s] Level 1:colcon.colcon_core.package_identification:_identify(src/manager/manager_base) by extension 'ros'
[0.192s] DEBUG:colcon.colcon_core.package_identification:Package 'src/manager/manager_base' with type 'ros.ament_cmake' and name 'manager_base'
[0.192s] Level 1:colcon.colcon_core.package_identification:_identify(src/manager/user_info_manager) by extensions ['ignore', 'ignore_ament_install']
[0.192s] Level 1:colcon.colcon_core.package_identification:_identify(src/manager/user_info_manager) by extension 'ignore'
[0.193s] Level 1:colcon.colcon_core.package_identification:_identify(src/manager/user_info_manager) by extension 'ignore_ament_install'
[0.193s] Level 1:colcon.colcon_core.package_identification:_identify(src/manager/user_info_manager) by extensions ['colcon_pkg']
[0.193s] Level 1:colcon.colcon_core.package_identification:_identify(src/manager/user_info_manager) by extension 'colcon_pkg'
[0.193s] Level 1:colcon.colcon_core.package_identification:_identify(src/manager/user_info_manager) by extensions ['colcon_meta']
[0.193s] Level 1:colcon.colcon_core.package_identification:_identify(src/manager/user_info_manager) by extension 'colcon_meta'
[0.193s] Level 1:colcon.colcon_core.package_identification:_identify(src/manager/user_info_manager) by extensions ['ros']
[0.193s] Level 1:colcon.colcon_core.package_identification:_identify(src/manager/user_info_manager) by extension 'ros'
[0.193s] DEBUG:colcon.colcon_core.package_identification:Package 'src/manager/user_info_manager' with type 'ros.ament_cmake' and name 'user_info_manager'
[0.193s] Level 1:colcon.colcon_core.package_identification:_identify(src/motion) by extensions ['ignore', 'ignore_ament_install']
[0.193s] Level 1:colcon.colcon_core.package_identification:_identify(src/motion) by extension 'ignore'
[0.194s] Level 1:colcon.colcon_core.package_identification:_identify(src/motion) by extension 'ignore_ament_install'
[0.194s] Level 1:colcon.colcon_core.package_identification:_identify(src/motion) by extensions ['colcon_pkg']
[0.194s] Level 1:colcon.colcon_core.package_identification:_identify(src/motion) by extension 'colcon_pkg'
[0.194s] Level 1:colcon.colcon_core.package_identification:_identify(src/motion) by extensions ['colcon_meta']
[0.194s] Level 1:colcon.colcon_core.package_identification:_identify(src/motion) by extension 'colcon_meta'
[0.194s] Level 1:colcon.colcon_core.package_identification:_identify(src/motion) by extensions ['ros']
[0.194s] Level 1:colcon.colcon_core.package_identification:_identify(src/motion) by extension 'ros'
[0.194s] Level 1:colcon.colcon_core.package_identification:_identify(src/motion) by extensions ['cmake', 'python']
[0.194s] Level 1:colcon.colcon_core.package_identification:_identify(src/motion) by extension 'cmake'
[0.194s] Level 1:colcon.colcon_core.package_identification:_identify(src/motion) by extension 'python'
[0.194s] Level 1:colcon.colcon_core.package_identification:_identify(src/motion) by extensions ['python_setup_py']
[0.194s] Level 1:colcon.colcon_core.package_identification:_identify(src/motion) by extension 'python_setup_py'
[0.194s] Level 1:colcon.colcon_core.package_identification:_identify(src/motion/elec_skin) by extensions ['ignore', 'ignore_ament_install']
[0.194s] Level 1:colcon.colcon_core.package_identification:_identify(src/motion/elec_skin) by extension 'ignore'
[0.194s] Level 1:colcon.colcon_core.package_identification:_identify(src/motion/elec_skin) by extension 'ignore_ament_install'
[0.194s] Level 1:colcon.colcon_core.package_identification:_identify(src/motion/elec_skin) by extensions ['colcon_pkg']
[0.194s] Level 1:colcon.colcon_core.package_identification:_identify(src/motion/elec_skin) by extension 'colcon_pkg'
[0.194s] Level 1:colcon.colcon_core.package_identification:_identify(src/motion/elec_skin) by extensions ['colcon_meta']
[0.194s] Level 1:colcon.colcon_core.package_identification:_identify(src/motion/elec_skin) by extension 'colcon_meta'
[0.194s] Level 1:colcon.colcon_core.package_identification:_identify(src/motion/elec_skin) by extensions ['ros']
[0.194s] Level 1:colcon.colcon_core.package_identification:_identify(src/motion/elec_skin) by extension 'ros'
[0.195s] DEBUG:colcon.colcon_core.package_identification:Package 'src/motion/elec_skin' with type 'ros.ament_cmake' and name 'elec_skin'
[0.195s] Level 1:colcon.colcon_core.package_identification:_identify(src/motion/motion_action) by extensions ['ignore', 'ignore_ament_install']
[0.195s] Level 1:colcon.colcon_core.package_identification:_identify(src/motion/motion_action) by extension 'ignore'
[0.195s] Level 1:colcon.colcon_core.package_identification:_identify(src/motion/motion_action) by extension 'ignore_ament_install'
[0.195s] Level 1:colcon.colcon_core.package_identification:_identify(src/motion/motion_action) by extensions ['colcon_pkg']
[0.195s] Level 1:colcon.colcon_core.package_identification:_identify(src/motion/motion_action) by extension 'colcon_pkg'
[0.195s] Level 1:colcon.colcon_core.package_identification:_identify(src/motion/motion_action) by extensions ['colcon_meta']
[0.195s] Level 1:colcon.colcon_core.package_identification:_identify(src/motion/motion_action) by extension 'colcon_meta'
[0.195s] Level 1:colcon.colcon_core.package_identification:_identify(src/motion/motion_action) by extensions ['ros']
[0.195s] Level 1:colcon.colcon_core.package_identification:_identify(src/motion/motion_action) by extension 'ros'
[0.196s] DEBUG:colcon.colcon_core.package_identification:Package 'src/motion/motion_action' with type 'ros.ament_cmake' and name 'motion_action'
[0.196s] Level 1:colcon.colcon_core.package_identification:_identify(src/motion/motion_bridge) by extensions ['ignore', 'ignore_ament_install']
[0.196s] Level 1:colcon.colcon_core.package_identification:_identify(src/motion/motion_bridge) by extension 'ignore'
[0.196s] Level 1:colcon.colcon_core.package_identification:_identify(src/motion/motion_bridge) by extension 'ignore_ament_install'
[0.196s] Level 1:colcon.colcon_core.package_identification:_identify(src/motion/motion_bridge) by extensions ['colcon_pkg']
[0.196s] Level 1:colcon.colcon_core.package_identification:_identify(src/motion/motion_bridge) by extension 'colcon_pkg'
[0.196s] Level 1:colcon.colcon_core.package_identification:_identify(src/motion/motion_bridge) by extensions ['colcon_meta']
[0.196s] Level 1:colcon.colcon_core.package_identification:_identify(src/motion/motion_bridge) by extension 'colcon_meta'
[0.196s] Level 1:colcon.colcon_core.package_identification:_identify(src/motion/motion_bridge) by extensions ['ros']
[0.197s] Level 1:colcon.colcon_core.package_identification:_identify(src/motion/motion_bridge) by extension 'ros'
[0.197s] DEBUG:colcon.colcon_core.package_identification:Package 'src/motion/motion_bridge' with type 'ros.ament_cmake' and name 'motion_bridge'
[0.198s] Level 1:colcon.colcon_core.package_identification:_identify(src/motion/motion_manager) by extensions ['ignore', 'ignore_ament_install']
[0.198s] Level 1:colcon.colcon_core.package_identification:_identify(src/motion/motion_manager) by extension 'ignore'
[0.198s] Level 1:colcon.colcon_core.package_identification:_identify(src/motion/motion_manager) by extension 'ignore_ament_install'
[0.198s] Level 1:colcon.colcon_core.package_identification:_identify(src/motion/motion_manager) by extensions ['colcon_pkg']
[0.198s] Level 1:colcon.colcon_core.package_identification:_identify(src/motion/motion_manager) by extension 'colcon_pkg'
[0.198s] Level 1:colcon.colcon_core.package_identification:_identify(src/motion/motion_manager) by extensions ['colcon_meta']
[0.198s] Level 1:colcon.colcon_core.package_identification:_identify(src/motion/motion_manager) by extension 'colcon_meta'
[0.198s] Level 1:colcon.colcon_core.package_identification:_identify(src/motion/motion_manager) by extensions ['ros']
[0.198s] Level 1:colcon.colcon_core.package_identification:_identify(src/motion/motion_manager) by extension 'ros'
[0.199s] DEBUG:colcon.colcon_core.package_identification:Package 'src/motion/motion_manager' with type 'ros.ament_cmake' and name 'motion_manager'
[0.199s] Level 1:colcon.colcon_core.package_identification:_identify(src/motion/motion_utils) by extensions ['ignore', 'ignore_ament_install']
[0.199s] Level 1:colcon.colcon_core.package_identification:_identify(src/motion/motion_utils) by extension 'ignore'
[0.199s] Level 1:colcon.colcon_core.package_identification:_identify(src/motion/motion_utils) by extension 'ignore_ament_install'
[0.199s] Level 1:colcon.colcon_core.package_identification:_identify(src/motion/motion_utils) by extensions ['colcon_pkg']
[0.199s] Level 1:colcon.colcon_core.package_identification:_identify(src/motion/motion_utils) by extension 'colcon_pkg'
[0.199s] Level 1:colcon.colcon_core.package_identification:_identify(src/motion/motion_utils) by extensions ['colcon_meta']
[0.199s] Level 1:colcon.colcon_core.package_identification:_identify(src/motion/motion_utils) by extension 'colcon_meta'
[0.199s] Level 1:colcon.colcon_core.package_identification:_identify(src/motion/motion_utils) by extensions ['ros']
[0.199s] Level 1:colcon.colcon_core.package_identification:_identify(src/motion/motion_utils) by extension 'ros'
[0.200s] DEBUG:colcon.colcon_core.package_identification:Package 'src/motion/motion_utils' with type 'ros.ament_cmake' and name 'motion_utils'
[0.200s] Level 1:colcon.colcon_core.package_identification:_identify(src/motion/skin_manager) by extensions ['ignore', 'ignore_ament_install']
[0.200s] Level 1:colcon.colcon_core.package_identification:_identify(src/motion/skin_manager) by extension 'ignore'
[0.200s] Level 1:colcon.colcon_core.package_identification:_identify(src/motion/skin_manager) by extension 'ignore_ament_install'
[0.200s] Level 1:colcon.colcon_core.package_identification:_identify(src/motion/skin_manager) by extensions ['colcon_pkg']
[0.200s] Level 1:colcon.colcon_core.package_identification:_identify(src/motion/skin_manager) by extension 'colcon_pkg'
[0.200s] Level 1:colcon.colcon_core.package_identification:_identify(src/motion/skin_manager) by extensions ['colcon_meta']
[0.200s] Level 1:colcon.colcon_core.package_identification:_identify(src/motion/skin_manager) by extension 'colcon_meta'
[0.200s] Level 1:colcon.colcon_core.package_identification:_identify(src/motion/skin_manager) by extensions ['ros']
[0.200s] Level 1:colcon.colcon_core.package_identification:_identify(src/motion/skin_manager) by extension 'ros'
[0.201s] DEBUG:colcon.colcon_core.package_identification:Package 'src/motion/skin_manager' with type 'ros.ament_cmake' and name 'skin_manager'
[0.201s] Level 1:colcon.colcon_core.package_identification:_identify(src/utils) by extensions ['ignore', 'ignore_ament_install']
[0.201s] Level 1:colcon.colcon_core.package_identification:_identify(src/utils) by extension 'ignore'
[0.201s] Level 1:colcon.colcon_core.package_identification:_identify(src/utils) by extension 'ignore_ament_install'
[0.201s] Level 1:colcon.colcon_core.package_identification:_identify(src/utils) by extensions ['colcon_pkg']
[0.201s] Level 1:colcon.colcon_core.package_identification:_identify(src/utils) by extension 'colcon_pkg'
[0.201s] Level 1:colcon.colcon_core.package_identification:_identify(src/utils) by extensions ['colcon_meta']
[0.201s] Level 1:colcon.colcon_core.package_identification:_identify(src/utils) by extension 'colcon_meta'
[0.201s] Level 1:colcon.colcon_core.package_identification:_identify(src/utils) by extensions ['ros']
[0.201s] Level 1:colcon.colcon_core.package_identification:_identify(src/utils) by extension 'ros'
[0.201s] Level 1:colcon.colcon_core.package_identification:_identify(src/utils) by extensions ['cmake', 'python']
[0.201s] Level 1:colcon.colcon_core.package_identification:_identify(src/utils) by extension 'cmake'
[0.201s] Level 1:colcon.colcon_core.package_identification:_identify(src/utils) by extension 'python'
[0.201s] Level 1:colcon.colcon_core.package_identification:_identify(src/utils) by extensions ['python_setup_py']
[0.201s] Level 1:colcon.colcon_core.package_identification:_identify(src/utils) by extension 'python_setup_py'
[0.201s] Level 1:colcon.colcon_core.package_identification:_identify(src/utils/cyberdog_common) by extensions ['ignore', 'ignore_ament_install']
[0.201s] Level 1:colcon.colcon_core.package_identification:_identify(src/utils/cyberdog_common) by extension 'ignore'
[0.201s] Level 1:colcon.colcon_core.package_identification:_identify(src/utils/cyberdog_common) by extension 'ignore_ament_install'
[0.201s] Level 1:colcon.colcon_core.package_identification:_identify(src/utils/cyberdog_common) by extensions ['colcon_pkg']
[0.202s] Level 1:colcon.colcon_core.package_identification:_identify(src/utils/cyberdog_common) by extension 'colcon_pkg'
[0.202s] Level 1:colcon.colcon_core.package_identification:_identify(src/utils/cyberdog_common) by extensions ['colcon_meta']
[0.202s] Level 1:colcon.colcon_core.package_identification:_identify(src/utils/cyberdog_common) by extension 'colcon_meta'
[0.202s] Level 1:colcon.colcon_core.package_identification:_identify(src/utils/cyberdog_common) by extensions ['ros']
[0.202s] Level 1:colcon.colcon_core.package_identification:_identify(src/utils/cyberdog_common) by extension 'ros'
[0.202s] DEBUG:colcon.colcon_core.package_identification:Package 'src/utils/cyberdog_common' with type 'ros.ament_cmake' and name 'cyberdog_common'
[0.202s] Level 1:colcon.colcon_core.package_identification:_identify(src/utils/cyberdog_debug) by extensions ['ignore', 'ignore_ament_install']
[0.202s] Level 1:colcon.colcon_core.package_identification:_identify(src/utils/cyberdog_debug) by extension 'ignore'
[0.202s] Level 1:colcon.colcon_core.package_identification:_identify(src/utils/cyberdog_debug) by extension 'ignore_ament_install'
[0.202s] Level 1:colcon.colcon_core.package_identification:_identify(src/utils/cyberdog_debug) by extensions ['colcon_pkg']
[0.203s] Level 1:colcon.colcon_core.package_identification:_identify(src/utils/cyberdog_debug) by extension 'colcon_pkg'
[0.203s] Level 1:colcon.colcon_core.package_identification:_identify(src/utils/cyberdog_debug) by extensions ['colcon_meta']
[0.203s] Level 1:colcon.colcon_core.package_identification:_identify(src/utils/cyberdog_debug) by extension 'colcon_meta'
[0.203s] Level 1:colcon.colcon_core.package_identification:_identify(src/utils/cyberdog_debug) by extensions ['ros']
[0.203s] Level 1:colcon.colcon_core.package_identification:_identify(src/utils/cyberdog_debug) by extension 'ros'
[0.203s] DEBUG:colcon.colcon_core.package_identification:Package 'src/utils/cyberdog_debug' with type 'ros.ament_cmake' and name 'cyberdog_debug'
[0.203s] Level 1:colcon.colcon_core.package_identification:_identify(src/utils/cyberdog_machine) by extensions ['ignore', 'ignore_ament_install']
[0.203s] Level 1:colcon.colcon_core.package_identification:_identify(src/utils/cyberdog_machine) by extension 'ignore'
[0.203s] Level 1:colcon.colcon_core.package_identification:_identify(src/utils/cyberdog_machine) by extension 'ignore_ament_install'
[0.203s] Level 1:colcon.colcon_core.package_identification:_identify(src/utils/cyberdog_machine) by extensions ['colcon_pkg']
[0.203s] Level 1:colcon.colcon_core.package_identification:_identify(src/utils/cyberdog_machine) by extension 'colcon_pkg'
[0.203s] Level 1:colcon.colcon_core.package_identification:_identify(src/utils/cyberdog_machine) by extensions ['colcon_meta']
[0.203s] Level 1:colcon.colcon_core.package_identification:_identify(src/utils/cyberdog_machine) by extension 'colcon_meta'
[0.203s] Level 1:colcon.colcon_core.package_identification:_identify(src/utils/cyberdog_machine) by extensions ['ros']
[0.203s] Level 1:colcon.colcon_core.package_identification:_identify(src/utils/cyberdog_machine) by extension 'ros'
[0.204s] DEBUG:colcon.colcon_core.package_identification:Package 'src/utils/cyberdog_machine' with type 'ros.ament_cmake' and name 'cyberdog_machine'
[0.204s] Level 1:colcon.colcon_core.package_identification:_identify(src/utils/cyberdog_parameter) by extensions ['ignore', 'ignore_ament_install']
[0.204s] Level 1:colcon.colcon_core.package_identification:_identify(src/utils/cyberdog_parameter) by extension 'ignore'
[0.204s] Level 1:colcon.colcon_core.package_identification:_identify(src/utils/cyberdog_parameter) by extension 'ignore_ament_install'
[0.204s] Level 1:colcon.colcon_core.package_identification:_identify(src/utils/cyberdog_parameter) by extensions ['colcon_pkg']
[0.204s] Level 1:colcon.colcon_core.package_identification:_identify(src/utils/cyberdog_parameter) by extension 'colcon_pkg'
[0.204s] Level 1:colcon.colcon_core.package_identification:_identify(src/utils/cyberdog_parameter) by extensions ['colcon_meta']
[0.204s] Level 1:colcon.colcon_core.package_identification:_identify(src/utils/cyberdog_parameter) by extension 'colcon_meta'
[0.204s] Level 1:colcon.colcon_core.package_identification:_identify(src/utils/cyberdog_parameter) by extensions ['ros']
[0.204s] Level 1:colcon.colcon_core.package_identification:_identify(src/utils/cyberdog_parameter) by extension 'ros'
[0.205s] DEBUG:colcon.colcon_core.package_identification:Package 'src/utils/cyberdog_parameter' with type 'ros.ament_cmake' and name 'cyberdog_parameter'
[0.205s] Level 1:colcon.colcon_core.package_identification:_identify(src/utils/cyberdog_system) by extensions ['ignore', 'ignore_ament_install']
[0.205s] Level 1:colcon.colcon_core.package_identification:_identify(src/utils/cyberdog_system) by extension 'ignore'
[0.205s] Level 1:colcon.colcon_core.package_identification:_identify(src/utils/cyberdog_system) by extension 'ignore_ament_install'
[0.205s] Level 1:colcon.colcon_core.package_identification:_identify(src/utils/cyberdog_system) by extensions ['colcon_pkg']
[0.205s] Level 1:colcon.colcon_core.package_identification:_identify(src/utils/cyberdog_system) by extension 'colcon_pkg'
[0.205s] Level 1:colcon.colcon_core.package_identification:_identify(src/utils/cyberdog_system) by extensions ['colcon_meta']
[0.205s] Level 1:colcon.colcon_core.package_identification:_identify(src/utils/cyberdog_system) by extension 'colcon_meta'
[0.205s] Level 1:colcon.colcon_core.package_identification:_identify(src/utils/cyberdog_system) by extensions ['ros']
[0.205s] Level 1:colcon.colcon_core.package_identification:_identify(src/utils/cyberdog_system) by extension 'ros'
[0.205s] DEBUG:colcon.colcon_core.package_identification:Package 'src/utils/cyberdog_system' with type 'ros.ament_cmake' and name 'cyberdog_system'
[0.205s] Level 1:colcon.colcon_core.package_discovery:discover_packages(recursive) using defaults
[0.205s] Level 1:colcon.colcon_core.package_discovery:discover_packages(ignore) discover
[0.205s] Level 1:colcon.colcon_core.package_discovery:discover_packages(ignore) using defaults
[0.205s] Level 1:colcon.colcon_core.package_discovery:discover_packages(path) discover
[0.205s] Level 1:colcon.colcon_core.package_discovery:discover_packages(path) using defaults
