[0.098s] DEBUG:colcon:Command line arguments: ['/usr/bin/colcon', 'build', '--merge-install', '--packages-up-to', 'motion_manager']
[0.098s] DEBUG:colcon:Parsed command line arguments: Namespace(ament_cmake_args=None, base_paths=['.'], build_base='build', catkin_cmake_args=None, catkin_skip_building_tests=False, cmake_args=None, cmake_clean_cache=False, cmake_clean_first=False, cmake_force_configure=False, cmake_target=None, cmake_target_skip_unavailable=False, continue_on_error=False, event_handlers=None, executor='parallel', ignore_user_meta=False, install_base='install', log_base=None, log_level=None, main=<bound method BuildVerb.main of <colcon_core.verb.build.BuildVerb object at 0x7f2d3177ba30>>, merge_install=True, metas=['./colcon.meta'], mixin=None, mixin_files=None, mixin_verb=('build',), packages_above=None, packages_above_and_dependencies=None, packages_above_depth=None, packages_end=None, packages_ignore=None, packages_ignore_regex=None, packages_select=None, packages_select_build_failed=False, packages_select_by_dep=None, packages_select_regex=None, packages_select_test_failures=False, packages_skip=None, packages_skip_build_finished=False, packages_skip_by_dep=None, packages_skip_regex=None, packages_skip_test_passed=False, packages_skip_up_to=None, packages_start=None, packages_up_to=['motion_manager'], packages_up_to_regex=None, parallel_workers=16, paths=None, symlink_install=False, test_result_base=None, verb_extension=<colcon_core.verb.build.BuildVerb object at 0x7f2d3177ba30>, verb_name='build', verb_parser=<colcon_mixin.mixin.mixin_argument.MixinArgumentDecorator object at 0x7f2d31787040>)
[0.112s] Level 1:colcon.colcon_core.package_discovery:discover_packages(colcon_meta) check parameters
[0.112s] INFO:colcon.colcon_metadata.package_discovery.colcon_meta:Using configuration from '/root/.colcon/metadata/default/Gazebo.meta'
[0.112s] INFO:colcon.colcon_metadata.package_discovery.colcon_meta:Using configuration from '/root/.colcon/metadata/default/fastrtps.meta'
[0.112s] Level 1:colcon.colcon_core.package_discovery:discover_packages(recursive) check parameters
[0.112s] Level 1:colcon.colcon_core.package_discovery:discover_packages(ignore) check parameters
[0.112s] Level 1:colcon.colcon_core.package_discovery:discover_packages(path) check parameters
[0.112s] Level 1:colcon.colcon_core.package_discovery:discover_packages(colcon_meta) discover
[0.112s] Level 1:colcon.colcon_core.package_discovery:discover_packages(recursive) discover
[0.112s] INFO:colcon.colcon_core.package_discovery:Crawling recursively for packages in '/home/cyberdog_ws'
[0.112s] Level 1:colcon.colcon_core.package_identification:_identify(.) by extensions ['ignore', 'ignore_ament_install']
[0.113s] Level 1:colcon.colcon_core.package_identification:_identify(.) by extension 'ignore'
[0.113s] Level 1:colcon.colcon_core.package_identification:_identify(.) by extension 'ignore_ament_install'
[0.113s] Level 1:colcon.colcon_core.package_identification:_identify(.) by extensions ['colcon_pkg']
[0.113s] Level 1:colcon.colcon_core.package_identification:_identify(.) by extension 'colcon_pkg'
[0.113s] Level 1:colcon.colcon_core.package_identification:_identify(.) by extensions ['colcon_meta']
[0.113s] Level 1:colcon.colcon_core.package_identification:_identify(.) by extension 'colcon_meta'
[0.113s] Level 1:colcon.colcon_core.package_identification:_identify(.) by extensions ['ros']
[0.113s] Level 1:colcon.colcon_core.package_identification:_identify(.) by extension 'ros'
[0.119s] Level 1:colcon.colcon_core.package_identification:_identify(.) by extensions ['cmake', 'python']
[0.119s] Level 1:colcon.colcon_core.package_identification:_identify(.) by extension 'cmake'
[0.119s] Level 1:colcon.colcon_core.package_identification:_identify(.) by extension 'python'
[0.119s] Level 1:colcon.colcon_core.package_identification:_identify(.) by extensions ['python_setup_py']
[0.119s] Level 1:colcon.colcon_core.package_identification:_identify(.) by extension 'python_setup_py'
[0.119s] Level 1:colcon.colcon_core.package_identification:_identify(build) by extensions ['ignore', 'ignore_ament_install']
[0.119s] Level 1:colcon.colcon_core.package_identification:_identify(build) by extension 'ignore'
[0.119s] Level 1:colcon.colcon_core.package_identification:_identify(build) ignored
[0.119s] Level 1:colcon.colcon_core.package_identification:_identify(install) by extensions ['ignore', 'ignore_ament_install']
[0.119s] Level 1:colcon.colcon_core.package_identification:_identify(install) by extension 'ignore'
[0.120s] Level 1:colcon.colcon_core.package_identification:_identify(install) ignored
[0.120s] Level 1:colcon.colcon_core.package_identification:_identify(log) by extensions ['ignore', 'ignore_ament_install']
[0.120s] Level 1:colcon.colcon_core.package_identification:_identify(log) by extension 'ignore'
[0.120s] Level 1:colcon.colcon_core.package_identification:_identify(log) ignored
[0.120s] Level 1:colcon.colcon_core.package_identification:_identify(src) by extensions ['ignore', 'ignore_ament_install']
[0.120s] Level 1:colcon.colcon_core.package_identification:_identify(src) by extension 'ignore'
[0.120s] Level 1:colcon.colcon_core.package_identification:_identify(src) by extension 'ignore_ament_install'
[0.120s] Level 1:colcon.colcon_core.package_identification:_identify(src) by extensions ['colcon_pkg']
[0.120s] Level 1:colcon.colcon_core.package_identification:_identify(src) by extension 'colcon_pkg'
[0.120s] Level 1:colcon.colcon_core.package_identification:_identify(src) by extensions ['colcon_meta']
[0.120s] Level 1:colcon.colcon_core.package_identification:_identify(src) by extension 'colcon_meta'
[0.120s] Level 1:colcon.colcon_core.package_identification:_identify(src) by extensions ['ros']
[0.120s] Level 1:colcon.colcon_core.package_identification:_identify(src) by extension 'ros'
[0.120s] Level 1:colcon.colcon_core.package_identification:_identify(src) by extensions ['cmake', 'python']
[0.120s] Level 1:colcon.colcon_core.package_identification:_identify(src) by extension 'cmake'
[0.120s] Level 1:colcon.colcon_core.package_identification:_identify(src) by extension 'python'
[0.120s] Level 1:colcon.colcon_core.package_identification:_identify(src) by extensions ['python_setup_py']
[0.120s] Level 1:colcon.colcon_core.package_identification:_identify(src) by extension 'python_setup_py'
[0.120s] Level 1:colcon.colcon_core.package_identification:_identify(src/motion) by extensions ['ignore', 'ignore_ament_install']
[0.120s] Level 1:colcon.colcon_core.package_identification:_identify(src/motion) by extension 'ignore'
[0.120s] Level 1:colcon.colcon_core.package_identification:_identify(src/motion) by extension 'ignore_ament_install'
[0.120s] Level 1:colcon.colcon_core.package_identification:_identify(src/motion) by extensions ['colcon_pkg']
[0.120s] Level 1:colcon.colcon_core.package_identification:_identify(src/motion) by extension 'colcon_pkg'
[0.120s] Level 1:colcon.colcon_core.package_identification:_identify(src/motion) by extensions ['colcon_meta']
[0.120s] Level 1:colcon.colcon_core.package_identification:_identify(src/motion) by extension 'colcon_meta'
[0.120s] Level 1:colcon.colcon_core.package_identification:_identify(src/motion) by extensions ['ros']
[0.120s] Level 1:colcon.colcon_core.package_identification:_identify(src/motion) by extension 'ros'
[0.120s] Level 1:colcon.colcon_core.package_identification:_identify(src/motion) by extensions ['cmake', 'python']
[0.120s] Level 1:colcon.colcon_core.package_identification:_identify(src/motion) by extension 'cmake'
[0.120s] Level 1:colcon.colcon_core.package_identification:_identify(src/motion) by extension 'python'
[0.120s] Level 1:colcon.colcon_core.package_identification:_identify(src/motion) by extensions ['python_setup_py']
[0.120s] Level 1:colcon.colcon_core.package_identification:_identify(src/motion) by extension 'python_setup_py'
[0.120s] Level 1:colcon.colcon_core.package_identification:_identify(src/motion/elec_skin) by extensions ['ignore', 'ignore_ament_install']
[0.120s] Level 1:colcon.colcon_core.package_identification:_identify(src/motion/elec_skin) by extension 'ignore'
[0.121s] Level 1:colcon.colcon_core.package_identification:_identify(src/motion/elec_skin) by extension 'ignore_ament_install'
[0.121s] Level 1:colcon.colcon_core.package_identification:_identify(src/motion/elec_skin) by extensions ['colcon_pkg']
[0.121s] Level 1:colcon.colcon_core.package_identification:_identify(src/motion/elec_skin) by extension 'colcon_pkg'
[0.121s] Level 1:colcon.colcon_core.package_identification:_identify(src/motion/elec_skin) by extensions ['colcon_meta']
[0.121s] Level 1:colcon.colcon_core.package_identification:_identify(src/motion/elec_skin) by extension 'colcon_meta'
[0.121s] Level 1:colcon.colcon_core.package_identification:_identify(src/motion/elec_skin) by extensions ['ros']
[0.121s] Level 1:colcon.colcon_core.package_identification:_identify(src/motion/elec_skin) by extension 'ros'
[0.122s] DEBUG:colcon.colcon_core.package_identification:Package 'src/motion/elec_skin' with type 'ros.ament_cmake' and name 'elec_skin'
[0.122s] Level 1:colcon.colcon_core.package_identification:_identify(src/motion/motion_action) by extensions ['ignore', 'ignore_ament_install']
[0.122s] Level 1:colcon.colcon_core.package_identification:_identify(src/motion/motion_action) by extension 'ignore'
[0.123s] Level 1:colcon.colcon_core.package_identification:_identify(src/motion/motion_action) by extension 'ignore_ament_install'
[0.123s] Level 1:colcon.colcon_core.package_identification:_identify(src/motion/motion_action) by extensions ['colcon_pkg']
[0.123s] Level 1:colcon.colcon_core.package_identification:_identify(src/motion/motion_action) by extension 'colcon_pkg'
[0.123s] Level 1:colcon.colcon_core.package_identification:_identify(src/motion/motion_action) by extensions ['colcon_meta']
[0.123s] Level 1:colcon.colcon_core.package_identification:_identify(src/motion/motion_action) by extension 'colcon_meta'
[0.123s] Level 1:colcon.colcon_core.package_identification:_identify(src/motion/motion_action) by extensions ['ros']
[0.123s] Level 1:colcon.colcon_core.package_identification:_identify(src/motion/motion_action) by extension 'ros'
[0.123s] DEBUG:colcon.colcon_core.package_identification:Package 'src/motion/motion_action' with type 'ros.ament_cmake' and name 'motion_action'
[0.123s] Level 1:colcon.colcon_core.package_identification:_identify(src/motion/motion_bridge) by extensions ['ignore', 'ignore_ament_install']
[0.123s] Level 1:colcon.colcon_core.package_identification:_identify(src/motion/motion_bridge) by extension 'ignore'
[0.123s] Level 1:colcon.colcon_core.package_identification:_identify(src/motion/motion_bridge) by extension 'ignore_ament_install'
[0.123s] Level 1:colcon.colcon_core.package_identification:_identify(src/motion/motion_bridge) by extensions ['colcon_pkg']
[0.123s] Level 1:colcon.colcon_core.package_identification:_identify(src/motion/motion_bridge) by extension 'colcon_pkg'
[0.123s] Level 1:colcon.colcon_core.package_identification:_identify(src/motion/motion_bridge) by extensions ['colcon_meta']
[0.123s] Level 1:colcon.colcon_core.package_identification:_identify(src/motion/motion_bridge) by extension 'colcon_meta'
[0.124s] Level 1:colcon.colcon_core.package_identification:_identify(src/motion/motion_bridge) by extensions ['ros']
[0.124s] Level 1:colcon.colcon_core.package_identification:_identify(src/motion/motion_bridge) by extension 'ros'
[0.124s] DEBUG:colcon.colcon_core.package_identification:Package 'src/motion/motion_bridge' with type 'ros.ament_cmake' and name 'motion_bridge'
[0.124s] Level 1:colcon.colcon_core.package_identification:_identify(src/motion/motion_manager) by extensions ['ignore', 'ignore_ament_install']
[0.124s] Level 1:colcon.colcon_core.package_identification:_identify(src/motion/motion_manager) by extension 'ignore'
[0.124s] Level 1:colcon.colcon_core.package_identification:_identify(src/motion/motion_manager) by extension 'ignore_ament_install'
[0.124s] Level 1:colcon.colcon_core.package_identification:_identify(src/motion/motion_manager) by extensions ['colcon_pkg']
[0.124s] Level 1:colcon.colcon_core.package_identification:_identify(src/motion/motion_manager) by extension 'colcon_pkg'
[0.124s] Level 1:colcon.colcon_core.package_identification:_identify(src/motion/motion_manager) by extensions ['colcon_meta']
[0.124s] Level 1:colcon.colcon_core.package_identification:_identify(src/motion/motion_manager) by extension 'colcon_meta'
[0.124s] Level 1:colcon.colcon_core.package_identification:_identify(src/motion/motion_manager) by extensions ['ros']
[0.124s] Level 1:colcon.colcon_core.package_identification:_identify(src/motion/motion_manager) by extension 'ros'
[0.125s] DEBUG:colcon.colcon_core.package_identification:Package 'src/motion/motion_manager' with type 'ros.ament_cmake' and name 'motion_manager'
[0.125s] Level 1:colcon.colcon_core.package_identification:_identify(src/motion/motion_utils) by extensions ['ignore', 'ignore_ament_install']
[0.125s] Level 1:colcon.colcon_core.package_identification:_identify(src/motion/motion_utils) by extension 'ignore'
[0.125s] Level 1:colcon.colcon_core.package_identification:_identify(src/motion/motion_utils) by extension 'ignore_ament_install'
[0.125s] Level 1:colcon.colcon_core.package_identification:_identify(src/motion/motion_utils) by extensions ['colcon_pkg']
[0.125s] Level 1:colcon.colcon_core.package_identification:_identify(src/motion/motion_utils) by extension 'colcon_pkg'
[0.125s] Level 1:colcon.colcon_core.package_identification:_identify(src/motion/motion_utils) by extensions ['colcon_meta']
[0.125s] Level 1:colcon.colcon_core.package_identification:_identify(src/motion/motion_utils) by extension 'colcon_meta'
[0.125s] Level 1:colcon.colcon_core.package_identification:_identify(src/motion/motion_utils) by extensions ['ros']
[0.125s] Level 1:colcon.colcon_core.package_identification:_identify(src/motion/motion_utils) by extension 'ros'
[0.126s] DEBUG:colcon.colcon_core.package_identification:Package 'src/motion/motion_utils' with type 'ros.ament_cmake' and name 'motion_utils'
[0.126s] Level 1:colcon.colcon_core.package_identification:_identify(src/motion/skin_manager) by extensions ['ignore', 'ignore_ament_install']
[0.126s] Level 1:colcon.colcon_core.package_identification:_identify(src/motion/skin_manager) by extension 'ignore'
[0.126s] Level 1:colcon.colcon_core.package_identification:_identify(src/motion/skin_manager) by extension 'ignore_ament_install'
[0.126s] Level 1:colcon.colcon_core.package_identification:_identify(src/motion/skin_manager) by extensions ['colcon_pkg']
[0.126s] Level 1:colcon.colcon_core.package_identification:_identify(src/motion/skin_manager) by extension 'colcon_pkg'
[0.126s] Level 1:colcon.colcon_core.package_identification:_identify(src/motion/skin_manager) by extensions ['colcon_meta']
[0.126s] Level 1:colcon.colcon_core.package_identification:_identify(src/motion/skin_manager) by extension 'colcon_meta'
[0.126s] Level 1:colcon.colcon_core.package_identification:_identify(src/motion/skin_manager) by extensions ['ros']
[0.126s] Level 1:colcon.colcon_core.package_identification:_identify(src/motion/skin_manager) by extension 'ros'
[0.127s] DEBUG:colcon.colcon_core.package_identification:Package 'src/motion/skin_manager' with type 'ros.ament_cmake' and name 'skin_manager'
[0.127s] Level 1:colcon.colcon_core.package_discovery:discover_packages(recursive) using defaults
[0.127s] Level 1:colcon.colcon_core.package_discovery:discover_packages(ignore) discover
[0.127s] Level 1:colcon.colcon_core.package_discovery:discover_packages(ignore) using defaults
[0.127s] Level 1:colcon.colcon_core.package_discovery:discover_packages(path) discover
[0.127s] Level 1:colcon.colcon_core.package_discovery:discover_packages(path) using defaults
[0.146s] INFO:colcon.colcon_core.package_selection:Skipping package 'motion_utils' in 'src/motion/motion_utils'
[0.146s] INFO:colcon.colcon_core.package_selection:Skipping package 'motion_bridge' in 'src/motion/motion_bridge'
[0.147s] Level 5:colcon.colcon_core.verb:set package 'elec_skin' build argument 'cmake_args' from command line to 'None'
[0.147s] Level 5:colcon.colcon_core.verb:set package 'elec_skin' build argument 'cmake_target' from command line to 'None'
[0.147s] Level 5:colcon.colcon_core.verb:set package 'elec_skin' build argument 'cmake_target_skip_unavailable' from command line to 'False'
[0.147s] Level 5:colcon.colcon_core.verb:set package 'elec_skin' build argument 'cmake_clean_cache' from command line to 'False'
[0.147s] Level 5:colcon.colcon_core.verb:set package 'elec_skin' build argument 'cmake_clean_first' from command line to 'False'
[0.147s] Level 5:colcon.colcon_core.verb:set package 'elec_skin' build argument 'cmake_force_configure' from command line to 'False'
[0.147s] Level 5:colcon.colcon_core.verb:set package 'elec_skin' build argument 'ament_cmake_args' from command line to 'None'
[0.147s] Level 5:colcon.colcon_core.verb:set package 'elec_skin' build argument 'catkin_cmake_args' from command line to 'None'
[0.147s] Level 5:colcon.colcon_core.verb:set package 'elec_skin' build argument 'catkin_skip_building_tests' from command line to 'False'
[0.147s] DEBUG:colcon.colcon_core.verb:Building package 'elec_skin' with the following arguments: {'ament_cmake_args': None, 'build_base': '/home/cyberdog_ws/build/elec_skin', 'catkin_cmake_args': None, 'catkin_skip_building_tests': False, 'cmake_args': None, 'cmake_clean_cache': False, 'cmake_clean_first': False, 'cmake_force_configure': False, 'cmake_target': None, 'cmake_target_skip_unavailable': False, 'install_base': '/home/cyberdog_ws/install', 'merge_install': True, 'path': '/home/cyberdog_ws/src/motion/elec_skin', 'symlink_install': False, 'test_result_base': None}
[0.147s] Level 5:colcon.colcon_core.verb:set package 'skin_manager' build argument 'cmake_args' from command line to 'None'
[0.147s] Level 5:colcon.colcon_core.verb:set package 'skin_manager' build argument 'cmake_target' from command line to 'None'
[0.147s] Level 5:colcon.colcon_core.verb:set package 'skin_manager' build argument 'cmake_target_skip_unavailable' from command line to 'False'
[0.147s] Level 5:colcon.colcon_core.verb:set package 'skin_manager' build argument 'cmake_clean_cache' from command line to 'False'
[0.147s] Level 5:colcon.colcon_core.verb:set package 'skin_manager' build argument 'cmake_clean_first' from command line to 'False'
[0.147s] Level 5:colcon.colcon_core.verb:set package 'skin_manager' build argument 'cmake_force_configure' from command line to 'False'
[0.147s] Level 5:colcon.colcon_core.verb:set package 'skin_manager' build argument 'ament_cmake_args' from command line to 'None'
[0.147s] Level 5:colcon.colcon_core.verb:set package 'skin_manager' build argument 'catkin_cmake_args' from command line to 'None'
[0.147s] Level 5:colcon.colcon_core.verb:set package 'skin_manager' build argument 'catkin_skip_building_tests' from command line to 'False'
[0.147s] DEBUG:colcon.colcon_core.verb:Building package 'skin_manager' with the following arguments: {'ament_cmake_args': None, 'build_base': '/home/cyberdog_ws/build/skin_manager', 'catkin_cmake_args': None, 'catkin_skip_building_tests': False, 'cmake_args': None, 'cmake_clean_cache': False, 'cmake_clean_first': False, 'cmake_force_configure': False, 'cmake_target': None, 'cmake_target_skip_unavailable': False, 'install_base': '/home/cyberdog_ws/install', 'merge_install': True, 'path': '/home/cyberdog_ws/src/motion/skin_manager', 'symlink_install': False, 'test_result_base': None}
[0.148s] Level 5:colcon.colcon_core.verb:set package 'motion_action' build argument 'cmake_args' from command line to 'None'
[0.148s] Level 5:colcon.colcon_core.verb:set package 'motion_action' build argument 'cmake_target' from command line to 'None'
[0.148s] Level 5:colcon.colcon_core.verb:set package 'motion_action' build argument 'cmake_target_skip_unavailable' from command line to 'False'
[0.148s] Level 5:colcon.colcon_core.verb:set package 'motion_action' build argument 'cmake_clean_cache' from command line to 'False'
[0.148s] Level 5:colcon.colcon_core.verb:set package 'motion_action' build argument 'cmake_clean_first' from command line to 'False'
[0.148s] Level 5:colcon.colcon_core.verb:set package 'motion_action' build argument 'cmake_force_configure' from command line to 'False'
[0.148s] Level 5:colcon.colcon_core.verb:set package 'motion_action' build argument 'ament_cmake_args' from command line to 'None'
[0.148s] Level 5:colcon.colcon_core.verb:set package 'motion_action' build argument 'catkin_cmake_args' from command line to 'None'
[0.148s] Level 5:colcon.colcon_core.verb:set package 'motion_action' build argument 'catkin_skip_building_tests' from command line to 'False'
[0.148s] DEBUG:colcon.colcon_core.verb:Building package 'motion_action' with the following arguments: {'ament_cmake_args': None, 'build_base': '/home/cyberdog_ws/build/motion_action', 'catkin_cmake_args': None, 'catkin_skip_building_tests': False, 'cmake_args': None, 'cmake_clean_cache': False, 'cmake_clean_first': False, 'cmake_force_configure': False, 'cmake_target': None, 'cmake_target_skip_unavailable': False, 'install_base': '/home/cyberdog_ws/install', 'merge_install': True, 'path': '/home/cyberdog_ws/src/motion/motion_action', 'symlink_install': False, 'test_result_base': None}
[0.149s] Level 5:colcon.colcon_core.verb:set package 'motion_manager' build argument 'cmake_args' from command line to 'None'
[0.149s] Level 5:colcon.colcon_core.verb:set package 'motion_manager' build argument 'cmake_target' from command line to 'None'
[0.149s] Level 5:colcon.colcon_core.verb:set package 'motion_manager' build argument 'cmake_target_skip_unavailable' from command line to 'False'
[0.149s] Level 5:colcon.colcon_core.verb:set package 'motion_manager' build argument 'cmake_clean_cache' from command line to 'False'
[0.149s] Level 5:colcon.colcon_core.verb:set package 'motion_manager' build argument 'cmake_clean_first' from command line to 'False'
[0.149s] Level 5:colcon.colcon_core.verb:set package 'motion_manager' build argument 'cmake_force_configure' from command line to 'False'
[0.149s] Level 5:colcon.colcon_core.verb:set package 'motion_manager' build argument 'ament_cmake_args' from command line to 'None'
[0.149s] Level 5:colcon.colcon_core.verb:set package 'motion_manager' build argument 'catkin_cmake_args' from command line to 'None'
[0.149s] Level 5:colcon.colcon_core.verb:set package 'motion_manager' build argument 'catkin_skip_building_tests' from command line to 'False'
[0.149s] DEBUG:colcon.colcon_core.verb:Building package 'motion_manager' with the following arguments: {'ament_cmake_args': None, 'build_base': '/home/cyberdog_ws/build/motion_manager', 'catkin_cmake_args': None, 'catkin_skip_building_tests': False, 'cmake_args': None, 'cmake_clean_cache': False, 'cmake_clean_first': False, 'cmake_force_configure': False, 'cmake_target': None, 'cmake_target_skip_unavailable': False, 'install_base': '/home/cyberdog_ws/install', 'merge_install': True, 'path': '/home/cyberdog_ws/src/motion/motion_manager', 'symlink_install': False, 'test_result_base': None}
[0.149s] INFO:colcon.colcon_core.executor:Executing jobs using 'parallel' executor
[0.151s] DEBUG:colcon.colcon_parallel_executor.executor.parallel:run_until_complete
[0.152s] INFO:colcon.colcon_ros.task.ament_cmake.build:Building ROS package in '/home/cyberdog_ws/src/motion/elec_skin' with build type 'ament_cmake'
[0.152s] INFO:colcon.colcon_cmake.task.cmake.build:Building CMake package in '/home/cyberdog_ws/src/motion/elec_skin'
[0.156s] INFO:colcon.colcon_core.plugin_system:Skipping extension 'colcon_core.shell.bat': Not used on non-Windows systems
[0.156s] INFO:colcon.colcon_core.shell:Skip shell extension 'powershell' for command environment: Not usable outside of PowerShell
[0.156s] DEBUG:colcon.colcon_core.shell:Skip shell extension 'dsv' for command environment
[0.164s] DEBUG:colcon.colcon_core.event_handler.log_command:Invoking command in '/home/cyberdog_ws/build/elec_skin': CMAKE_PREFIX_PATH=/opt/ros/galactic /usr/bin/cmake /home/cyberdog_ws/src/motion/elec_skin -DCMAKE_INSTALL_PREFIX=/home/cyberdog_ws/install
[1.319s] DEBUG:colcon.colcon_core.event_handler.log_command:Invoked command in '/home/cyberdog_ws/build/elec_skin' returned '1': CMAKE_PREFIX_PATH=/opt/ros/galactic /usr/bin/cmake /home/cyberdog_ws/src/motion/elec_skin -DCMAKE_INSTALL_PREFIX=/home/cyberdog_ws/install
[1.327s] Level 1:colcon.colcon_core.environment:create_environment_scripts_only(elec_skin)
[1.333s] Level 1:colcon.colcon_core.environment:checking '/home/cyberdog_ws/install' for CMake module files
[1.333s] Level 1:colcon.colcon_core.environment:checking '/home/cyberdog_ws/install' for CMake config files
[1.333s] Level 1:colcon.colcon_core.environment:checking '/home/cyberdog_ws/install/bin'
[1.333s] Level 1:colcon.colcon_core.environment:checking '/home/cyberdog_ws/install/lib/pkgconfig/elec_skin.pc'
[1.334s] Level 1:colcon.colcon_core.environment:checking '/home/cyberdog_ws/install/lib/python3.8/site-packages'
[1.334s] Level 1:colcon.colcon_core.environment:checking '/home/cyberdog_ws/install/bin'
[1.335s] INFO:colcon.colcon_core.shell:Creating package script '/home/cyberdog_ws/install/share/elec_skin/package.ps1'
[1.335s] INFO:colcon.colcon_core.shell:Creating package descriptor '/home/cyberdog_ws/install/share/elec_skin/package.dsv'
[1.336s] INFO:colcon.colcon_core.shell:Creating package script '/home/cyberdog_ws/install/share/elec_skin/package.sh'
[1.336s] INFO:colcon.colcon_core.shell:Creating package script '/home/cyberdog_ws/install/share/elec_skin/package.bash'
[1.337s] INFO:colcon.colcon_core.shell:Creating package script '/home/cyberdog_ws/install/share/elec_skin/package.zsh'
[1.337s] Level 1:colcon.colcon_core.environment:create_file_with_runtime_dependencies(/home/cyberdog_ws/install/share/colcon-core/packages/elec_skin)
[1.347s] DEBUG:colcon.colcon_parallel_executor.executor.parallel:closing loop
[1.348s] DEBUG:colcon.colcon_parallel_executor.executor.parallel:loop closed
[1.348s] DEBUG:colcon.colcon_parallel_executor.executor.parallel:run_until_complete finished with '1'
[1.348s] DEBUG:colcon.colcon_core.event_reactor:joining thread
[1.357s] INFO:colcon.colcon_core.plugin_system:Skipping extension 'colcon_notification.desktop_notification.terminal_notifier': Not used on non-Darwin systems
[1.357s] INFO:colcon.colcon_core.plugin_system:Skipping extension 'colcon_notification.desktop_notification.win32': Not used on non-Windows systems
[1.357s] INFO:colcon.colcon_notification.desktop_notification:Sending desktop notification using 'notify2'
[1.406s] DEBUG:colcon.colcon_core.event_reactor:joined thread
[1.407s] INFO:colcon.colcon_core.shell:Creating prefix script '/home/cyberdog_ws/install/local_setup.ps1'
[1.408s] INFO:colcon.colcon_core.shell:Creating prefix util module '/home/cyberdog_ws/install/_local_setup_util_ps1.py'
[1.409s] INFO:colcon.colcon_core.shell:Creating prefix chain script '/home/cyberdog_ws/install/setup.ps1'
[1.410s] INFO:colcon.colcon_core.shell:Creating prefix script '/home/cyberdog_ws/install/local_setup.sh'
[1.410s] INFO:colcon.colcon_core.shell:Creating prefix util module '/home/cyberdog_ws/install/_local_setup_util_sh.py'
[1.410s] INFO:colcon.colcon_core.shell:Creating prefix chain script '/home/cyberdog_ws/install/setup.sh'
[1.411s] INFO:colcon.colcon_core.shell:Creating prefix script '/home/cyberdog_ws/install/local_setup.bash'
[1.412s] INFO:colcon.colcon_core.shell:Creating prefix chain script '/home/cyberdog_ws/install/setup.bash'
[1.413s] INFO:colcon.colcon_core.shell:Creating prefix script '/home/cyberdog_ws/install/local_setup.zsh'
[1.413s] INFO:colcon.colcon_core.shell:Creating prefix chain script '/home/cyberdog_ws/install/setup.zsh'
