[0.018s] Invoking command in '/home/cyberdog_ws/build/rapidjson': CMAKE_PREFIX_PATH=/opt/ros/galactic /usr/bin/cmake /home/cyberdog_ws/src/cyberdog_ws/third_party/rapidjson -DCMAKE_INSTALL_PREFIX=/home/cyberdog_ws/install
[0.053s] -- The C compiler identification is GNU 9.4.0
[0.087s] -- The CXX compiler identification is GNU 9.4.0
[0.090s] -- Check for working C compiler: /usr/bin/cc
[0.132s] -- Check for working C compiler: /usr/bin/cc -- works
[0.132s] -- Detecting C compiler ABI info
[0.175s] -- Detecting C compiler ABI info - done
[0.182s] -- Detecting C compile features
[0.182s] -- Detecting C compile features - done
[0.184s] -- Check for working CXX compiler: /usr/bin/c++
[0.233s] -- Check for working CXX compiler: /usr/bin/c++ -- works
[0.233s] -- Detecting CXX compiler ABI info
[0.286s] -- Detecting CXX compiler ABI info - done
[0.293s] -- Detecting CXX compile features
[0.293s] -- Detecting CXX compile features - done
[0.295s] -- Found ament_cmake: 1.1.6 (/opt/ros/galactic/share/ament_cmake/cmake)
[0.312s] -- Found PythonInterp: /usr/bin/python3 (found suitable version "3.8.10", minimum required is "3") 
[0.312s] -- Using PYTHON_EXECUTABLE: /usr/bin/python3
[0.367s] -- Found ament_lint_auto: 0.10.7 (/opt/ros/galactic/share/ament_lint_auto/cmake)
[0.416s] -- Added test 'copyright' to check source files copyright and LICENSE
[0.418s] -- Added test 'cppcheck' to perform static code analysis on C / C++ code
[0.418s] -- Configured cppcheck include dirs: 
[0.418s] -- Configured cppcheck exclude dirs and/or files: 
[0.419s] -- Added test 'cpplint' to check C / C++ code against the Google style
[0.419s] -- Configured cpplint exclude dirs and/or files: 
[0.420s] -- Added test 'lint_cmake' to check CMake code style
[0.421s] -- Added test 'uncrustify' to check C / C++ code style
[0.421s] -- Configured uncrustify additional arguments: 
[0.421s] -- Added test 'xmllint' to check XML markup files
[0.423s] -- Configuring done
[0.424s] -- Generating done
[0.425s] -- Build files have been written to: /home/cyberdog_ws/build/rapidjson
[0.427s] Invoked command in '/home/cyberdog_ws/build/rapidjson' returned '0': CMAKE_PREFIX_PATH=/opt/ros/galactic /usr/bin/cmake /home/cyberdog_ws/src/cyberdog_ws/third_party/rapidjson -DCMAKE_INSTALL_PREFIX=/home/cyberdog_ws/install
[0.428s] Invoking command in '/home/cyberdog_ws/build/rapidjson': CMAKE_PREFIX_PATH=/opt/ros/galactic /usr/bin/cmake --build /home/cyberdog_ws/build/rapidjson -- -j16 -l16
[0.451s] Invoked command in '/home/cyberdog_ws/build/rapidjson' returned '0': CMAKE_PREFIX_PATH=/opt/ros/galactic /usr/bin/cmake --build /home/cyberdog_ws/build/rapidjson -- -j16 -l16
[0.465s] Invoking command in '/home/cyberdog_ws/build/rapidjson': CMAKE_PREFIX_PATH=/opt/ros/galactic /usr/bin/cmake --install /home/cyberdog_ws/build/rapidjson
[0.470s] -- Install configuration: ""
[0.470s] -- Up-to-date: /home/cyberdog_ws/install/include
[0.470s] -- Installing: /home/cyberdog_ws/install/include/rapidjson
[0.470s] -- Installing: /home/cyberdog_ws/install/include/rapidjson/stream.h
[0.470s] -- Installing: /home/cyberdog_ws/install/include/rapidjson/schema.h
[0.470s] -- Installing: /home/cyberdog_ws/install/include/rapidjson/ostreamwrapper.h
[0.470s] -- Installing: /home/cyberdog_ws/install/include/rapidjson/allocators.h
[0.470s] -- Installing: /home/cyberdog_ws/install/include/rapidjson/istreamwrapper.h
[0.470s] -- Installing: /home/cyberdog_ws/install/include/rapidjson/filereadstream.h
[0.470s] -- Installing: /home/cyberdog_ws/install/include/rapidjson/reader.h
[0.470s] -- Installing: /home/cyberdog_ws/install/include/rapidjson/pointer.h
[0.470s] -- Installing: /home/cyberdog_ws/install/include/rapidjson/memorybuffer.h
[0.470s] -- Installing: /home/cyberdog_ws/install/include/rapidjson/document.h
[0.471s] -- Installing: /home/cyberdog_ws/install/include/rapidjson/encodings.h
[0.471s] -- Installing: /home/cyberdog_ws/install/include/rapidjson/writer.h
[0.471s] -- Installing: /home/cyberdog_ws/install/include/rapidjson/fwd.h
[0.471s] -- Installing: /home/cyberdog_ws/install/include/rapidjson/prettywriter.h
[0.471s] -- Installing: /home/cyberdog_ws/install/include/rapidjson/stringbuffer.h
[0.471s] -- Installing: /home/cyberdog_ws/install/include/rapidjson/filewritestream.h
[0.471s] -- Installing: /home/cyberdog_ws/install/include/rapidjson/memorystream.h
[0.471s] -- Installing: /home/cyberdog_ws/install/include/rapidjson/rapidjson.h
[0.471s] -- Installing: /home/cyberdog_ws/install/include/rapidjson/encodedstream.h
[0.471s] -- Installing: /home/cyberdog_ws/install/include/rapidjson/internal
[0.471s] -- Installing: /home/cyberdog_ws/install/include/rapidjson/internal/stack.h
[0.471s] -- Installing: /home/cyberdog_ws/install/include/rapidjson/internal/swap.h
[0.471s] -- Installing: /home/cyberdog_ws/install/include/rapidjson/internal/diyfp.h
[0.471s] -- Installing: /home/cyberdog_ws/install/include/rapidjson/internal/pow10.h
[0.471s] -- Installing: /home/cyberdog_ws/install/include/rapidjson/internal/itoa.h
[0.471s] -- Installing: /home/cyberdog_ws/install/include/rapidjson/internal/ieee754.h
[0.471s] -- Installing: /home/cyberdog_ws/install/include/rapidjson/internal/biginteger.h
[0.471s] -- Installing: /home/cyberdog_ws/install/include/rapidjson/internal/regex.h
[0.472s] -- Installing: /home/cyberdog_ws/install/include/rapidjson/internal/strfunc.h
[0.472s] -- Installing: /home/cyberdog_ws/install/include/rapidjson/internal/dtoa.h
[0.472s] -- Installing: /home/cyberdog_ws/install/include/rapidjson/internal/strtod.h
[0.472s] -- Installing: /home/cyberdog_ws/install/include/rapidjson/internal/meta.h
[0.472s] -- Installing: /home/cyberdog_ws/install/include/rapidjson/msinttypes
[0.472s] -- Installing: /home/cyberdog_ws/install/include/rapidjson/msinttypes/stdint.h
[0.472s] -- Installing: /home/cyberdog_ws/install/include/rapidjson/msinttypes/inttypes.h
[0.472s] -- Installing: /home/cyberdog_ws/install/include/rapidjson/error
[0.473s] -- Installing: /home/cyberdog_ws/install/include/rapidjson/error/error.h
[0.473s] -- Installing: /home/cyberdog_ws/install/include/rapidjson/error/en.h
[0.473s] -- Installing: /home/cyberdog_ws/install/share/ament_index/resource_index/package_run_dependencies/rapidjson
[0.473s] -- Installing: /home/cyberdog_ws/install/share/ament_index/resource_index/parent_prefix_path/rapidjson
[0.473s] -- Installing: /home/cyberdog_ws/install/share/rapidjson/environment/ament_prefix_path.sh
[0.473s] -- Installing: /home/cyberdog_ws/install/share/rapidjson/environment/ament_prefix_path.dsv
[0.473s] -- Installing: /home/cyberdog_ws/install/share/rapidjson/environment/path.sh
[0.473s] -- Installing: /home/cyberdog_ws/install/share/rapidjson/environment/path.dsv
[0.474s] -- Installing: /home/cyberdog_ws/install/share/rapidjson/local_setup.bash
[0.474s] -- Installing: /home/cyberdog_ws/install/share/rapidjson/local_setup.sh
[0.474s] -- Installing: /home/cyberdog_ws/install/share/rapidjson/local_setup.zsh
[0.474s] -- Installing: /home/cyberdog_ws/install/share/rapidjson/local_setup.dsv
[0.474s] -- Installing: /home/cyberdog_ws/install/share/rapidjson/package.dsv
[0.474s] -- Installing: /home/cyberdog_ws/install/share/ament_index/resource_index/packages/rapidjson
[0.474s] -- Installing: /home/cyberdog_ws/install/share/rapidjson/cmake/ament_cmake_export_include_directories-extras.cmake
[0.474s] -- Installing: /home/cyberdog_ws/install/share/rapidjson/cmake/rapidjsonConfig.cmake
[0.474s] -- Installing: /home/cyberdog_ws/install/share/rapidjson/cmake/rapidjsonConfig-version.cmake
[0.475s] -- Installing: /home/cyberdog_ws/install/share/rapidjson/package.xml
[0.478s] Invoked command in '/home/cyberdog_ws/build/rapidjson' returned '0': CMAKE_PREFIX_PATH=/opt/ros/galactic /usr/bin/cmake --install /home/cyberdog_ws/build/rapidjson
