-- Install configuration: ""
-- Up-to-date: /home/cyberdog_ws/install/include
-- Up-to-date: /home/cyberdog_ws/install/include/toml
-- Up-to-date: /home/cyberdog_ws/install/include/toml/toml.hpp
-- Up-to-date: /home/cyberdog_ws/install/include/toml/toml
-- Up-to-date: /home/cyberdog_ws/install/include/toml/toml/macros.hpp
-- Up-to-date: /home/cyberdog_ws/install/include/toml/toml/exception.hpp
-- Up-to-date: /home/cyberdog_ws/install/include/toml/toml/source_location.hpp
-- Up-to-date: /home/cyberdog_ws/install/include/toml/toml/into.hpp
-- Up-to-date: /home/cyberdog_ws/install/include/toml/toml/literal.hpp
-- Up-to-date: /home/cyberdog_ws/install/include/toml/toml/serializer.hpp
-- Up-to-date: /home/cyberdog_ws/install/include/toml/toml/storage.hpp
-- Up-to-date: /home/cyberdog_ws/install/include/toml/toml/region.hpp
-- Up-to-date: /home/cyberdog_ws/install/include/toml/toml/value.hpp
-- Up-to-date: /home/cyberdog_ws/install/include/toml/toml/types.hpp
-- Up-to-date: /home/cyberdog_ws/install/include/toml/toml/from.hpp
-- Up-to-date: /home/cyberdog_ws/install/include/toml/toml/get.hpp
-- Up-to-date: /home/cyberdog_ws/install/include/toml/toml/parser.hpp
-- Up-to-date: /home/cyberdog_ws/install/include/toml/toml/color.hpp
-- Up-to-date: /home/cyberdog_ws/install/include/toml/toml/combinator.hpp
-- Up-to-date: /home/cyberdog_ws/install/include/toml/toml/datetime.hpp
-- Up-to-date: /home/cyberdog_ws/install/include/toml/toml/string.hpp
-- Up-to-date: /home/cyberdog_ws/install/include/toml/toml/lexer.hpp
-- Up-to-date: /home/cyberdog_ws/install/include/toml/toml/traits.hpp
-- Up-to-date: /home/cyberdog_ws/install/include/toml/toml/comments.hpp
-- Up-to-date: /home/cyberdog_ws/install/include/toml/toml/utility.hpp
-- Up-to-date: /home/cyberdog_ws/install/include/toml/toml/result.hpp
-- Up-to-date: /home/cyberdog_ws/install/share/ament_index/resource_index/package_run_dependencies/toml
-- Up-to-date: /home/cyberdog_ws/install/share/ament_index/resource_index/parent_prefix_path/toml
-- Up-to-date: /home/cyberdog_ws/install/share/toml/environment/ament_prefix_path.sh
-- Up-to-date: /home/cyberdog_ws/install/share/toml/environment/ament_prefix_path.dsv
-- Up-to-date: /home/cyberdog_ws/install/share/toml/environment/path.sh
-- Up-to-date: /home/cyberdog_ws/install/share/toml/environment/path.dsv
-- Up-to-date: /home/cyberdog_ws/install/share/toml/local_setup.bash
-- Up-to-date: /home/cyberdog_ws/install/share/toml/local_setup.sh
-- Up-to-date: /home/cyberdog_ws/install/share/toml/local_setup.zsh
-- Up-to-date: /home/cyberdog_ws/install/share/toml/local_setup.dsv
-- Installing: /home/cyberdog_ws/install/share/toml/package.dsv
-- Up-to-date: /home/cyberdog_ws/install/share/ament_index/resource_index/packages/toml
-- Up-to-date: /home/cyberdog_ws/install/share/toml/cmake/ament_cmake_export_include_directories-extras.cmake
-- Up-to-date: /home/cyberdog_ws/install/share/toml/cmake/tomlConfig.cmake
-- Up-to-date: /home/cyberdog_ws/install/share/toml/cmake/tomlConfig-version.cmake
-- Up-to-date: /home/cyberdog_ws/install/share/toml/package.xml
