-- The C compiler identification is GNU 9.4.0
-- The CXX compiler identification is GNU 9.4.0
-- Check for working C compiler: /usr/bin/cc
-- Check for working C compiler: /usr/bin/cc -- works
-- Detecting C compiler ABI info
-- Detecting C compiler ABI info - done
-- Detecting C compile features
-- Detecting C compile features - done
-- Check for working CXX compiler: /usr/bin/c++
-- Check for working CXX compiler: /usr/bin/c++ -- works
-- Detecting CXX compiler ABI info
-- Detecting CXX compiler ABI info - done
-- Detecting CXX compile features
-- Detecting CXX compile features - done
-- Found ament_cmake: 1.1.6 (/opt/ros/galactic/share/ament_cmake/cmake)
-- Found PythonInterp: /usr/bin/python3 (found suitable version "3.8.10", minimum required is "3") 
-- Using PYTHON_EXECUTABLE: /usr/bin/python3
CMake Error at CMakeLists.txt:10 (find_package):
  By not providing "Findmanager_base.cmake" in CMAKE_MODULE_PATH this project
  has asked CMake to find a package configuration file provided by
  "manager_base", but CMake did not find one.

  Could not find a package configuration file provided by "manager_base" with
  any of the following names:

    manager_baseConfig.cmake
    manager_base-config.cmake

  Add the installation prefix of "manager_base" to CMAKE_PREFIX_PATH or set
  "manager_base_DIR" to a directory containing one of the above files.  If
  "manager_base" provides a separate development package or SDK, be sure it
  has been installed.


-- Configuring incomplete, errors occurred!
See also "/home/cyberdog_ws/build/motion_manager/CMakeFiles/CMakeOutput.log".
