-- Found ament_cmake: 1.1.6 (/opt/ros/galactic/share/ament_cmake/cmake)
-- Using PYTHON_EXECUTABLE: /usr/bin/python3
-- Found rclcpp: 9.2.2 (/opt/ros/galactic/share/rclcpp/cmake)
-- Using all available rosidl_typesupport_c: rosidl_typesupport_fastrtps_c;rosidl_typesupport_introspection_c
-- Found rosidl_adapter: 2.2.3 (/opt/ros/galactic/share/rosidl_adapter/cmake)
-- Using all available rosidl_typesupport_cpp: rosidl_typesupport_fastrtps_cpp;rosidl_typesupport_introspection_cpp
-- Found rmw_implementation_cmake: 3.3.1 (/opt/ros/galactic/share/rmw_implementation_cmake/cmake)
-- Found rmw_cyclonedds_cpp: 0.22.6 (/opt/ros/galactic/share/rmw_cyclonedds_cpp/cmake)
-- Using RMW implementation 'rmw_cyclonedds_cpp' as default
-- Found toml: 0.0.0 (/home/cyberdog_ws/install/share/toml/cmake)
CMake Error at CMakeLists.txt:21 (find_package):
  By not providing "Findcyberdog_common.cmake" in CMAKE_MODULE_PATH this
  project has asked CMake to find a package configuration file provided by
  "cyberdog_common", but CMake did not find one.

  Could not find a package configuration file provided by "cyberdog_common"
  with any of the following names:

    cyberdog_commonConfig.cmake
    cyberdog_common-config.cmake

  Add the installation prefix of "cyberdog_common" to CMAKE_PREFIX_PATH or
  set "cyberdog_common_DIR" to a directory containing one of the above files.
  If "cyberdog_common" provides a separate development package or SDK, be
  sure it has been installed.


-- Configuring incomplete, errors occurred!
See also "/home/cyberdog_ws/build/elec_skin/CMakeFiles/CMakeOutput.log".
See also "/home/cyberdog_ws/build/elec_skin/CMakeFiles/CMakeError.log".
