[0.024s] Invoking command in '/home/cyberdog_ws/build/skin_manager': AMENT_PREFIX_PATH=/home/cyberdog_ws/install:${AMENT_PREFIX_PATH} CMAKE_PREFIX_PATH=/home/cyberdog_ws/install:/opt/ros/galactic LD_LIBRARY_PATH=/home/cyberdog_ws/install/lib:${LD_LIBRARY_PATH} PYTHONPATH=/home/cyberdog_ws/install/lib/python3.8/site-packages:${PYTHONPATH} /usr/bin/cmake --build /home/cyberdog_ws/build/skin_manager -- -j16 -l16
[0.103s] [100%] Built target skin_manager
[0.115s] Invoked command in '/home/cyberdog_ws/build/skin_manager' returned '0': AMENT_PREFIX_PATH=/home/cyberdog_ws/install:${AMENT_PREFIX_PATH} CMAKE_PREFIX_PATH=/home/cyberdog_ws/install:/opt/ros/galactic LD_LIBRARY_PATH=/home/cyberdog_ws/install/lib:${LD_LIBRARY_PATH} PYTHONPATH=/home/cyberdog_ws/install/lib/python3.8/site-packages:${PYTHONPATH} /usr/bin/cmake --build /home/cyberdog_ws/build/skin_manager -- -j16 -l16
[0.151s] Invoking command in '/home/cyberdog_ws/build/skin_manager': AMENT_PREFIX_PATH=/home/cyberdog_ws/install:${AMENT_PREFIX_PATH} CMAKE_PREFIX_PATH=/home/cyberdog_ws/install:/opt/ros/galactic LD_LIBRARY_PATH=/home/cyberdog_ws/install/lib:${LD_LIBRARY_PATH} PYTHONPATH=/home/cyberdog_ws/install/lib/python3.8/site-packages:${PYTHONPATH} /usr/bin/cmake --install /home/cyberdog_ws/build/skin_manager
[0.162s] -- Install configuration: ""
[0.162s] -- Up-to-date: /home/cyberdog_ws/install/include
[0.163s] -- Up-to-date: /home/cyberdog_ws/install/include/skin_manager
[0.163s] -- Up-to-date: /home/cyberdog_ws/install/include/skin_manager/skin_manager.hpp
[0.163s] -- Up-to-date: /home/cyberdog_ws/install/lib/libskin_manager.so
[0.163s] -- Up-to-date: /home/cyberdog_ws/install/include/
[0.163s] -- Up-to-date: /home/cyberdog_ws/install/include//skin_manager
[0.163s] -- Up-to-date: /home/cyberdog_ws/install/include//skin_manager/skin_manager.hpp
[0.163s] -- Up-to-date: /home/cyberdog_ws/install/share/skin_manager/config/
[0.163s] -- Up-to-date: /home/cyberdog_ws/install/share/skin_manager/config//elec_skin.toml
[0.163s] -- Up-to-date: /home/cyberdog_ws/install/share/skin_manager/environment/library_path.sh
[0.163s] -- Up-to-date: /home/cyberdog_ws/install/share/skin_manager/environment/library_path.dsv
[0.164s] -- Up-to-date: /home/cyberdog_ws/install/share/ament_index/resource_index/package_run_dependencies/skin_manager
[0.164s] -- Up-to-date: /home/cyberdog_ws/install/share/ament_index/resource_index/parent_prefix_path/skin_manager
[0.164s] -- Up-to-date: /home/cyberdog_ws/install/share/skin_manager/environment/ament_prefix_path.sh
[0.164s] -- Up-to-date: /home/cyberdog_ws/install/share/skin_manager/environment/ament_prefix_path.dsv
[0.164s] -- Up-to-date: /home/cyberdog_ws/install/share/skin_manager/environment/path.sh
[0.164s] -- Up-to-date: /home/cyberdog_ws/install/share/skin_manager/environment/path.dsv
[0.164s] -- Up-to-date: /home/cyberdog_ws/install/share/skin_manager/local_setup.bash
[0.164s] -- Up-to-date: /home/cyberdog_ws/install/share/skin_manager/local_setup.sh
[0.164s] -- Up-to-date: /home/cyberdog_ws/install/share/skin_manager/local_setup.zsh
[0.164s] -- Up-to-date: /home/cyberdog_ws/install/share/skin_manager/local_setup.dsv
[0.165s] -- Installing: /home/cyberdog_ws/install/share/skin_manager/package.dsv
[0.165s] -- Up-to-date: /home/cyberdog_ws/install/share/ament_index/resource_index/packages/skin_manager
[0.165s] -- Up-to-date: /home/cyberdog_ws/install/share/skin_manager/cmake/ament_cmake_export_libraries-extras.cmake
[0.165s] -- Up-to-date: /home/cyberdog_ws/install/share/skin_manager/cmake/ament_cmake_export_dependencies-extras.cmake
[0.165s] -- Up-to-date: /home/cyberdog_ws/install/share/skin_manager/cmake/skin_managerConfig.cmake
[0.165s] -- Up-to-date: /home/cyberdog_ws/install/share/skin_manager/cmake/skin_managerConfig-version.cmake
[0.165s] -- Up-to-date: /home/cyberdog_ws/install/share/skin_manager/package.xml
[0.168s] Invoked command in '/home/cyberdog_ws/build/skin_manager' returned '0': AMENT_PREFIX_PATH=/home/cyberdog_ws/install:${AMENT_PREFIX_PATH} CMAKE_PREFIX_PATH=/home/cyberdog_ws/install:/opt/ros/galactic LD_LIBRARY_PATH=/home/cyberdog_ws/install/lib:${LD_LIBRARY_PATH} PYTHONPATH=/home/cyberdog_ws/install/lib/python3.8/site-packages:${PYTHONPATH} /usr/bin/cmake --install /home/cyberdog_ws/build/skin_manager
