[0.046s] Invoking command in '/home/cyberdog_ws/build/elec_skin': CMAKE_PREFIX_PATH=${CMAKE_PREFIX_PATH}:/opt/ros/galactic /usr/bin/cmake --build /home/cyberdog_ws/build/elec_skin -- -j16 -l16
[0.107s] [100%] Built target elec_skin
[0.117s] Invoked command in '/home/cyberdog_ws/build/elec_skin' returned '0': CMAKE_PREFIX_PATH=${CMAKE_PREFIX_PATH}:/opt/ros/galactic /usr/bin/cmake --build /home/cyberdog_ws/build/elec_skin -- -j16 -l16
[0.148s] Invoking command in '/home/cyberdog_ws/build/elec_skin': CMAKE_PREFIX_PATH=${CMAKE_PREFIX_PATH}:/opt/ros/galactic /usr/bin/cmake --install /home/cyberdog_ws/build/elec_skin
[0.155s] -- Install configuration: ""
[0.155s] -- Up-to-date: /home/cyberdog_ws/install/include
[0.155s] -- Up-to-date: /home/cyberdog_ws/install/include/elec_skin
[0.155s] -- Up-to-date: /home/cyberdog_ws/install/include/elec_skin/elec_skin_base.hpp
[0.155s] -- Up-to-date: /home/cyberdog_ws/install/include/elec_skin/elec_skin.hpp
[0.155s] -- Up-to-date: /home/cyberdog_ws/install/lib/elec_skin/elec_skin
[0.156s] -- Up-to-date: /home/cyberdog_ws/install/include/
[0.156s] -- Up-to-date: /home/cyberdog_ws/install/include//elec_skin
[0.156s] -- Up-to-date: /home/cyberdog_ws/install/include//elec_skin/elec_skin_base.hpp
[0.156s] -- Up-to-date: /home/cyberdog_ws/install/include//elec_skin/elec_skin.hpp
[0.156s] -- Up-to-date: /home/cyberdog_ws/install/share/elec_skin/toml_config/
[0.156s] -- Up-to-date: /home/cyberdog_ws/install/share/elec_skin/toml_config//elec_skin.toml
[0.156s] -- Up-to-date: /home/cyberdog_ws/install/share/ament_index/resource_index/package_run_dependencies/elec_skin
[0.156s] -- Up-to-date: /home/cyberdog_ws/install/share/ament_index/resource_index/parent_prefix_path/elec_skin
[0.156s] -- Up-to-date: /home/cyberdog_ws/install/share/elec_skin/environment/ament_prefix_path.sh
[0.156s] -- Up-to-date: /home/cyberdog_ws/install/share/elec_skin/environment/ament_prefix_path.dsv
[0.156s] -- Up-to-date: /home/cyberdog_ws/install/share/elec_skin/environment/path.sh
[0.156s] -- Up-to-date: /home/cyberdog_ws/install/share/elec_skin/environment/path.dsv
[0.156s] -- Up-to-date: /home/cyberdog_ws/install/share/elec_skin/local_setup.bash
[0.156s] -- Up-to-date: /home/cyberdog_ws/install/share/elec_skin/local_setup.sh
[0.157s] -- Up-to-date: /home/cyberdog_ws/install/share/elec_skin/local_setup.zsh
[0.157s] -- Up-to-date: /home/cyberdog_ws/install/share/elec_skin/local_setup.dsv
[0.157s] -- Installing: /home/cyberdog_ws/install/share/elec_skin/package.dsv
[0.157s] -- Up-to-date: /home/cyberdog_ws/install/share/ament_index/resource_index/packages/elec_skin
[0.157s] -- Up-to-date: /home/cyberdog_ws/install/share/elec_skin/cmake/elec_skinConfig.cmake
[0.157s] -- Up-to-date: /home/cyberdog_ws/install/share/elec_skin/cmake/elec_skinConfig-version.cmake
[0.157s] -- Up-to-date: /home/cyberdog_ws/install/share/elec_skin/package.xml
[0.159s] Invoked command in '/home/cyberdog_ws/build/elec_skin' returned '0': CMAKE_PREFIX_PATH=${CMAKE_PREFIX_PATH}:/opt/ros/galactic /usr/bin/cmake --install /home/cyberdog_ws/build/elec_skin
