-- The C compiler identification is GNU 9.4.0
-- The CXX compiler identification is GNU 9.4.0
-- Check for working C compiler: /usr/bin/cc
-- Check for working C compiler: /usr/bin/cc -- works
-- Detecting C compiler ABI info
-- Detecting C compiler ABI info - done
-- Detecting C compile features
-- Detecting C compile features - done
-- Check for working CXX compiler: /usr/bin/c++
-- Check for working CXX compiler: /usr/bin/c++ -- works
-- Detecting CXX compiler ABI info
-- Detecting CXX compiler ABI info - done
-- Detecting CXX compile features
-- Detecting CXX compile features - done
-- Found ament_cmake: 1.1.6 (/opt/ros/galactic/share/ament_cmake/cmake)
-- Found PythonInterp: /usr/bin/python3 (found suitable version "3.8.10", minimum required is "3") 
-- Using PYTHON_EXECUTABLE: /usr/bin/python3
-- Found toml: 0.0.0 (/home/cyberdog_ws/install/share/toml/cmake)
-- Found cyberdog_common: 0.0.0 (/home/cyberdog_ws/install/share/cyberdog_common/cmake)
-- Using all available rosidl_typesupport_c: rosidl_typesupport_fastrtps_c;rosidl_typesupport_introspection_c
-- Found rosidl_adapter: 2.2.3 (/opt/ros/galactic/share/rosidl_adapter/cmake)
-- Found OpenSSL: /usr/lib/x86_64-linux-gnu/libcrypto.so (found version "1.1.1f")  
-- Found FastRTPS: /opt/ros/galactic/include  
-- Using all available rosidl_typesupport_cpp: rosidl_typesupport_fastrtps_cpp;rosidl_typesupport_introspection_cpp
-- Found rmw_implementation_cmake: 3.3.1 (/opt/ros/galactic/share/rmw_implementation_cmake/cmake)
-- Found rmw_cyclonedds_cpp: 0.22.6 (/opt/ros/galactic/share/rmw_cyclonedds_cpp/cmake)
-- Using RMW implementation 'rmw_cyclonedds_cpp' as default
-- Looking for pthread.h
-- Looking for pthread.h - found
-- Performing Test CMAKE_HAVE_LIBC_PTHREAD
-- Performing Test CMAKE_HAVE_LIBC_PTHREAD - Failed
-- Looking for pthread_create in pthreads
-- Looking for pthread_create in pthreads - not found
-- Looking for pthread_create in pthread
-- Looking for pthread_create in pthread - found
-- Found Threads: TRUE  
-- Found ament_lint_auto: 0.10.7 (/opt/ros/galactic/share/ament_lint_auto/cmake)
-- Found ament_cmake_gtest: 1.1.6 (/opt/ros/galactic/share/ament_cmake_gtest/cmake)
-- Found gtest sources under '/opt/ros/galactic/src/gtest_vendor': C++ tests using 'Google Test' will be built
-- Check if compiler accepts -pthread
-- Check if compiler accepts -pthread - yes
-- Added test 'copyright' to check source files copyright and LICENSE
-- Added test 'cppcheck' to perform static code analysis on C / C++ code
-- Configured cppcheck include dirs: 
-- Configured cppcheck exclude dirs and/or files: 
-- Added test 'cpplint' to check C / C++ code against the Google style
-- Configured cpplint exclude dirs and/or files: 
-- Added test 'lint_cmake' to check CMake code style
-- Added test 'uncrustify' to check C / C++ code style
-- Configured uncrustify additional arguments: 
-- Added test 'xmllint' to check XML markup files
-- Configuring done
-- Generating done
-- Build files have been written to: /home/cyberdog_ws/build/cyberdog_embed_protocol
[35m[1mScanning dependencies of target gtest_main[0m
[35m[1mScanning dependencies of target sensor_simulator_node[0m
[35m[1mScanning dependencies of target can_node_test[0m
[35m[1mScanning dependencies of target gtest[0m
[ 10%] [32mBuilding CXX object gtest/CMakeFiles/gtest_main.dir/src/gtest_main.cc.o[0m
[ 20%] [32mBuilding CXX object gtest/CMakeFiles/gtest.dir/src/gtest-all.cc.o[0m
[ 40%] [32mBuilding CXX object test/CMakeFiles/sensor_simulator_node.dir/embed_protocol_test/sensor_simulator_node.cpp.o[0m
[ 40%] [32mBuilding CXX object test/CMakeFiles/can_node_test.dir/embed_protocol_test/can_node_test.cpp.o[0m
[ 50%] [32m[1mLinking CXX static library libgtest_main.a[0m
[ 50%] Built target gtest_main
[ 60%] [32m[1mLinking CXX static library libgtest.a[0m
[ 60%] Built target gtest
[35m[1mScanning dependencies of target embed_protocol_test[0m
[ 70%] [32mBuilding CXX object test/CMakeFiles/embed_protocol_test.dir/embed_protocol_test/embed_protocol_test.cpp.o[0m
[ 80%] [32m[1mLinking CXX executable sensor_simulator_node[0m
[ 80%] Built target sensor_simulator_node
[ 90%] [32m[1mLinking CXX executable embed_protocol_test[0m
[ 90%] Built target embed_protocol_test
[100%] [32m[1mLinking CXX executable can_node_test[0m
[100%] Built target can_node_test
-- Install configuration: ""
-- Up-to-date: /home/cyberdog_ws/install/include/
-- Up-to-date: /home/cyberdog_ws/install/include//protocol
-- Installing: /home/cyberdog_ws/install/include//protocol/can
-- Installing: /home/cyberdog_ws/install/include//protocol/can/visibility_control.hpp
-- Installing: /home/cyberdog_ws/install/include//protocol/can/socket_can_sender.hpp
-- Installing: /home/cyberdog_ws/install/include//protocol/can/socket_can_id.hpp
-- Installing: /home/cyberdog_ws/install/include//protocol/can/socket_can_common.hpp
-- Installing: /home/cyberdog_ws/install/include//protocol/can/can_utils.hpp
-- Installing: /home/cyberdog_ws/install/include//protocol/can/socket_can_receiver.hpp
-- Installing: /home/cyberdog_ws/install/include//protocol/can/toml_analysis.hpp
-- Installing: /home/cyberdog_ws/install/include//embed_protocol
-- Installing: /home/cyberdog_ws/install/include//embed_protocol/embed_protocol.hpp
-- Installing: /home/cyberdog_ws/install/include//embed_protocol/common.hpp
-- Installing: /home/cyberdog_ws/install/include//embed_protocol/protocol_base.hpp
-- Installing: /home/cyberdog_ws/install/include//embed_protocol/can_protocol.hpp
-- Installing: /home/cyberdog_ws/install/include//embed_parser
-- Installing: /home/cyberdog_ws/install/include//embed_parser/can_parser.hpp
-- Installing: /home/cyberdog_ws/install/include//embed_parser/parser_base.hpp
-- Installing: /home/cyberdog_ws/install/share/ament_index/resource_index/package_run_dependencies/cyberdog_embed_protocol
-- Installing: /home/cyberdog_ws/install/share/ament_index/resource_index/parent_prefix_path/cyberdog_embed_protocol
-- Installing: /home/cyberdog_ws/install/share/cyberdog_embed_protocol/environment/ament_prefix_path.sh
-- Installing: /home/cyberdog_ws/install/share/cyberdog_embed_protocol/environment/ament_prefix_path.dsv
-- Installing: /home/cyberdog_ws/install/share/cyberdog_embed_protocol/environment/path.sh
-- Installing: /home/cyberdog_ws/install/share/cyberdog_embed_protocol/environment/path.dsv
-- Installing: /home/cyberdog_ws/install/share/cyberdog_embed_protocol/local_setup.bash
-- Installing: /home/cyberdog_ws/install/share/cyberdog_embed_protocol/local_setup.sh
-- Installing: /home/cyberdog_ws/install/share/cyberdog_embed_protocol/local_setup.zsh
-- Installing: /home/cyberdog_ws/install/share/cyberdog_embed_protocol/local_setup.dsv
-- Installing: /home/cyberdog_ws/install/share/cyberdog_embed_protocol/package.dsv
-- Installing: /home/cyberdog_ws/install/share/ament_index/resource_index/packages/cyberdog_embed_protocol
-- Installing: /home/cyberdog_ws/install/share/cyberdog_embed_protocol/cmake/ament_cmake_export_include_directories-extras.cmake
-- Installing: /home/cyberdog_ws/install/share/cyberdog_embed_protocol/cmake/ament_cmake_export_dependencies-extras.cmake
-- Installing: /home/cyberdog_ws/install/share/cyberdog_embed_protocol/cmake/cyberdog_embed_protocolConfig.cmake
-- Installing: /home/cyberdog_ws/install/share/cyberdog_embed_protocol/cmake/cyberdog_embed_protocolConfig-version.cmake
-- Installing: /home/cyberdog_ws/install/share/cyberdog_embed_protocol/package.xml
