[0.044s] Invoking command in '/home/cyberdog_ws/build/mqttc': CMAKE_PREFIX_PATH=${CMAKE_PREFIX_PATH}:/opt/ros/galactic /usr/bin/cmake --build /home/cyberdog_ws/build/mqttc -- -j16 -l16
[0.113s] [100%] Built target mqttc
[0.122s] Invoked command in '/home/cyberdog_ws/build/mqttc' returned '0': CMAKE_PREFIX_PATH=${CMAKE_PREFIX_PATH}:/opt/ros/galactic /usr/bin/cmake --build /home/cyberdog_ws/build/mqttc -- -j16 -l16
[0.229s] Invoking command in '/home/cyberdog_ws/build/mqttc': CMAKE_PREFIX_PATH=${CMAKE_PREFIX_PATH}:/opt/ros/galactic /usr/bin/cmake --install /home/cyberdog_ws/build/mqttc
[0.237s] -- Install configuration: ""
[0.237s] -- Up-to-date: /home/cyberdog_ws/install/share/mqttc/environment/library_path.sh
[0.237s] -- Up-to-date: /home/cyberdog_ws/install/share/mqttc/environment/library_path.dsv
[0.237s] -- Up-to-date: /home/cyberdog_ws/install/include
[0.237s] -- Up-to-date: /home/cyberdog_ws/install/include/mqttc
[0.237s] -- Up-to-date: /home/cyberdog_ws/install/include/mqttc/mqtt.h
[0.237s] -- Up-to-date: /home/cyberdog_ws/install/include/mqttc/mqtt_pal.h
[0.237s] -- Up-to-date: /home/cyberdog_ws/install/lib/libmqttc.so
[0.237s] -- Up-to-date: /home/cyberdog_ws/install/share/mqttc/environment/library_path.sh
[0.238s] -- Up-to-date: /home/cyberdog_ws/install/share/mqttc/environment/library_path.dsv
[0.238s] -- Up-to-date: /home/cyberdog_ws/install/share/ament_index/resource_index/package_run_dependencies/mqttc
[0.238s] -- Up-to-date: /home/cyberdog_ws/install/share/ament_index/resource_index/parent_prefix_path/mqttc
[0.238s] -- Up-to-date: /home/cyberdog_ws/install/share/mqttc/environment/ament_prefix_path.sh
[0.238s] -- Up-to-date: /home/cyberdog_ws/install/share/mqttc/environment/ament_prefix_path.dsv
[0.238s] -- Up-to-date: /home/cyberdog_ws/install/share/mqttc/environment/path.sh
[0.238s] -- Up-to-date: /home/cyberdog_ws/install/share/mqttc/environment/path.dsv
[0.238s] -- Up-to-date: /home/cyberdog_ws/install/share/mqttc/local_setup.bash
[0.238s] -- Up-to-date: /home/cyberdog_ws/install/share/mqttc/local_setup.sh
[0.238s] -- Up-to-date: /home/cyberdog_ws/install/share/mqttc/local_setup.zsh
[0.238s] -- Up-to-date: /home/cyberdog_ws/install/share/mqttc/local_setup.dsv
[0.238s] -- Installing: /home/cyberdog_ws/install/share/mqttc/package.dsv
[0.238s] -- Up-to-date: /home/cyberdog_ws/install/share/ament_index/resource_index/packages/mqttc
[0.238s] -- Up-to-date: /home/cyberdog_ws/install/share/mqttc/cmake/mqttcExport.cmake
[0.239s] -- Up-to-date: /home/cyberdog_ws/install/share/mqttc/cmake/mqttcExport-noconfig.cmake
[0.239s] -- Up-to-date: /home/cyberdog_ws/install/share/mqttc/cmake/ament_cmake_export_include_directories-extras.cmake
[0.239s] -- Up-to-date: /home/cyberdog_ws/install/share/mqttc/cmake/ament_cmake_export_targets-extras.cmake
[0.239s] -- Up-to-date: /home/cyberdog_ws/install/share/mqttc/cmake/mqttcConfig.cmake
[0.239s] -- Up-to-date: /home/cyberdog_ws/install/share/mqttc/cmake/mqttcConfig-version.cmake
[0.239s] -- Up-to-date: /home/cyberdog_ws/install/share/mqttc/package.xml
[0.304s] Invoked command in '/home/cyberdog_ws/build/mqttc' returned '0': CMAKE_PREFIX_PATH=${CMAKE_PREFIX_PATH}:/opt/ros/galactic /usr/bin/cmake --install /home/cyberdog_ws/build/mqttc
