-- Install configuration: ""
-- Up-to-date: /home/cyberdog_ws/install/include/
-- Up-to-date: /home/cyberdog_ws/install/include//cyberdog_machine
-- Up-to-date: /home/cyberdog_ws/install/include//cyberdog_machine/cyberdog_heartbeats.hpp
-- Up-to-date: /home/cyberdog_ws/install/include//cyberdog_machine/cyberdog_fs_machine.hpp
-- Up-to-date: /home/cyberdog_ws/install/lib/cyberdog_machine/fs_machine_config.toml
-- Up-to-date: /home/cyberdog_ws/install/share/ament_index/resource_index/package_run_dependencies/cyberdog_machine
-- Up-to-date: /home/cyberdog_ws/install/share/ament_index/resource_index/parent_prefix_path/cyberdog_machine
-- Up-to-date: /home/cyberdog_ws/install/share/cyberdog_machine/environment/ament_prefix_path.sh
-- Up-to-date: /home/cyberdog_ws/install/share/cyberdog_machine/environment/ament_prefix_path.dsv
-- Up-to-date: /home/cyberdog_ws/install/share/cyberdog_machine/environment/path.sh
-- Up-to-date: /home/cyberdog_ws/install/share/cyberdog_machine/environment/path.dsv
-- Up-to-date: /home/cyberdog_ws/install/share/cyberdog_machine/local_setup.bash
-- Up-to-date: /home/cyberdog_ws/install/share/cyberdog_machine/local_setup.sh
-- Up-to-date: /home/cyberdog_ws/install/share/cyberdog_machine/local_setup.zsh
-- Up-to-date: /home/cyberdog_ws/install/share/cyberdog_machine/local_setup.dsv
-- Up-to-date: /home/cyberdog_ws/install/share/cyberdog_machine/package.dsv
-- Up-to-date: /home/cyberdog_ws/install/share/ament_index/resource_index/packages/cyberdog_machine
-- Up-to-date: /home/cyberdog_ws/install/share/cyberdog_machine/cmake/cyberdog_machineConfig.cmake
-- Up-to-date: /home/cyberdog_ws/install/share/cyberdog_machine/cmake/cyberdog_machineConfig-version.cmake
-- Up-to-date: /home/cyberdog_ws/install/share/cyberdog_machine/package.xml
