[0.033s] Invoking command in '/home/cyberdog_ws/build/cyberdog_debug': AMENT_PREFIX_PATH=/home/cyberdog_ws/install:${AMENT_PREFIX_PATH} CMAKE_PREFIX_PATH=/home/cyberdog_ws/install:/opt/ros/galactic LD_LIBRARY_PATH=/home/cyberdog_ws/install/lib:${LD_LIBRARY_PATH} PYTHONPATH=/home/cyberdog_ws/install/lib/python3.8/site-packages:${PYTHONPATH} /usr/bin/cmake /home/cyberdog_ws/src/utils/cyberdog_debug -DCMAKE_INSTALL_PREFIX=/home/cyberdog_ws/install
[0.093s] -- The C compiler identification is GNU 9.4.0
[0.150s] -- The CXX compiler identification is GNU 9.4.0
[0.158s] -- Check for working C compiler: /usr/bin/cc
[0.230s] -- Check for working C compiler: /usr/bin/cc -- works
[0.230s] -- Detecting C compiler ABI info
[0.307s] -- Detecting C compiler ABI info - done
[0.319s] -- Detecting C compile features
[0.319s] -- Detecting C compile features - done
[0.322s] -- Check for working CXX compiler: /usr/bin/c++
[0.409s] -- Check for working CXX compiler: /usr/bin/c++ -- works
[0.410s] -- Detecting CXX compiler ABI info
[0.495s] -- Detecting CXX compiler ABI info - done
[0.507s] -- Detecting CXX compile features
[0.508s] -- Detecting CXX compile features - done
[0.512s] -- Found ament_cmake: 1.1.6 (/opt/ros/galactic/share/ament_cmake/cmake)
[0.540s] -- Found PythonInterp: /usr/bin/python3 (found suitable version "3.8.10", minimum required is "3") 
[0.540s] -- Using PYTHON_EXECUTABLE: /usr/bin/python3
[0.638s] -- Found cyberdog_common: 0.0.0 (/home/cyberdog_ws/install/share/cyberdog_common/cmake)
[0.718s] -- Using all available rosidl_typesupport_c: rosidl_typesupport_fastrtps_c;rosidl_typesupport_introspection_c
[0.727s] -- Found rosidl_adapter: 2.2.3 (/opt/ros/galactic/share/rosidl_adapter/cmake)
[0.851s] -- Found OpenSSL: /usr/lib/x86_64-linux-gnu/libcrypto.so (found version "1.1.1f")  
[0.901s] -- Found FastRTPS: /opt/ros/galactic/include  
[1.008s] -- Using all available rosidl_typesupport_cpp: rosidl_typesupport_fastrtps_cpp;rosidl_typesupport_introspection_cpp
[1.072s] -- Found rmw_implementation_cmake: 3.3.1 (/opt/ros/galactic/share/rmw_implementation_cmake/cmake)
[1.076s] -- Found rmw_cyclonedds_cpp: 0.22.6 (/opt/ros/galactic/share/rmw_cyclonedds_cpp/cmake)
[1.095s] -- Using RMW implementation 'rmw_cyclonedds_cpp' as default
[1.097s] -- Looking for pthread.h
[1.172s] -- Looking for pthread.h - found
[1.172s] -- Performing Test CMAKE_HAVE_LIBC_PTHREAD
[1.249s] -- Performing Test CMAKE_HAVE_LIBC_PTHREAD - Failed
[1.249s] -- Looking for pthread_create in pthreads
[1.312s] -- Looking for pthread_create in pthreads - not found
[1.312s] -- Looking for pthread_create in pthread
[1.386s] -- Looking for pthread_create in pthread - found
[1.387s] -- Found Threads: TRUE  
[1.557s] -- Found ament_lint_auto: 0.10.7 (/opt/ros/galactic/share/ament_lint_auto/cmake)
[1.641s] -- Added test 'copyright' to check source files copyright and LICENSE
[1.642s] -- Added test 'cppcheck' to perform static code analysis on C / C++ code
[1.642s] -- Configured cppcheck include dirs: 
[1.642s] -- Configured cppcheck exclude dirs and/or files: 
[1.643s] -- Added test 'cpplint' to check C / C++ code against the Google style
[1.643s] -- Configured cpplint exclude dirs and/or files: 
[1.644s] -- Added test 'lint_cmake' to check CMake code style
[1.644s] -- Added test 'uncrustify' to check C / C++ code style
[1.644s] -- Configured uncrustify additional arguments: 
[1.645s] -- Added test 'xmllint' to check XML markup files
[1.649s] -- Configuring done
[1.651s] -- Generating done
[1.653s] -- Build files have been written to: /home/cyberdog_ws/build/cyberdog_debug
[1.665s] Invoked command in '/home/cyberdog_ws/build/cyberdog_debug' returned '0': AMENT_PREFIX_PATH=/home/cyberdog_ws/install:${AMENT_PREFIX_PATH} CMAKE_PREFIX_PATH=/home/cyberdog_ws/install:/opt/ros/galactic LD_LIBRARY_PATH=/home/cyberdog_ws/install/lib:${LD_LIBRARY_PATH} PYTHONPATH=/home/cyberdog_ws/install/lib/python3.8/site-packages:${PYTHONPATH} /usr/bin/cmake /home/cyberdog_ws/src/utils/cyberdog_debug -DCMAKE_INSTALL_PREFIX=/home/cyberdog_ws/install
[1.666s] Invoking command in '/home/cyberdog_ws/build/cyberdog_debug': AMENT_PREFIX_PATH=/home/cyberdog_ws/install:${AMENT_PREFIX_PATH} CMAKE_PREFIX_PATH=/home/cyberdog_ws/install:/opt/ros/galactic LD_LIBRARY_PATH=/home/cyberdog_ws/install/lib:${LD_LIBRARY_PATH} PYTHONPATH=/home/cyberdog_ws/install/lib/python3.8/site-packages:${PYTHONPATH} /usr/bin/cmake --build /home/cyberdog_ws/build/cyberdog_debug -- -j16 -l16
[1.708s] Invoked command in '/home/cyberdog_ws/build/cyberdog_debug' returned '0': AMENT_PREFIX_PATH=/home/cyberdog_ws/install:${AMENT_PREFIX_PATH} CMAKE_PREFIX_PATH=/home/cyberdog_ws/install:/opt/ros/galactic LD_LIBRARY_PATH=/home/cyberdog_ws/install/lib:${LD_LIBRARY_PATH} PYTHONPATH=/home/cyberdog_ws/install/lib/python3.8/site-packages:${PYTHONPATH} /usr/bin/cmake --build /home/cyberdog_ws/build/cyberdog_debug -- -j16 -l16
[1.737s] Invoking command in '/home/cyberdog_ws/build/cyberdog_debug': AMENT_PREFIX_PATH=/home/cyberdog_ws/install:${AMENT_PREFIX_PATH} CMAKE_PREFIX_PATH=/home/cyberdog_ws/install:/opt/ros/galactic LD_LIBRARY_PATH=/home/cyberdog_ws/install/lib:${LD_LIBRARY_PATH} PYTHONPATH=/home/cyberdog_ws/install/lib/python3.8/site-packages:${PYTHONPATH} /usr/bin/cmake --install /home/cyberdog_ws/build/cyberdog_debug
[1.745s] -- Install configuration: ""
[1.745s] -- Up-to-date: /home/cyberdog_ws/install/include/
[1.745s] -- Installing: /home/cyberdog_ws/install/include//cyberdog_debug
[1.746s] -- Installing: /home/cyberdog_ws/install/include//cyberdog_debug/backtrace.hpp
[1.746s] -- Installing: /home/cyberdog_ws/install/share/ament_index/resource_index/package_run_dependencies/cyberdog_debug
[1.746s] -- Installing: /home/cyberdog_ws/install/share/ament_index/resource_index/parent_prefix_path/cyberdog_debug
[1.746s] -- Installing: /home/cyberdog_ws/install/share/cyberdog_debug/environment/ament_prefix_path.sh
[1.746s] -- Installing: /home/cyberdog_ws/install/share/cyberdog_debug/environment/ament_prefix_path.dsv
[1.746s] -- Installing: /home/cyberdog_ws/install/share/cyberdog_debug/environment/path.sh
[1.746s] -- Installing: /home/cyberdog_ws/install/share/cyberdog_debug/environment/path.dsv
[1.746s] -- Installing: /home/cyberdog_ws/install/share/cyberdog_debug/local_setup.bash
[1.746s] -- Installing: /home/cyberdog_ws/install/share/cyberdog_debug/local_setup.sh
[1.746s] -- Installing: /home/cyberdog_ws/install/share/cyberdog_debug/local_setup.zsh
[1.746s] -- Installing: /home/cyberdog_ws/install/share/cyberdog_debug/local_setup.dsv
[1.747s] -- Installing: /home/cyberdog_ws/install/share/cyberdog_debug/package.dsv
[1.747s] -- Installing: /home/cyberdog_ws/install/share/ament_index/resource_index/packages/cyberdog_debug
[1.747s] -- Installing: /home/cyberdog_ws/install/share/cyberdog_debug/cmake/ament_cmake_export_include_directories-extras.cmake
[1.747s] -- Installing: /home/cyberdog_ws/install/share/cyberdog_debug/cmake/cyberdog_debugConfig.cmake
[1.747s] -- Installing: /home/cyberdog_ws/install/share/cyberdog_debug/cmake/cyberdog_debugConfig-version.cmake
[1.747s] -- Installing: /home/cyberdog_ws/install/share/cyberdog_debug/package.xml
[1.750s] Invoked command in '/home/cyberdog_ws/build/cyberdog_debug' returned '0': AMENT_PREFIX_PATH=/home/cyberdog_ws/install:${AMENT_PREFIX_PATH} CMAKE_PREFIX_PATH=/home/cyberdog_ws/install:/opt/ros/galactic LD_LIBRARY_PATH=/home/cyberdog_ws/install/lib:${LD_LIBRARY_PATH} PYTHONPATH=/home/cyberdog_ws/install/lib/python3.8/site-packages:${PYTHONPATH} /usr/bin/cmake --install /home/cyberdog_ws/build/cyberdog_debug
