-- Install configuration: ""
-- Up-to-date: /home/cyberdog_ws/install/include
-- Up-to-date: /home/cyberdog_ws/install/include/cpp_httplib
-- Up-to-date: /home/cyberdog_ws/install/include/cpp_httplib/httplib.h
-- Up-to-date: /home/cyberdog_ws/install/share/ament_index/resource_index/package_run_dependencies/cpp_httplib
-- Up-to-date: /home/cyberdog_ws/install/share/ament_index/resource_index/parent_prefix_path/cpp_httplib
-- Up-to-date: /home/cyberdog_ws/install/share/cpp_httplib/environment/ament_prefix_path.sh
-- Up-to-date: /home/cyberdog_ws/install/share/cpp_httplib/environment/ament_prefix_path.dsv
-- Up-to-date: /home/cyberdog_ws/install/share/cpp_httplib/environment/path.sh
-- Up-to-date: /home/cyberdog_ws/install/share/cpp_httplib/environment/path.dsv
-- Up-to-date: /home/cyberdog_ws/install/share/cpp_httplib/local_setup.bash
-- Up-to-date: /home/cyberdog_ws/install/share/cpp_httplib/local_setup.sh
-- Up-to-date: /home/cyberdog_ws/install/share/cpp_httplib/local_setup.zsh
-- Up-to-date: /home/cyberdog_ws/install/share/cpp_httplib/local_setup.dsv
-- Installing: /home/cyberdog_ws/install/share/cpp_httplib/package.dsv
-- Up-to-date: /home/cyberdog_ws/install/share/ament_index/resource_index/packages/cpp_httplib
-- Up-to-date: /home/cyberdog_ws/install/share/cpp_httplib/cmake/ament_cmake_export_include_directories-extras.cmake
-- Up-to-date: /home/cyberdog_ws/install/share/cpp_httplib/cmake/cpp_httplibConfig.cmake
-- Up-to-date: /home/cyberdog_ws/install/share/cpp_httplib/cmake/cpp_httplibConfig-version.cmake
-- Up-to-date: /home/cyberdog_ws/install/share/cpp_httplib/package.xml
