[0.046s] Invoking command in '/home/cyberdog_ws/build/cpp_httplib': CMAKE_PREFIX_PATH=${CMAKE_PREFIX_PATH}:/opt/ros/galactic /usr/bin/cmake --build /home/cyberdog_ws/build/cpp_httplib -- -j16 -l16
[0.114s] Invoked command in '/home/cyberdog_ws/build/cpp_httplib' returned '0': CMAKE_PREFIX_PATH=${CMAKE_PREFIX_PATH}:/opt/ros/galactic /usr/bin/cmake --build /home/cyberdog_ws/build/cpp_httplib -- -j16 -l16
[0.154s] Invoking command in '/home/cyberdog_ws/build/cpp_httplib': CMAKE_PREFIX_PATH=${CMAKE_PREFIX_PATH}:/opt/ros/galactic /usr/bin/cmake --install /home/cyberdog_ws/build/cpp_httplib
[0.170s] -- Install configuration: ""
[0.170s] -- Up-to-date: /home/cyberdog_ws/install/include
[0.170s] -- Up-to-date: /home/cyberdog_ws/install/include/cpp_httplib
[0.171s] -- Up-to-date: /home/cyberdog_ws/install/include/cpp_httplib/httplib.h
[0.171s] -- Up-to-date: /home/cyberdog_ws/install/share/ament_index/resource_index/package_run_dependencies/cpp_httplib
[0.171s] -- Up-to-date: /home/cyberdog_ws/install/share/ament_index/resource_index/parent_prefix_path/cpp_httplib
[0.171s] -- Up-to-date: /home/cyberdog_ws/install/share/cpp_httplib/environment/ament_prefix_path.sh
[0.171s] -- Up-to-date: /home/cyberdog_ws/install/share/cpp_httplib/environment/ament_prefix_path.dsv
[0.171s] -- Up-to-date: /home/cyberdog_ws/install/share/cpp_httplib/environment/path.sh
[0.171s] -- Up-to-date: /home/cyberdog_ws/install/share/cpp_httplib/environment/path.dsv
[0.171s] -- Up-to-date: /home/cyberdog_ws/install/share/cpp_httplib/local_setup.bash
[0.171s] -- Up-to-date: /home/cyberdog_ws/install/share/cpp_httplib/local_setup.sh
[0.171s] -- Up-to-date: /home/cyberdog_ws/install/share/cpp_httplib/local_setup.zsh
[0.172s] -- Up-to-date: /home/cyberdog_ws/install/share/cpp_httplib/local_setup.dsv
[0.172s] -- Installing: /home/cyberdog_ws/install/share/cpp_httplib/package.dsv
[0.172s] -- Up-to-date: /home/cyberdog_ws/install/share/ament_index/resource_index/packages/cpp_httplib
[0.172s] -- Up-to-date: /home/cyberdog_ws/install/share/cpp_httplib/cmake/ament_cmake_export_include_directories-extras.cmake
[0.172s] -- Up-to-date: /home/cyberdog_ws/install/share/cpp_httplib/cmake/cpp_httplibConfig.cmake
[0.172s] -- Up-to-date: /home/cyberdog_ws/install/share/cpp_httplib/cmake/cpp_httplibConfig-version.cmake
[0.172s] -- Up-to-date: /home/cyberdog_ws/install/share/cpp_httplib/package.xml
[0.220s] Invoked command in '/home/cyberdog_ws/build/cpp_httplib' returned '0': CMAKE_PREFIX_PATH=${CMAKE_PREFIX_PATH}:/opt/ros/galactic /usr/bin/cmake --install /home/cyberdog_ws/build/cpp_httplib
