[100%] Built target skin_manager
-- Install configuration: ""
-- Up-to-date: /home/cyberdog_ws/install/include
-- Up-to-date: /home/cyberdog_ws/install/include/skin_manager
-- Up-to-date: /home/cyberdog_ws/install/include/skin_manager/skin_manager.hpp
-- Up-to-date: /home/cyberdog_ws/install/lib/libskin_manager.so
-- Up-to-date: /home/cyberdog_ws/install/include/
-- Up-to-date: /home/cyberdog_ws/install/include//skin_manager
-- Up-to-date: /home/cyberdog_ws/install/include//skin_manager/skin_manager.hpp
-- Up-to-date: /home/cyberdog_ws/install/share/skin_manager/config/
-- Up-to-date: /home/cyberdog_ws/install/share/skin_manager/config//elec_skin.toml
-- Up-to-date: /home/cyberdog_ws/install/share/skin_manager/environment/library_path.sh
-- Up-to-date: /home/cyberdog_ws/install/share/skin_manager/environment/library_path.dsv
-- Up-to-date: /home/cyberdog_ws/install/share/ament_index/resource_index/package_run_dependencies/skin_manager
-- Up-to-date: /home/cyberdog_ws/install/share/ament_index/resource_index/parent_prefix_path/skin_manager
-- Up-to-date: /home/cyberdog_ws/install/share/skin_manager/environment/ament_prefix_path.sh
-- Up-to-date: /home/cyberdog_ws/install/share/skin_manager/environment/ament_prefix_path.dsv
-- Up-to-date: /home/cyberdog_ws/install/share/skin_manager/environment/path.sh
-- Up-to-date: /home/cyberdog_ws/install/share/skin_manager/environment/path.dsv
-- Up-to-date: /home/cyberdog_ws/install/share/skin_manager/local_setup.bash
-- Up-to-date: /home/cyberdog_ws/install/share/skin_manager/local_setup.sh
-- Up-to-date: /home/cyberdog_ws/install/share/skin_manager/local_setup.zsh
-- Up-to-date: /home/cyberdog_ws/install/share/skin_manager/local_setup.dsv
-- Installing: /home/cyberdog_ws/install/share/skin_manager/package.dsv
-- Up-to-date: /home/cyberdog_ws/install/share/ament_index/resource_index/packages/skin_manager
-- Up-to-date: /home/cyberdog_ws/install/share/skin_manager/cmake/ament_cmake_export_libraries-extras.cmake
-- Up-to-date: /home/cyberdog_ws/install/share/skin_manager/cmake/ament_cmake_export_dependencies-extras.cmake
-- Up-to-date: /home/cyberdog_ws/install/share/skin_manager/cmake/skin_managerConfig.cmake
-- Up-to-date: /home/cyberdog_ws/install/share/skin_manager/cmake/skin_managerConfig-version.cmake
-- Up-to-date: /home/cyberdog_ws/install/share/skin_manager/package.xml
