-- The C compiler identification is GNU 9.4.0
-- The CXX compiler identification is GNU 9.4.0
-- Check for working C compiler: /usr/bin/cc
-- Check for working C compiler: /usr/bin/cc -- works
-- Detecting C compiler ABI info
-- Detecting C compiler ABI info - done
-- Detecting C compile features
-- Detecting C compile features - done
-- Check for working CXX compiler: /usr/bin/c++
-- Check for working CXX compiler: /usr/bin/c++ -- works
-- Detecting CXX compiler ABI info
-- Detecting CXX compiler ABI info - done
-- Detecting CXX compile features
-- Detecting CXX compile features - done
-- Found ament_cmake: 1.1.6 (/opt/ros/galactic/share/ament_cmake/cmake)
-- Found PythonInterp: /usr/bin/python3 (found suitable version "3.8.10", minimum required is "3") 
-- Using PYTHON_EXECUTABLE: /usr/bin/python3
-- Configuring done
-- Generating done
-- Build files have been written to: /home/cyberdog_ws/build/cyberdog_machine
-- Install configuration: ""
-- Up-to-date: /home/cyberdog_ws/install/include/
-- Installing: /home/cyberdog_ws/install/include//cyberdog_machine
-- Installing: /home/cyberdog_ws/install/include//cyberdog_machine/cyberdog_heartbeats.hpp
-- Installing: /home/cyberdog_ws/install/include//cyberdog_machine/cyberdog_fs_machine.hpp
-- Installing: /home/cyberdog_ws/install/lib/cyberdog_machine/fs_machine_config.toml
-- Installing: /home/cyberdog_ws/install/share/ament_index/resource_index/package_run_dependencies/cyberdog_machine
-- Installing: /home/cyberdog_ws/install/share/ament_index/resource_index/parent_prefix_path/cyberdog_machine
-- Installing: /home/cyberdog_ws/install/share/cyberdog_machine/environment/ament_prefix_path.sh
-- Installing: /home/cyberdog_ws/install/share/cyberdog_machine/environment/ament_prefix_path.dsv
-- Installing: /home/cyberdog_ws/install/share/cyberdog_machine/environment/path.sh
-- Installing: /home/cyberdog_ws/install/share/cyberdog_machine/environment/path.dsv
-- Installing: /home/cyberdog_ws/install/share/cyberdog_machine/local_setup.bash
-- Installing: /home/cyberdog_ws/install/share/cyberdog_machine/local_setup.sh
-- Installing: /home/cyberdog_ws/install/share/cyberdog_machine/local_setup.zsh
-- Installing: /home/cyberdog_ws/install/share/cyberdog_machine/local_setup.dsv
-- Installing: /home/cyberdog_ws/install/share/cyberdog_machine/package.dsv
-- Installing: /home/cyberdog_ws/install/share/ament_index/resource_index/packages/cyberdog_machine
-- Installing: /home/cyberdog_ws/install/share/cyberdog_machine/cmake/cyberdog_machineConfig.cmake
-- Installing: /home/cyberdog_ws/install/share/cyberdog_machine/cmake/cyberdog_machineConfig-version.cmake
-- Installing: /home/cyberdog_ws/install/share/cyberdog_machine/package.xml
