[0.039s] Invoking command in '/home/cyberdog_ws/build/cpp_httplib': CMAKE_PREFIX_PATH=/opt/ros/galactic /usr/bin/cmake /home/cyberdog_ws/src/cyberdog_ws/third_party/cpp_httplib -DCMAKE_INSTALL_PREFIX=/home/cyberdog_ws/install
[0.108s] -- The C compiler identification is GNU 9.4.0
[0.171s] -- The CXX compiler identification is GNU 9.4.0
[0.176s] -- Check for working C compiler: /usr/bin/cc
[0.256s] -- Check for working C compiler: /usr/bin/cc -- works
[0.256s] -- Detecting C compiler ABI info
[0.333s] -- Detecting C compiler ABI info - done
[0.347s] -- Detecting C compile features
[0.347s] -- Detecting C compile features - done
[0.350s] -- Check for working CXX compiler: /usr/bin/c++
[0.439s] -- Check for working CXX compiler: /usr/bin/c++ -- works
[0.440s] -- Detecting CXX compiler ABI info
[0.526s] -- Detecting CXX compiler ABI info - done
[0.537s] -- Detecting CXX compile features
[0.538s] -- Detecting CXX compile features - done
[0.541s] -- Found ament_cmake: 1.1.6 (/opt/ros/galactic/share/ament_cmake/cmake)
[0.566s] -- Found PythonInterp: /usr/bin/python3 (found suitable version "3.8.10", minimum required is "3") 
[0.567s] -- Using PYTHON_EXECUTABLE: /usr/bin/python3
[0.658s] -- Found ament_lint_auto: 0.10.7 (/opt/ros/galactic/share/ament_lint_auto/cmake)
[0.739s] -- Added test 'copyright' to check source files copyright and LICENSE
[0.740s] -- Added test 'cppcheck' to perform static code analysis on C / C++ code
[0.741s] -- Configured cppcheck include dirs: 
[0.741s] -- Configured cppcheck exclude dirs and/or files: 
[0.741s] -- Added test 'cpplint' to check C / C++ code against the Google style
[0.741s] -- Configured cpplint exclude dirs and/or files: 
[0.742s] -- Added test 'lint_cmake' to check CMake code style
[0.743s] -- Added test 'uncrustify' to check C / C++ code style
[0.743s] -- Configured uncrustify additional arguments: 
[0.743s] -- Added test 'xmllint' to check XML markup files
[0.746s] -- Configuring done
[0.748s] -- Generating done
[0.749s] -- Build files have been written to: /home/cyberdog_ws/build/cpp_httplib
[0.753s] Invoked command in '/home/cyberdog_ws/build/cpp_httplib' returned '0': CMAKE_PREFIX_PATH=/opt/ros/galactic /usr/bin/cmake /home/cyberdog_ws/src/cyberdog_ws/third_party/cpp_httplib -DCMAKE_INSTALL_PREFIX=/home/cyberdog_ws/install
[0.755s] Invoking command in '/home/cyberdog_ws/build/cpp_httplib': CMAKE_PREFIX_PATH=/opt/ros/galactic /usr/bin/cmake --build /home/cyberdog_ws/build/cpp_httplib -- -j16 -l16
[0.800s] Invoked command in '/home/cyberdog_ws/build/cpp_httplib' returned '0': CMAKE_PREFIX_PATH=/opt/ros/galactic /usr/bin/cmake --build /home/cyberdog_ws/build/cpp_httplib -- -j16 -l16
[0.826s] Invoking command in '/home/cyberdog_ws/build/cpp_httplib': CMAKE_PREFIX_PATH=/opt/ros/galactic /usr/bin/cmake --install /home/cyberdog_ws/build/cpp_httplib
[0.836s] -- Install configuration: ""
[0.836s] -- Up-to-date: /home/cyberdog_ws/install/include
[0.837s] -- Installing: /home/cyberdog_ws/install/include/cpp_httplib
[0.837s] -- Installing: /home/cyberdog_ws/install/include/cpp_httplib/httplib.h
[0.837s] -- Installing: /home/cyberdog_ws/install/share/ament_index/resource_index/package_run_dependencies/cpp_httplib
[0.837s] -- Installing: /home/cyberdog_ws/install/share/ament_index/resource_index/parent_prefix_path/cpp_httplib
[0.837s] -- Installing: /home/cyberdog_ws/install/share/cpp_httplib/environment/ament_prefix_path.sh
[0.837s] -- Installing: /home/cyberdog_ws/install/share/cpp_httplib/environment/ament_prefix_path.dsv
[0.838s] -- Installing: /home/cyberdog_ws/install/share/cpp_httplib/environment/path.sh
[0.838s] -- Installing: /home/cyberdog_ws/install/share/cpp_httplib/environment/path.dsv
[0.838s] -- Installing: /home/cyberdog_ws/install/share/cpp_httplib/local_setup.bash
[0.838s] -- Installing: /home/cyberdog_ws/install/share/cpp_httplib/local_setup.sh
[0.838s] -- Installing: /home/cyberdog_ws/install/share/cpp_httplib/local_setup.zsh
[0.838s] -- Installing: /home/cyberdog_ws/install/share/cpp_httplib/local_setup.dsv
[0.838s] -- Installing: /home/cyberdog_ws/install/share/cpp_httplib/package.dsv
[0.838s] -- Installing: /home/cyberdog_ws/install/share/ament_index/resource_index/packages/cpp_httplib
[0.838s] -- Installing: /home/cyberdog_ws/install/share/cpp_httplib/cmake/ament_cmake_export_include_directories-extras.cmake
[0.838s] -- Installing: /home/cyberdog_ws/install/share/cpp_httplib/cmake/cpp_httplibConfig.cmake
[0.838s] -- Installing: /home/cyberdog_ws/install/share/cpp_httplib/cmake/cpp_httplibConfig-version.cmake
[0.839s] -- Installing: /home/cyberdog_ws/install/share/cpp_httplib/package.xml
[0.844s] Invoked command in '/home/cyberdog_ws/build/cpp_httplib' returned '0': CMAKE_PREFIX_PATH=/opt/ros/galactic /usr/bin/cmake --install /home/cyberdog_ws/build/cpp_httplib
