-- Found ament_cmake: 1.1.6 (/opt/ros/galactic/share/ament_cmake/cmake)
-- Using PYTHON_EXECUTABLE: /usr/bin/python3
-- Found rclcpp: 9.2.2 (/opt/ros/galactic/share/rclcpp/cmake)
-- Using all available rosidl_typesupport_c: rosidl_typesupport_fastrtps_c;rosidl_typesupport_introspection_c
-- Found rosidl_adapter: 2.2.3 (/opt/ros/galactic/share/rosidl_adapter/cmake)
-- Using all available rosidl_typesupport_cpp: rosidl_typesupport_fastrtps_cpp;rosidl_typesupport_introspection_cpp
-- Found rmw_implementation_cmake: 3.3.1 (/opt/ros/galactic/share/rmw_implementation_cmake/cmake)
-- Found rmw_cyclonedds_cpp: 0.22.6 (/opt/ros/galactic/share/rmw_cyclonedds_cpp/cmake)
-- Using RMW implementation 'rmw_cyclonedds_cpp' as default
-- Found toml: 0.0.0 (/home/cyberdog_ws/install/share/toml/cmake)
-- Found cyberdog_common: 0.0.0 (/home/cyberdog_ws/install/share/cyberdog_common/cmake)
-- Found cyberdog_embed_protocol: 1.0.0 (/home/cyberdog_ws/install/share/cyberdog_embed_protocol/cmake)
-- Found ament_lint_auto: 0.10.7 (/opt/ros/galactic/share/ament_lint_auto/cmake)
-- Added test 'copyright' to check source files copyright and LICENSE
-- Added test 'cppcheck' to perform static code analysis on C / C++ code
-- Configured cppcheck include dirs: /home/cyberdog_ws/src/motion/elec_skin/include
-- Configured cppcheck exclude dirs and/or files: 
-- Added test 'cpplint' to check C / C++ code against the Google style
-- Configured cpplint exclude dirs and/or files: 
-- Added test 'lint_cmake' to check CMake code style
-- Added test 'uncrustify' to check C / C++ code style
-- Configured uncrustify additional arguments: 
-- Added test 'xmllint' to check XML markup files
-- Configuring done
-- Generating done
-- Build files have been written to: /home/cyberdog_ws/build/elec_skin
[35m[1mScanning dependencies of target elec_skin[0m
[ 50%] [32mBuilding CXX object CMakeFiles/elec_skin.dir/src/main.cpp.o[0m
[100%] [32m[1mLinking CXX executable elec_skin[0m
[100%] Built target elec_skin
-- Install configuration: ""
-- Up-to-date: /home/cyberdog_ws/install/include
-- Installing: /home/cyberdog_ws/install/include/elec_skin
-- Installing: /home/cyberdog_ws/install/include/elec_skin/elec_skin_base.hpp
-- Installing: /home/cyberdog_ws/install/include/elec_skin/elec_skin.hpp
-- Installing: /home/cyberdog_ws/install/lib/elec_skin/elec_skin
-- Set runtime path of "/home/cyberdog_ws/install/lib/elec_skin/elec_skin" to ""
-- Up-to-date: /home/cyberdog_ws/install/include/
-- Up-to-date: /home/cyberdog_ws/install/include//elec_skin
-- Up-to-date: /home/cyberdog_ws/install/include//elec_skin/elec_skin_base.hpp
-- Up-to-date: /home/cyberdog_ws/install/include//elec_skin/elec_skin.hpp
-- Installing: /home/cyberdog_ws/install/share/elec_skin/toml_config/
-- Installing: /home/cyberdog_ws/install/share/elec_skin/toml_config//elec_skin.toml
-- Installing: /home/cyberdog_ws/install/share/ament_index/resource_index/package_run_dependencies/elec_skin
-- Installing: /home/cyberdog_ws/install/share/ament_index/resource_index/parent_prefix_path/elec_skin
-- Installing: /home/cyberdog_ws/install/share/elec_skin/environment/ament_prefix_path.sh
-- Installing: /home/cyberdog_ws/install/share/elec_skin/environment/ament_prefix_path.dsv
-- Installing: /home/cyberdog_ws/install/share/elec_skin/environment/path.sh
-- Installing: /home/cyberdog_ws/install/share/elec_skin/environment/path.dsv
-- Installing: /home/cyberdog_ws/install/share/elec_skin/local_setup.bash
-- Installing: /home/cyberdog_ws/install/share/elec_skin/local_setup.sh
-- Installing: /home/cyberdog_ws/install/share/elec_skin/local_setup.zsh
-- Installing: /home/cyberdog_ws/install/share/elec_skin/local_setup.dsv
-- Installing: /home/cyberdog_ws/install/share/elec_skin/package.dsv
-- Installing: /home/cyberdog_ws/install/share/ament_index/resource_index/packages/elec_skin
-- Installing: /home/cyberdog_ws/install/share/elec_skin/cmake/elec_skinConfig.cmake
-- Installing: /home/cyberdog_ws/install/share/elec_skin/cmake/elec_skinConfig-version.cmake
-- Installing: /home/cyberdog_ws/install/share/elec_skin/package.xml
