-- The C compiler identification is GNU 9.4.0
-- The CXX compiler identification is GNU 9.4.0
-- Check for working C compiler: /usr/bin/cc
-- Check for working C compiler: /usr/bin/cc -- works
-- Detecting C compiler ABI info
-- Detecting C compiler ABI info - done
-- Detecting C compile features
-- Detecting C compile features - done
-- Check for working CXX compiler: /usr/bin/c++
-- Check for working CXX compiler: /usr/bin/c++ -- works
-- Detecting CXX compiler ABI info
-- Detecting CXX compiler ABI info - done
-- Detecting CXX compile features
-- Detecting CXX compile features - done
-- Found ament_cmake: 1.1.6 (/opt/ros/galactic/share/ament_cmake/cmake)
-- Found PythonInterp: /usr/bin/python3 (found suitable version "3.8.10", minimum required is "3") 
-- Using PYTHON_EXECUTABLE: /usr/bin/python3
-- Found rapidjson: 0.0.0 (/home/cyberdog_ws/install/share/rapidjson/cmake)
-- Found toml: 0.0.0 (/home/cyberdog_ws/install/share/toml/cmake)
-- Found rclcpp: 9.2.2 (/opt/ros/galactic/share/rclcpp/cmake)
-- Using all available rosidl_typesupport_c: rosidl_typesupport_fastrtps_c;rosidl_typesupport_introspection_c
-- Found rosidl_adapter: 2.2.3 (/opt/ros/galactic/share/rosidl_adapter/cmake)
-- Found OpenSSL: /usr/lib/x86_64-linux-gnu/libcrypto.so (found version "1.1.1f")  
-- Found FastRTPS: /opt/ros/galactic/include  
-- Using all available rosidl_typesupport_cpp: rosidl_typesupport_fastrtps_cpp;rosidl_typesupport_introspection_cpp
-- Found rmw_implementation_cmake: 3.3.1 (/opt/ros/galactic/share/rmw_implementation_cmake/cmake)
-- Found rmw_cyclonedds_cpp: 0.22.6 (/opt/ros/galactic/share/rmw_cyclonedds_cpp/cmake)
-- Using RMW implementation 'rmw_cyclonedds_cpp' as default
-- Looking for pthread.h
-- Looking for pthread.h - found
-- Performing Test CMAKE_HAVE_LIBC_PTHREAD
-- Performing Test CMAKE_HAVE_LIBC_PTHREAD - Failed
-- Looking for pthread_create in pthreads
-- Looking for pthread_create in pthreads - not found
-- Looking for pthread_create in pthread
-- Looking for pthread_create in pthread - found
-- Found Threads: TRUE  
-- Found std_srvs: 2.2.4 (/opt/ros/galactic/share/std_srvs/cmake)
-- Found xpack: 0.0.0 (/home/cyberdog_ws/install/share/xpack/cmake)
-- Found ament_lint_auto: 0.10.7 (/opt/ros/galactic/share/ament_lint_auto/cmake)
CMake Error at CMakeLists.txt:135 (find_package):
  By not providing "Findprotocol.cmake" in CMAKE_MODULE_PATH this project has
  asked CMake to find a package configuration file provided by "protocol",
  but CMake did not find one.

  Could not find a package configuration file provided by "protocol" with any
  of the following names:

    protocolConfig.cmake
    protocol-config.cmake

  Add the installation prefix of "protocol" to CMAKE_PREFIX_PATH or set
  "protocol_DIR" to a directory containing one of the above files.  If
  "protocol" provides a separate development package or SDK, be sure it has
  been installed.


-- Configuring incomplete, errors occurred!
See also "/home/cyberdog_ws/build/cyberdog_common/CMakeFiles/CMakeOutput.log".
See also "/home/cyberdog_ws/build/cyberdog_common/CMakeFiles/CMakeError.log".
