[0.025s] Invoking command in '/home/cyberdog_ws/build/xpack': CMAKE_PREFIX_PATH=/opt/ros/galactic /usr/bin/cmake --build /home/cyberdog_ws/build/xpack -- -j16 -l16
[0.066s] Invoked command in '/home/cyberdog_ws/build/xpack' returned '0': CMAKE_PREFIX_PATH=/opt/ros/galactic /usr/bin/cmake --build /home/cyberdog_ws/build/xpack -- -j16 -l16
[0.095s] Invoking command in '/home/cyberdog_ws/build/xpack': CMAKE_PREFIX_PATH=/opt/ros/galactic /usr/bin/cmake --install /home/cyberdog_ws/build/xpack
[0.112s] -- Install configuration: ""
[0.112s] -- Up-to-date: /home/cyberdog_ws/install/include
[0.112s] -- Up-to-date: /home/cyberdog_ws/install/include/xpack
[0.112s] -- Up-to-date: /home/cyberdog_ws/install/include/xpack/numeric.h
[0.112s] -- Up-to-date: /home/cyberdog_ws/install/include/xpack/json_decoder.h
[0.112s] -- Up-to-date: /home/cyberdog_ws/install/include/xpack/xencoder.h
[0.112s] -- Up-to-date: /home/cyberdog_ws/install/include/xpack/rapidjson_custom.h
[0.112s] -- Up-to-date: /home/cyberdog_ws/install/include/xpack/thirdparty
[0.113s] -- Up-to-date: /home/cyberdog_ws/install/include/xpack/thirdparty/rapidjson
[0.113s] -- Up-to-date: /home/cyberdog_ws/install/include/xpack/thirdparty/rapidjson/stream.h
[0.113s] -- Up-to-date: /home/cyberdog_ws/install/include/xpack/thirdparty/rapidjson/schema.h
[0.113s] -- Up-to-date: /home/cyberdog_ws/install/include/xpack/thirdparty/rapidjson/cursorstreamwrapper.h
[0.113s] -- Up-to-date: /home/cyberdog_ws/install/include/xpack/thirdparty/rapidjson/ostreamwrapper.h
[0.113s] -- Up-to-date: /home/cyberdog_ws/install/include/xpack/thirdparty/rapidjson/allocators.h
[0.113s] -- Up-to-date: /home/cyberdog_ws/install/include/xpack/thirdparty/rapidjson/istreamwrapper.h
[0.113s] -- Up-to-date: /home/cyberdog_ws/install/include/xpack/thirdparty/rapidjson/filereadstream.h
[0.113s] -- Up-to-date: /home/cyberdog_ws/install/include/xpack/thirdparty/rapidjson/reader.h
[0.113s] -- Up-to-date: /home/cyberdog_ws/install/include/xpack/thirdparty/rapidjson/pointer.h
[0.113s] -- Up-to-date: /home/cyberdog_ws/install/include/xpack/thirdparty/rapidjson/memorybuffer.h
[0.113s] -- Up-to-date: /home/cyberdog_ws/install/include/xpack/thirdparty/rapidjson/document.h
[0.113s] -- Up-to-date: /home/cyberdog_ws/install/include/xpack/thirdparty/rapidjson/encodings.h
[0.113s] -- Up-to-date: /home/cyberdog_ws/install/include/xpack/thirdparty/rapidjson/writer.h
[0.114s] -- Up-to-date: /home/cyberdog_ws/install/include/xpack/thirdparty/rapidjson/fwd.h
[0.114s] -- Up-to-date: /home/cyberdog_ws/install/include/xpack/thirdparty/rapidjson/prettywriter.h
[0.114s] -- Up-to-date: /home/cyberdog_ws/install/include/xpack/thirdparty/rapidjson/stringbuffer.h
[0.114s] -- Up-to-date: /home/cyberdog_ws/install/include/xpack/thirdparty/rapidjson/filewritestream.h
[0.114s] -- Up-to-date: /home/cyberdog_ws/install/include/xpack/thirdparty/rapidjson/memorystream.h
[0.114s] -- Up-to-date: /home/cyberdog_ws/install/include/xpack/thirdparty/rapidjson/rapidjson.h
[0.114s] -- Up-to-date: /home/cyberdog_ws/install/include/xpack/thirdparty/rapidjson/encodedstream.h
[0.114s] -- Up-to-date: /home/cyberdog_ws/install/include/xpack/thirdparty/rapidjson/internal
[0.114s] -- Up-to-date: /home/cyberdog_ws/install/include/xpack/thirdparty/rapidjson/internal/stack.h
[0.114s] -- Up-to-date: /home/cyberdog_ws/install/include/xpack/thirdparty/rapidjson/internal/swap.h
[0.114s] -- Up-to-date: /home/cyberdog_ws/install/include/xpack/thirdparty/rapidjson/internal/diyfp.h
[0.114s] -- Up-to-date: /home/cyberdog_ws/install/include/xpack/thirdparty/rapidjson/internal/pow10.h
[0.114s] -- Up-to-date: /home/cyberdog_ws/install/include/xpack/thirdparty/rapidjson/internal/itoa.h
[0.114s] -- Up-to-date: /home/cyberdog_ws/install/include/xpack/thirdparty/rapidjson/internal/ieee754.h
[0.114s] -- Up-to-date: /home/cyberdog_ws/install/include/xpack/thirdparty/rapidjson/internal/biginteger.h
[0.115s] -- Up-to-date: /home/cyberdog_ws/install/include/xpack/thirdparty/rapidjson/internal/regex.h
[0.115s] -- Up-to-date: /home/cyberdog_ws/install/include/xpack/thirdparty/rapidjson/internal/strfunc.h
[0.115s] -- Up-to-date: /home/cyberdog_ws/install/include/xpack/thirdparty/rapidjson/internal/dtoa.h
[0.115s] -- Up-to-date: /home/cyberdog_ws/install/include/xpack/thirdparty/rapidjson/internal/strtod.h
[0.115s] -- Up-to-date: /home/cyberdog_ws/install/include/xpack/thirdparty/rapidjson/internal/meta.h
[0.115s] -- Up-to-date: /home/cyberdog_ws/install/include/xpack/thirdparty/rapidjson/msinttypes
[0.115s] -- Up-to-date: /home/cyberdog_ws/install/include/xpack/thirdparty/rapidjson/msinttypes/stdint.h
[0.115s] -- Up-to-date: /home/cyberdog_ws/install/include/xpack/thirdparty/rapidjson/msinttypes/inttypes.h
[0.115s] -- Up-to-date: /home/cyberdog_ws/install/include/xpack/thirdparty/rapidjson/error
[0.115s] -- Up-to-date: /home/cyberdog_ws/install/include/xpack/thirdparty/rapidjson/error/error.h
[0.115s] -- Up-to-date: /home/cyberdog_ws/install/include/xpack/thirdparty/rapidjson/error/en.h
[0.115s] -- Up-to-date: /home/cyberdog_ws/install/include/xpack/xtype.h
[0.115s] -- Up-to-date: /home/cyberdog_ws/install/include/xpack/json.h
[0.115s] -- Up-to-date: /home/cyberdog_ws/install/include/xpack/l1l2_expand.h
[0.115s] -- Up-to-date: /home/cyberdog_ws/install/include/xpack/xpack.h
[0.116s] -- Up-to-date: /home/cyberdog_ws/install/include/xpack/json_encoder.h
[0.116s] -- Up-to-date: /home/cyberdog_ws/install/include/xpack/xml_decoder.h
[0.116s] -- Up-to-date: /home/cyberdog_ws/install/include/xpack/util.h
[0.116s] -- Up-to-date: /home/cyberdog_ws/install/include/xpack/xml_encoder.h
[0.116s] -- Up-to-date: /home/cyberdog_ws/install/include/xpack/json_data.h
[0.116s] -- Up-to-date: /home/cyberdog_ws/install/include/xpack/config.h
[0.116s] -- Up-to-date: /home/cyberdog_ws/install/include/xpack/traits.h
[0.116s] -- Up-to-date: /home/cyberdog_ws/install/include/xpack/xdecoder.h
[0.116s] -- Up-to-date: /home/cyberdog_ws/install/include/xpack/extend.h
[0.116s] -- Up-to-date: /home/cyberdog_ws/install/include/xpack/xml.h
[0.116s] -- Up-to-date: /home/cyberdog_ws/install/share/ament_index/resource_index/package_run_dependencies/xpack
[0.116s] -- Up-to-date: /home/cyberdog_ws/install/share/ament_index/resource_index/parent_prefix_path/xpack
[0.116s] -- Up-to-date: /home/cyberdog_ws/install/share/xpack/environment/ament_prefix_path.sh
[0.116s] -- Up-to-date: /home/cyberdog_ws/install/share/xpack/environment/ament_prefix_path.dsv
[0.116s] -- Up-to-date: /home/cyberdog_ws/install/share/xpack/environment/path.sh
[0.116s] -- Up-to-date: /home/cyberdog_ws/install/share/xpack/environment/path.dsv
[0.116s] -- Up-to-date: /home/cyberdog_ws/install/share/xpack/local_setup.bash
[0.116s] -- Up-to-date: /home/cyberdog_ws/install/share/xpack/local_setup.sh
[0.116s] -- Up-to-date: /home/cyberdog_ws/install/share/xpack/local_setup.zsh
[0.116s] -- Up-to-date: /home/cyberdog_ws/install/share/xpack/local_setup.dsv
[0.117s] -- Installing: /home/cyberdog_ws/install/share/xpack/package.dsv
[0.117s] -- Up-to-date: /home/cyberdog_ws/install/share/ament_index/resource_index/packages/xpack
[0.117s] -- Up-to-date: /home/cyberdog_ws/install/share/xpack/cmake/ament_cmake_export_include_directories-extras.cmake
[0.117s] -- Up-to-date: /home/cyberdog_ws/install/share/xpack/cmake/xpackConfig.cmake
[0.117s] -- Up-to-date: /home/cyberdog_ws/install/share/xpack/cmake/xpackConfig-version.cmake
[0.117s] -- Up-to-date: /home/cyberdog_ws/install/share/xpack/package.xml
[0.144s] Invoked command in '/home/cyberdog_ws/build/xpack' returned '0': CMAKE_PREFIX_PATH=/opt/ros/galactic /usr/bin/cmake --install /home/cyberdog_ws/build/xpack
