[0.102s] DEBUG:colcon:Command line arguments: ['/usr/bin/colcon', 'build', '--merge-install', '--packages-up-to', 'motion_manager']
[0.102s] DEBUG:colcon:Parsed command line arguments: Namespace(ament_cmake_args=None, base_paths=['.'], build_base='build', catkin_cmake_args=None, catkin_skip_building_tests=False, cmake_args=None, cmake_clean_cache=False, cmake_clean_first=False, cmake_force_configure=False, cmake_target=None, cmake_target_skip_unavailable=False, continue_on_error=False, event_handlers=None, executor='parallel', ignore_user_meta=False, install_base='install', log_base=None, log_level=None, main=<bound method BuildVerb.main of <colcon_core.verb.build.BuildVerb object at 0x7f4e16ab6940>>, merge_install=True, metas=['./colcon.meta'], mixin=None, mixin_files=None, mixin_verb=('build',), packages_above=None, packages_above_and_dependencies=None, packages_above_depth=None, packages_end=None, packages_ignore=None, packages_ignore_regex=None, packages_select=None, packages_select_build_failed=False, packages_select_by_dep=None, packages_select_regex=None, packages_select_test_failures=False, packages_skip=None, packages_skip_build_finished=False, packages_skip_by_dep=None, packages_skip_regex=None, packages_skip_test_passed=False, packages_skip_up_to=None, packages_start=None, packages_up_to=['motion_manager'], packages_up_to_regex=None, parallel_workers=16, paths=None, symlink_install=False, test_result_base=None, verb_extension=<colcon_core.verb.build.BuildVerb object at 0x7f4e16ab6940>, verb_name='build', verb_parser=<colcon_mixin.mixin.mixin_argument.MixinArgumentDecorator object at 0x7f4e16ab6f10>)
[0.116s] Level 1:colcon.colcon_core.package_discovery:discover_packages(colcon_meta) check parameters
[0.116s] INFO:colcon.colcon_metadata.package_discovery.colcon_meta:Using configuration from '/root/.colcon/metadata/default/Gazebo.meta'
[0.117s] INFO:colcon.colcon_metadata.package_discovery.colcon_meta:Using configuration from '/root/.colcon/metadata/default/fastrtps.meta'
[0.117s] Level 1:colcon.colcon_core.package_discovery:discover_packages(recursive) check parameters
[0.117s] Level 1:colcon.colcon_core.package_discovery:discover_packages(ignore) check parameters
[0.117s] Level 1:colcon.colcon_core.package_discovery:discover_packages(path) check parameters
[0.117s] Level 1:colcon.colcon_core.package_discovery:discover_packages(colcon_meta) discover
[0.117s] Level 1:colcon.colcon_core.package_discovery:discover_packages(recursive) discover
[0.117s] INFO:colcon.colcon_core.package_discovery:Crawling recursively for packages in '/home/cyberdog_ws'
[0.117s] Level 1:colcon.colcon_core.package_identification:_identify(.) by extensions ['ignore', 'ignore_ament_install']
[0.117s] Level 1:colcon.colcon_core.package_identification:_identify(.) by extension 'ignore'
[0.117s] Level 1:colcon.colcon_core.package_identification:_identify(.) by extension 'ignore_ament_install'
[0.117s] Level 1:colcon.colcon_core.package_identification:_identify(.) by extensions ['colcon_pkg']
[0.117s] Level 1:colcon.colcon_core.package_identification:_identify(.) by extension 'colcon_pkg'
[0.117s] Level 1:colcon.colcon_core.package_identification:_identify(.) by extensions ['colcon_meta']
[0.117s] Level 1:colcon.colcon_core.package_identification:_identify(.) by extension 'colcon_meta'
[0.117s] Level 1:colcon.colcon_core.package_identification:_identify(.) by extensions ['ros']
[0.117s] Level 1:colcon.colcon_core.package_identification:_identify(.) by extension 'ros'
[0.123s] Level 1:colcon.colcon_core.package_identification:_identify(.) by extensions ['cmake', 'python']
[0.124s] Level 1:colcon.colcon_core.package_identification:_identify(.) by extension 'cmake'
[0.124s] Level 1:colcon.colcon_core.package_identification:_identify(.) by extension 'python'
[0.124s] Level 1:colcon.colcon_core.package_identification:_identify(.) by extensions ['python_setup_py']
[0.124s] Level 1:colcon.colcon_core.package_identification:_identify(.) by extension 'python_setup_py'
[0.124s] Level 1:colcon.colcon_core.package_identification:_identify(build) by extensions ['ignore', 'ignore_ament_install']
[0.124s] Level 1:colcon.colcon_core.package_identification:_identify(build) by extension 'ignore'
[0.124s] Level 1:colcon.colcon_core.package_identification:_identify(build) ignored
[0.124s] Level 1:colcon.colcon_core.package_identification:_identify(install) by extensions ['ignore', 'ignore_ament_install']
[0.124s] Level 1:colcon.colcon_core.package_identification:_identify(install) by extension 'ignore'
[0.124s] Level 1:colcon.colcon_core.package_identification:_identify(install) ignored
[0.124s] Level 1:colcon.colcon_core.package_identification:_identify(log) by extensions ['ignore', 'ignore_ament_install']
[0.124s] Level 1:colcon.colcon_core.package_identification:_identify(log) by extension 'ignore'
[0.124s] Level 1:colcon.colcon_core.package_identification:_identify(log) ignored
[0.124s] Level 1:colcon.colcon_core.package_identification:_identify(src) by extensions ['ignore', 'ignore_ament_install']
[0.124s] Level 1:colcon.colcon_core.package_identification:_identify(src) by extension 'ignore'
[0.124s] Level 1:colcon.colcon_core.package_identification:_identify(src) by extension 'ignore_ament_install'
[0.124s] Level 1:colcon.colcon_core.package_identification:_identify(src) by extensions ['colcon_pkg']
[0.124s] Level 1:colcon.colcon_core.package_identification:_identify(src) by extension 'colcon_pkg'
[0.124s] Level 1:colcon.colcon_core.package_identification:_identify(src) by extensions ['colcon_meta']
[0.124s] Level 1:colcon.colcon_core.package_identification:_identify(src) by extension 'colcon_meta'
[0.124s] Level 1:colcon.colcon_core.package_identification:_identify(src) by extensions ['ros']
[0.124s] Level 1:colcon.colcon_core.package_identification:_identify(src) by extension 'ros'
[0.124s] Level 1:colcon.colcon_core.package_identification:_identify(src) by extensions ['cmake', 'python']
[0.124s] Level 1:colcon.colcon_core.package_identification:_identify(src) by extension 'cmake'
[0.124s] Level 1:colcon.colcon_core.package_identification:_identify(src) by extension 'python'
[0.124s] Level 1:colcon.colcon_core.package_identification:_identify(src) by extensions ['python_setup_py']
[0.124s] Level 1:colcon.colcon_core.package_identification:_identify(src) by extension 'python_setup_py'
[0.124s] Level 1:colcon.colcon_core.package_identification:_identify(src/cyberdog_ws) by extensions ['ignore', 'ignore_ament_install']
[0.125s] Level 1:colcon.colcon_core.package_identification:_identify(src/cyberdog_ws) by extension 'ignore'
[0.125s] Level 1:colcon.colcon_core.package_identification:_identify(src/cyberdog_ws) by extension 'ignore_ament_install'
[0.125s] Level 1:colcon.colcon_core.package_identification:_identify(src/cyberdog_ws) by extensions ['colcon_pkg']
[0.125s] Level 1:colcon.colcon_core.package_identification:_identify(src/cyberdog_ws) by extension 'colcon_pkg'
[0.125s] Level 1:colcon.colcon_core.package_identification:_identify(src/cyberdog_ws) by extensions ['colcon_meta']
[0.125s] Level 1:colcon.colcon_core.package_identification:_identify(src/cyberdog_ws) by extension 'colcon_meta'
[0.125s] Level 1:colcon.colcon_core.package_identification:_identify(src/cyberdog_ws) by extensions ['ros']
[0.125s] Level 1:colcon.colcon_core.package_identification:_identify(src/cyberdog_ws) by extension 'ros'
[0.125s] Level 1:colcon.colcon_core.package_identification:_identify(src/cyberdog_ws) by extensions ['cmake', 'python']
[0.125s] Level 1:colcon.colcon_core.package_identification:_identify(src/cyberdog_ws) by extension 'cmake'
[0.125s] Level 1:colcon.colcon_core.package_identification:_identify(src/cyberdog_ws) by extension 'python'
[0.125s] Level 1:colcon.colcon_core.package_identification:_identify(src/cyberdog_ws) by extensions ['python_setup_py']
[0.125s] Level 1:colcon.colcon_core.package_identification:_identify(src/cyberdog_ws) by extension 'python_setup_py'
[0.125s] Level 1:colcon.colcon_core.package_identification:_identify(src/cyberdog_ws/cyberdog_bringup) by extensions ['ignore', 'ignore_ament_install']
[0.125s] Level 1:colcon.colcon_core.package_identification:_identify(src/cyberdog_ws/cyberdog_bringup) by extension 'ignore'
[0.125s] Level 1:colcon.colcon_core.package_identification:_identify(src/cyberdog_ws/cyberdog_bringup) by extension 'ignore_ament_install'
[0.125s] Level 1:colcon.colcon_core.package_identification:_identify(src/cyberdog_ws/cyberdog_bringup) by extensions ['colcon_pkg']
[0.125s] Level 1:colcon.colcon_core.package_identification:_identify(src/cyberdog_ws/cyberdog_bringup) by extension 'colcon_pkg'
[0.125s] Level 1:colcon.colcon_core.package_identification:_identify(src/cyberdog_ws/cyberdog_bringup) by extensions ['colcon_meta']
[0.125s] Level 1:colcon.colcon_core.package_identification:_identify(src/cyberdog_ws/cyberdog_bringup) by extension 'colcon_meta'
[0.125s] Level 1:colcon.colcon_core.package_identification:_identify(src/cyberdog_ws/cyberdog_bringup) by extensions ['ros']
[0.125s] Level 1:colcon.colcon_core.package_identification:_identify(src/cyberdog_ws/cyberdog_bringup) by extension 'ros'
[0.127s] DEBUG:colcon.colcon_core.package_identification:Package 'src/cyberdog_ws/cyberdog_bringup' with type 'ros.ament_cmake' and name 'cyberdog_bringup'
[0.127s] Level 1:colcon.colcon_core.package_identification:_identify(src/cyberdog_ws/third_party) by extensions ['ignore', 'ignore_ament_install']
[0.127s] Level 1:colcon.colcon_core.package_identification:_identify(src/cyberdog_ws/third_party) by extension 'ignore'
[0.127s] Level 1:colcon.colcon_core.package_identification:_identify(src/cyberdog_ws/third_party) by extension 'ignore_ament_install'
[0.127s] Level 1:colcon.colcon_core.package_identification:_identify(src/cyberdog_ws/third_party) by extensions ['colcon_pkg']
[0.127s] Level 1:colcon.colcon_core.package_identification:_identify(src/cyberdog_ws/third_party) by extension 'colcon_pkg'
[0.127s] Level 1:colcon.colcon_core.package_identification:_identify(src/cyberdog_ws/third_party) by extensions ['colcon_meta']
[0.127s] Level 1:colcon.colcon_core.package_identification:_identify(src/cyberdog_ws/third_party) by extension 'colcon_meta'
[0.127s] Level 1:colcon.colcon_core.package_identification:_identify(src/cyberdog_ws/third_party) by extensions ['ros']
[0.127s] Level 1:colcon.colcon_core.package_identification:_identify(src/cyberdog_ws/third_party) by extension 'ros'
[0.127s] Level 1:colcon.colcon_core.package_identification:_identify(src/cyberdog_ws/third_party) by extensions ['cmake', 'python']
[0.127s] Level 1:colcon.colcon_core.package_identification:_identify(src/cyberdog_ws/third_party) by extension 'cmake'
[0.127s] Level 1:colcon.colcon_core.package_identification:_identify(src/cyberdog_ws/third_party) by extension 'python'
[0.127s] Level 1:colcon.colcon_core.package_identification:_identify(src/cyberdog_ws/third_party) by extensions ['python_setup_py']
[0.127s] Level 1:colcon.colcon_core.package_identification:_identify(src/cyberdog_ws/third_party) by extension 'python_setup_py'
[0.127s] Level 1:colcon.colcon_core.package_identification:_identify(src/cyberdog_ws/third_party/cpp_httplib) by extensions ['ignore', 'ignore_ament_install']
[0.127s] Level 1:colcon.colcon_core.package_identification:_identify(src/cyberdog_ws/third_party/cpp_httplib) by extension 'ignore'
[0.127s] Level 1:colcon.colcon_core.package_identification:_identify(src/cyberdog_ws/third_party/cpp_httplib) by extension 'ignore_ament_install'
[0.127s] Level 1:colcon.colcon_core.package_identification:_identify(src/cyberdog_ws/third_party/cpp_httplib) by extensions ['colcon_pkg']
[0.127s] Level 1:colcon.colcon_core.package_identification:_identify(src/cyberdog_ws/third_party/cpp_httplib) by extension 'colcon_pkg'
[0.127s] Level 1:colcon.colcon_core.package_identification:_identify(src/cyberdog_ws/third_party/cpp_httplib) by extensions ['colcon_meta']
[0.127s] Level 1:colcon.colcon_core.package_identification:_identify(src/cyberdog_ws/third_party/cpp_httplib) by extension 'colcon_meta'
[0.127s] Level 1:colcon.colcon_core.package_identification:_identify(src/cyberdog_ws/third_party/cpp_httplib) by extensions ['ros']
[0.127s] Level 1:colcon.colcon_core.package_identification:_identify(src/cyberdog_ws/third_party/cpp_httplib) by extension 'ros'
[0.128s] DEBUG:colcon.colcon_core.package_identification:Package 'src/cyberdog_ws/third_party/cpp_httplib' with type 'ros.ament_cmake' and name 'cpp_httplib'
[0.128s] Level 1:colcon.colcon_core.package_identification:_identify(src/cyberdog_ws/third_party/filesystem) by extensions ['ignore', 'ignore_ament_install']
[0.128s] Level 1:colcon.colcon_core.package_identification:_identify(src/cyberdog_ws/third_party/filesystem) by extension 'ignore'
[0.128s] Level 1:colcon.colcon_core.package_identification:_identify(src/cyberdog_ws/third_party/filesystem) by extension 'ignore_ament_install'
[0.128s] Level 1:colcon.colcon_core.package_identification:_identify(src/cyberdog_ws/third_party/filesystem) by extensions ['colcon_pkg']
[0.128s] Level 1:colcon.colcon_core.package_identification:_identify(src/cyberdog_ws/third_party/filesystem) by extension 'colcon_pkg'
[0.128s] Level 1:colcon.colcon_core.package_identification:_identify(src/cyberdog_ws/third_party/filesystem) by extensions ['colcon_meta']
[0.128s] Level 1:colcon.colcon_core.package_identification:_identify(src/cyberdog_ws/third_party/filesystem) by extension 'colcon_meta'
[0.128s] Level 1:colcon.colcon_core.package_identification:_identify(src/cyberdog_ws/third_party/filesystem) by extensions ['ros']
[0.128s] Level 1:colcon.colcon_core.package_identification:_identify(src/cyberdog_ws/third_party/filesystem) by extension 'ros'
[0.128s] DEBUG:colcon.colcon_core.package_identification:Package 'src/cyberdog_ws/third_party/filesystem' with type 'ros.ament_cmake' and name 'filesystem'
[0.128s] Level 1:colcon.colcon_core.package_identification:_identify(src/cyberdog_ws/third_party/mqttc) by extensions ['ignore', 'ignore_ament_install']
[0.128s] Level 1:colcon.colcon_core.package_identification:_identify(src/cyberdog_ws/third_party/mqttc) by extension 'ignore'
[0.128s] Level 1:colcon.colcon_core.package_identification:_identify(src/cyberdog_ws/third_party/mqttc) by extension 'ignore_ament_install'
[0.128s] Level 1:colcon.colcon_core.package_identification:_identify(src/cyberdog_ws/third_party/mqttc) by extensions ['colcon_pkg']
[0.128s] Level 1:colcon.colcon_core.package_identification:_identify(src/cyberdog_ws/third_party/mqttc) by extension 'colcon_pkg'
[0.128s] Level 1:colcon.colcon_core.package_identification:_identify(src/cyberdog_ws/third_party/mqttc) by extensions ['colcon_meta']
[0.128s] Level 1:colcon.colcon_core.package_identification:_identify(src/cyberdog_ws/third_party/mqttc) by extension 'colcon_meta'
[0.128s] Level 1:colcon.colcon_core.package_identification:_identify(src/cyberdog_ws/third_party/mqttc) by extensions ['ros']
[0.128s] Level 1:colcon.colcon_core.package_identification:_identify(src/cyberdog_ws/third_party/mqttc) by extension 'ros'
[0.129s] DEBUG:colcon.colcon_core.package_identification:Package 'src/cyberdog_ws/third_party/mqttc' with type 'ros.ament_cmake' and name 'mqttc'
[0.129s] Level 1:colcon.colcon_core.package_identification:_identify(src/cyberdog_ws/third_party/nvinference) by extensions ['ignore', 'ignore_ament_install']
[0.129s] Level 1:colcon.colcon_core.package_identification:_identify(src/cyberdog_ws/third_party/nvinference) by extension 'ignore'
[0.129s] Level 1:colcon.colcon_core.package_identification:_identify(src/cyberdog_ws/third_party/nvinference) by extension 'ignore_ament_install'
[0.129s] Level 1:colcon.colcon_core.package_identification:_identify(src/cyberdog_ws/third_party/nvinference) by extensions ['colcon_pkg']
[0.129s] Level 1:colcon.colcon_core.package_identification:_identify(src/cyberdog_ws/third_party/nvinference) by extension 'colcon_pkg'
[0.129s] Level 1:colcon.colcon_core.package_identification:_identify(src/cyberdog_ws/third_party/nvinference) by extensions ['colcon_meta']
[0.129s] Level 1:colcon.colcon_core.package_identification:_identify(src/cyberdog_ws/third_party/nvinference) by extension 'colcon_meta'
[0.129s] Level 1:colcon.colcon_core.package_identification:_identify(src/cyberdog_ws/third_party/nvinference) by extensions ['ros']
[0.129s] Level 1:colcon.colcon_core.package_identification:_identify(src/cyberdog_ws/third_party/nvinference) by extension 'ros'
[0.129s] DEBUG:colcon.colcon_core.package_identification:Package 'src/cyberdog_ws/third_party/nvinference' with type 'ros.ament_cmake' and name 'nvinference'
[0.129s] Level 1:colcon.colcon_core.package_identification:_identify(src/cyberdog_ws/third_party/rapidjson) by extensions ['ignore', 'ignore_ament_install']
[0.129s] Level 1:colcon.colcon_core.package_identification:_identify(src/cyberdog_ws/third_party/rapidjson) by extension 'ignore'
[0.129s] Level 1:colcon.colcon_core.package_identification:_identify(src/cyberdog_ws/third_party/rapidjson) by extension 'ignore_ament_install'
[0.129s] Level 1:colcon.colcon_core.package_identification:_identify(src/cyberdog_ws/third_party/rapidjson) by extensions ['colcon_pkg']
[0.129s] Level 1:colcon.colcon_core.package_identification:_identify(src/cyberdog_ws/third_party/rapidjson) by extension 'colcon_pkg'
[0.129s] Level 1:colcon.colcon_core.package_identification:_identify(src/cyberdog_ws/third_party/rapidjson) by extensions ['colcon_meta']
[0.129s] Level 1:colcon.colcon_core.package_identification:_identify(src/cyberdog_ws/third_party/rapidjson) by extension 'colcon_meta'
[0.130s] Level 1:colcon.colcon_core.package_identification:_identify(src/cyberdog_ws/third_party/rapidjson) by extensions ['ros']
[0.130s] Level 1:colcon.colcon_core.package_identification:_identify(src/cyberdog_ws/third_party/rapidjson) by extension 'ros'
[0.130s] DEBUG:colcon.colcon_core.package_identification:Package 'src/cyberdog_ws/third_party/rapidjson' with type 'ros.ament_cmake' and name 'rapidjson'
[0.130s] Level 1:colcon.colcon_core.package_identification:_identify(src/cyberdog_ws/third_party/toml) by extensions ['ignore', 'ignore_ament_install']
[0.130s] Level 1:colcon.colcon_core.package_identification:_identify(src/cyberdog_ws/third_party/toml) by extension 'ignore'
[0.130s] Level 1:colcon.colcon_core.package_identification:_identify(src/cyberdog_ws/third_party/toml) by extension 'ignore_ament_install'
[0.130s] Level 1:colcon.colcon_core.package_identification:_identify(src/cyberdog_ws/third_party/toml) by extensions ['colcon_pkg']
[0.130s] Level 1:colcon.colcon_core.package_identification:_identify(src/cyberdog_ws/third_party/toml) by extension 'colcon_pkg'
[0.130s] Level 1:colcon.colcon_core.package_identification:_identify(src/cyberdog_ws/third_party/toml) by extensions ['colcon_meta']
[0.130s] Level 1:colcon.colcon_core.package_identification:_identify(src/cyberdog_ws/third_party/toml) by extension 'colcon_meta'
[0.130s] Level 1:colcon.colcon_core.package_identification:_identify(src/cyberdog_ws/third_party/toml) by extensions ['ros']
[0.130s] Level 1:colcon.colcon_core.package_identification:_identify(src/cyberdog_ws/third_party/toml) by extension 'ros'
[0.130s] DEBUG:colcon.colcon_core.package_identification:Package 'src/cyberdog_ws/third_party/toml' with type 'ros.ament_cmake' and name 'toml'
[0.130s] Level 1:colcon.colcon_core.package_identification:_identify(src/cyberdog_ws/third_party/xpack) by extensions ['ignore', 'ignore_ament_install']
[0.130s] Level 1:colcon.colcon_core.package_identification:_identify(src/cyberdog_ws/third_party/xpack) by extension 'ignore'
[0.130s] Level 1:colcon.colcon_core.package_identification:_identify(src/cyberdog_ws/third_party/xpack) by extension 'ignore_ament_install'
[0.130s] Level 1:colcon.colcon_core.package_identification:_identify(src/cyberdog_ws/third_party/xpack) by extensions ['colcon_pkg']
[0.131s] Level 1:colcon.colcon_core.package_identification:_identify(src/cyberdog_ws/third_party/xpack) by extension 'colcon_pkg'
[0.131s] Level 1:colcon.colcon_core.package_identification:_identify(src/cyberdog_ws/third_party/xpack) by extensions ['colcon_meta']
[0.131s] Level 1:colcon.colcon_core.package_identification:_identify(src/cyberdog_ws/third_party/xpack) by extension 'colcon_meta'
[0.131s] Level 1:colcon.colcon_core.package_identification:_identify(src/cyberdog_ws/third_party/xpack) by extensions ['ros']
[0.131s] Level 1:colcon.colcon_core.package_identification:_identify(src/cyberdog_ws/third_party/xpack) by extension 'ros'
[0.131s] DEBUG:colcon.colcon_core.package_identification:Package 'src/cyberdog_ws/third_party/xpack' with type 'ros.ament_cmake' and name 'xpack'
[0.131s] Level 1:colcon.colcon_core.package_identification:_identify(src/cyberdog_ws/third_party/zxing) by extensions ['ignore', 'ignore_ament_install']
[0.131s] Level 1:colcon.colcon_core.package_identification:_identify(src/cyberdog_ws/third_party/zxing) by extension 'ignore'
[0.131s] Level 1:colcon.colcon_core.package_identification:_identify(src/cyberdog_ws/third_party/zxing) by extension 'ignore_ament_install'
[0.131s] Level 1:colcon.colcon_core.package_identification:_identify(src/cyberdog_ws/third_party/zxing) by extensions ['colcon_pkg']
[0.131s] Level 1:colcon.colcon_core.package_identification:_identify(src/cyberdog_ws/third_party/zxing) by extension 'colcon_pkg'
[0.131s] Level 1:colcon.colcon_core.package_identification:_identify(src/cyberdog_ws/third_party/zxing) by extensions ['colcon_meta']
[0.131s] Level 1:colcon.colcon_core.package_identification:_identify(src/cyberdog_ws/third_party/zxing) by extension 'colcon_meta'
[0.131s] Level 1:colcon.colcon_core.package_identification:_identify(src/cyberdog_ws/third_party/zxing) by extensions ['ros']
[0.131s] Level 1:colcon.colcon_core.package_identification:_identify(src/cyberdog_ws/third_party/zxing) by extension 'ros'
[0.131s] DEBUG:colcon.colcon_core.package_identification:Package 'src/cyberdog_ws/third_party/zxing' with type 'ros.ament_cmake' and name 'zxing'
[0.131s] Level 1:colcon.colcon_core.package_identification:_identify(src/cyberdog_ws/tools) by extensions ['ignore', 'ignore_ament_install']
[0.132s] Level 1:colcon.colcon_core.package_identification:_identify(src/cyberdog_ws/tools) by extension 'ignore'
[0.132s] Level 1:colcon.colcon_core.package_identification:_identify(src/cyberdog_ws/tools) by extension 'ignore_ament_install'
[0.132s] Level 1:colcon.colcon_core.package_identification:_identify(src/cyberdog_ws/tools) by extensions ['colcon_pkg']
[0.132s] Level 1:colcon.colcon_core.package_identification:_identify(src/cyberdog_ws/tools) by extension 'colcon_pkg'
[0.132s] Level 1:colcon.colcon_core.package_identification:_identify(src/cyberdog_ws/tools) by extensions ['colcon_meta']
[0.132s] Level 1:colcon.colcon_core.package_identification:_identify(src/cyberdog_ws/tools) by extension 'colcon_meta'
[0.132s] Level 1:colcon.colcon_core.package_identification:_identify(src/cyberdog_ws/tools) by extensions ['ros']
[0.132s] Level 1:colcon.colcon_core.package_identification:_identify(src/cyberdog_ws/tools) by extension 'ros'
[0.132s] Level 1:colcon.colcon_core.package_identification:_identify(src/cyberdog_ws/tools) by extensions ['cmake', 'python']
[0.132s] Level 1:colcon.colcon_core.package_identification:_identify(src/cyberdog_ws/tools) by extension 'cmake'
[0.132s] Level 1:colcon.colcon_core.package_identification:_identify(src/cyberdog_ws/tools) by extension 'python'
[0.132s] Level 1:colcon.colcon_core.package_identification:_identify(src/cyberdog_ws/tools) by extensions ['python_setup_py']
[0.132s] Level 1:colcon.colcon_core.package_identification:_identify(src/cyberdog_ws/tools) by extension 'python_setup_py'
[0.132s] Level 1:colcon.colcon_core.package_identification:_identify(src/cyberdog_ws/visions) by extensions ['ignore', 'ignore_ament_install']
[0.132s] Level 1:colcon.colcon_core.package_identification:_identify(src/cyberdog_ws/visions) by extension 'ignore'
[0.132s] Level 1:colcon.colcon_core.package_identification:_identify(src/cyberdog_ws/visions) by extension 'ignore_ament_install'
[0.132s] Level 1:colcon.colcon_core.package_identification:_identify(src/cyberdog_ws/visions) by extensions ['colcon_pkg']
[0.132s] Level 1:colcon.colcon_core.package_identification:_identify(src/cyberdog_ws/visions) by extension 'colcon_pkg'
[0.132s] Level 1:colcon.colcon_core.package_identification:_identify(src/cyberdog_ws/visions) by extensions ['colcon_meta']
[0.132s] Level 1:colcon.colcon_core.package_identification:_identify(src/cyberdog_ws/visions) by extension 'colcon_meta'
[0.132s] Level 1:colcon.colcon_core.package_identification:_identify(src/cyberdog_ws/visions) by extensions ['ros']
[0.132s] Level 1:colcon.colcon_core.package_identification:_identify(src/cyberdog_ws/visions) by extension 'ros'
[0.132s] Level 1:colcon.colcon_core.package_identification:_identify(src/cyberdog_ws/visions) by extensions ['cmake', 'python']
[0.132s] Level 1:colcon.colcon_core.package_identification:_identify(src/cyberdog_ws/visions) by extension 'cmake'
[0.132s] Level 1:colcon.colcon_core.package_identification:_identify(src/cyberdog_ws/visions) by extension 'python'
[0.132s] Level 1:colcon.colcon_core.package_identification:_identify(src/cyberdog_ws/visions) by extensions ['python_setup_py']
[0.132s] Level 1:colcon.colcon_core.package_identification:_identify(src/cyberdog_ws/visions) by extension 'python_setup_py'
[0.132s] Level 1:colcon.colcon_core.package_identification:_identify(src/motion) by extensions ['ignore', 'ignore_ament_install']
[0.132s] Level 1:colcon.colcon_core.package_identification:_identify(src/motion) by extension 'ignore'
[0.132s] Level 1:colcon.colcon_core.package_identification:_identify(src/motion) by extension 'ignore_ament_install'
[0.132s] Level 1:colcon.colcon_core.package_identification:_identify(src/motion) by extensions ['colcon_pkg']
[0.132s] Level 1:colcon.colcon_core.package_identification:_identify(src/motion) by extension 'colcon_pkg'
[0.132s] Level 1:colcon.colcon_core.package_identification:_identify(src/motion) by extensions ['colcon_meta']
[0.132s] Level 1:colcon.colcon_core.package_identification:_identify(src/motion) by extension 'colcon_meta'
[0.132s] Level 1:colcon.colcon_core.package_identification:_identify(src/motion) by extensions ['ros']
[0.132s] Level 1:colcon.colcon_core.package_identification:_identify(src/motion) by extension 'ros'
[0.133s] Level 1:colcon.colcon_core.package_identification:_identify(src/motion) by extensions ['cmake', 'python']
[0.133s] Level 1:colcon.colcon_core.package_identification:_identify(src/motion) by extension 'cmake'
[0.133s] Level 1:colcon.colcon_core.package_identification:_identify(src/motion) by extension 'python'
[0.133s] Level 1:colcon.colcon_core.package_identification:_identify(src/motion) by extensions ['python_setup_py']
[0.133s] Level 1:colcon.colcon_core.package_identification:_identify(src/motion) by extension 'python_setup_py'
[0.133s] Level 1:colcon.colcon_core.package_identification:_identify(src/motion/elec_skin) by extensions ['ignore', 'ignore_ament_install']
[0.133s] Level 1:colcon.colcon_core.package_identification:_identify(src/motion/elec_skin) by extension 'ignore'
[0.133s] Level 1:colcon.colcon_core.package_identification:_identify(src/motion/elec_skin) by extension 'ignore_ament_install'
[0.133s] Level 1:colcon.colcon_core.package_identification:_identify(src/motion/elec_skin) by extensions ['colcon_pkg']
[0.133s] Level 1:colcon.colcon_core.package_identification:_identify(src/motion/elec_skin) by extension 'colcon_pkg'
[0.133s] Level 1:colcon.colcon_core.package_identification:_identify(src/motion/elec_skin) by extensions ['colcon_meta']
[0.133s] Level 1:colcon.colcon_core.package_identification:_identify(src/motion/elec_skin) by extension 'colcon_meta'
[0.133s] Level 1:colcon.colcon_core.package_identification:_identify(src/motion/elec_skin) by extensions ['ros']
[0.133s] Level 1:colcon.colcon_core.package_identification:_identify(src/motion/elec_skin) by extension 'ros'
[0.133s] DEBUG:colcon.colcon_core.package_identification:Package 'src/motion/elec_skin' with type 'ros.ament_cmake' and name 'elec_skin'
[0.134s] Level 1:colcon.colcon_core.package_identification:_identify(src/motion/motion_action) by extensions ['ignore', 'ignore_ament_install']
[0.134s] Level 1:colcon.colcon_core.package_identification:_identify(src/motion/motion_action) by extension 'ignore'
[0.134s] Level 1:colcon.colcon_core.package_identification:_identify(src/motion/motion_action) by extension 'ignore_ament_install'
[0.134s] Level 1:colcon.colcon_core.package_identification:_identify(src/motion/motion_action) by extensions ['colcon_pkg']
[0.134s] Level 1:colcon.colcon_core.package_identification:_identify(src/motion/motion_action) by extension 'colcon_pkg'
[0.134s] Level 1:colcon.colcon_core.package_identification:_identify(src/motion/motion_action) by extensions ['colcon_meta']
[0.134s] Level 1:colcon.colcon_core.package_identification:_identify(src/motion/motion_action) by extension 'colcon_meta'
[0.134s] Level 1:colcon.colcon_core.package_identification:_identify(src/motion/motion_action) by extensions ['ros']
[0.134s] Level 1:colcon.colcon_core.package_identification:_identify(src/motion/motion_action) by extension 'ros'
[0.134s] DEBUG:colcon.colcon_core.package_identification:Package 'src/motion/motion_action' with type 'ros.ament_cmake' and name 'motion_action'
[0.134s] Level 1:colcon.colcon_core.package_identification:_identify(src/motion/motion_bridge) by extensions ['ignore', 'ignore_ament_install']
[0.134s] Level 1:colcon.colcon_core.package_identification:_identify(src/motion/motion_bridge) by extension 'ignore'
[0.134s] Level 1:colcon.colcon_core.package_identification:_identify(src/motion/motion_bridge) by extension 'ignore_ament_install'
[0.134s] Level 1:colcon.colcon_core.package_identification:_identify(src/motion/motion_bridge) by extensions ['colcon_pkg']
[0.134s] Level 1:colcon.colcon_core.package_identification:_identify(src/motion/motion_bridge) by extension 'colcon_pkg'
[0.134s] Level 1:colcon.colcon_core.package_identification:_identify(src/motion/motion_bridge) by extensions ['colcon_meta']
[0.134s] Level 1:colcon.colcon_core.package_identification:_identify(src/motion/motion_bridge) by extension 'colcon_meta'
[0.135s] Level 1:colcon.colcon_core.package_identification:_identify(src/motion/motion_bridge) by extensions ['ros']
[0.135s] Level 1:colcon.colcon_core.package_identification:_identify(src/motion/motion_bridge) by extension 'ros'
[0.135s] DEBUG:colcon.colcon_core.package_identification:Package 'src/motion/motion_bridge' with type 'ros.ament_cmake' and name 'motion_bridge'
[0.135s] Level 1:colcon.colcon_core.package_identification:_identify(src/motion/motion_manager) by extensions ['ignore', 'ignore_ament_install']
[0.135s] Level 1:colcon.colcon_core.package_identification:_identify(src/motion/motion_manager) by extension 'ignore'
[0.135s] Level 1:colcon.colcon_core.package_identification:_identify(src/motion/motion_manager) by extension 'ignore_ament_install'
[0.135s] Level 1:colcon.colcon_core.package_identification:_identify(src/motion/motion_manager) by extensions ['colcon_pkg']
[0.135s] Level 1:colcon.colcon_core.package_identification:_identify(src/motion/motion_manager) by extension 'colcon_pkg'
[0.135s] Level 1:colcon.colcon_core.package_identification:_identify(src/motion/motion_manager) by extensions ['colcon_meta']
[0.135s] Level 1:colcon.colcon_core.package_identification:_identify(src/motion/motion_manager) by extension 'colcon_meta'
[0.135s] Level 1:colcon.colcon_core.package_identification:_identify(src/motion/motion_manager) by extensions ['ros']
[0.135s] Level 1:colcon.colcon_core.package_identification:_identify(src/motion/motion_manager) by extension 'ros'
[0.137s] DEBUG:colcon.colcon_core.package_identification:Package 'src/motion/motion_manager' with type 'ros.ament_cmake' and name 'motion_manager'
[0.137s] Level 1:colcon.colcon_core.package_identification:_identify(src/motion/motion_utils) by extensions ['ignore', 'ignore_ament_install']
[0.137s] Level 1:colcon.colcon_core.package_identification:_identify(src/motion/motion_utils) by extension 'ignore'
[0.137s] Level 1:colcon.colcon_core.package_identification:_identify(src/motion/motion_utils) by extension 'ignore_ament_install'
[0.137s] Level 1:colcon.colcon_core.package_identification:_identify(src/motion/motion_utils) by extensions ['colcon_pkg']
[0.137s] Level 1:colcon.colcon_core.package_identification:_identify(src/motion/motion_utils) by extension 'colcon_pkg'
[0.137s] Level 1:colcon.colcon_core.package_identification:_identify(src/motion/motion_utils) by extensions ['colcon_meta']
[0.137s] Level 1:colcon.colcon_core.package_identification:_identify(src/motion/motion_utils) by extension 'colcon_meta'
[0.137s] Level 1:colcon.colcon_core.package_identification:_identify(src/motion/motion_utils) by extensions ['ros']
[0.137s] Level 1:colcon.colcon_core.package_identification:_identify(src/motion/motion_utils) by extension 'ros'
[0.138s] DEBUG:colcon.colcon_core.package_identification:Package 'src/motion/motion_utils' with type 'ros.ament_cmake' and name 'motion_utils'
[0.138s] Level 1:colcon.colcon_core.package_identification:_identify(src/motion/skin_manager) by extensions ['ignore', 'ignore_ament_install']
[0.138s] Level 1:colcon.colcon_core.package_identification:_identify(src/motion/skin_manager) by extension 'ignore'
[0.138s] Level 1:colcon.colcon_core.package_identification:_identify(src/motion/skin_manager) by extension 'ignore_ament_install'
[0.138s] Level 1:colcon.colcon_core.package_identification:_identify(src/motion/skin_manager) by extensions ['colcon_pkg']
[0.138s] Level 1:colcon.colcon_core.package_identification:_identify(src/motion/skin_manager) by extension 'colcon_pkg'
[0.138s] Level 1:colcon.colcon_core.package_identification:_identify(src/motion/skin_manager) by extensions ['colcon_meta']
[0.138s] Level 1:colcon.colcon_core.package_identification:_identify(src/motion/skin_manager) by extension 'colcon_meta'
[0.138s] Level 1:colcon.colcon_core.package_identification:_identify(src/motion/skin_manager) by extensions ['ros']
[0.138s] Level 1:colcon.colcon_core.package_identification:_identify(src/motion/skin_manager) by extension 'ros'
[0.138s] DEBUG:colcon.colcon_core.package_identification:Package 'src/motion/skin_manager' with type 'ros.ament_cmake' and name 'skin_manager'
[0.138s] Level 1:colcon.colcon_core.package_discovery:discover_packages(recursive) using defaults
[0.139s] Level 1:colcon.colcon_core.package_discovery:discover_packages(ignore) discover
[0.139s] Level 1:colcon.colcon_core.package_discovery:discover_packages(ignore) using defaults
[0.139s] Level 1:colcon.colcon_core.package_discovery:discover_packages(path) discover
[0.139s] Level 1:colcon.colcon_core.package_discovery:discover_packages(path) using defaults
[0.156s] INFO:colcon.colcon_core.package_selection:Skipping package 'motion_utils' in 'src/motion/motion_utils'
[0.156s] INFO:colcon.colcon_core.package_selection:Skipping package 'motion_bridge' in 'src/motion/motion_bridge'
[0.156s] INFO:colcon.colcon_core.package_selection:Skipping package 'zxing' in 'src/cyberdog_ws/third_party/zxing'
[0.156s] INFO:colcon.colcon_core.package_selection:Skipping package 'xpack' in 'src/cyberdog_ws/third_party/xpack'
[0.156s] INFO:colcon.colcon_core.package_selection:Skipping package 'rapidjson' in 'src/cyberdog_ws/third_party/rapidjson'
[0.156s] INFO:colcon.colcon_core.package_selection:Skipping package 'nvinference' in 'src/cyberdog_ws/third_party/nvinference'
[0.156s] INFO:colcon.colcon_core.package_selection:Skipping package 'mqttc' in 'src/cyberdog_ws/third_party/mqttc'
[0.156s] INFO:colcon.colcon_core.package_selection:Skipping package 'filesystem' in 'src/cyberdog_ws/third_party/filesystem'
[0.156s] INFO:colcon.colcon_core.package_selection:Skipping package 'cyberdog_bringup' in 'src/cyberdog_ws/cyberdog_bringup'
[0.156s] INFO:colcon.colcon_core.package_selection:Skipping package 'cpp_httplib' in 'src/cyberdog_ws/third_party/cpp_httplib'
[0.157s] Level 5:colcon.colcon_core.verb:set package 'toml' build argument 'cmake_args' from command line to 'None'
[0.157s] Level 5:colcon.colcon_core.verb:set package 'toml' build argument 'cmake_target' from command line to 'None'
[0.157s] Level 5:colcon.colcon_core.verb:set package 'toml' build argument 'cmake_target_skip_unavailable' from command line to 'False'
[0.157s] Level 5:colcon.colcon_core.verb:set package 'toml' build argument 'cmake_clean_cache' from command line to 'False'
[0.157s] Level 5:colcon.colcon_core.verb:set package 'toml' build argument 'cmake_clean_first' from command line to 'False'
[0.157s] Level 5:colcon.colcon_core.verb:set package 'toml' build argument 'cmake_force_configure' from command line to 'False'
[0.157s] Level 5:colcon.colcon_core.verb:set package 'toml' build argument 'ament_cmake_args' from command line to 'None'
[0.157s] Level 5:colcon.colcon_core.verb:set package 'toml' build argument 'catkin_cmake_args' from command line to 'None'
[0.157s] Level 5:colcon.colcon_core.verb:set package 'toml' build argument 'catkin_skip_building_tests' from command line to 'False'
[0.157s] DEBUG:colcon.colcon_core.verb:Building package 'toml' with the following arguments: {'ament_cmake_args': None, 'build_base': '/home/cyberdog_ws/build/toml', 'catkin_cmake_args': None, 'catkin_skip_building_tests': False, 'cmake_args': None, 'cmake_clean_cache': False, 'cmake_clean_first': False, 'cmake_force_configure': False, 'cmake_target': None, 'cmake_target_skip_unavailable': False, 'install_base': '/home/cyberdog_ws/install', 'merge_install': True, 'path': '/home/cyberdog_ws/src/cyberdog_ws/third_party/toml', 'symlink_install': False, 'test_result_base': None}
[0.157s] Level 5:colcon.colcon_core.verb:set package 'elec_skin' build argument 'cmake_args' from command line to 'None'
[0.157s] Level 5:colcon.colcon_core.verb:set package 'elec_skin' build argument 'cmake_target' from command line to 'None'
[0.157s] Level 5:colcon.colcon_core.verb:set package 'elec_skin' build argument 'cmake_target_skip_unavailable' from command line to 'False'
[0.158s] Level 5:colcon.colcon_core.verb:set package 'elec_skin' build argument 'cmake_clean_cache' from command line to 'False'
[0.158s] Level 5:colcon.colcon_core.verb:set package 'elec_skin' build argument 'cmake_clean_first' from command line to 'False'
[0.158s] Level 5:colcon.colcon_core.verb:set package 'elec_skin' build argument 'cmake_force_configure' from command line to 'False'
[0.158s] Level 5:colcon.colcon_core.verb:set package 'elec_skin' build argument 'ament_cmake_args' from command line to 'None'
[0.158s] Level 5:colcon.colcon_core.verb:set package 'elec_skin' build argument 'catkin_cmake_args' from command line to 'None'
[0.158s] Level 5:colcon.colcon_core.verb:set package 'elec_skin' build argument 'catkin_skip_building_tests' from command line to 'False'
[0.158s] DEBUG:colcon.colcon_core.verb:Building package 'elec_skin' with the following arguments: {'ament_cmake_args': None, 'build_base': '/home/cyberdog_ws/build/elec_skin', 'catkin_cmake_args': None, 'catkin_skip_building_tests': False, 'cmake_args': None, 'cmake_clean_cache': False, 'cmake_clean_first': False, 'cmake_force_configure': False, 'cmake_target': None, 'cmake_target_skip_unavailable': False, 'install_base': '/home/cyberdog_ws/install', 'merge_install': True, 'path': '/home/cyberdog_ws/src/motion/elec_skin', 'symlink_install': False, 'test_result_base': None}
[0.158s] Level 5:colcon.colcon_core.verb:set package 'skin_manager' build argument 'cmake_args' from command line to 'None'
[0.158s] Level 5:colcon.colcon_core.verb:set package 'skin_manager' build argument 'cmake_target' from command line to 'None'
[0.158s] Level 5:colcon.colcon_core.verb:set package 'skin_manager' build argument 'cmake_target_skip_unavailable' from command line to 'False'
[0.158s] Level 5:colcon.colcon_core.verb:set package 'skin_manager' build argument 'cmake_clean_cache' from command line to 'False'
[0.158s] Level 5:colcon.colcon_core.verb:set package 'skin_manager' build argument 'cmake_clean_first' from command line to 'False'
[0.158s] Level 5:colcon.colcon_core.verb:set package 'skin_manager' build argument 'cmake_force_configure' from command line to 'False'
[0.158s] Level 5:colcon.colcon_core.verb:set package 'skin_manager' build argument 'ament_cmake_args' from command line to 'None'
[0.158s] Level 5:colcon.colcon_core.verb:set package 'skin_manager' build argument 'catkin_cmake_args' from command line to 'None'
[0.158s] Level 5:colcon.colcon_core.verb:set package 'skin_manager' build argument 'catkin_skip_building_tests' from command line to 'False'
[0.158s] DEBUG:colcon.colcon_core.verb:Building package 'skin_manager' with the following arguments: {'ament_cmake_args': None, 'build_base': '/home/cyberdog_ws/build/skin_manager', 'catkin_cmake_args': None, 'catkin_skip_building_tests': False, 'cmake_args': None, 'cmake_clean_cache': False, 'cmake_clean_first': False, 'cmake_force_configure': False, 'cmake_target': None, 'cmake_target_skip_unavailable': False, 'install_base': '/home/cyberdog_ws/install', 'merge_install': True, 'path': '/home/cyberdog_ws/src/motion/skin_manager', 'symlink_install': False, 'test_result_base': None}
[0.159s] Level 5:colcon.colcon_core.verb:set package 'motion_action' build argument 'cmake_args' from command line to 'None'
[0.159s] Level 5:colcon.colcon_core.verb:set package 'motion_action' build argument 'cmake_target' from command line to 'None'
[0.159s] Level 5:colcon.colcon_core.verb:set package 'motion_action' build argument 'cmake_target_skip_unavailable' from command line to 'False'
[0.159s] Level 5:colcon.colcon_core.verb:set package 'motion_action' build argument 'cmake_clean_cache' from command line to 'False'
[0.159s] Level 5:colcon.colcon_core.verb:set package 'motion_action' build argument 'cmake_clean_first' from command line to 'False'
[0.159s] Level 5:colcon.colcon_core.verb:set package 'motion_action' build argument 'cmake_force_configure' from command line to 'False'
[0.159s] Level 5:colcon.colcon_core.verb:set package 'motion_action' build argument 'ament_cmake_args' from command line to 'None'
[0.159s] Level 5:colcon.colcon_core.verb:set package 'motion_action' build argument 'catkin_cmake_args' from command line to 'None'
[0.159s] Level 5:colcon.colcon_core.verb:set package 'motion_action' build argument 'catkin_skip_building_tests' from command line to 'False'
[0.159s] DEBUG:colcon.colcon_core.verb:Building package 'motion_action' with the following arguments: {'ament_cmake_args': None, 'build_base': '/home/cyberdog_ws/build/motion_action', 'catkin_cmake_args': None, 'catkin_skip_building_tests': False, 'cmake_args': None, 'cmake_clean_cache': False, 'cmake_clean_first': False, 'cmake_force_configure': False, 'cmake_target': None, 'cmake_target_skip_unavailable': False, 'install_base': '/home/cyberdog_ws/install', 'merge_install': True, 'path': '/home/cyberdog_ws/src/motion/motion_action', 'symlink_install': False, 'test_result_base': None}
[0.159s] Level 5:colcon.colcon_core.verb:set package 'motion_manager' build argument 'cmake_args' from command line to 'None'
[0.159s] Level 5:colcon.colcon_core.verb:set package 'motion_manager' build argument 'cmake_target' from command line to 'None'
[0.159s] Level 5:colcon.colcon_core.verb:set package 'motion_manager' build argument 'cmake_target_skip_unavailable' from command line to 'False'
[0.159s] Level 5:colcon.colcon_core.verb:set package 'motion_manager' build argument 'cmake_clean_cache' from command line to 'False'
[0.159s] Level 5:colcon.colcon_core.verb:set package 'motion_manager' build argument 'cmake_clean_first' from command line to 'False'
[0.160s] Level 5:colcon.colcon_core.verb:set package 'motion_manager' build argument 'cmake_force_configure' from command line to 'False'
[0.160s] Level 5:colcon.colcon_core.verb:set package 'motion_manager' build argument 'ament_cmake_args' from command line to 'None'
[0.160s] Level 5:colcon.colcon_core.verb:set package 'motion_manager' build argument 'catkin_cmake_args' from command line to 'None'
[0.160s] Level 5:colcon.colcon_core.verb:set package 'motion_manager' build argument 'catkin_skip_building_tests' from command line to 'False'
[0.160s] DEBUG:colcon.colcon_core.verb:Building package 'motion_manager' with the following arguments: {'ament_cmake_args': None, 'build_base': '/home/cyberdog_ws/build/motion_manager', 'catkin_cmake_args': None, 'catkin_skip_building_tests': False, 'cmake_args': None, 'cmake_clean_cache': False, 'cmake_clean_first': False, 'cmake_force_configure': False, 'cmake_target': None, 'cmake_target_skip_unavailable': False, 'install_base': '/home/cyberdog_ws/install', 'merge_install': True, 'path': '/home/cyberdog_ws/src/motion/motion_manager', 'symlink_install': False, 'test_result_base': None}
[0.160s] INFO:colcon.colcon_core.executor:Executing jobs using 'parallel' executor
[0.163s] DEBUG:colcon.colcon_parallel_executor.executor.parallel:run_until_complete
[0.163s] INFO:colcon.colcon_ros.task.ament_cmake.build:Building ROS package in '/home/cyberdog_ws/src/cyberdog_ws/third_party/toml' with build type 'ament_cmake'
[0.163s] INFO:colcon.colcon_cmake.task.cmake.build:Building CMake package in '/home/cyberdog_ws/src/cyberdog_ws/third_party/toml'
[0.166s] INFO:colcon.colcon_core.plugin_system:Skipping extension 'colcon_core.shell.bat': Not used on non-Windows systems
[0.166s] INFO:colcon.colcon_core.shell:Skip shell extension 'powershell' for command environment: Not usable outside of PowerShell
[0.166s] DEBUG:colcon.colcon_core.shell:Skip shell extension 'dsv' for command environment
[0.173s] DEBUG:colcon.colcon_core.event_handler.log_command:Invoking command in '/home/cyberdog_ws/build/toml': CMAKE_PREFIX_PATH=/opt/ros/galactic /usr/bin/cmake /home/cyberdog_ws/src/cyberdog_ws/third_party/toml -DCMAKE_INSTALL_PREFIX=/home/cyberdog_ws/install
[0.575s] DEBUG:colcon.colcon_core.event_handler.log_command:Invoked command in '/home/cyberdog_ws/build/toml' returned '0': CMAKE_PREFIX_PATH=/opt/ros/galactic /usr/bin/cmake /home/cyberdog_ws/src/cyberdog_ws/third_party/toml -DCMAKE_INSTALL_PREFIX=/home/cyberdog_ws/install
[0.577s] DEBUG:colcon.colcon_core.event_handler.log_command:Invoking command in '/home/cyberdog_ws/build/toml': CMAKE_PREFIX_PATH=/opt/ros/galactic /usr/bin/cmake --build /home/cyberdog_ws/build/toml -- -j16 -l16
[0.601s] DEBUG:colcon.colcon_core.event_handler.log_command:Invoked command in '/home/cyberdog_ws/build/toml' returned '0': CMAKE_PREFIX_PATH=/opt/ros/galactic /usr/bin/cmake --build /home/cyberdog_ws/build/toml -- -j16 -l16
[0.621s] DEBUG:colcon.colcon_core.event_handler.log_command:Invoking command in '/home/cyberdog_ws/build/toml': CMAKE_PREFIX_PATH=/opt/ros/galactic /usr/bin/cmake --install /home/cyberdog_ws/build/toml
[0.629s] Level 1:colcon.colcon_core.environment:create_environment_scripts_only(toml)
[0.630s] DEBUG:colcon.colcon_core.event_handler.log_command:Invoked command in '/home/cyberdog_ws/build/toml' returned '0': CMAKE_PREFIX_PATH=/opt/ros/galactic /usr/bin/cmake --install /home/cyberdog_ws/build/toml
[0.634s] Level 1:colcon.colcon_core.environment:checking '/home/cyberdog_ws/install' for CMake module files
[0.635s] Level 1:colcon.colcon_core.environment:checking '/home/cyberdog_ws/install' for CMake config files
[0.635s] Level 1:colcon.colcon_core.shell:create_environment_hook('toml', 'cmake_prefix_path')
[0.636s] INFO:colcon.colcon_core.shell:Creating environment hook '/home/cyberdog_ws/install/share/toml/hook/cmake_prefix_path.ps1'
[0.637s] INFO:colcon.colcon_core.shell:Creating environment descriptor '/home/cyberdog_ws/install/share/toml/hook/cmake_prefix_path.dsv'
[0.637s] INFO:colcon.colcon_core.shell:Creating environment hook '/home/cyberdog_ws/install/share/toml/hook/cmake_prefix_path.sh'
[0.638s] Level 1:colcon.colcon_core.environment:checking '/home/cyberdog_ws/install/bin'
[0.638s] Level 1:colcon.colcon_core.environment:checking '/home/cyberdog_ws/install/lib/pkgconfig/toml.pc'
[0.639s] Level 1:colcon.colcon_core.environment:checking '/home/cyberdog_ws/install/lib/python3.8/site-packages'
[0.639s] Level 1:colcon.colcon_core.environment:checking '/home/cyberdog_ws/install/bin'
[0.640s] INFO:colcon.colcon_core.shell:Creating package script '/home/cyberdog_ws/install/share/toml/package.ps1'
[0.640s] INFO:colcon.colcon_core.shell:Creating package descriptor '/home/cyberdog_ws/install/share/toml/package.dsv'
[0.640s] INFO:colcon.colcon_core.shell:Creating package script '/home/cyberdog_ws/install/share/toml/package.sh'
[0.641s] INFO:colcon.colcon_core.shell:Creating package script '/home/cyberdog_ws/install/share/toml/package.bash'
[0.641s] INFO:colcon.colcon_core.shell:Creating package script '/home/cyberdog_ws/install/share/toml/package.zsh'
[0.641s] Level 1:colcon.colcon_core.environment:create_file_with_runtime_dependencies(/home/cyberdog_ws/install/share/colcon-core/packages/toml)
[0.656s] Level 1:colcon.colcon_core.environment:create_environment_scripts_only(toml)
[0.657s] Level 1:colcon.colcon_core.environment:checking '/home/cyberdog_ws/install' for CMake module files
[0.657s] Level 1:colcon.colcon_core.environment:checking '/home/cyberdog_ws/install' for CMake config files
[0.657s] Level 1:colcon.colcon_core.shell:create_environment_hook('toml', 'cmake_prefix_path')
[0.658s] INFO:colcon.colcon_core.shell:Creating environment hook '/home/cyberdog_ws/install/share/toml/hook/cmake_prefix_path.ps1'
[0.658s] INFO:colcon.colcon_core.shell:Creating environment descriptor '/home/cyberdog_ws/install/share/toml/hook/cmake_prefix_path.dsv'
[0.658s] INFO:colcon.colcon_core.shell:Creating environment hook '/home/cyberdog_ws/install/share/toml/hook/cmake_prefix_path.sh'
[0.659s] Level 1:colcon.colcon_core.environment:checking '/home/cyberdog_ws/install/bin'
[0.659s] Level 1:colcon.colcon_core.environment:checking '/home/cyberdog_ws/install/lib/pkgconfig/toml.pc'
[0.659s] Level 1:colcon.colcon_core.environment:checking '/home/cyberdog_ws/install/lib/python3.8/site-packages'
[0.659s] Level 1:colcon.colcon_core.environment:checking '/home/cyberdog_ws/install/bin'
[0.660s] INFO:colcon.colcon_core.shell:Creating package script '/home/cyberdog_ws/install/share/toml/package.ps1'
[0.660s] INFO:colcon.colcon_core.shell:Creating package descriptor '/home/cyberdog_ws/install/share/toml/package.dsv'
[0.660s] INFO:colcon.colcon_core.shell:Creating package script '/home/cyberdog_ws/install/share/toml/package.sh'
[0.661s] INFO:colcon.colcon_core.shell:Creating package script '/home/cyberdog_ws/install/share/toml/package.bash'
[0.661s] INFO:colcon.colcon_core.shell:Creating package script '/home/cyberdog_ws/install/share/toml/package.zsh'
[0.661s] Level 1:colcon.colcon_core.environment:create_file_with_runtime_dependencies(/home/cyberdog_ws/install/share/colcon-core/packages/toml)
[0.661s] INFO:colcon.colcon_ros.task.ament_cmake.build:Building ROS package in '/home/cyberdog_ws/src/motion/elec_skin' with build type 'ament_cmake'
[0.661s] INFO:colcon.colcon_cmake.task.cmake.build:Building CMake package in '/home/cyberdog_ws/src/motion/elec_skin'
[0.662s] INFO:colcon.colcon_core.shell:Skip shell extension 'powershell' for command environment: Not usable outside of PowerShell
[0.662s] DEBUG:colcon.colcon_core.shell:Skip shell extension 'dsv' for command environment
[0.669s] DEBUG:colcon.colcon_core.event_handler.log_command:Invoking command in '/home/cyberdog_ws/build/elec_skin': AMENT_PREFIX_PATH=/home/cyberdog_ws/install:${AMENT_PREFIX_PATH} CMAKE_PREFIX_PATH=/home/cyberdog_ws/install:/opt/ros/galactic /usr/bin/cmake /home/cyberdog_ws/src/motion/elec_skin -DCMAKE_INSTALL_PREFIX=/home/cyberdog_ws/install
[1.023s] DEBUG:colcon.colcon_core.event_handler.log_command:Invoked command in '/home/cyberdog_ws/build/elec_skin' returned '1': AMENT_PREFIX_PATH=/home/cyberdog_ws/install:${AMENT_PREFIX_PATH} CMAKE_PREFIX_PATH=/home/cyberdog_ws/install:/opt/ros/galactic /usr/bin/cmake /home/cyberdog_ws/src/motion/elec_skin -DCMAKE_INSTALL_PREFIX=/home/cyberdog_ws/install
[1.031s] Level 1:colcon.colcon_core.environment:create_environment_scripts_only(elec_skin)
[1.033s] Level 1:colcon.colcon_core.environment:checking '/home/cyberdog_ws/install' for CMake module files
[1.033s] Level 1:colcon.colcon_core.environment:checking '/home/cyberdog_ws/install' for CMake config files
[1.033s] Level 1:colcon.colcon_core.shell:create_environment_hook('elec_skin', 'cmake_prefix_path')
[1.034s] INFO:colcon.colcon_core.shell:Creating environment hook '/home/cyberdog_ws/install/share/elec_skin/hook/cmake_prefix_path.ps1'
[1.034s] INFO:colcon.colcon_core.shell:Creating environment descriptor '/home/cyberdog_ws/install/share/elec_skin/hook/cmake_prefix_path.dsv'
[1.035s] INFO:colcon.colcon_core.shell:Creating environment hook '/home/cyberdog_ws/install/share/elec_skin/hook/cmake_prefix_path.sh'
[1.035s] Level 1:colcon.colcon_core.environment:checking '/home/cyberdog_ws/install/bin'
[1.035s] Level 1:colcon.colcon_core.environment:checking '/home/cyberdog_ws/install/lib/pkgconfig/elec_skin.pc'
[1.035s] Level 1:colcon.colcon_core.environment:checking '/home/cyberdog_ws/install/lib/python3.8/site-packages'
[1.035s] Level 1:colcon.colcon_core.environment:checking '/home/cyberdog_ws/install/bin'
[1.036s] INFO:colcon.colcon_core.shell:Creating package script '/home/cyberdog_ws/install/share/elec_skin/package.ps1'
[1.036s] INFO:colcon.colcon_core.shell:Creating package descriptor '/home/cyberdog_ws/install/share/elec_skin/package.dsv'
[1.036s] INFO:colcon.colcon_core.shell:Creating package script '/home/cyberdog_ws/install/share/elec_skin/package.sh'
[1.037s] INFO:colcon.colcon_core.shell:Creating package script '/home/cyberdog_ws/install/share/elec_skin/package.bash'
[1.037s] INFO:colcon.colcon_core.shell:Creating package script '/home/cyberdog_ws/install/share/elec_skin/package.zsh'
[1.037s] Level 1:colcon.colcon_core.environment:create_file_with_runtime_dependencies(/home/cyberdog_ws/install/share/colcon-core/packages/elec_skin)
[1.047s] DEBUG:colcon.colcon_parallel_executor.executor.parallel:closing loop
[1.047s] DEBUG:colcon.colcon_parallel_executor.executor.parallel:loop closed
[1.047s] DEBUG:colcon.colcon_parallel_executor.executor.parallel:run_until_complete finished with '1'
[1.048s] DEBUG:colcon.colcon_core.event_reactor:joining thread
[1.051s] INFO:colcon.colcon_core.plugin_system:Skipping extension 'colcon_notification.desktop_notification.terminal_notifier': Not used on non-Darwin systems
[1.052s] INFO:colcon.colcon_core.plugin_system:Skipping extension 'colcon_notification.desktop_notification.win32': Not used on non-Windows systems
[1.052s] INFO:colcon.colcon_notification.desktop_notification:Sending desktop notification using 'notify2'
[1.056s] DEBUG:colcon.colcon_core.event_reactor:joined thread
[1.058s] INFO:colcon.colcon_core.shell:Creating prefix script '/home/cyberdog_ws/install/local_setup.ps1'
[1.058s] INFO:colcon.colcon_core.shell:Creating prefix util module '/home/cyberdog_ws/install/_local_setup_util_ps1.py'
[1.059s] INFO:colcon.colcon_core.shell:Creating prefix chain script '/home/cyberdog_ws/install/setup.ps1'
[1.060s] INFO:colcon.colcon_core.shell:Creating prefix script '/home/cyberdog_ws/install/local_setup.sh'
[1.060s] INFO:colcon.colcon_core.shell:Creating prefix util module '/home/cyberdog_ws/install/_local_setup_util_sh.py'
[1.061s] INFO:colcon.colcon_core.shell:Creating prefix chain script '/home/cyberdog_ws/install/setup.sh'
[1.061s] INFO:colcon.colcon_core.shell:Creating prefix script '/home/cyberdog_ws/install/local_setup.bash'
[1.062s] INFO:colcon.colcon_core.shell:Creating prefix chain script '/home/cyberdog_ws/install/setup.bash'
[1.062s] INFO:colcon.colcon_core.shell:Creating prefix script '/home/cyberdog_ws/install/local_setup.zsh'
[1.063s] INFO:colcon.colcon_core.shell:Creating prefix chain script '/home/cyberdog_ws/install/setup.zsh'
