-- The C compiler identification is GNU 9.4.0
-- The CXX compiler identification is GNU 9.4.0
-- Check for working C compiler: /usr/bin/cc
-- Check for working C compiler: /usr/bin/cc -- works
-- Detecting C compiler ABI info
-- Detecting C compiler ABI info - done
-- Detecting C compile features
-- Detecting C compile features - done
-- Check for working CXX compiler: /usr/bin/c++
-- Check for working CXX compiler: /usr/bin/c++ -- works
-- Detecting CXX compiler ABI info
-- Detecting CXX compiler ABI info - done
-- Detecting CXX compile features
-- Detecting CXX compile features - done
-- Found ament_cmake: 1.1.6 (/opt/ros/galactic/share/ament_cmake/cmake)
-- Found PythonInterp: /usr/bin/python3 (found suitable version "3.8.10", minimum required is "3") 
-- Using PYTHON_EXECUTABLE: /usr/bin/python3
-- Found std_msgs: 2.2.4 (/opt/ros/galactic/share/std_msgs/cmake)
-- Using all available rosidl_typesupport_c: rosidl_typesupport_fastrtps_c;rosidl_typesupport_introspection_c
-- Found rosidl_adapter: 2.2.3 (/opt/ros/galactic/share/rosidl_adapter/cmake)
-- Found OpenSSL: /usr/lib/x86_64-linux-gnu/libcrypto.so (found version "1.1.1f")  
-- Found FastRTPS: /opt/ros/galactic/include  
-- Using all available rosidl_typesupport_cpp: rosidl_typesupport_fastrtps_cpp;rosidl_typesupport_introspection_cpp
-- Found rosidl_default_generators: 1.1.1 (/opt/ros/galactic/share/rosidl_default_generators/cmake)
-- Found PythonInterp: /usr/bin/python3 (found version "3.8.10") 
-- Found ament_cmake_ros: 0.9.2 (/opt/ros/galactic/share/ament_cmake_ros/cmake)
-- Using all available rosidl_typesupport_c: rosidl_typesupport_fastrtps_c;rosidl_typesupport_introspection_c
-- Using all available rosidl_typesupport_cpp: rosidl_typesupport_fastrtps_cpp;rosidl_typesupport_introspection_cpp
-- Found PythonInterp: /usr/bin/python3 (found suitable version "3.8.10", minimum required is "3.5") 
-- Found python_cmake_module: 0.8.1 (/opt/ros/galactic/share/python_cmake_module/cmake)
-- Found PythonLibs: /usr/lib/x86_64-linux-gnu/libpython3.8.so (found suitable version "3.8.10", minimum required is "3.5") 
-- Using PYTHON_EXECUTABLE: /usr/bin/python3
-- Using PYTHON_INCLUDE_DIRS: /usr/include/python3.8
-- Using PYTHON_LIBRARIES: /usr/lib/x86_64-linux-gnu/libpython3.8.so
-- Found PythonExtra: .so  
-- Configuring done
-- Generating done
-- Build files have been written to: /home/build/cyberdog_msg
[35m[1mScanning dependencies of target cyberdog_msg__cpp[0m
[  2%] [34m[1mGenerating C code for ROS interfaces[0m
[  5%] [34m[1mGenerating C++ code for ROS interfaces[0m
[35m[1mScanning dependencies of target cyberdog_msg__rosidl_generator_c[0m
[  5%] Built target cyberdog_msg__cpp
[  7%] [32mBuilding C object CMakeFiles/cyberdog_msg__rosidl_generator_c.dir/rosidl_generator_c/cyberdog_msg/msg/detail/yaml_param__functions.c.o[0m
[ 10%] [32mBuilding C object CMakeFiles/cyberdog_msg__rosidl_generator_c.dir/rosidl_generator_c/cyberdog_msg/msg/detail/apply_force__functions.c.o[0m
[ 12%] [34m[1mGenerating C++ type support for eProsima Fast-RTPS[0m
[ 15%] [34m[1mGenerating C++ introspection for ROS interfaces[0m
[ 17%] [34m[1mGenerating C++ type support dispatch for ROS interfaces[0m
[ 20%] [32m[1mLinking C shared library libcyberdog_msg__rosidl_generator_c.so[0m
[ 20%] Built target cyberdog_msg__rosidl_generator_c
[ 23%] [34m[1mGenerating C type support dispatch for ROS interfaces[0m
[ 25%] [34m[1mGenerating C introspection for ROS interfaces[0m
[35m[1mScanning dependencies of target cyberdog_msg__rosidl_typesupport_cpp[0m
[35m[1mScanning dependencies of target cyberdog_msg__rosidl_typesupport_introspection_cpp[0m
[ 28%] [32mBuilding CXX object CMakeFiles/cyberdog_msg__rosidl_typesupport_cpp.dir/rosidl_typesupport_cpp/cyberdog_msg/msg/yaml_param__type_support.cpp.o[0m
[ 30%] [32mBuilding CXX object CMakeFiles/cyberdog_msg__rosidl_typesupport_cpp.dir/rosidl_typesupport_cpp/cyberdog_msg/msg/apply_force__type_support.cpp.o[0m
[35m[1mScanning dependencies of target cyberdog_msg__rosidl_typesupport_fastrtps_cpp[0m
[ 33%] [32mBuilding CXX object CMakeFiles/cyberdog_msg__rosidl_typesupport_introspection_cpp.dir/rosidl_typesupport_introspection_cpp/cyberdog_msg/msg/detail/yaml_param__type_support.cpp.o[0m
[ 35%] [32mBuilding CXX object CMakeFiles/cyberdog_msg__rosidl_typesupport_introspection_cpp.dir/rosidl_typesupport_introspection_cpp/cyberdog_msg/msg/detail/apply_force__type_support.cpp.o[0m
[ 41%] [32mBuilding CXX object CMakeFiles/cyberdog_msg__rosidl_typesupport_fastrtps_cpp.dir/rosidl_typesupport_fastrtps_cpp/cyberdog_msg/msg/detail/dds_fastrtps/apply_force__type_support.cpp.o[0m
[ 41%] [32mBuilding CXX object CMakeFiles/cyberdog_msg__rosidl_typesupport_fastrtps_cpp.dir/rosidl_typesupport_fastrtps_cpp/cyberdog_msg/msg/detail/dds_fastrtps/yaml_param__type_support.cpp.o[0m
[35m[1mScanning dependencies of target cyberdog_msg__rosidl_typesupport_c[0m
[35m[1mScanning dependencies of target cyberdog_msg__rosidl_typesupport_introspection_c[0m
[ 43%] [32mBuilding CXX object CMakeFiles/cyberdog_msg__rosidl_typesupport_c.dir/rosidl_typesupport_c/cyberdog_msg/msg/yaml_param__type_support.cpp.o[0m
[ 46%] [32mBuilding CXX object CMakeFiles/cyberdog_msg__rosidl_typesupport_c.dir/rosidl_typesupport_c/cyberdog_msg/msg/apply_force__type_support.cpp.o[0m
[ 48%] [32mBuilding C object CMakeFiles/cyberdog_msg__rosidl_typesupport_introspection_c.dir/rosidl_typesupport_introspection_c/cyberdog_msg/msg/detail/yaml_param__type_support.c.o[0m
[ 51%] [32mBuilding C object CMakeFiles/cyberdog_msg__rosidl_typesupport_introspection_c.dir/rosidl_typesupport_introspection_c/cyberdog_msg/msg/detail/apply_force__type_support.c.o[0m
[ 53%] [32m[1mLinking CXX shared library libcyberdog_msg__rosidl_typesupport_c.so[0m
[ 56%] [32m[1mLinking C shared library libcyberdog_msg__rosidl_typesupport_introspection_c.so[0m
[ 56%] Built target cyberdog_msg__rosidl_typesupport_c
[ 56%] Built target cyberdog_msg__rosidl_typesupport_introspection_c
[ 58%] [32m[1mLinking CXX shared library libcyberdog_msg__rosidl_typesupport_cpp.so[0m
[ 61%] [32m[1mLinking CXX shared library libcyberdog_msg__rosidl_typesupport_introspection_cpp.so[0m
[ 61%] Built target cyberdog_msg__rosidl_typesupport_cpp
[ 61%] Built target cyberdog_msg__rosidl_typesupport_introspection_cpp
[ 64%] [32m[1mLinking CXX shared library libcyberdog_msg__rosidl_typesupport_fastrtps_cpp.so[0m
[ 64%] Built target cyberdog_msg__rosidl_typesupport_fastrtps_cpp
[ 66%] [34m[1mGenerating C type support for eProsima Fast-RTPS[0m
[35m[1mScanning dependencies of target cyberdog_msg__rosidl_typesupport_fastrtps_c[0m
[ 71%] [32mBuilding CXX object CMakeFiles/cyberdog_msg__rosidl_typesupport_fastrtps_c.dir/rosidl_typesupport_fastrtps_c/cyberdog_msg/msg/detail/apply_force__type_support_c.cpp.o[0m
[ 71%] [32mBuilding CXX object CMakeFiles/cyberdog_msg__rosidl_typesupport_fastrtps_c.dir/rosidl_typesupport_fastrtps_c/cyberdog_msg/msg/detail/yaml_param__type_support_c.cpp.o[0m
[ 74%] [32m[1mLinking CXX shared library libcyberdog_msg__rosidl_typesupport_fastrtps_c.so[0m
[ 74%] Built target cyberdog_msg__rosidl_typesupport_fastrtps_c
[35m[1mScanning dependencies of target cyberdog_msg[0m
[ 74%] Built target cyberdog_msg
[35m[1mScanning dependencies of target cyberdog_msg__py[0m
[ 76%] [34m[1mGenerating Python code for ROS interfaces[0m
[ 76%] Built target cyberdog_msg__py
[35m[1mScanning dependencies of target cyberdog_msg__python[0m
[ 82%] [32mBuilding C object CMakeFiles/cyberdog_msg__python.dir/rosidl_generator_py/cyberdog_msg/msg/_apply_force_s.c.o[0m
[ 82%] [32mBuilding C object CMakeFiles/cyberdog_msg__python.dir/rosidl_generator_py/cyberdog_msg/msg/_yaml_param_s.c.o[0m
[ 84%] [32m[1mLinking C shared library rosidl_generator_py/cyberdog_msg/libcyberdog_msg__python.so[0m
[ 84%] Built target cyberdog_msg__python
[35m[1mScanning dependencies of target cyberdog_msg__rosidl_typesupport_c__pyext[0m
[35m[1mScanning dependencies of target cyberdog_msg__rosidl_typesupport_fastrtps_c__pyext[0m
[35m[1mScanning dependencies of target cyberdog_msg__rosidl_typesupport_introspection_c__pyext[0m
[ 89%] [32mBuilding C object CMakeFiles/cyberdog_msg__rosidl_typesupport_c__pyext.dir/rosidl_generator_py/cyberdog_msg/_cyberdog_msg_s.ep.rosidl_typesupport_c.c.o[0m
[ 89%] [32mBuilding C object CMakeFiles/cyberdog_msg__rosidl_typesupport_introspection_c__pyext.dir/rosidl_generator_py/cyberdog_msg/_cyberdog_msg_s.ep.rosidl_typesupport_introspection_c.c.o[0m
[ 92%] [32mBuilding C object CMakeFiles/cyberdog_msg__rosidl_typesupport_fastrtps_c__pyext.dir/rosidl_generator_py/cyberdog_msg/_cyberdog_msg_s.ep.rosidl_typesupport_fastrtps_c.c.o[0m
[ 97%] [32m[1mLinking C shared library rosidl_generator_py/cyberdog_msg/cyberdog_msg_s__rosidl_typesupport_introspection_c.cpython-38-x86_64-linux-gnu.so[0m
[ 97%] [32m[1mLinking C shared library rosidl_generator_py/cyberdog_msg/cyberdog_msg_s__rosidl_typesupport_c.cpython-38-x86_64-linux-gnu.so[0m
[100%] [32m[1mLinking CXX shared library rosidl_generator_py/cyberdog_msg/cyberdog_msg_s__rosidl_typesupport_fastrtps_c.cpython-38-x86_64-linux-gnu.so[0m
[100%] Built target cyberdog_msg__rosidl_typesupport_introspection_c__pyext
[100%] Built target cyberdog_msg__rosidl_typesupport_c__pyext
[100%] Built target cyberdog_msg__rosidl_typesupport_fastrtps_c__pyext
-- Install configuration: ""
-- Installing: /home/install/share/ament_index/resource_index/rosidl_interfaces/cyberdog_msg
-- Installing: /home/install/include/cyberdog_msg
-- Installing: /home/install/include/cyberdog_msg/msg
-- Installing: /home/install/include/cyberdog_msg/msg/yaml_param.h
-- Installing: /home/install/include/cyberdog_msg/msg/detail
-- Installing: /home/install/include/cyberdog_msg/msg/detail/apply_force__functions.c
-- Installing: /home/install/include/cyberdog_msg/msg/detail/yaml_param__functions.c
-- Installing: /home/install/include/cyberdog_msg/msg/detail/apply_force__functions.h
-- Installing: /home/install/include/cyberdog_msg/msg/detail/yaml_param__functions.h
-- Installing: /home/install/include/cyberdog_msg/msg/detail/apply_force__type_support.h
-- Installing: /home/install/include/cyberdog_msg/msg/detail/yaml_param__type_support.h
-- Installing: /home/install/include/cyberdog_msg/msg/detail/yaml_param__struct.h
-- Installing: /home/install/include/cyberdog_msg/msg/detail/apply_force__struct.h
-- Installing: /home/install/include/cyberdog_msg/msg/apply_force.h
-- Installing: /home/install/include/cyberdog_msg/msg/rosidl_generator_c__visibility_control.h
-- Installing: /home/install/share/cyberdog_msg/environment/library_path.sh
-- Installing: /home/install/share/cyberdog_msg/environment/library_path.dsv
-- Installing: /home/install/lib/libcyberdog_msg__rosidl_generator_c.so
-- Set runtime path of "/home/install/lib/libcyberdog_msg__rosidl_generator_c.so" to ""
-- Up-to-date: /home/install/include/cyberdog_msg
-- Up-to-date: /home/install/include/cyberdog_msg/msg
-- Up-to-date: /home/install/include/cyberdog_msg/msg/detail
-- Installing: /home/install/include/cyberdog_msg/msg/detail/apply_force__rosidl_typesupport_fastrtps_c.h
-- Installing: /home/install/include/cyberdog_msg/msg/detail/yaml_param__rosidl_typesupport_fastrtps_c.h
-- Installing: /home/install/include/cyberdog_msg/msg/rosidl_typesupport_fastrtps_c__visibility_control.h
-- Installing: /home/install/lib/libcyberdog_msg__rosidl_typesupport_fastrtps_c.so
-- Set runtime path of "/home/install/lib/libcyberdog_msg__rosidl_typesupport_fastrtps_c.so" to ""
-- Up-to-date: /home/install/include/cyberdog_msg
-- Up-to-date: /home/install/include/cyberdog_msg/msg
-- Installing: /home/install/include/cyberdog_msg/msg/rosidl_typesupport_fastrtps_cpp__visibility_control.h
-- Up-to-date: /home/install/include/cyberdog_msg/msg/detail
-- Installing: /home/install/include/cyberdog_msg/msg/detail/dds_fastrtps
-- Installing: /home/install/include/cyberdog_msg/msg/detail/apply_force__rosidl_typesupport_fastrtps_cpp.hpp
-- Installing: /home/install/include/cyberdog_msg/msg/detail/yaml_param__rosidl_typesupport_fastrtps_cpp.hpp
-- Installing: /home/install/lib/libcyberdog_msg__rosidl_typesupport_fastrtps_cpp.so
-- Set runtime path of "/home/install/lib/libcyberdog_msg__rosidl_typesupport_fastrtps_cpp.so" to ""
-- Up-to-date: /home/install/include/cyberdog_msg
-- Up-to-date: /home/install/include/cyberdog_msg/msg
-- Up-to-date: /home/install/include/cyberdog_msg/msg/detail
-- Installing: /home/install/include/cyberdog_msg/msg/detail/yaml_param__type_support.c
-- Installing: /home/install/include/cyberdog_msg/msg/detail/apply_force__rosidl_typesupport_introspection_c.h
-- Installing: /home/install/include/cyberdog_msg/msg/detail/apply_force__type_support.c
-- Installing: /home/install/include/cyberdog_msg/msg/detail/yaml_param__rosidl_typesupport_introspection_c.h
-- Installing: /home/install/include/cyberdog_msg/msg/rosidl_typesupport_introspection_c__visibility_control.h
-- Installing: /home/install/lib/libcyberdog_msg__rosidl_typesupport_introspection_c.so
-- Set runtime path of "/home/install/lib/libcyberdog_msg__rosidl_typesupport_introspection_c.so" to ""
-- Installing: /home/install/lib/libcyberdog_msg__rosidl_typesupport_c.so
-- Set runtime path of "/home/install/lib/libcyberdog_msg__rosidl_typesupport_c.so" to ""
-- Up-to-date: /home/install/include/cyberdog_msg
-- Up-to-date: /home/install/include/cyberdog_msg/msg
-- Up-to-date: /home/install/include/cyberdog_msg/msg/detail
-- Installing: /home/install/include/cyberdog_msg/msg/detail/yaml_param__struct.hpp
-- Installing: /home/install/include/cyberdog_msg/msg/detail/apply_force__builder.hpp
-- Installing: /home/install/include/cyberdog_msg/msg/detail/apply_force__traits.hpp
-- Installing: /home/install/include/cyberdog_msg/msg/detail/yaml_param__traits.hpp
-- Installing: /home/install/include/cyberdog_msg/msg/detail/apply_force__struct.hpp
-- Installing: /home/install/include/cyberdog_msg/msg/detail/yaml_param__builder.hpp
-- Installing: /home/install/include/cyberdog_msg/msg/yaml_param.hpp
-- Installing: /home/install/include/cyberdog_msg/msg/apply_force.hpp
-- Up-to-date: /home/install/include/cyberdog_msg
-- Up-to-date: /home/install/include/cyberdog_msg/msg
-- Up-to-date: /home/install/include/cyberdog_msg/msg/detail
-- Installing: /home/install/include/cyberdog_msg/msg/detail/yaml_param__type_support.cpp
-- Installing: /home/install/include/cyberdog_msg/msg/detail/apply_force__rosidl_typesupport_introspection_cpp.hpp
-- Installing: /home/install/include/cyberdog_msg/msg/detail/apply_force__type_support.cpp
-- Installing: /home/install/include/cyberdog_msg/msg/detail/yaml_param__rosidl_typesupport_introspection_cpp.hpp
-- Installing: /home/install/lib/libcyberdog_msg__rosidl_typesupport_introspection_cpp.so
-- Set runtime path of "/home/install/lib/libcyberdog_msg__rosidl_typesupport_introspection_cpp.so" to ""
-- Installing: /home/install/lib/libcyberdog_msg__rosidl_typesupport_cpp.so
-- Set runtime path of "/home/install/lib/libcyberdog_msg__rosidl_typesupport_cpp.so" to ""
-- Installing: /home/install/share/cyberdog_msg/environment/pythonpath.sh
-- Installing: /home/install/share/cyberdog_msg/environment/pythonpath.dsv
-- Installing: /home/install/lib/python3.8/site-packages/cyberdog_msg/__init__.py
Compiling '/home/install/lib/python3.8/site-packages/cyberdog_msg/__init__.py'...
-- Installing: /home/install/lib/python3.8/site-packages/cyberdog_msg/msg
-- Installing: /home/install/lib/python3.8/site-packages/cyberdog_msg/msg/_apply_force_s.c
-- Installing: /home/install/lib/python3.8/site-packages/cyberdog_msg/msg/_yaml_param.py
-- Installing: /home/install/lib/python3.8/site-packages/cyberdog_msg/msg/_apply_force.py
-- Installing: /home/install/lib/python3.8/site-packages/cyberdog_msg/msg/_yaml_param_s.c
-- Installing: /home/install/lib/python3.8/site-packages/cyberdog_msg/msg/__init__.py
-- Installing: /home/install/lib/python3.8/site-packages/cyberdog_msg/cyberdog_msg_s__rosidl_typesupport_fastrtps_c.cpython-38-x86_64-linux-gnu.so
-- Set runtime path of "/home/install/lib/python3.8/site-packages/cyberdog_msg/cyberdog_msg_s__rosidl_typesupport_fastrtps_c.cpython-38-x86_64-linux-gnu.so" to ""
-- Installing: /home/install/lib/python3.8/site-packages/cyberdog_msg/cyberdog_msg_s__rosidl_typesupport_introspection_c.cpython-38-x86_64-linux-gnu.so
-- Set runtime path of "/home/install/lib/python3.8/site-packages/cyberdog_msg/cyberdog_msg_s__rosidl_typesupport_introspection_c.cpython-38-x86_64-linux-gnu.so" to ""
-- Installing: /home/install/lib/python3.8/site-packages/cyberdog_msg/cyberdog_msg_s__rosidl_typesupport_c.cpython-38-x86_64-linux-gnu.so
-- Set runtime path of "/home/install/lib/python3.8/site-packages/cyberdog_msg/cyberdog_msg_s__rosidl_typesupport_c.cpython-38-x86_64-linux-gnu.so" to ""
-- Installing: /home/install/lib/libcyberdog_msg__python.so
-- Set runtime path of "/home/install/lib/libcyberdog_msg__python.so" to ""
-- Installing: /home/install/share/cyberdog_msg/msg/YamlParam.idl
-- Installing: /home/install/share/cyberdog_msg/msg/ApplyForce.idl
-- Installing: /home/install/share/cyberdog_msg/msg/YamlParam.msg
-- Installing: /home/install/share/cyberdog_msg/msg/ApplyForce.msg
-- Installing: /home/install/share/ament_index/resource_index/package_run_dependencies/cyberdog_msg
-- Installing: /home/install/share/ament_index/resource_index/parent_prefix_path/cyberdog_msg
-- Installing: /home/install/share/cyberdog_msg/environment/ament_prefix_path.sh
-- Installing: /home/install/share/cyberdog_msg/environment/ament_prefix_path.dsv
-- Installing: /home/install/share/cyberdog_msg/environment/path.sh
-- Installing: /home/install/share/cyberdog_msg/environment/path.dsv
-- Installing: /home/install/share/cyberdog_msg/local_setup.bash
-- Installing: /home/install/share/cyberdog_msg/local_setup.sh
-- Installing: /home/install/share/cyberdog_msg/local_setup.zsh
-- Installing: /home/install/share/cyberdog_msg/local_setup.dsv
-- Installing: /home/install/share/cyberdog_msg/package.dsv
-- Installing: /home/install/share/ament_index/resource_index/packages/cyberdog_msg
-- Installing: /home/install/share/cyberdog_msg/cmake/cyberdog_msg__rosidl_generator_cExport.cmake
-- Installing: /home/install/share/cyberdog_msg/cmake/cyberdog_msg__rosidl_generator_cExport-noconfig.cmake
-- Installing: /home/install/share/cyberdog_msg/cmake/cyberdog_msg__rosidl_typesupport_introspection_cExport.cmake
-- Installing: /home/install/share/cyberdog_msg/cmake/cyberdog_msg__rosidl_typesupport_introspection_cExport-noconfig.cmake
-- Installing: /home/install/share/cyberdog_msg/cmake/cyberdog_msg__rosidl_typesupport_cExport.cmake
-- Installing: /home/install/share/cyberdog_msg/cmake/cyberdog_msg__rosidl_typesupport_cExport-noconfig.cmake
-- Installing: /home/install/share/cyberdog_msg/cmake/cyberdog_msg__rosidl_generator_cppExport.cmake
-- Installing: /home/install/share/cyberdog_msg/cmake/cyberdog_msg__rosidl_typesupport_introspection_cppExport.cmake
-- Installing: /home/install/share/cyberdog_msg/cmake/cyberdog_msg__rosidl_typesupport_introspection_cppExport-noconfig.cmake
-- Installing: /home/install/share/cyberdog_msg/cmake/cyberdog_msg__rosidl_typesupport_cppExport.cmake
-- Installing: /home/install/share/cyberdog_msg/cmake/cyberdog_msg__rosidl_typesupport_cppExport-noconfig.cmake
-- Installing: /home/install/share/cyberdog_msg/cmake/rosidl_cmake-extras.cmake
-- Installing: /home/install/share/cyberdog_msg/cmake/ament_cmake_export_dependencies-extras.cmake
-- Installing: /home/install/share/cyberdog_msg/cmake/ament_cmake_export_libraries-extras.cmake
-- Installing: /home/install/share/cyberdog_msg/cmake/ament_cmake_export_targets-extras.cmake
-- Installing: /home/install/share/cyberdog_msg/cmake/ament_cmake_export_include_directories-extras.cmake
-- Installing: /home/install/share/cyberdog_msg/cmake/rosidl_cmake_export_typesupport_libraries-extras.cmake
-- Installing: /home/install/share/cyberdog_msg/cmake/rosidl_cmake_export_typesupport_targets-extras.cmake
-- Installing: /home/install/share/cyberdog_msg/cmake/cyberdog_msgConfig.cmake
-- Installing: /home/install/share/cyberdog_msg/cmake/cyberdog_msgConfig-version.cmake
-- Installing: /home/install/share/cyberdog_msg/package.xml
