[0.016s] Invoking command in '/home/cyberdog_ws/build/cyberdog_common': AMENT_PREFIX_PATH=/home/cyberdog_ws/install:${AMENT_PREFIX_PATH} CMAKE_PREFIX_PATH=/home/cyberdog_ws/install:/opt/ros/galactic LD_LIBRARY_PATH=/home/cyberdog_ws/install/lib:${LD_LIBRARY_PATH} PYTHONPATH=/home/cyberdog_ws/install/lib/python3.8/site-packages:${PYTHONPATH} /usr/bin/cmake --build /home/cyberdog_ws/build/cyberdog_common -- -j16 -l16
[0.075s] [ 25%] Built target cyberdog_log
[0.075s] [ 50%] Built target cyberdog_fds
[0.108s] [ 75%] Built target test_fds
[0.108s] [100%] Built target model_test
[0.119s] Invoked command in '/home/cyberdog_ws/build/cyberdog_common' returned '0': AMENT_PREFIX_PATH=/home/cyberdog_ws/install:${AMENT_PREFIX_PATH} CMAKE_PREFIX_PATH=/home/cyberdog_ws/install:/opt/ros/galactic LD_LIBRARY_PATH=/home/cyberdog_ws/install/lib:${LD_LIBRARY_PATH} PYTHONPATH=/home/cyberdog_ws/install/lib/python3.8/site-packages:${PYTHONPATH} /usr/bin/cmake --build /home/cyberdog_ws/build/cyberdog_common -- -j16 -l16
[0.152s] Invoking command in '/home/cyberdog_ws/build/cyberdog_common': AMENT_PREFIX_PATH=/home/cyberdog_ws/install:${AMENT_PREFIX_PATH} CMAKE_PREFIX_PATH=/home/cyberdog_ws/install:/opt/ros/galactic LD_LIBRARY_PATH=/home/cyberdog_ws/install/lib:${LD_LIBRARY_PATH} PYTHONPATH=/home/cyberdog_ws/install/lib/python3.8/site-packages:${PYTHONPATH} /usr/bin/cmake --install /home/cyberdog_ws/build/cyberdog_common
[0.160s] -- Install configuration: ""
[0.161s] -- Up-to-date: /home/cyberdog_ws/install/share/cyberdog_common/environment/library_path.sh
[0.161s] -- Up-to-date: /home/cyberdog_ws/install/share/cyberdog_common/environment/library_path.dsv
[0.161s] -- Up-to-date: /home/cyberdog_ws/install/include/
[0.161s] -- Up-to-date: /home/cyberdog_ws/install/include//cyberdog_common
[0.161s] -- Up-to-date: /home/cyberdog_ws/install/include//cyberdog_common/cyberdog_deque.hpp
[0.161s] -- Up-to-date: /home/cyberdog_ws/install/include//cyberdog_common/cyberdog_fds.hpp
[0.161s] -- Up-to-date: /home/cyberdog_ws/install/include//cyberdog_common/cyberdog_msg_queue.hpp
[0.161s] -- Up-to-date: /home/cyberdog_ws/install/include//cyberdog_common/cyberdog_model.hpp
[0.161s] -- Up-to-date: /home/cyberdog_ws/install/include//cyberdog_common/cyberdog_toml.hpp
[0.161s] -- Up-to-date: /home/cyberdog_ws/install/include//cyberdog_common/cyberdog_fds_impl.hpp
[0.161s] -- Up-to-date: /home/cyberdog_ws/install/include//cyberdog_common/cyberdog_lcm.hpp
[0.161s] -- Up-to-date: /home/cyberdog_ws/install/include//cyberdog_common/cyberdog_config.hpp
[0.161s] -- Up-to-date: /home/cyberdog_ws/install/include//cyberdog_common/cyberdog_log.hpp
[0.162s] -- Up-to-date: /home/cyberdog_ws/install/include//cyberdog_common/cyberdog_json.hpp
[0.162s] -- Up-to-date: /home/cyberdog_ws/install/include//cyberdog_common/cyberdog_semaphore.hpp
[0.162s] -- Up-to-date: /home/cyberdog_ws/install/lib/libcyberdog_log.so
[0.162s] -- Up-to-date: /home/cyberdog_ws/install/lib/libcyberdog_fds.so
[0.162s] -- Up-to-date: /home/cyberdog_ws/install/share/cyberdog_common/environment/library_path.sh
[0.162s] -- Up-to-date: /home/cyberdog_ws/install/share/cyberdog_common/environment/library_path.dsv
[0.162s] -- Up-to-date: /home/cyberdog_ws/install/share/ament_index/resource_index/package_run_dependencies/cyberdog_common
[0.162s] -- Up-to-date: /home/cyberdog_ws/install/share/ament_index/resource_index/parent_prefix_path/cyberdog_common
[0.162s] -- Up-to-date: /home/cyberdog_ws/install/share/cyberdog_common/environment/ament_prefix_path.sh
[0.162s] -- Up-to-date: /home/cyberdog_ws/install/share/cyberdog_common/environment/ament_prefix_path.dsv
[0.162s] -- Up-to-date: /home/cyberdog_ws/install/share/cyberdog_common/environment/path.sh
[0.162s] -- Up-to-date: /home/cyberdog_ws/install/share/cyberdog_common/environment/path.dsv
[0.162s] -- Up-to-date: /home/cyberdog_ws/install/share/cyberdog_common/local_setup.bash
[0.162s] -- Up-to-date: /home/cyberdog_ws/install/share/cyberdog_common/local_setup.sh
[0.162s] -- Up-to-date: /home/cyberdog_ws/install/share/cyberdog_common/local_setup.zsh
[0.163s] -- Up-to-date: /home/cyberdog_ws/install/share/cyberdog_common/local_setup.dsv
[0.163s] -- Installing: /home/cyberdog_ws/install/share/cyberdog_common/package.dsv
[0.163s] -- Up-to-date: /home/cyberdog_ws/install/share/ament_index/resource_index/packages/cyberdog_common
[0.163s] -- Up-to-date: /home/cyberdog_ws/install/share/cyberdog_common/cmake/cyberdog_logExport.cmake
[0.163s] -- Up-to-date: /home/cyberdog_ws/install/share/cyberdog_common/cmake/cyberdog_logExport-noconfig.cmake
[0.163s] -- Up-to-date: /home/cyberdog_ws/install/share/cyberdog_common/cmake/cyberdog_fdsExport.cmake
[0.163s] -- Up-to-date: /home/cyberdog_ws/install/share/cyberdog_common/cmake/cyberdog_fdsExport-noconfig.cmake
[0.163s] -- Up-to-date: /home/cyberdog_ws/install/share/cyberdog_common/cmake/ament_cmake_export_include_directories-extras.cmake
[0.163s] -- Up-to-date: /home/cyberdog_ws/install/share/cyberdog_common/cmake/ament_cmake_export_targets-extras.cmake
[0.163s] -- Up-to-date: /home/cyberdog_ws/install/share/cyberdog_common/cmake/ament_cmake_export_dependencies-extras.cmake
[0.163s] -- Up-to-date: /home/cyberdog_ws/install/share/cyberdog_common/cmake/cyberdog_commonConfig.cmake
[0.163s] -- Up-to-date: /home/cyberdog_ws/install/share/cyberdog_common/cmake/cyberdog_commonConfig-version.cmake
[0.163s] -- Up-to-date: /home/cyberdog_ws/install/share/cyberdog_common/package.xml
[0.164s] Invoked command in '/home/cyberdog_ws/build/cyberdog_common' returned '0': AMENT_PREFIX_PATH=/home/cyberdog_ws/install:${AMENT_PREFIX_PATH} CMAKE_PREFIX_PATH=/home/cyberdog_ws/install:/opt/ros/galactic LD_LIBRARY_PATH=/home/cyberdog_ws/install/lib:${LD_LIBRARY_PATH} PYTHONPATH=/home/cyberdog_ws/install/lib/python3.8/site-packages:${PYTHONPATH} /usr/bin/cmake --install /home/cyberdog_ws/build/cyberdog_common
