-- Install configuration: ""
-- Up-to-date: /home/cyberdog_ws/install/include
-- Up-to-date: /home/cyberdog_ws/install/include/xpack
-- Up-to-date: /home/cyberdog_ws/install/include/xpack/numeric.h
-- Up-to-date: /home/cyberdog_ws/install/include/xpack/json_decoder.h
-- Up-to-date: /home/cyberdog_ws/install/include/xpack/xencoder.h
-- Up-to-date: /home/cyberdog_ws/install/include/xpack/rapidjson_custom.h
-- Up-to-date: /home/cyberdog_ws/install/include/xpack/thirdparty
-- Up-to-date: /home/cyberdog_ws/install/include/xpack/thirdparty/rapidjson
-- Up-to-date: /home/cyberdog_ws/install/include/xpack/thirdparty/rapidjson/stream.h
-- Up-to-date: /home/cyberdog_ws/install/include/xpack/thirdparty/rapidjson/schema.h
-- Up-to-date: /home/cyberdog_ws/install/include/xpack/thirdparty/rapidjson/cursorstreamwrapper.h
-- Up-to-date: /home/cyberdog_ws/install/include/xpack/thirdparty/rapidjson/ostreamwrapper.h
-- Up-to-date: /home/cyberdog_ws/install/include/xpack/thirdparty/rapidjson/allocators.h
-- Up-to-date: /home/cyberdog_ws/install/include/xpack/thirdparty/rapidjson/istreamwrapper.h
-- Up-to-date: /home/cyberdog_ws/install/include/xpack/thirdparty/rapidjson/filereadstream.h
-- Up-to-date: /home/cyberdog_ws/install/include/xpack/thirdparty/rapidjson/reader.h
-- Up-to-date: /home/cyberdog_ws/install/include/xpack/thirdparty/rapidjson/pointer.h
-- Up-to-date: /home/cyberdog_ws/install/include/xpack/thirdparty/rapidjson/memorybuffer.h
-- Up-to-date: /home/cyberdog_ws/install/include/xpack/thirdparty/rapidjson/document.h
-- Up-to-date: /home/cyberdog_ws/install/include/xpack/thirdparty/rapidjson/encodings.h
-- Up-to-date: /home/cyberdog_ws/install/include/xpack/thirdparty/rapidjson/writer.h
-- Up-to-date: /home/cyberdog_ws/install/include/xpack/thirdparty/rapidjson/fwd.h
-- Up-to-date: /home/cyberdog_ws/install/include/xpack/thirdparty/rapidjson/prettywriter.h
-- Up-to-date: /home/cyberdog_ws/install/include/xpack/thirdparty/rapidjson/stringbuffer.h
-- Up-to-date: /home/cyberdog_ws/install/include/xpack/thirdparty/rapidjson/filewritestream.h
-- Up-to-date: /home/cyberdog_ws/install/include/xpack/thirdparty/rapidjson/memorystream.h
-- Up-to-date: /home/cyberdog_ws/install/include/xpack/thirdparty/rapidjson/rapidjson.h
-- Up-to-date: /home/cyberdog_ws/install/include/xpack/thirdparty/rapidjson/encodedstream.h
-- Up-to-date: /home/cyberdog_ws/install/include/xpack/thirdparty/rapidjson/internal
-- Up-to-date: /home/cyberdog_ws/install/include/xpack/thirdparty/rapidjson/internal/stack.h
-- Up-to-date: /home/cyberdog_ws/install/include/xpack/thirdparty/rapidjson/internal/swap.h
-- Up-to-date: /home/cyberdog_ws/install/include/xpack/thirdparty/rapidjson/internal/diyfp.h
-- Up-to-date: /home/cyberdog_ws/install/include/xpack/thirdparty/rapidjson/internal/pow10.h
-- Up-to-date: /home/cyberdog_ws/install/include/xpack/thirdparty/rapidjson/internal/itoa.h
-- Up-to-date: /home/cyberdog_ws/install/include/xpack/thirdparty/rapidjson/internal/ieee754.h
-- Up-to-date: /home/cyberdog_ws/install/include/xpack/thirdparty/rapidjson/internal/biginteger.h
-- Up-to-date: /home/cyberdog_ws/install/include/xpack/thirdparty/rapidjson/internal/regex.h
-- Up-to-date: /home/cyberdog_ws/install/include/xpack/thirdparty/rapidjson/internal/strfunc.h
-- Up-to-date: /home/cyberdog_ws/install/include/xpack/thirdparty/rapidjson/internal/dtoa.h
-- Up-to-date: /home/cyberdog_ws/install/include/xpack/thirdparty/rapidjson/internal/strtod.h
-- Up-to-date: /home/cyberdog_ws/install/include/xpack/thirdparty/rapidjson/internal/meta.h
-- Up-to-date: /home/cyberdog_ws/install/include/xpack/thirdparty/rapidjson/msinttypes
-- Up-to-date: /home/cyberdog_ws/install/include/xpack/thirdparty/rapidjson/msinttypes/stdint.h
-- Up-to-date: /home/cyberdog_ws/install/include/xpack/thirdparty/rapidjson/msinttypes/inttypes.h
-- Up-to-date: /home/cyberdog_ws/install/include/xpack/thirdparty/rapidjson/error
-- Up-to-date: /home/cyberdog_ws/install/include/xpack/thirdparty/rapidjson/error/error.h
-- Up-to-date: /home/cyberdog_ws/install/include/xpack/thirdparty/rapidjson/error/en.h
-- Up-to-date: /home/cyberdog_ws/install/include/xpack/xtype.h
-- Up-to-date: /home/cyberdog_ws/install/include/xpack/json.h
-- Up-to-date: /home/cyberdog_ws/install/include/xpack/l1l2_expand.h
-- Up-to-date: /home/cyberdog_ws/install/include/xpack/xpack.h
-- Up-to-date: /home/cyberdog_ws/install/include/xpack/json_encoder.h
-- Up-to-date: /home/cyberdog_ws/install/include/xpack/xml_decoder.h
-- Up-to-date: /home/cyberdog_ws/install/include/xpack/util.h
-- Up-to-date: /home/cyberdog_ws/install/include/xpack/xml_encoder.h
-- Up-to-date: /home/cyberdog_ws/install/include/xpack/json_data.h
-- Up-to-date: /home/cyberdog_ws/install/include/xpack/config.h
-- Up-to-date: /home/cyberdog_ws/install/include/xpack/traits.h
-- Up-to-date: /home/cyberdog_ws/install/include/xpack/xdecoder.h
-- Up-to-date: /home/cyberdog_ws/install/include/xpack/extend.h
-- Up-to-date: /home/cyberdog_ws/install/include/xpack/xml.h
-- Up-to-date: /home/cyberdog_ws/install/share/ament_index/resource_index/package_run_dependencies/xpack
-- Up-to-date: /home/cyberdog_ws/install/share/ament_index/resource_index/parent_prefix_path/xpack
-- Up-to-date: /home/cyberdog_ws/install/share/xpack/environment/ament_prefix_path.sh
-- Up-to-date: /home/cyberdog_ws/install/share/xpack/environment/ament_prefix_path.dsv
-- Up-to-date: /home/cyberdog_ws/install/share/xpack/environment/path.sh
-- Up-to-date: /home/cyberdog_ws/install/share/xpack/environment/path.dsv
-- Up-to-date: /home/cyberdog_ws/install/share/xpack/local_setup.bash
-- Up-to-date: /home/cyberdog_ws/install/share/xpack/local_setup.sh
-- Up-to-date: /home/cyberdog_ws/install/share/xpack/local_setup.zsh
-- Up-to-date: /home/cyberdog_ws/install/share/xpack/local_setup.dsv
-- Installing: /home/cyberdog_ws/install/share/xpack/package.dsv
-- Up-to-date: /home/cyberdog_ws/install/share/ament_index/resource_index/packages/xpack
-- Up-to-date: /home/cyberdog_ws/install/share/xpack/cmake/ament_cmake_export_include_directories-extras.cmake
-- Up-to-date: /home/cyberdog_ws/install/share/xpack/cmake/xpackConfig.cmake
-- Up-to-date: /home/cyberdog_ws/install/share/xpack/cmake/xpackConfig-version.cmake
-- Up-to-date: /home/cyberdog_ws/install/share/xpack/package.xml
