-- Install configuration: ""
-- Up-to-date: /home/cyberdog_ws/install/include/
-- Up-to-date: /home/cyberdog_ws/install/include//manager_base
-- Up-to-date: /home/cyberdog_ws/install/include//manager_base/manager_base.hpp
-- Up-to-date: /home/cyberdog_ws/install/share/ament_index/resource_index/package_run_dependencies/manager_base
-- Up-to-date: /home/cyberdog_ws/install/share/ament_index/resource_index/parent_prefix_path/manager_base
-- Up-to-date: /home/cyberdog_ws/install/share/manager_base/environment/ament_prefix_path.sh
-- Up-to-date: /home/cyberdog_ws/install/share/manager_base/environment/ament_prefix_path.dsv
-- Up-to-date: /home/cyberdog_ws/install/share/manager_base/environment/path.sh
-- Up-to-date: /home/cyberdog_ws/install/share/manager_base/environment/path.dsv
-- Up-to-date: /home/cyberdog_ws/install/share/manager_base/local_setup.bash
-- Up-to-date: /home/cyberdog_ws/install/share/manager_base/local_setup.sh
-- Up-to-date: /home/cyberdog_ws/install/share/manager_base/local_setup.zsh
-- Up-to-date: /home/cyberdog_ws/install/share/manager_base/local_setup.dsv
-- Installing: /home/cyberdog_ws/install/share/manager_base/package.dsv
-- Up-to-date: /home/cyberdog_ws/install/share/ament_index/resource_index/packages/manager_base
-- Up-to-date: /home/cyberdog_ws/install/share/manager_base/cmake/ament_cmake_export_include_directories-extras.cmake
-- Up-to-date: /home/cyberdog_ws/install/share/manager_base/cmake/manager_baseConfig.cmake
-- Up-to-date: /home/cyberdog_ws/install/share/manager_base/cmake/manager_baseConfig-version.cmake
-- Up-to-date: /home/cyberdog_ws/install/share/manager_base/package.xml
