[0.065s] Invoking command in '/home/cyberdog_ws/build/manager_base': AMENT_PREFIX_PATH=/home/cyberdog_ws/install:${AMENT_PREFIX_PATH} CMAKE_PREFIX_PATH=/home/cyberdog_ws/install:/opt/ros/galactic LD_LIBRARY_PATH=/home/cyberdog_ws/install/lib:${LD_LIBRARY_PATH} PYTHONPATH=/home/cyberdog_ws/install/lib/python3.8/site-packages:${PYTHONPATH} /usr/bin/cmake --build /home/cyberdog_ws/build/manager_base -- -j16 -l16
[0.142s] Invoked command in '/home/cyberdog_ws/build/manager_base' returned '0': AMENT_PREFIX_PATH=/home/cyberdog_ws/install:${AMENT_PREFIX_PATH} CMAKE_PREFIX_PATH=/home/cyberdog_ws/install:/opt/ros/galactic LD_LIBRARY_PATH=/home/cyberdog_ws/install/lib:${LD_LIBRARY_PATH} PYTHONPATH=/home/cyberdog_ws/install/lib/python3.8/site-packages:${PYTHONPATH} /usr/bin/cmake --build /home/cyberdog_ws/build/manager_base -- -j16 -l16
[0.171s] Invoking command in '/home/cyberdog_ws/build/manager_base': AMENT_PREFIX_PATH=/home/cyberdog_ws/install:${AMENT_PREFIX_PATH} CMAKE_PREFIX_PATH=/home/cyberdog_ws/install:/opt/ros/galactic LD_LIBRARY_PATH=/home/cyberdog_ws/install/lib:${LD_LIBRARY_PATH} PYTHONPATH=/home/cyberdog_ws/install/lib/python3.8/site-packages:${PYTHONPATH} /usr/bin/cmake --install /home/cyberdog_ws/build/manager_base
[0.179s] -- Install configuration: ""
[0.179s] -- Up-to-date: /home/cyberdog_ws/install/include/
[0.179s] -- Up-to-date: /home/cyberdog_ws/install/include//manager_base
[0.179s] -- Up-to-date: /home/cyberdog_ws/install/include//manager_base/manager_base.hpp
[0.180s] -- Up-to-date: /home/cyberdog_ws/install/share/ament_index/resource_index/package_run_dependencies/manager_base
[0.180s] -- Up-to-date: /home/cyberdog_ws/install/share/ament_index/resource_index/parent_prefix_path/manager_base
[0.180s] -- Up-to-date: /home/cyberdog_ws/install/share/manager_base/environment/ament_prefix_path.sh
[0.180s] -- Up-to-date: /home/cyberdog_ws/install/share/manager_base/environment/ament_prefix_path.dsv
[0.180s] -- Up-to-date: /home/cyberdog_ws/install/share/manager_base/environment/path.sh
[0.180s] -- Up-to-date: /home/cyberdog_ws/install/share/manager_base/environment/path.dsv
[0.180s] -- Up-to-date: /home/cyberdog_ws/install/share/manager_base/local_setup.bash
[0.180s] -- Up-to-date: /home/cyberdog_ws/install/share/manager_base/local_setup.sh
[0.180s] -- Up-to-date: /home/cyberdog_ws/install/share/manager_base/local_setup.zsh
[0.180s] -- Up-to-date: /home/cyberdog_ws/install/share/manager_base/local_setup.dsv
[0.180s] -- Installing: /home/cyberdog_ws/install/share/manager_base/package.dsv
[0.180s] -- Up-to-date: /home/cyberdog_ws/install/share/ament_index/resource_index/packages/manager_base
[0.180s] -- Up-to-date: /home/cyberdog_ws/install/share/manager_base/cmake/ament_cmake_export_include_directories-extras.cmake
[0.180s] -- Up-to-date: /home/cyberdog_ws/install/share/manager_base/cmake/manager_baseConfig.cmake
[0.180s] -- Up-to-date: /home/cyberdog_ws/install/share/manager_base/cmake/manager_baseConfig-version.cmake
[0.181s] -- Up-to-date: /home/cyberdog_ws/install/share/manager_base/package.xml
[0.185s] Invoked command in '/home/cyberdog_ws/build/manager_base' returned '0': AMENT_PREFIX_PATH=/home/cyberdog_ws/install:${AMENT_PREFIX_PATH} CMAKE_PREFIX_PATH=/home/cyberdog_ws/install:/opt/ros/galactic LD_LIBRARY_PATH=/home/cyberdog_ws/install/lib:${LD_LIBRARY_PATH} PYTHONPATH=/home/cyberdog_ws/install/lib/python3.8/site-packages:${PYTHONPATH} /usr/bin/cmake --install /home/cyberdog_ws/build/manager_base
