[0.031s] Invoking command in '/home/cyberdog_ws/build/cyberdog_system': AMENT_PREFIX_PATH=/home/cyberdog_ws/install:${AMENT_PREFIX_PATH} CMAKE_PREFIX_PATH=/home/cyberdog_ws/install:/opt/ros/galactic LD_LIBRARY_PATH=/home/cyberdog_ws/install/lib:${LD_LIBRARY_PATH} PYTHONPATH=/home/cyberdog_ws/install/lib/python3.8/site-packages:${PYTHONPATH} /usr/bin/cmake --build /home/cyberdog_ws/build/cyberdog_system -- -j16 -l16
[0.078s] Invoked command in '/home/cyberdog_ws/build/cyberdog_system' returned '0': AMENT_PREFIX_PATH=/home/cyberdog_ws/install:${AMENT_PREFIX_PATH} CMAKE_PREFIX_PATH=/home/cyberdog_ws/install:/opt/ros/galactic LD_LIBRARY_PATH=/home/cyberdog_ws/install/lib:${LD_LIBRARY_PATH} PYTHONPATH=/home/cyberdog_ws/install/lib/python3.8/site-packages:${PYTHONPATH} /usr/bin/cmake --build /home/cyberdog_ws/build/cyberdog_system -- -j16 -l16
[0.107s] Invoking command in '/home/cyberdog_ws/build/cyberdog_system': AMENT_PREFIX_PATH=/home/cyberdog_ws/install:${AMENT_PREFIX_PATH} CMAKE_PREFIX_PATH=/home/cyberdog_ws/install:/opt/ros/galactic LD_LIBRARY_PATH=/home/cyberdog_ws/install/lib:${LD_LIBRARY_PATH} PYTHONPATH=/home/cyberdog_ws/install/lib/python3.8/site-packages:${PYTHONPATH} /usr/bin/cmake --install /home/cyberdog_ws/build/cyberdog_system
[0.116s] -- Install configuration: ""
[0.116s] -- Up-to-date: /home/cyberdog_ws/install/include/
[0.116s] -- Up-to-date: /home/cyberdog_ws/install/include//cyberdog_system
[0.116s] -- Up-to-date: /home/cyberdog_ws/install/include//cyberdog_system/robot_code.hpp
[0.116s] -- Up-to-date: /home/cyberdog_ws/install/include//cyberdog_system/robot_state.hpp
[0.116s] -- Up-to-date: /home/cyberdog_ws/install/include//cyberdog_system/robot_cmd.hpp
[0.117s] -- Up-to-date: /home/cyberdog_ws/install/share/ament_index/resource_index/package_run_dependencies/cyberdog_system
[0.117s] -- Up-to-date: /home/cyberdog_ws/install/share/ament_index/resource_index/parent_prefix_path/cyberdog_system
[0.117s] -- Up-to-date: /home/cyberdog_ws/install/share/cyberdog_system/environment/ament_prefix_path.sh
[0.117s] -- Up-to-date: /home/cyberdog_ws/install/share/cyberdog_system/environment/ament_prefix_path.dsv
[0.117s] -- Up-to-date: /home/cyberdog_ws/install/share/cyberdog_system/environment/path.sh
[0.117s] -- Up-to-date: /home/cyberdog_ws/install/share/cyberdog_system/environment/path.dsv
[0.117s] -- Up-to-date: /home/cyberdog_ws/install/share/cyberdog_system/local_setup.bash
[0.117s] -- Up-to-date: /home/cyberdog_ws/install/share/cyberdog_system/local_setup.sh
[0.117s] -- Up-to-date: /home/cyberdog_ws/install/share/cyberdog_system/local_setup.zsh
[0.117s] -- Up-to-date: /home/cyberdog_ws/install/share/cyberdog_system/local_setup.dsv
[0.118s] -- Installing: /home/cyberdog_ws/install/share/cyberdog_system/package.dsv
[0.118s] -- Up-to-date: /home/cyberdog_ws/install/share/ament_index/resource_index/packages/cyberdog_system
[0.118s] -- Up-to-date: /home/cyberdog_ws/install/share/cyberdog_system/cmake/ament_cmake_export_include_directories-extras.cmake
[0.118s] -- Up-to-date: /home/cyberdog_ws/install/share/cyberdog_system/cmake/cyberdog_systemConfig.cmake
[0.118s] -- Up-to-date: /home/cyberdog_ws/install/share/cyberdog_system/cmake/cyberdog_systemConfig-version.cmake
[0.118s] -- Up-to-date: /home/cyberdog_ws/install/share/cyberdog_system/package.xml
[0.122s] Invoked command in '/home/cyberdog_ws/build/cyberdog_system' returned '0': AMENT_PREFIX_PATH=/home/cyberdog_ws/install:${AMENT_PREFIX_PATH} CMAKE_PREFIX_PATH=/home/cyberdog_ws/install:/opt/ros/galactic LD_LIBRARY_PATH=/home/cyberdog_ws/install/lib:${LD_LIBRARY_PATH} PYTHONPATH=/home/cyberdog_ws/install/lib/python3.8/site-packages:${PYTHONPATH} /usr/bin/cmake --install /home/cyberdog_ws/build/cyberdog_system
