[100%] Built target elec_skin
-- Install configuration: ""
-- Up-to-date: /home/cyberdog_ws/install/include
-- Up-to-date: /home/cyberdog_ws/install/include/elec_skin
-- Up-to-date: /home/cyberdog_ws/install/include/elec_skin/elec_skin_base.hpp
-- Up-to-date: /home/cyberdog_ws/install/include/elec_skin/elec_skin.hpp
-- Up-to-date: /home/cyberdog_ws/install/lib/elec_skin/elec_skin
-- Up-to-date: /home/cyberdog_ws/install/include/
-- Up-to-date: /home/cyberdog_ws/install/include//elec_skin
-- Up-to-date: /home/cyberdog_ws/install/include//elec_skin/elec_skin_base.hpp
-- Up-to-date: /home/cyberdog_ws/install/include//elec_skin/elec_skin.hpp
-- Up-to-date: /home/cyberdog_ws/install/share/elec_skin/toml_config/
-- Up-to-date: /home/cyberdog_ws/install/share/elec_skin/toml_config//elec_skin.toml
-- Up-to-date: /home/cyberdog_ws/install/share/ament_index/resource_index/package_run_dependencies/elec_skin
-- Up-to-date: /home/cyberdog_ws/install/share/ament_index/resource_index/parent_prefix_path/elec_skin
-- Up-to-date: /home/cyberdog_ws/install/share/elec_skin/environment/ament_prefix_path.sh
-- Up-to-date: /home/cyberdog_ws/install/share/elec_skin/environment/ament_prefix_path.dsv
-- Up-to-date: /home/cyberdog_ws/install/share/elec_skin/environment/path.sh
-- Up-to-date: /home/cyberdog_ws/install/share/elec_skin/environment/path.dsv
-- Up-to-date: /home/cyberdog_ws/install/share/elec_skin/local_setup.bash
-- Up-to-date: /home/cyberdog_ws/install/share/elec_skin/local_setup.sh
-- Up-to-date: /home/cyberdog_ws/install/share/elec_skin/local_setup.zsh
-- Up-to-date: /home/cyberdog_ws/install/share/elec_skin/local_setup.dsv
-- Installing: /home/cyberdog_ws/install/share/elec_skin/package.dsv
-- Up-to-date: /home/cyberdog_ws/install/share/ament_index/resource_index/packages/elec_skin
-- Up-to-date: /home/cyberdog_ws/install/share/elec_skin/cmake/elec_skinConfig.cmake
-- Up-to-date: /home/cyberdog_ws/install/share/elec_skin/cmake/elec_skinConfig-version.cmake
-- Up-to-date: /home/cyberdog_ws/install/share/elec_skin/package.xml
