[100%] Built target motion_manager
-- Install configuration: ""
-- Up-to-date: /home/cyberdog_ws/install/lib/motion_manager/motion_manager
-- Up-to-date: /home/cyberdog_ws/install/share/motion_manager/config
-- Up-to-date: /home/cyberdog_ws/install/share/motion_manager/config/priority.toml
-- Up-to-date: /home/cyberdog_ws/install/share/ament_index/resource_index/package_run_dependencies/motion_manager
-- Up-to-date: /home/cyberdog_ws/install/share/ament_index/resource_index/parent_prefix_path/motion_manager
-- Up-to-date: /home/cyberdog_ws/install/share/motion_manager/environment/ament_prefix_path.sh
-- Up-to-date: /home/cyberdog_ws/install/share/motion_manager/environment/ament_prefix_path.dsv
-- Up-to-date: /home/cyberdog_ws/install/share/motion_manager/environment/path.sh
-- Up-to-date: /home/cyberdog_ws/install/share/motion_manager/environment/path.dsv
-- Up-to-date: /home/cyberdog_ws/install/share/motion_manager/local_setup.bash
-- Up-to-date: /home/cyberdog_ws/install/share/motion_manager/local_setup.sh
-- Up-to-date: /home/cyberdog_ws/install/share/motion_manager/local_setup.zsh
-- Up-to-date: /home/cyberdog_ws/install/share/motion_manager/local_setup.dsv
-- Installing: /home/cyberdog_ws/install/share/motion_manager/package.dsv
-- Up-to-date: /home/cyberdog_ws/install/share/ament_index/resource_index/packages/motion_manager
-- Up-to-date: /home/cyberdog_ws/install/share/motion_manager/cmake/motion_managerConfig.cmake
-- Up-to-date: /home/cyberdog_ws/install/share/motion_manager/cmake/motion_managerConfig-version.cmake
-- Up-to-date: /home/cyberdog_ws/install/share/motion_manager/package.xml
