[0.045s] Invoking command in '/home/cyberdog_ws/build/motion_manager': AMENT_PREFIX_PATH=/home/cyberdog_ws/install:${AMENT_PREFIX_PATH} CMAKE_PREFIX_PATH=/home/cyberdog_ws/install:/opt/ros/galactic LD_LIBRARY_PATH=/home/cyberdog_ws/install/lib:${LD_LIBRARY_PATH} PYTHONPATH=/home/cyberdog_ws/install/lib/python3.8/site-packages:${PYTHONPATH} /usr/bin/cmake --build /home/cyberdog_ws/build/motion_manager -- -j16 -l16
[0.129s] [100%] Built target motion_manager
[0.144s] Invoked command in '/home/cyberdog_ws/build/motion_manager' returned '0': AMENT_PREFIX_PATH=/home/cyberdog_ws/install:${AMENT_PREFIX_PATH} CMAKE_PREFIX_PATH=/home/cyberdog_ws/install:/opt/ros/galactic LD_LIBRARY_PATH=/home/cyberdog_ws/install/lib:${LD_LIBRARY_PATH} PYTHONPATH=/home/cyberdog_ws/install/lib/python3.8/site-packages:${PYTHONPATH} /usr/bin/cmake --build /home/cyberdog_ws/build/motion_manager -- -j16 -l16
[0.193s] Invoking command in '/home/cyberdog_ws/build/motion_manager': AMENT_PREFIX_PATH=/home/cyberdog_ws/install:${AMENT_PREFIX_PATH} CMAKE_PREFIX_PATH=/home/cyberdog_ws/install:/opt/ros/galactic LD_LIBRARY_PATH=/home/cyberdog_ws/install/lib:${LD_LIBRARY_PATH} PYTHONPATH=/home/cyberdog_ws/install/lib/python3.8/site-packages:${PYTHONPATH} /usr/bin/cmake --install /home/cyberdog_ws/build/motion_manager
[0.203s] -- Install configuration: ""
[0.203s] -- Up-to-date: /home/cyberdog_ws/install/lib/motion_manager/motion_manager
[0.203s] -- Up-to-date: /home/cyberdog_ws/install/share/motion_manager/config
[0.204s] -- Up-to-date: /home/cyberdog_ws/install/share/motion_manager/config/priority.toml
[0.204s] -- Up-to-date: /home/cyberdog_ws/install/share/ament_index/resource_index/package_run_dependencies/motion_manager
[0.204s] -- Up-to-date: /home/cyberdog_ws/install/share/ament_index/resource_index/parent_prefix_path/motion_manager
[0.204s] -- Up-to-date: /home/cyberdog_ws/install/share/motion_manager/environment/ament_prefix_path.sh
[0.204s] -- Up-to-date: /home/cyberdog_ws/install/share/motion_manager/environment/ament_prefix_path.dsv
[0.204s] -- Up-to-date: /home/cyberdog_ws/install/share/motion_manager/environment/path.sh
[0.204s] -- Up-to-date: /home/cyberdog_ws/install/share/motion_manager/environment/path.dsv
[0.204s] -- Up-to-date: /home/cyberdog_ws/install/share/motion_manager/local_setup.bash
[0.204s] -- Up-to-date: /home/cyberdog_ws/install/share/motion_manager/local_setup.sh
[0.204s] -- Up-to-date: /home/cyberdog_ws/install/share/motion_manager/local_setup.zsh
[0.204s] -- Up-to-date: /home/cyberdog_ws/install/share/motion_manager/local_setup.dsv
[0.204s] -- Installing: /home/cyberdog_ws/install/share/motion_manager/package.dsv
[0.204s] -- Up-to-date: /home/cyberdog_ws/install/share/ament_index/resource_index/packages/motion_manager
[0.204s] -- Up-to-date: /home/cyberdog_ws/install/share/motion_manager/cmake/motion_managerConfig.cmake
[0.205s] -- Up-to-date: /home/cyberdog_ws/install/share/motion_manager/cmake/motion_managerConfig-version.cmake
[0.205s] -- Up-to-date: /home/cyberdog_ws/install/share/motion_manager/package.xml
[0.208s] Invoked command in '/home/cyberdog_ws/build/motion_manager' returned '0': AMENT_PREFIX_PATH=/home/cyberdog_ws/install:${AMENT_PREFIX_PATH} CMAKE_PREFIX_PATH=/home/cyberdog_ws/install:/opt/ros/galactic LD_LIBRARY_PATH=/home/cyberdog_ws/install/lib:${LD_LIBRARY_PATH} PYTHONPATH=/home/cyberdog_ws/install/lib/python3.8/site-packages:${PYTHONPATH} /usr/bin/cmake --install /home/cyberdog_ws/build/motion_manager
