[0.012s] Invoking command in '/home/cyberdog_ws/build/elec_skin': CMAKE_PREFIX_PATH=/opt/ros/galactic /usr/bin/cmake /home/cyberdog_ws/src/motion/elec_skin -DCMAKE_INSTALL_PREFIX=/home/cyberdog_ws/install
[0.101s] -- The C compiler identification is GNU 9.4.0
[0.167s] -- The CXX compiler identification is GNU 9.4.0
[0.172s] -- Check for working C compiler: /usr/bin/cc
[0.216s] -- Check for working C compiler: /usr/bin/cc -- works
[0.217s] -- Detecting C compiler ABI info
[0.258s] -- Detecting C compiler ABI info - done
[0.264s] -- Detecting C compile features
[0.265s] -- Detecting C compile features - done
[0.267s] -- Check for working CXX compiler: /usr/bin/c++
[0.348s] -- Check for working CXX compiler: /usr/bin/c++ -- works
[0.349s] -- Detecting CXX compiler ABI info
[0.418s] -- Detecting CXX compiler ABI info - done
[0.425s] -- Detecting CXX compile features
[0.426s] -- Detecting CXX compile features - done
[0.428s] -- Found ament_cmake: 1.1.6 (/opt/ros/galactic/share/ament_cmake/cmake)
[0.447s] -- Found PythonInterp: /usr/bin/python3 (found suitable version "3.8.10", minimum required is "3") 
[0.447s] -- Using PYTHON_EXECUTABLE: /usr/bin/python3
[0.504s] -- Found rclcpp: 9.2.2 (/opt/ros/galactic/share/rclcpp/cmake)
[0.543s] -- Using all available rosidl_typesupport_c: rosidl_typesupport_fastrtps_c;rosidl_typesupport_introspection_c
[0.549s] -- Found rosidl_adapter: 2.2.3 (/opt/ros/galactic/share/rosidl_adapter/cmake)
[0.613s] -- Found OpenSSL: /usr/lib/x86_64-linux-gnu/libcrypto.so (found version "1.1.1f")  
[0.642s] -- Found FastRTPS: /opt/ros/galactic/include  
[0.709s] -- Using all available rosidl_typesupport_cpp: rosidl_typesupport_fastrtps_cpp;rosidl_typesupport_introspection_cpp
[0.750s] -- Found rmw_implementation_cmake: 3.3.1 (/opt/ros/galactic/share/rmw_implementation_cmake/cmake)
[0.752s] -- Found rmw_cyclonedds_cpp: 0.22.6 (/opt/ros/galactic/share/rmw_cyclonedds_cpp/cmake)
[0.765s] -- Using RMW implementation 'rmw_cyclonedds_cpp' as default
[0.767s] -- Looking for pthread.h
[0.825s] -- Looking for pthread.h - found
[0.825s] -- Performing Test CMAKE_HAVE_LIBC_PTHREAD
[0.894s] -- Performing Test CMAKE_HAVE_LIBC_PTHREAD - Failed
[0.894s] -- Looking for pthread_create in pthreads
[0.966s] -- Looking for pthread_create in pthreads - not found
[0.966s] -- Looking for pthread_create in pthread
[1.045s] -- Looking for pthread_create in pthread - found
[1.046s] -- Found Threads: TRUE  
[1.161s] CMake Error at CMakeLists.txt:19 (find_package):
[1.161s]   By not providing "Findtoml.cmake" in CMAKE_MODULE_PATH this project has
[1.161s]   asked CMake to find a package configuration file provided by "toml", but
[1.161s]   CMake did not find one.
[1.161s] 
[1.161s]   Could not find a package configuration file provided by "toml" with any of
[1.161s]   the following names:
[1.161s] 
[1.162s]     tomlConfig.cmake
[1.162s]     toml-config.cmake
[1.162s] 
[1.162s]   Add the installation prefix of "toml" to CMAKE_PREFIX_PATH or set
[1.162s]   "toml_DIR" to a directory containing one of the above files.  If "toml"
[1.162s]   provides a separate development package or SDK, be sure it has been
[1.162s]   installed.
[1.162s] 
[1.162s] 
[1.162s] -- Configuring incomplete, errors occurred!
[1.162s] See also "/home/cyberdog_ws/build/elec_skin/CMakeFiles/CMakeOutput.log".
[1.162s] See also "/home/cyberdog_ws/build/elec_skin/CMakeFiles/CMakeError.log".
[1.167s] Invoked command in '/home/cyberdog_ws/build/elec_skin' returned '1': CMAKE_PREFIX_PATH=/opt/ros/galactic /usr/bin/cmake /home/cyberdog_ws/src/motion/elec_skin -DCMAKE_INSTALL_PREFIX=/home/cyberdog_ws/install
