[0.017s] Invoking command in '/home/cyberdog_ws/build/params': CMAKE_PREFIX_PATH=${CMAKE_PREFIX_PATH}:/opt/ros/galactic /usr/bin/cmake /home/cyberdog_ws/src/bridges/params -DCMAKE_INSTALL_PREFIX=/home/cyberdog_ws/install
[0.077s] -- The C compiler identification is GNU 9.4.0
[0.135s] -- The CXX compiler identification is GNU 9.4.0
[0.139s] -- Check for working C compiler: /usr/bin/cc
[0.221s] -- Check for working C compiler: /usr/bin/cc -- works
[0.222s] -- Detecting C compiler ABI info
[0.308s] -- Detecting C compiler ABI info - done
[0.318s] -- Detecting C compile features
[0.318s] -- Detecting C compile features - done
[0.320s] -- Check for working CXX compiler: /usr/bin/c++
[0.392s] -- Check for working CXX compiler: /usr/bin/c++ -- works
[0.393s] -- Detecting CXX compiler ABI info
[0.465s] -- Detecting CXX compiler ABI info - done
[0.475s] -- Detecting CXX compile features
[0.475s] -- Detecting CXX compile features - done
[0.478s] -- Found ament_cmake: 1.1.6 (/opt/ros/galactic/share/ament_cmake/cmake)
[0.502s] -- Found PythonInterp: /usr/bin/python3 (found suitable version "3.8.10", minimum required is "3") 
[0.502s] -- Using PYTHON_EXECUTABLE: /usr/bin/python3
[0.586s] -- Found ament_lint_auto: 0.10.7 (/opt/ros/galactic/share/ament_lint_auto/cmake)
[0.660s] -- Added test 'copyright' to check source files copyright and LICENSE
[0.663s] -- Added test 'lint_cmake' to check CMake code style
[0.665s] -- Added test 'xmllint' to check XML markup files
[0.667s] -- Configuring done
[0.668s] -- Generating done
[0.669s] -- Build files have been written to: /home/cyberdog_ws/build/params
[0.672s] Invoked command in '/home/cyberdog_ws/build/params' returned '0': CMAKE_PREFIX_PATH=${CMAKE_PREFIX_PATH}:/opt/ros/galactic /usr/bin/cmake /home/cyberdog_ws/src/bridges/params -DCMAKE_INSTALL_PREFIX=/home/cyberdog_ws/install
[0.675s] Invoking command in '/home/cyberdog_ws/build/params': CMAKE_PREFIX_PATH=${CMAKE_PREFIX_PATH}:/opt/ros/galactic /usr/bin/cmake --build /home/cyberdog_ws/build/params -- -j16 -l16
[0.718s] Invoked command in '/home/cyberdog_ws/build/params' returned '0': CMAKE_PREFIX_PATH=${CMAKE_PREFIX_PATH}:/opt/ros/galactic /usr/bin/cmake --build /home/cyberdog_ws/build/params -- -j16 -l16
[0.763s] Invoking command in '/home/cyberdog_ws/build/params': CMAKE_PREFIX_PATH=${CMAKE_PREFIX_PATH}:/opt/ros/galactic /usr/bin/cmake --install /home/cyberdog_ws/build/params
[0.771s] -- Install configuration: ""
[0.771s] -- Installing: /home/cyberdog_ws/install/share/params/toml_config/
[0.771s] -- Installing: /home/cyberdog_ws/install/share/params/toml_config//sensors
[0.771s] -- Installing: /home/cyberdog_ws/install/share/params/toml_config//sensors/tof_left_rear.toml
[0.771s] -- Installing: /home/cyberdog_ws/install/share/params/toml_config//sensors/ultrasonic_config.toml
[0.772s] -- Installing: /home/cyberdog_ws/install/share/params/toml_config//sensors/tof_config.toml
[0.772s] -- Installing: /home/cyberdog_ws/install/share/params/toml_config//sensors/tof_right_head.toml
[0.772s] -- Installing: /home/cyberdog_ws/install/share/params/toml_config//sensors/ultrasonic.toml
[0.772s] -- Installing: /home/cyberdog_ws/install/share/params/toml_config//sensors/tof_left_head.toml
[0.772s] -- Installing: /home/cyberdog_ws/install/share/params/toml_config//sensors/tof_right_rear.toml
[0.773s] -- Installing: /home/cyberdog_ws/install/share/params/toml_config//sensors/lidar.toml
[0.773s] -- Installing: /home/cyberdog_ws/install/share/params/toml_config//sensors/bcmgps_config.toml
[0.773s] -- Installing: /home/cyberdog_ws/install/share/params/toml_config//bes_transmit
[0.773s] -- Installing: /home/cyberdog_ws/install/share/params/toml_config//bes_transmit/server.pem
[0.773s] -- Installing: /home/cyberdog_ws/install/share/params/toml_config//database
[0.773s] -- Installing: /home/cyberdog_ws/install/share/params/toml_config//database/config.toml
[0.773s] -- Installing: /home/cyberdog_ws/install/share/params/toml_config//device
[0.773s] -- Installing: /home/cyberdog_ws/install/share/params/toml_config//device/uwb_head_tof.toml
[0.773s] -- Installing: /home/cyberdog_ws/install/share/params/toml_config//device/mini_led.toml
[0.774s] -- Installing: /home/cyberdog_ws/install/share/params/toml_config//device/uwb_head.toml
[0.774s] -- Installing: /home/cyberdog_ws/install/share/params/toml_config//device/led_priority.toml
[0.774s] -- Installing: /home/cyberdog_ws/install/share/params/toml_config//device/tail_led.toml
[0.774s] -- Installing: /home/cyberdog_ws/install/share/params/toml_config//device/head_led.toml
[0.774s] -- Installing: /home/cyberdog_ws/install/share/params/toml_config//device/led_color_config.toml
[0.774s] -- Installing: /home/cyberdog_ws/install/share/params/toml_config//device/uwb_head_uwb.toml
[0.774s] -- Installing: /home/cyberdog_ws/install/share/params/toml_config//device/uwb_config.toml
[0.774s] -- Installing: /home/cyberdog_ws/install/share/params/toml_config//device/uwb_rear_uwb.toml
[0.774s] -- Installing: /home/cyberdog_ws/install/share/params/toml_config//device/uwb_rear_tof.toml
[0.774s] -- Installing: /home/cyberdog_ws/install/share/params/toml_config//device/battery_config.toml
[0.774s] -- Installing: /home/cyberdog_ws/install/share/params/toml_config//device/uwb_rear.toml
[0.775s] -- Installing: /home/cyberdog_ws/install/share/params/toml_config//cyberdog_grpc
[0.775s] -- Installing: /home/cyberdog_ws/install/share/params/toml_config//cyberdog_grpc/server-cert.pem
[0.775s] -- Installing: /home/cyberdog_ws/install/share/params/toml_config//cyberdog_grpc/ca-cert.pem
[0.775s] -- Installing: /home/cyberdog_ws/install/share/params/toml_config//cyberdog_grpc/server-key.pem
[0.775s] -- Installing: /home/cyberdog_ws/install/share/params/toml_config//interaction
[0.775s] -- Installing: /home/cyberdog_ws/install/share/params/toml_config//interaction/audio.toml
[0.775s] -- Installing: /home/cyberdog_ws/install/share/params/toml_config//interaction/gesture_action.toml
[0.775s] -- Installing: /home/cyberdog_ws/install/share/params/toml_config//interaction/connector.toml
[0.775s] -- Installing: /home/cyberdog_ws/install/share/params/toml_config//interaction/wifi.toml
[0.775s] -- Installing: /home/cyberdog_ws/install/share/params/toml_config//interaction/sports.toml
[0.775s] -- Installing: /home/cyberdog_ws/install/share/params/toml_config//interaction/visual_programming.toml
[0.775s] -- Installing: /home/cyberdog_ws/install/share/params/toml_config//manager
[0.775s] -- Installing: /home/cyberdog_ws/install/share/params/toml_config//manager/state_machine_config.toml
[0.775s] -- Installing: /home/cyberdog_ws/install/share/params/toml_config//manager/hardware_state_machine_config.toml
[0.775s] -- Installing: /home/cyberdog_ws/install/share/params/toml_config//manager/heart_beat_config.toml
[0.776s] -- Installing: /home/cyberdog_ws/install/share/params/toml_config//manager/selfcheck_config.toml
[0.776s] -- Installing: /home/cyberdog_ws/install/share/ament_index/resource_index/package_run_dependencies/params
[0.776s] -- Installing: /home/cyberdog_ws/install/share/ament_index/resource_index/parent_prefix_path/params
[0.776s] -- Installing: /home/cyberdog_ws/install/share/params/environment/ament_prefix_path.sh
[0.776s] -- Installing: /home/cyberdog_ws/install/share/params/environment/ament_prefix_path.dsv
[0.776s] -- Installing: /home/cyberdog_ws/install/share/params/environment/path.sh
[0.777s] -- Installing: /home/cyberdog_ws/install/share/params/environment/path.dsv
[0.777s] -- Installing: /home/cyberdog_ws/install/share/params/local_setup.bash
[0.777s] -- Installing: /home/cyberdog_ws/install/share/params/local_setup.sh
[0.777s] -- Installing: /home/cyberdog_ws/install/share/params/local_setup.zsh
[0.777s] -- Installing: /home/cyberdog_ws/install/share/params/local_setup.dsv
[0.777s] -- Installing: /home/cyberdog_ws/install/share/params/package.dsv
[0.777s] -- Installing: /home/cyberdog_ws/install/share/ament_index/resource_index/packages/params
[0.777s] -- Installing: /home/cyberdog_ws/install/share/params/cmake/paramsConfig.cmake
[0.777s] -- Installing: /home/cyberdog_ws/install/share/params/cmake/paramsConfig-version.cmake
[0.777s] -- Installing: /home/cyberdog_ws/install/share/params/package.xml
[0.780s] Invoked command in '/home/cyberdog_ws/build/params' returned '0': CMAKE_PREFIX_PATH=${CMAKE_PREFIX_PATH}:/opt/ros/galactic /usr/bin/cmake --install /home/cyberdog_ws/build/params
