[ 12%] [32mBuilding CXX object CMakeFiles/cyberdog_fds.dir/src/cyberdog_fds_impl.cpp.o[0m
[ 37%] Built target cyberdog_log
In file included from [01m[K/home/cyberdog_ws/src/utils/cyberdog_common/src/cyberdog_fds_impl.cpp:24[m[K:
[01m[K/usr/local/include/galaxy_fds_client_exception.h:28:10:[m[K [01;35m[Kwarning: [m[Ktype qualifiers ignored on function return type [[01;35m[K-Wignored-qualifiers[m[K]
   28 |  virtual [01;35m[Kconst[m[K int code() const throw() {
      |          [01;35m[K^~~~~[m[K
[ 50%] [32m[1mLinking CXX shared library libcyberdog_fds.so[0m
[ 50%] Built target cyberdog_fds
[35m[1mScanning dependencies of target model_test[0m
[35m[1mScanning dependencies of target test_fds[0m
[ 62%] [32mBuilding CXX object CMakeFiles/test_fds.dir/test/fds/test_fds.cpp.o[0m
[ 75%] [32mBuilding CXX object CMakeFiles/model_test.dir/test/model_test/cyberdog_model_test.cpp.o[0m
In file included from [01m[K/opt/ros/galactic/include/rclcpp/client.hpp:40[m[K,
                 from [01m[K/opt/ros/galactic/include/rclcpp/callback_group.hpp:23[m[K,
                 from [01m[K/opt/ros/galactic/include/rclcpp/any_executable.hpp:20[m[K,
                 from [01m[K/opt/ros/galactic/include/rclcpp/memory_strategy.hpp:25[m[K,
                 from [01m[K/opt/ros/galactic/include/rclcpp/memory_strategies.hpp:18[m[K,
                 from [01m[K/opt/ros/galactic/include/rclcpp/executor_options.hpp:20[m[K,
                 from [01m[K/opt/ros/galactic/include/rclcpp/executor.hpp:36[m[K,
                 from [01m[K/opt/ros/galactic/include/rclcpp/executors/multi_threaded_executor.hpp:26[m[K,
                 from [01m[K/opt/ros/galactic/include/rclcpp/executors.hpp:21[m[K,
                 from [01m[K/opt/ros/galactic/include/rclcpp/rclcpp.hpp:156[m[K,
                 from [01m[K/home/cyberdog_ws/src/utils/cyberdog_common/include/cyberdog_common/cyberdog_log.hpp:22[m[K,
                 from [01m[K/home/cyberdog_ws/src/utils/cyberdog_common/include/cyberdog_common/cyberdog_model.hpp:23[m[K,
                 from [01m[K/home/cyberdog_ws/src/utils/cyberdog_common/test/model_test/cyberdog_model_test.cpp:16[m[K:
[01m[K/home/cyberdog_ws/src/utils/cyberdog_common/include/cyberdog_common/cyberdog_model.hpp:[m[K In member function ‘[01m[Kbool cyberdog::common::cyberdog_model::Init()[m[K’:
[01m[K/home/cyberdog_ws/src/utils/cyberdog_common/include/cyberdog_common/cyberdog_model.hpp:144:10:[m[K [01;35m[Kwarning: [m[Kformat ‘[01m[K%d[m[K’ expects argument of type ‘[01m[Kint[m[K’, but argument 6 has type ‘[01m[Kstd::vector<std::__cxx11::basic_string<char> >::size_type[m[K’ {aka ‘[01m[Klong unsigned int[m[K’} [[01;35m[K-Wformat=[m[K]
  144 |     INFO([01;35m[K"%s has %d versions in fsd"[m[K, this->module_name.c_str(), [32m[Kthis->fds_version_list.size()[m[K);
      |          [01;35m[K^~~~~~~~~~~~~~~~~~~~~~~~~~~[m[K                             [32m[K~~~~~~~~~~~~~~~~~~~~~~~~~~~~~[m[K
      |                                                                                             [32m[K|[m[K
      |                                                                                             [32m[Kstd::vector<std::__cxx11::basic_string<char> >::size_type {aka long unsigned int}[m[K
[01m[K/home/cyberdog_ws/src/utils/cyberdog_common/include/cyberdog_common/cyberdog_model.hpp:144:5:[m[K [01;36m[Knote: [m[Kin expansion of macro ‘[01m[KINFO[m[K’
  144 |     [01;36m[KINFO[m[K("%s has %d versions in fsd", this->module_name.c_str(), this->fds_version_list.size());
      |     [01;36m[K^~~~[m[K
In file included from [01m[K/home/cyberdog_ws/src/utils/cyberdog_common/test/model_test/cyberdog_model_test.cpp:16[m[K:
[01m[K/home/cyberdog_ws/src/utils/cyberdog_common/include/cyberdog_common/cyberdog_model.hpp:144:19:[m[K [01;36m[Knote: [m[Kformat string is defined here
  144 |     INFO("%s has [01;36m[K%d[m[K versions in fsd", this->module_name.c_str(), this->fds_version_list.size());
      |                  [01;36m[K~^[m[K
      |                   [01;36m[K|[m[K
      |                   [01;36m[Kint[m[K
      |                  [32m[K%ld[m[K
[ 87%] [32m[1mLinking CXX executable test_fds[0m
[ 87%] Built target test_fds
[100%] [32m[1mLinking CXX executable model_test[0m
[100%] Built target model_test
-- Install configuration: ""
-- Installing: /home/cyberdog_ws/install/share/cyberdog_common/environment/library_path.sh
-- Installing: /home/cyberdog_ws/install/share/cyberdog_common/environment/library_path.dsv
-- Up-to-date: /home/cyberdog_ws/install/include/
-- Installing: /home/cyberdog_ws/install/include//cyberdog_common
-- Installing: /home/cyberdog_ws/install/include//cyberdog_common/cyberdog_deque.hpp
-- Installing: /home/cyberdog_ws/install/include//cyberdog_common/cyberdog_fds.hpp
-- Installing: /home/cyberdog_ws/install/include//cyberdog_common/cyberdog_msg_queue.hpp
-- Installing: /home/cyberdog_ws/install/include//cyberdog_common/cyberdog_model.hpp
-- Installing: /home/cyberdog_ws/install/include//cyberdog_common/cyberdog_toml.hpp
-- Installing: /home/cyberdog_ws/install/include//cyberdog_common/cyberdog_fds_impl.hpp
-- Installing: /home/cyberdog_ws/install/include//cyberdog_common/cyberdog_lcm.hpp
-- Installing: /home/cyberdog_ws/install/include//cyberdog_common/cyberdog_config.hpp
-- Installing: /home/cyberdog_ws/install/include//cyberdog_common/cyberdog_log.hpp
-- Installing: /home/cyberdog_ws/install/include//cyberdog_common/cyberdog_json.hpp
-- Installing: /home/cyberdog_ws/install/include//cyberdog_common/cyberdog_semaphore.hpp
-- Installing: /home/cyberdog_ws/install/lib/libcyberdog_log.so
-- Set runtime path of "/home/cyberdog_ws/install/lib/libcyberdog_log.so" to ""
-- Installing: /home/cyberdog_ws/install/lib/libcyberdog_fds.so
-- Set runtime path of "/home/cyberdog_ws/install/lib/libcyberdog_fds.so" to ""
-- Up-to-date: /home/cyberdog_ws/install/share/cyberdog_common/environment/library_path.sh
-- Up-to-date: /home/cyberdog_ws/install/share/cyberdog_common/environment/library_path.dsv
-- Installing: /home/cyberdog_ws/install/share/ament_index/resource_index/package_run_dependencies/cyberdog_common
-- Installing: /home/cyberdog_ws/install/share/ament_index/resource_index/parent_prefix_path/cyberdog_common
-- Installing: /home/cyberdog_ws/install/share/cyberdog_common/environment/ament_prefix_path.sh
-- Installing: /home/cyberdog_ws/install/share/cyberdog_common/environment/ament_prefix_path.dsv
-- Installing: /home/cyberdog_ws/install/share/cyberdog_common/environment/path.sh
-- Installing: /home/cyberdog_ws/install/share/cyberdog_common/environment/path.dsv
-- Installing: /home/cyberdog_ws/install/share/cyberdog_common/local_setup.bash
-- Installing: /home/cyberdog_ws/install/share/cyberdog_common/local_setup.sh
-- Installing: /home/cyberdog_ws/install/share/cyberdog_common/local_setup.zsh
-- Installing: /home/cyberdog_ws/install/share/cyberdog_common/local_setup.dsv
-- Installing: /home/cyberdog_ws/install/share/cyberdog_common/package.dsv
-- Installing: /home/cyberdog_ws/install/share/ament_index/resource_index/packages/cyberdog_common
-- Installing: /home/cyberdog_ws/install/share/cyberdog_common/cmake/cyberdog_logExport.cmake
-- Installing: /home/cyberdog_ws/install/share/cyberdog_common/cmake/cyberdog_logExport-noconfig.cmake
-- Installing: /home/cyberdog_ws/install/share/cyberdog_common/cmake/cyberdog_fdsExport.cmake
-- Installing: /home/cyberdog_ws/install/share/cyberdog_common/cmake/cyberdog_fdsExport-noconfig.cmake
-- Installing: /home/cyberdog_ws/install/share/cyberdog_common/cmake/ament_cmake_export_include_directories-extras.cmake
-- Installing: /home/cyberdog_ws/install/share/cyberdog_common/cmake/ament_cmake_export_targets-extras.cmake
-- Installing: /home/cyberdog_ws/install/share/cyberdog_common/cmake/ament_cmake_export_dependencies-extras.cmake
-- Installing: /home/cyberdog_ws/install/share/cyberdog_common/cmake/cyberdog_commonConfig.cmake
-- Installing: /home/cyberdog_ws/install/share/cyberdog_common/cmake/cyberdog_commonConfig-version.cmake
-- Installing: /home/cyberdog_ws/install/share/cyberdog_common/package.xml
