[0.018s] Invoking command in '/home/cyberdog_ws/build/cyberdog_common': AMENT_PREFIX_PATH=/home/cyberdog_ws/install:${AMENT_PREFIX_PATH} CMAKE_PREFIX_PATH=/home/cyberdog_ws/install:/opt/ros/galactic LD_LIBRARY_PATH=/home/cyberdog_ws/install/lib:${LD_LIBRARY_PATH} PYTHONPATH=/home/cyberdog_ws/install/lib/python3.8/site-packages:${PYTHONPATH} /usr/bin/cmake --build /home/cyberdog_ws/build/cyberdog_common -- -j16 -l16
[0.086s] [ 12%] [32mBuilding CXX object CMakeFiles/cyberdog_fds.dir/src/cyberdog_fds_impl.cpp.o[0m
[0.087s] [ 37%] Built target cyberdog_log
[1.601s] In file included from [01m[K/home/cyberdog_ws/src/utils/cyberdog_common/src/cyberdog_fds_impl.cpp:24[m[K:
[1.602s] [01m[K/usr/local/include/galaxy_fds_client_exception.h:28:10:[m[K [01;35m[Kwarning: [m[Ktype qualifiers ignored on function return type [[01;35m[K-Wignored-qualifiers[m[K]
[1.602s]    28 |  virtual [01;35m[Kconst[m[K int code() const throw() {
[1.602s]       |          [01;35m[K^~~~~[m[K
[2.662s] [ 50%] [32m[1mLinking CXX shared library libcyberdog_fds.so[0m
[2.953s] [ 50%] Built target cyberdog_fds
[2.963s] [35m[1mScanning dependencies of target model_test[0m
[2.964s] [35m[1mScanning dependencies of target test_fds[0m
[3.000s] [ 62%] [32mBuilding CXX object CMakeFiles/test_fds.dir/test/fds/test_fds.cpp.o[0m
[3.004s] [ 75%] [32mBuilding CXX object CMakeFiles/model_test.dir/test/model_test/cyberdog_model_test.cpp.o[0m
[4.993s] In file included from [01m[K/opt/ros/galactic/include/rclcpp/client.hpp:40[m[K,
[4.994s]                  from [01m[K/opt/ros/galactic/include/rclcpp/callback_group.hpp:23[m[K,
[4.994s]                  from [01m[K/opt/ros/galactic/include/rclcpp/any_executable.hpp:20[m[K,
[4.994s]                  from [01m[K/opt/ros/galactic/include/rclcpp/memory_strategy.hpp:25[m[K,
[4.994s]                  from [01m[K/opt/ros/galactic/include/rclcpp/memory_strategies.hpp:18[m[K,
[4.994s]                  from [01m[K/opt/ros/galactic/include/rclcpp/executor_options.hpp:20[m[K,
[4.994s]                  from [01m[K/opt/ros/galactic/include/rclcpp/executor.hpp:36[m[K,
[4.994s]                  from [01m[K/opt/ros/galactic/include/rclcpp/executors/multi_threaded_executor.hpp:26[m[K,
[4.994s]                  from [01m[K/opt/ros/galactic/include/rclcpp/executors.hpp:21[m[K,
[4.994s]                  from [01m[K/opt/ros/galactic/include/rclcpp/rclcpp.hpp:156[m[K,
[4.994s]                  from [01m[K/home/cyberdog_ws/src/utils/cyberdog_common/include/cyberdog_common/cyberdog_log.hpp:22[m[K,
[4.995s]                  from [01m[K/home/cyberdog_ws/src/utils/cyberdog_common/include/cyberdog_common/cyberdog_model.hpp:23[m[K,
[4.995s]                  from [01m[K/home/cyberdog_ws/src/utils/cyberdog_common/test/model_test/cyberdog_model_test.cpp:16[m[K:
[4.995s] [01m[K/home/cyberdog_ws/src/utils/cyberdog_common/include/cyberdog_common/cyberdog_model.hpp:[m[K In member function ‘[01m[Kbool cyberdog::common::cyberdog_model::Init()[m[K’:
[4.995s] [01m[K/home/cyberdog_ws/src/utils/cyberdog_common/include/cyberdog_common/cyberdog_model.hpp:144:10:[m[K [01;35m[Kwarning: [m[Kformat ‘[01m[K%d[m[K’ expects argument of type ‘[01m[Kint[m[K’, but argument 6 has type ‘[01m[Kstd::vector<std::__cxx11::basic_string<char> >::size_type[m[K’ {aka ‘[01m[Klong unsigned int[m[K’} [[01;35m[K-Wformat=[m[K]
[4.995s]   144 |     INFO([01;35m[K"%s has %d versions in fsd"[m[K, this->module_name.c_str(), [32m[Kthis->fds_version_list.size()[m[K);
[4.995s]       |          [01;35m[K^~~~~~~~~~~~~~~~~~~~~~~~~~~[m[K                             [32m[K~~~~~~~~~~~~~~~~~~~~~~~~~~~~~[m[K
[4.995s]       |                                                                                             [32m[K|[m[K
[4.995s]       |                                                                                             [32m[Kstd::vector<std::__cxx11::basic_string<char> >::size_type {aka long unsigned int}[m[K
[4.995s] [01m[K/home/cyberdog_ws/src/utils/cyberdog_common/include/cyberdog_common/cyberdog_model.hpp:144:5:[m[K [01;36m[Knote: [m[Kin expansion of macro ‘[01m[KINFO[m[K’
[4.995s]   144 |     [01;36m[KINFO[m[K("%s has %d versions in fsd", this->module_name.c_str(), this->fds_version_list.size());
[4.995s]       |     [01;36m[K^~~~[m[K
[4.995s] In file included from [01m[K/home/cyberdog_ws/src/utils/cyberdog_common/test/model_test/cyberdog_model_test.cpp:16[m[K:
[4.995s] [01m[K/home/cyberdog_ws/src/utils/cyberdog_common/include/cyberdog_common/cyberdog_model.hpp:144:19:[m[K [01;36m[Knote: [m[Kformat string is defined here
[4.995s]   144 |     INFO("%s has [01;36m[K%d[m[K versions in fsd", this->module_name.c_str(), this->fds_version_list.size());
[4.995s]       |                  [01;36m[K~^[m[K
[4.995s]       |                   [01;36m[K|[m[K
[4.995s]       |                   [01;36m[Kint[m[K
[4.995s]       |                  [32m[K%ld[m[K
[5.193s] [ 87%] [32m[1mLinking CXX executable test_fds[0m
[5.335s] [ 87%] Built target test_fds
[12.085s] [100%] [32m[1mLinking CXX executable model_test[0m
[12.482s] [100%] Built target model_test
[12.495s] Invoked command in '/home/cyberdog_ws/build/cyberdog_common' returned '0': AMENT_PREFIX_PATH=/home/cyberdog_ws/install:${AMENT_PREFIX_PATH} CMAKE_PREFIX_PATH=/home/cyberdog_ws/install:/opt/ros/galactic LD_LIBRARY_PATH=/home/cyberdog_ws/install/lib:${LD_LIBRARY_PATH} PYTHONPATH=/home/cyberdog_ws/install/lib/python3.8/site-packages:${PYTHONPATH} /usr/bin/cmake --build /home/cyberdog_ws/build/cyberdog_common -- -j16 -l16
[12.544s] Invoking command in '/home/cyberdog_ws/build/cyberdog_common': AMENT_PREFIX_PATH=/home/cyberdog_ws/install:${AMENT_PREFIX_PATH} CMAKE_PREFIX_PATH=/home/cyberdog_ws/install:/opt/ros/galactic LD_LIBRARY_PATH=/home/cyberdog_ws/install/lib:${LD_LIBRARY_PATH} PYTHONPATH=/home/cyberdog_ws/install/lib/python3.8/site-packages:${PYTHONPATH} /usr/bin/cmake --install /home/cyberdog_ws/build/cyberdog_common
[12.556s] -- Install configuration: ""
[12.556s] -- Installing: /home/cyberdog_ws/install/share/cyberdog_common/environment/library_path.sh
[12.557s] -- Installing: /home/cyberdog_ws/install/share/cyberdog_common/environment/library_path.dsv
[12.557s] -- Up-to-date: /home/cyberdog_ws/install/include/
[12.557s] -- Installing: /home/cyberdog_ws/install/include//cyberdog_common
[12.557s] -- Installing: /home/cyberdog_ws/install/include//cyberdog_common/cyberdog_deque.hpp
[12.557s] -- Installing: /home/cyberdog_ws/install/include//cyberdog_common/cyberdog_fds.hpp
[12.557s] -- Installing: /home/cyberdog_ws/install/include//cyberdog_common/cyberdog_msg_queue.hpp
[12.557s] -- Installing: /home/cyberdog_ws/install/include//cyberdog_common/cyberdog_model.hpp
[12.557s] -- Installing: /home/cyberdog_ws/install/include//cyberdog_common/cyberdog_toml.hpp
[12.557s] -- Installing: /home/cyberdog_ws/install/include//cyberdog_common/cyberdog_fds_impl.hpp
[12.558s] -- Installing: /home/cyberdog_ws/install/include//cyberdog_common/cyberdog_lcm.hpp
[12.558s] -- Installing: /home/cyberdog_ws/install/include//cyberdog_common/cyberdog_config.hpp
[12.558s] -- Installing: /home/cyberdog_ws/install/include//cyberdog_common/cyberdog_log.hpp
[12.558s] -- Installing: /home/cyberdog_ws/install/include//cyberdog_common/cyberdog_json.hpp
[12.558s] -- Installing: /home/cyberdog_ws/install/include//cyberdog_common/cyberdog_semaphore.hpp
[12.558s] -- Installing: /home/cyberdog_ws/install/lib/libcyberdog_log.so
[12.558s] -- Set runtime path of "/home/cyberdog_ws/install/lib/libcyberdog_log.so" to ""
[12.558s] -- Installing: /home/cyberdog_ws/install/lib/libcyberdog_fds.so
[12.560s] -- Set runtime path of "/home/cyberdog_ws/install/lib/libcyberdog_fds.so" to ""
[12.560s] -- Up-to-date: /home/cyberdog_ws/install/share/cyberdog_common/environment/library_path.sh
[12.560s] -- Up-to-date: /home/cyberdog_ws/install/share/cyberdog_common/environment/library_path.dsv
[12.561s] -- Installing: /home/cyberdog_ws/install/share/ament_index/resource_index/package_run_dependencies/cyberdog_common
[12.561s] -- Installing: /home/cyberdog_ws/install/share/ament_index/resource_index/parent_prefix_path/cyberdog_common
[12.561s] -- Installing: /home/cyberdog_ws/install/share/cyberdog_common/environment/ament_prefix_path.sh
[12.561s] -- Installing: /home/cyberdog_ws/install/share/cyberdog_common/environment/ament_prefix_path.dsv
[12.561s] -- Installing: /home/cyberdog_ws/install/share/cyberdog_common/environment/path.sh
[12.561s] -- Installing: /home/cyberdog_ws/install/share/cyberdog_common/environment/path.dsv
[12.561s] -- Installing: /home/cyberdog_ws/install/share/cyberdog_common/local_setup.bash
[12.561s] -- Installing: /home/cyberdog_ws/install/share/cyberdog_common/local_setup.sh
[12.562s] -- Installing: /home/cyberdog_ws/install/share/cyberdog_common/local_setup.zsh
[12.562s] -- Installing: /home/cyberdog_ws/install/share/cyberdog_common/local_setup.dsv
[12.562s] -- Installing: /home/cyberdog_ws/install/share/cyberdog_common/package.dsv
[12.562s] -- Installing: /home/cyberdog_ws/install/share/ament_index/resource_index/packages/cyberdog_common
[12.562s] -- Installing: /home/cyberdog_ws/install/share/cyberdog_common/cmake/cyberdog_logExport.cmake
[12.562s] -- Installing: /home/cyberdog_ws/install/share/cyberdog_common/cmake/cyberdog_logExport-noconfig.cmake
[12.562s] -- Installing: /home/cyberdog_ws/install/share/cyberdog_common/cmake/cyberdog_fdsExport.cmake
[12.562s] -- Installing: /home/cyberdog_ws/install/share/cyberdog_common/cmake/cyberdog_fdsExport-noconfig.cmake
[12.562s] -- Installing: /home/cyberdog_ws/install/share/cyberdog_common/cmake/ament_cmake_export_include_directories-extras.cmake
[12.562s] -- Installing: /home/cyberdog_ws/install/share/cyberdog_common/cmake/ament_cmake_export_targets-extras.cmake
[12.562s] -- Installing: /home/cyberdog_ws/install/share/cyberdog_common/cmake/ament_cmake_export_dependencies-extras.cmake
[12.562s] -- Installing: /home/cyberdog_ws/install/share/cyberdog_common/cmake/cyberdog_commonConfig.cmake
[12.562s] -- Installing: /home/cyberdog_ws/install/share/cyberdog_common/cmake/cyberdog_commonConfig-version.cmake
[12.562s] -- Installing: /home/cyberdog_ws/install/share/cyberdog_common/package.xml
[12.567s] Invoked command in '/home/cyberdog_ws/build/cyberdog_common' returned '0': AMENT_PREFIX_PATH=/home/cyberdog_ws/install:${AMENT_PREFIX_PATH} CMAKE_PREFIX_PATH=/home/cyberdog_ws/install:/opt/ros/galactic LD_LIBRARY_PATH=/home/cyberdog_ws/install/lib:${LD_LIBRARY_PATH} PYTHONPATH=/home/cyberdog_ws/install/lib/python3.8/site-packages:${PYTHONPATH} /usr/bin/cmake --install /home/cyberdog_ws/build/cyberdog_common
