-- Install configuration: ""
-- Up-to-date: /home/cyberdog_ws/install/include
-- Up-to-date: /home/cyberdog_ws/install/include/rapidjson
-- Up-to-date: /home/cyberdog_ws/install/include/rapidjson/stream.h
-- Up-to-date: /home/cyberdog_ws/install/include/rapidjson/schema.h
-- Up-to-date: /home/cyberdog_ws/install/include/rapidjson/ostreamwrapper.h
-- Up-to-date: /home/cyberdog_ws/install/include/rapidjson/allocators.h
-- Up-to-date: /home/cyberdog_ws/install/include/rapidjson/istreamwrapper.h
-- Up-to-date: /home/cyberdog_ws/install/include/rapidjson/filereadstream.h
-- Up-to-date: /home/cyberdog_ws/install/include/rapidjson/reader.h
-- Up-to-date: /home/cyberdog_ws/install/include/rapidjson/pointer.h
-- Up-to-date: /home/cyberdog_ws/install/include/rapidjson/memorybuffer.h
-- Up-to-date: /home/cyberdog_ws/install/include/rapidjson/document.h
-- Up-to-date: /home/cyberdog_ws/install/include/rapidjson/encodings.h
-- Up-to-date: /home/cyberdog_ws/install/include/rapidjson/writer.h
-- Up-to-date: /home/cyberdog_ws/install/include/rapidjson/fwd.h
-- Up-to-date: /home/cyberdog_ws/install/include/rapidjson/prettywriter.h
-- Up-to-date: /home/cyberdog_ws/install/include/rapidjson/stringbuffer.h
-- Up-to-date: /home/cyberdog_ws/install/include/rapidjson/filewritestream.h
-- Up-to-date: /home/cyberdog_ws/install/include/rapidjson/memorystream.h
-- Up-to-date: /home/cyberdog_ws/install/include/rapidjson/rapidjson.h
-- Up-to-date: /home/cyberdog_ws/install/include/rapidjson/encodedstream.h
-- Up-to-date: /home/cyberdog_ws/install/include/rapidjson/internal
-- Up-to-date: /home/cyberdog_ws/install/include/rapidjson/internal/stack.h
-- Up-to-date: /home/cyberdog_ws/install/include/rapidjson/internal/swap.h
-- Up-to-date: /home/cyberdog_ws/install/include/rapidjson/internal/diyfp.h
-- Up-to-date: /home/cyberdog_ws/install/include/rapidjson/internal/pow10.h
-- Up-to-date: /home/cyberdog_ws/install/include/rapidjson/internal/itoa.h
-- Up-to-date: /home/cyberdog_ws/install/include/rapidjson/internal/ieee754.h
-- Up-to-date: /home/cyberdog_ws/install/include/rapidjson/internal/biginteger.h
-- Up-to-date: /home/cyberdog_ws/install/include/rapidjson/internal/regex.h
-- Up-to-date: /home/cyberdog_ws/install/include/rapidjson/internal/strfunc.h
-- Up-to-date: /home/cyberdog_ws/install/include/rapidjson/internal/dtoa.h
-- Up-to-date: /home/cyberdog_ws/install/include/rapidjson/internal/strtod.h
-- Up-to-date: /home/cyberdog_ws/install/include/rapidjson/internal/meta.h
-- Up-to-date: /home/cyberdog_ws/install/include/rapidjson/msinttypes
-- Up-to-date: /home/cyberdog_ws/install/include/rapidjson/msinttypes/stdint.h
-- Up-to-date: /home/cyberdog_ws/install/include/rapidjson/msinttypes/inttypes.h
-- Up-to-date: /home/cyberdog_ws/install/include/rapidjson/error
-- Up-to-date: /home/cyberdog_ws/install/include/rapidjson/error/error.h
-- Up-to-date: /home/cyberdog_ws/install/include/rapidjson/error/en.h
-- Up-to-date: /home/cyberdog_ws/install/share/ament_index/resource_index/package_run_dependencies/rapidjson
-- Up-to-date: /home/cyberdog_ws/install/share/ament_index/resource_index/parent_prefix_path/rapidjson
-- Up-to-date: /home/cyberdog_ws/install/share/rapidjson/environment/ament_prefix_path.sh
-- Up-to-date: /home/cyberdog_ws/install/share/rapidjson/environment/ament_prefix_path.dsv
-- Up-to-date: /home/cyberdog_ws/install/share/rapidjson/environment/path.sh
-- Up-to-date: /home/cyberdog_ws/install/share/rapidjson/environment/path.dsv
-- Up-to-date: /home/cyberdog_ws/install/share/rapidjson/local_setup.bash
-- Up-to-date: /home/cyberdog_ws/install/share/rapidjson/local_setup.sh
-- Up-to-date: /home/cyberdog_ws/install/share/rapidjson/local_setup.zsh
-- Up-to-date: /home/cyberdog_ws/install/share/rapidjson/local_setup.dsv
-- Installing: /home/cyberdog_ws/install/share/rapidjson/package.dsv
-- Up-to-date: /home/cyberdog_ws/install/share/ament_index/resource_index/packages/rapidjson
-- Up-to-date: /home/cyberdog_ws/install/share/rapidjson/cmake/ament_cmake_export_include_directories-extras.cmake
-- Up-to-date: /home/cyberdog_ws/install/share/rapidjson/cmake/rapidjsonConfig.cmake
-- Up-to-date: /home/cyberdog_ws/install/share/rapidjson/cmake/rapidjsonConfig-version.cmake
-- Up-to-date: /home/cyberdog_ws/install/share/rapidjson/package.xml
