[0.021s] Invoking command in '/home/cyberdog_ws/build/manager_base': AMENT_PREFIX_PATH=/home/cyberdog_ws/install:${AMENT_PREFIX_PATH} CMAKE_PREFIX_PATH=/home/cyberdog_ws/install:/opt/ros/galactic LD_LIBRARY_PATH=/home/cyberdog_ws/install/lib:${LD_LIBRARY_PATH} PYTHONPATH=/home/cyberdog_ws/install/lib/python3.8/site-packages:${PYTHONPATH} /usr/bin/cmake /home/cyberdog_ws/src/manager/manager_base -DCMAKE_INSTALL_PREFIX=/home/cyberdog_ws/install
[0.082s] -- The C compiler identification is GNU 9.4.0
[0.145s] -- The CXX compiler identification is GNU 9.4.0
[0.149s] -- Check for working C compiler: /usr/bin/cc
[0.228s] -- Check for working C compiler: /usr/bin/cc -- works
[0.229s] -- Detecting C compiler ABI info
[0.308s] -- Detecting C compiler ABI info - done
[0.317s] -- Detecting C compile features
[0.318s] -- Detecting C compile features - done
[0.320s] -- Check for working CXX compiler: /usr/bin/c++
[0.392s] -- Check for working CXX compiler: /usr/bin/c++ -- works
[0.393s] -- Detecting CXX compiler ABI info
[0.491s] -- Detecting CXX compiler ABI info - done
[0.502s] -- Detecting CXX compile features
[0.503s] -- Detecting CXX compile features - done
[0.506s] -- Found ament_cmake: 1.1.6 (/opt/ros/galactic/share/ament_cmake/cmake)
[0.532s] -- Found PythonInterp: /usr/bin/python3 (found suitable version "3.8.10", minimum required is "3") 
[0.532s] -- Using PYTHON_EXECUTABLE: /usr/bin/python3
[0.617s] -- Found rclcpp: 9.2.2 (/opt/ros/galactic/share/rclcpp/cmake)
[0.672s] -- Using all available rosidl_typesupport_c: rosidl_typesupport_fastrtps_c;rosidl_typesupport_introspection_c
[0.681s] -- Found rosidl_adapter: 2.2.3 (/opt/ros/galactic/share/rosidl_adapter/cmake)
[0.782s] -- Found OpenSSL: /usr/lib/x86_64-linux-gnu/libcrypto.so (found version "1.1.1f")  
[0.827s] -- Found FastRTPS: /opt/ros/galactic/include  
[0.926s] -- Using all available rosidl_typesupport_cpp: rosidl_typesupport_fastrtps_cpp;rosidl_typesupport_introspection_cpp
[0.983s] -- Found rmw_implementation_cmake: 3.3.1 (/opt/ros/galactic/share/rmw_implementation_cmake/cmake)
[0.986s] -- Found rmw_cyclonedds_cpp: 0.22.6 (/opt/ros/galactic/share/rmw_cyclonedds_cpp/cmake)
[1.003s] -- Using RMW implementation 'rmw_cyclonedds_cpp' as default
[1.004s] -- Looking for pthread.h
[1.079s] -- Looking for pthread.h - found
[1.079s] -- Performing Test CMAKE_HAVE_LIBC_PTHREAD
[1.171s] -- Performing Test CMAKE_HAVE_LIBC_PTHREAD - Failed
[1.171s] -- Looking for pthread_create in pthreads
[1.247s] -- Looking for pthread_create in pthreads - not found
[1.247s] -- Looking for pthread_create in pthread
[1.326s] -- Looking for pthread_create in pthread - found
[1.327s] -- Found Threads: TRUE  
[1.464s] -- Found protocol: 1.0.0 (/home/cyberdog_ws/install/share/protocol/cmake)
[1.795s] -- Found cyberdog_system: 0.0.0 (/home/cyberdog_ws/install/share/cyberdog_system/cmake)
[1.798s] -- Found ament_lint_auto: 0.10.7 (/opt/ros/galactic/share/ament_lint_auto/cmake)
[1.873s] -- Added test 'copyright' to check source files copyright and LICENSE
[1.874s] -- Added test 'cppcheck' to perform static code analysis on C / C++ code
[1.874s] -- Configured cppcheck include dirs: 
[1.874s] -- Configured cppcheck exclude dirs and/or files: 
[1.874s] -- Added test 'cpplint' to check C / C++ code against the Google style
[1.874s] -- Configured cpplint exclude dirs and/or files: 
[1.875s] -- Added test 'lint_cmake' to check CMake code style
[1.875s] -- Added test 'uncrustify' to check C / C++ code style
[1.876s] -- Configured uncrustify additional arguments: 
[1.876s] -- Added test 'xmllint' to check XML markup files
[1.880s] -- Configuring done
[1.882s] -- Generating done
[1.883s] -- Build files have been written to: /home/cyberdog_ws/build/manager_base
[1.889s] Invoked command in '/home/cyberdog_ws/build/manager_base' returned '0': AMENT_PREFIX_PATH=/home/cyberdog_ws/install:${AMENT_PREFIX_PATH} CMAKE_PREFIX_PATH=/home/cyberdog_ws/install:/opt/ros/galactic LD_LIBRARY_PATH=/home/cyberdog_ws/install/lib:${LD_LIBRARY_PATH} PYTHONPATH=/home/cyberdog_ws/install/lib/python3.8/site-packages:${PYTHONPATH} /usr/bin/cmake /home/cyberdog_ws/src/manager/manager_base -DCMAKE_INSTALL_PREFIX=/home/cyberdog_ws/install
[1.891s] Invoking command in '/home/cyberdog_ws/build/manager_base': AMENT_PREFIX_PATH=/home/cyberdog_ws/install:${AMENT_PREFIX_PATH} CMAKE_PREFIX_PATH=/home/cyberdog_ws/install:/opt/ros/galactic LD_LIBRARY_PATH=/home/cyberdog_ws/install/lib:${LD_LIBRARY_PATH} PYTHONPATH=/home/cyberdog_ws/install/lib/python3.8/site-packages:${PYTHONPATH} /usr/bin/cmake --build /home/cyberdog_ws/build/manager_base -- -j16 -l16
[1.927s] Invoked command in '/home/cyberdog_ws/build/manager_base' returned '0': AMENT_PREFIX_PATH=/home/cyberdog_ws/install:${AMENT_PREFIX_PATH} CMAKE_PREFIX_PATH=/home/cyberdog_ws/install:/opt/ros/galactic LD_LIBRARY_PATH=/home/cyberdog_ws/install/lib:${LD_LIBRARY_PATH} PYTHONPATH=/home/cyberdog_ws/install/lib/python3.8/site-packages:${PYTHONPATH} /usr/bin/cmake --build /home/cyberdog_ws/build/manager_base -- -j16 -l16
[1.953s] Invoking command in '/home/cyberdog_ws/build/manager_base': AMENT_PREFIX_PATH=/home/cyberdog_ws/install:${AMENT_PREFIX_PATH} CMAKE_PREFIX_PATH=/home/cyberdog_ws/install:/opt/ros/galactic LD_LIBRARY_PATH=/home/cyberdog_ws/install/lib:${LD_LIBRARY_PATH} PYTHONPATH=/home/cyberdog_ws/install/lib/python3.8/site-packages:${PYTHONPATH} /usr/bin/cmake --install /home/cyberdog_ws/build/manager_base
[1.961s] -- Install configuration: ""
[1.961s] -- Up-to-date: /home/cyberdog_ws/install/include/
[1.962s] -- Installing: /home/cyberdog_ws/install/include//manager_base
[1.962s] -- Installing: /home/cyberdog_ws/install/include//manager_base/manager_base.hpp
[1.962s] -- Installing: /home/cyberdog_ws/install/share/ament_index/resource_index/package_run_dependencies/manager_base
[1.962s] -- Installing: /home/cyberdog_ws/install/share/ament_index/resource_index/parent_prefix_path/manager_base
[1.963s] -- Installing: /home/cyberdog_ws/install/share/manager_base/environment/ament_prefix_path.sh
[1.963s] -- Installing: /home/cyberdog_ws/install/share/manager_base/environment/ament_prefix_path.dsv
[1.963s] -- Installing: /home/cyberdog_ws/install/share/manager_base/environment/path.sh
[1.963s] -- Installing: /home/cyberdog_ws/install/share/manager_base/environment/path.dsv
[1.963s] -- Installing: /home/cyberdog_ws/install/share/manager_base/local_setup.bash
[1.963s] -- Installing: /home/cyberdog_ws/install/share/manager_base/local_setup.sh
[1.963s] -- Installing: /home/cyberdog_ws/install/share/manager_base/local_setup.zsh
[1.963s] -- Installing: /home/cyberdog_ws/install/share/manager_base/local_setup.dsv
[1.963s] -- Installing: /home/cyberdog_ws/install/share/manager_base/package.dsv
[1.963s] -- Installing: /home/cyberdog_ws/install/share/ament_index/resource_index/packages/manager_base
[1.963s] -- Installing: /home/cyberdog_ws/install/share/manager_base/cmake/ament_cmake_export_include_directories-extras.cmake
[1.963s] -- Installing: /home/cyberdog_ws/install/share/manager_base/cmake/manager_baseConfig.cmake
[1.963s] -- Installing: /home/cyberdog_ws/install/share/manager_base/cmake/manager_baseConfig-version.cmake
[1.963s] -- Installing: /home/cyberdog_ws/install/share/manager_base/package.xml
[1.966s] Invoked command in '/home/cyberdog_ws/build/manager_base' returned '0': AMENT_PREFIX_PATH=/home/cyberdog_ws/install:${AMENT_PREFIX_PATH} CMAKE_PREFIX_PATH=/home/cyberdog_ws/install:/opt/ros/galactic LD_LIBRARY_PATH=/home/cyberdog_ws/install/lib:${LD_LIBRARY_PATH} PYTHONPATH=/home/cyberdog_ws/install/lib/python3.8/site-packages:${PYTHONPATH} /usr/bin/cmake --install /home/cyberdog_ws/build/manager_base
