-- Found ament_cmake: 1.1.6 (/opt/ros/galactic/share/ament_cmake/cmake)
-- Using PYTHON_EXECUTABLE: /usr/bin/python3
-- Found rapidjson: 0.0.0 (/home/cyberdog_ws/install/share/rapidjson/cmake)
-- Found toml: 0.0.0 (/home/cyberdog_ws/install/share/toml/cmake)
-- Found rclcpp: 9.2.2 (/opt/ros/galactic/share/rclcpp/cmake)
-- Using all available rosidl_typesupport_c: rosidl_typesupport_fastrtps_c;rosidl_typesupport_introspection_c
-- Found rosidl_adapter: 2.2.3 (/opt/ros/galactic/share/rosidl_adapter/cmake)
-- Using all available rosidl_typesupport_cpp: rosidl_typesupport_fastrtps_cpp;rosidl_typesupport_introspection_cpp
-- Found rmw_implementation_cmake: 3.3.1 (/opt/ros/galactic/share/rmw_implementation_cmake/cmake)
-- Found rmw_cyclonedds_cpp: 0.22.6 (/opt/ros/galactic/share/rmw_cyclonedds_cpp/cmake)
-- Using RMW implementation 'rmw_cyclonedds_cpp' as default
-- Found std_srvs: 2.2.4 (/opt/ros/galactic/share/std_srvs/cmake)
-- Found xpack: 0.0.0 (/home/cyberdog_ws/install/share/xpack/cmake)
-- Found ament_lint_auto: 0.10.7 (/opt/ros/galactic/share/ament_lint_auto/cmake)
-- Found protocol: 1.0.0 (/home/cyberdog_ws/install/share/protocol/cmake)
-- Added test 'copyright' to check source files copyright and LICENSE
-- Added test 'cppcheck' to perform static code analysis on C / C++ code
-- Configured cppcheck include dirs: $<BUILD_INTERFACE:/home/cyberdog_ws/src/utils/cyberdog_common/include>
-- Configured cppcheck exclude dirs and/or files: 
-- Added test 'cpplint' to check C / C++ code against the Google style
-- Configured cpplint exclude dirs and/or files: 
-- Added test 'lint_cmake' to check CMake code style
-- Added test 'uncrustify' to check C / C++ code style
-- Configured uncrustify additional arguments: 
-- Added test 'xmllint' to check XML markup files
-- Configuring done
-- Generating done
-- Build files have been written to: /home/cyberdog_ws/build/cyberdog_common
[35m[1mScanning dependencies of target cyberdog_log[0m
[35m[1mScanning dependencies of target cyberdog_fds[0m
[ 25%] [32mBuilding CXX object CMakeFiles/cyberdog_fds.dir/src/cyberdog_fds_impl.cpp.o[0m
[ 25%] [32mBuilding CXX object CMakeFiles/cyberdog_log.dir/src/cyberdog_log.cpp.o[0m
[ 37%] [32m[1mLinking CXX shared library libcyberdog_log.so[0m
[ 37%] Built target cyberdog_log
