[0.008s] Invoking command in '/home/cyberdog_ws/build/cyberdog_common': AMENT_PREFIX_PATH=/home/cyberdog_ws/install:${AMENT_PREFIX_PATH} CMAKE_PREFIX_PATH=/home/cyberdog_ws/install:/opt/ros/galactic LD_LIBRARY_PATH=/home/cyberdog_ws/install/lib:${LD_LIBRARY_PATH} PYTHONPATH=/home/cyberdog_ws/install/lib/python3.8/site-packages:${PYTHONPATH} /usr/bin/cmake /home/cyberdog_ws/src/utils/cyberdog_common -DCMAKE_INSTALL_PREFIX=/home/cyberdog_ws/install
[0.016s] -- Found ament_cmake: 1.1.6 (/opt/ros/galactic/share/ament_cmake/cmake)
[0.033s] -- Using PYTHON_EXECUTABLE: /usr/bin/python3
[0.074s] -- Found rapidjson: 0.0.0 (/home/cyberdog_ws/install/share/rapidjson/cmake)
[0.075s] -- Found toml: 0.0.0 (/home/cyberdog_ws/install/share/toml/cmake)
[0.076s] -- Found rclcpp: 9.2.2 (/opt/ros/galactic/share/rclcpp/cmake)
[0.100s] -- Using all available rosidl_typesupport_c: rosidl_typesupport_fastrtps_c;rosidl_typesupport_introspection_c
[0.102s] -- Found rosidl_adapter: 2.2.3 (/opt/ros/galactic/share/rosidl_adapter/cmake)
[0.209s] -- Using all available rosidl_typesupport_cpp: rosidl_typesupport_fastrtps_cpp;rosidl_typesupport_introspection_cpp
[0.240s] -- Found rmw_implementation_cmake: 3.3.1 (/opt/ros/galactic/share/rmw_implementation_cmake/cmake)
[0.241s] -- Found rmw_cyclonedds_cpp: 0.22.6 (/opt/ros/galactic/share/rmw_cyclonedds_cpp/cmake)
[0.253s] -- Using RMW implementation 'rmw_cyclonedds_cpp' as default
[0.339s] -- Found std_srvs: 2.2.4 (/opt/ros/galactic/share/std_srvs/cmake)
[0.345s] -- Found xpack: 0.0.0 (/home/cyberdog_ws/install/share/xpack/cmake)
[0.347s] -- Found ament_lint_auto: 0.10.7 (/opt/ros/galactic/share/ament_lint_auto/cmake)
[0.384s] -- Found protocol: 1.0.0 (/home/cyberdog_ws/install/share/protocol/cmake)
[0.641s] -- Added test 'copyright' to check source files copyright and LICENSE
[0.643s] -- Added test 'cppcheck' to perform static code analysis on C / C++ code
[0.643s] -- Configured cppcheck include dirs: $<BUILD_INTERFACE:/home/cyberdog_ws/src/utils/cyberdog_common/include>
[0.643s] -- Configured cppcheck exclude dirs and/or files: 
[0.644s] -- Added test 'cpplint' to check C / C++ code against the Google style
[0.644s] -- Configured cpplint exclude dirs and/or files: 
[0.645s] -- Added test 'lint_cmake' to check CMake code style
[0.646s] -- Added test 'uncrustify' to check C / C++ code style
[0.646s] -- Configured uncrustify additional arguments: 
[0.646s] -- Added test 'xmllint' to check XML markup files
[0.649s] -- Configuring done
[0.662s] -- Generating done
[0.663s] -- Build files have been written to: /home/cyberdog_ws/build/cyberdog_common
[0.667s] Invoked command in '/home/cyberdog_ws/build/cyberdog_common' returned '0': AMENT_PREFIX_PATH=/home/cyberdog_ws/install:${AMENT_PREFIX_PATH} CMAKE_PREFIX_PATH=/home/cyberdog_ws/install:/opt/ros/galactic LD_LIBRARY_PATH=/home/cyberdog_ws/install/lib:${LD_LIBRARY_PATH} PYTHONPATH=/home/cyberdog_ws/install/lib/python3.8/site-packages:${PYTHONPATH} /usr/bin/cmake /home/cyberdog_ws/src/utils/cyberdog_common -DCMAKE_INSTALL_PREFIX=/home/cyberdog_ws/install
[0.668s] Invoking command in '/home/cyberdog_ws/build/cyberdog_common': AMENT_PREFIX_PATH=/home/cyberdog_ws/install:${AMENT_PREFIX_PATH} CMAKE_PREFIX_PATH=/home/cyberdog_ws/install:/opt/ros/galactic LD_LIBRARY_PATH=/home/cyberdog_ws/install/lib:${LD_LIBRARY_PATH} PYTHONPATH=/home/cyberdog_ws/install/lib/python3.8/site-packages:${PYTHONPATH} /usr/bin/cmake --build /home/cyberdog_ws/build/cyberdog_common -- -j16 -l16
[0.696s] [35m[1mScanning dependencies of target cyberdog_log[0m
[0.696s] [35m[1mScanning dependencies of target cyberdog_fds[0m
[0.721s] [ 25%] [32mBuilding CXX object CMakeFiles/cyberdog_fds.dir/src/cyberdog_fds_impl.cpp.o[0m
[0.721s] [ 25%] [32mBuilding CXX object CMakeFiles/cyberdog_log.dir/src/cyberdog_log.cpp.o[0m
[0.753s] In file included from [01m[K/home/cyberdog_ws/src/utils/cyberdog_common/src/cyberdog_fds_impl.cpp:22[m[K:
[0.753s] [01m[K/home/cyberdog_ws/src/utils/cyberdog_common/include/cyberdog_common/cyberdog_fds_impl.hpp:24:10:[m[K [01;31m[Kfatal error: [m[K/usr/local/include/galaxy_fds_client.h: No such file or directory
[0.753s]    24 | #include [01;31m[K"/usr/local/include/galaxy_fds_client.h"[m[K
[0.753s]       |          [01;31m[K^~~~~~~~~~~~~~~~~~~~~~~~~~~~~~~~~~~~~~~~[m[K
[0.753s] compilation terminated.
[0.754s] make[2]: *** [CMakeFiles/cyberdog_fds.dir/build.make:63: CMakeFiles/cyberdog_fds.dir/src/cyberdog_fds_impl.cpp.o] Error 1
[0.754s] make[1]: *** [CMakeFiles/Makefile2:140: CMakeFiles/cyberdog_fds.dir/all] Error 2
[0.754s] make[1]: *** Waiting for unfinished jobs....
[2.149s] [ 37%] [32m[1mLinking CXX shared library libcyberdog_log.so[0m
[2.211s] [ 37%] Built target cyberdog_log
[2.212s] make: *** [Makefile:141: all] Error 2
[2.214s] Invoked command in '/home/cyberdog_ws/build/cyberdog_common' returned '2': AMENT_PREFIX_PATH=/home/cyberdog_ws/install:${AMENT_PREFIX_PATH} CMAKE_PREFIX_PATH=/home/cyberdog_ws/install:/opt/ros/galactic LD_LIBRARY_PATH=/home/cyberdog_ws/install/lib:${LD_LIBRARY_PATH} PYTHONPATH=/home/cyberdog_ws/install/lib/python3.8/site-packages:${PYTHONPATH} /usr/bin/cmake --build /home/cyberdog_ws/build/cyberdog_common -- -j16 -l16
