-- The C compiler identification is GNU 9.4.0
-- The CXX compiler identification is GNU 9.4.0
-- Check for working C compiler: /usr/bin/cc
-- Check for working C compiler: /usr/bin/cc -- works
-- Detecting C compiler ABI info
-- Detecting C compiler ABI info - done
-- Detecting C compile features
-- Detecting C compile features - done
-- Check for working CXX compiler: /usr/bin/c++
-- Check for working CXX compiler: /usr/bin/c++ -- works
-- Detecting CXX compiler ABI info
-- Detecting CXX compiler ABI info - done
-- Detecting CXX compile features
-- Detecting CXX compile features - done
-- Found ament_cmake: 1.1.6 (/opt/ros/galactic/share/ament_cmake/cmake)
-- Found PythonInterp: /usr/bin/python3 (found suitable version "3.8.10", minimum required is "3") 
-- Using PYTHON_EXECUTABLE: /usr/bin/python3
-- Found rclcpp: 9.2.2 (/opt/ros/galactic/share/rclcpp/cmake)
-- Using all available rosidl_typesupport_c: rosidl_typesupport_fastrtps_c;rosidl_typesupport_introspection_c
-- Found rosidl_adapter: 2.2.3 (/opt/ros/galactic/share/rosidl_adapter/cmake)
-- Found OpenSSL: /usr/lib/x86_64-linux-gnu/libcrypto.so (found version "1.1.1f")  
-- Found FastRTPS: /opt/ros/galactic/include  
-- Using all available rosidl_typesupport_cpp: rosidl_typesupport_fastrtps_cpp;rosidl_typesupport_introspection_cpp
-- Found rmw_implementation_cmake: 3.3.1 (/opt/ros/galactic/share/rmw_implementation_cmake/cmake)
-- Found rmw_cyclonedds_cpp: 0.22.6 (/opt/ros/galactic/share/rmw_cyclonedds_cpp/cmake)
-- Using RMW implementation 'rmw_cyclonedds_cpp' as default
-- Looking for pthread.h
-- Looking for pthread.h - found
-- Performing Test CMAKE_HAVE_LIBC_PTHREAD
-- Performing Test CMAKE_HAVE_LIBC_PTHREAD - Failed
-- Looking for pthread_create in pthreads
-- Looking for pthread_create in pthreads - not found
-- Looking for pthread_create in pthread
-- Looking for pthread_create in pthread - found
-- Found Threads: TRUE  
-- Found std_srvs: 2.2.4 (/opt/ros/galactic/share/std_srvs/cmake)
-- Found protocol: 1.0.0 (/home/cyberdog_ws/install/share/protocol/cmake)
-- Found cyberdog_common: 0.0.0 (/home/cyberdog_ws/install/share/cyberdog_common/cmake)
-- Found mqttc: 0.0.0 (/home/cyberdog_ws/install/share/mqttc/cmake)
-- Found cpp_httplib: 0.0.0 (/home/cyberdog_ws/install/share/cpp_httplib/cmake)
-- Checking for one of the modules 'uuid'
-- Found ament_lint_auto: 0.10.7 (/opt/ros/galactic/share/ament_lint_auto/cmake)
-- Added test 'copyright' to check source files copyright and LICENSE
-- Added test 'cppcheck' to perform static code analysis on C / C++ code
-- Configured cppcheck include dirs: /home/cyberdog_ws/src/bes_transmit/include;$<BUILD_INTERFACE:/home/cyberdog_ws/src/bes_transmit/include>
-- Configured cppcheck exclude dirs and/or files: 
-- Added test 'cpplint' to check C / C++ code against the Google style
-- Configured cpplint exclude dirs and/or files: 
-- Added test 'lint_cmake' to check CMake code style
-- Added test 'uncrustify' to check C / C++ code style
-- Configured uncrustify additional arguments: 
-- Added test 'xmllint' to check XML markup files
-- Configuring done
-- Generating done
-- Build files have been written to: /home/cyberdog_ws/build/bes_transmit
[35m[1mScanning dependencies of target lcm_log_uploader[0m
[35m[1mScanning dependencies of target bes_transmit_waiter[0m
[35m[1mScanning dependencies of target file_uploading[0m
[ 14%] [32mBuilding CXX object CMakeFiles/file_uploading.dir/src/file_uploading.cpp.o[0m
[ 28%] [32mBuilding CXX object CMakeFiles/lcm_log_uploader.dir/src/lcm_log_uploader.cpp.o[0m
[ 42%] [32mBuilding CXX object CMakeFiles/bes_transmit_waiter.dir/src/main.cpp.o[0m
[ 57%] [32mBuilding CXX object CMakeFiles/bes_transmit_waiter.dir/src/bes_transmit_center.cpp.o[0m
[ 71%] [32m[1mLinking CXX shared library liblcm_log_uploader.so[0m
[ 71%] Built target lcm_log_uploader
[ 85%] [32m[1mLinking CXX shared library libfile_uploading.so[0m
[ 85%] Built target file_uploading
[100%] [32m[1mLinking CXX executable bes_transmit_waiter[0m
[100%] Built target bes_transmit_waiter
-- Install configuration: ""
-- Installing: /home/cyberdog_ws/install/share/bes_transmit/environment/library_path.sh
-- Installing: /home/cyberdog_ws/install/share/bes_transmit/environment/library_path.dsv
-- Installing: /home/cyberdog_ws/install/lib/bes_transmit/bes_transmit_waiter
-- Set runtime path of "/home/cyberdog_ws/install/lib/bes_transmit/bes_transmit_waiter" to ""
-- Installing: /home/cyberdog_ws/install/lib/libfile_uploading.so
-- Set runtime path of "/home/cyberdog_ws/install/lib/libfile_uploading.so" to ""
-- Installing: /home/cyberdog_ws/install/lib/liblcm_log_uploader.so
-- Set runtime path of "/home/cyberdog_ws/install/lib/liblcm_log_uploader.so" to ""
-- Installing: /home/cyberdog_ws/install/include/file_uploading/
-- Installing: /home/cyberdog_ws/install/include/file_uploading//file_uploading.h
-- Installing: /home/cyberdog_ws/install/include/file_uploading//lcm_log_uploader.hpp
-- Installing: /home/cyberdog_ws/install/share/ament_index/resource_index/package_run_dependencies/bes_transmit
-- Installing: /home/cyberdog_ws/install/share/ament_index/resource_index/parent_prefix_path/bes_transmit
-- Installing: /home/cyberdog_ws/install/share/bes_transmit/environment/ament_prefix_path.sh
-- Installing: /home/cyberdog_ws/install/share/bes_transmit/environment/ament_prefix_path.dsv
-- Installing: /home/cyberdog_ws/install/share/bes_transmit/environment/path.sh
-- Installing: /home/cyberdog_ws/install/share/bes_transmit/environment/path.dsv
-- Installing: /home/cyberdog_ws/install/share/bes_transmit/local_setup.bash
-- Installing: /home/cyberdog_ws/install/share/bes_transmit/local_setup.sh
-- Installing: /home/cyberdog_ws/install/share/bes_transmit/local_setup.zsh
-- Installing: /home/cyberdog_ws/install/share/bes_transmit/local_setup.dsv
-- Installing: /home/cyberdog_ws/install/share/bes_transmit/package.dsv
-- Installing: /home/cyberdog_ws/install/share/ament_index/resource_index/packages/bes_transmit
-- Installing: /home/cyberdog_ws/install/share/bes_transmit/cmake/file_uploadingExport.cmake
-- Installing: /home/cyberdog_ws/install/share/bes_transmit/cmake/file_uploadingExport-noconfig.cmake
-- Installing: /home/cyberdog_ws/install/share/bes_transmit/cmake/lcm_log_uploaderExport.cmake
-- Installing: /home/cyberdog_ws/install/share/bes_transmit/cmake/lcm_log_uploaderExport-noconfig.cmake
-- Installing: /home/cyberdog_ws/install/share/bes_transmit/cmake/ament_cmake_export_targets-extras.cmake
-- Installing: /home/cyberdog_ws/install/share/bes_transmit/cmake/ament_cmake_export_include_directories-extras.cmake
-- Installing: /home/cyberdog_ws/install/share/bes_transmit/cmake/ament_cmake_export_dependencies-extras.cmake
-- Installing: /home/cyberdog_ws/install/share/bes_transmit/cmake/bes_transmitConfig.cmake
-- Installing: /home/cyberdog_ws/install/share/bes_transmit/cmake/bes_transmitConfig-version.cmake
-- Installing: /home/cyberdog_ws/install/share/bes_transmit/package.xml
