[0.037s] Invoking command in '/home/cyberdog_ws/build/bes_transmit': AMENT_PREFIX_PATH=/home/cyberdog_ws/install:${AMENT_PREFIX_PATH} CMAKE_PREFIX_PATH=/home/cyberdog_ws/install:/opt/ros/galactic LD_LIBRARY_PATH=/home/cyberdog_ws/install/lib:${LD_LIBRARY_PATH} PYTHONPATH=/home/cyberdog_ws/install/lib/python3.8/site-packages:${PYTHONPATH} /usr/bin/cmake /home/cyberdog_ws/src/bes_transmit -DCMAKE_INSTALL_PREFIX=/home/cyberdog_ws/install
[0.102s] -- The C compiler identification is GNU 9.4.0
[0.163s] -- The CXX compiler identification is GNU 9.4.0
[0.167s] -- Check for working C compiler: /usr/bin/cc
[0.241s] -- Check for working C compiler: /usr/bin/cc -- works
[0.242s] -- Detecting C compiler ABI info
[0.318s] -- Detecting C compiler ABI info - done
[0.329s] -- Detecting C compile features
[0.330s] -- Detecting C compile features - done
[0.330s] -- Check for working CXX compiler: /usr/bin/c++
[0.414s] -- Check for working CXX compiler: /usr/bin/c++ -- works
[0.416s] -- Detecting CXX compiler ABI info
[0.500s] -- Detecting CXX compiler ABI info - done
[0.511s] -- Detecting CXX compile features
[0.513s] -- Detecting CXX compile features - done
[0.514s] -- Found ament_cmake: 1.1.6 (/opt/ros/galactic/share/ament_cmake/cmake)
[0.542s] -- Found PythonInterp: /usr/bin/python3 (found suitable version "3.8.10", minimum required is "3") 
[0.542s] -- Using PYTHON_EXECUTABLE: /usr/bin/python3
[0.636s] -- Found rclcpp: 9.2.2 (/opt/ros/galactic/share/rclcpp/cmake)
[0.702s] -- Using all available rosidl_typesupport_c: rosidl_typesupport_fastrtps_c;rosidl_typesupport_introspection_c
[0.711s] -- Found rosidl_adapter: 2.2.3 (/opt/ros/galactic/share/rosidl_adapter/cmake)
[0.824s] -- Found OpenSSL: /usr/lib/x86_64-linux-gnu/libcrypto.so (found version "1.1.1f")  
[0.880s] -- Found FastRTPS: /opt/ros/galactic/include  
[0.993s] -- Using all available rosidl_typesupport_cpp: rosidl_typesupport_fastrtps_cpp;rosidl_typesupport_introspection_cpp
[1.058s] -- Found rmw_implementation_cmake: 3.3.1 (/opt/ros/galactic/share/rmw_implementation_cmake/cmake)
[1.063s] -- Found rmw_cyclonedds_cpp: 0.22.6 (/opt/ros/galactic/share/rmw_cyclonedds_cpp/cmake)
[1.084s] -- Using RMW implementation 'rmw_cyclonedds_cpp' as default
[1.084s] -- Looking for pthread.h
[1.155s] -- Looking for pthread.h - found
[1.155s] -- Performing Test CMAKE_HAVE_LIBC_PTHREAD
[1.231s] -- Performing Test CMAKE_HAVE_LIBC_PTHREAD - Failed
[1.231s] -- Looking for pthread_create in pthreads
[1.291s] -- Looking for pthread_create in pthreads - not found
[1.292s] -- Looking for pthread_create in pthread
[1.362s] -- Looking for pthread_create in pthread - found
[1.363s] -- Found Threads: TRUE  
[1.501s] -- Found std_srvs: 2.2.4 (/opt/ros/galactic/share/std_srvs/cmake)
[1.509s] -- Found protocol: 1.0.0 (/home/cyberdog_ws/install/share/protocol/cmake)
[1.858s] -- Found cyberdog_common: 0.0.0 (/home/cyberdog_ws/install/share/cyberdog_common/cmake)
[1.876s] -- Found mqttc: 0.0.0 (/home/cyberdog_ws/install/share/mqttc/cmake)
[1.878s] -- Found cpp_httplib: 0.0.0 (/home/cyberdog_ws/install/share/cpp_httplib/cmake)
[1.885s] -- Checking for one of the modules 'uuid'
[1.958s] -- Found ament_lint_auto: 0.10.7 (/opt/ros/galactic/share/ament_lint_auto/cmake)
[2.044s] -- Added test 'copyright' to check source files copyright and LICENSE
[2.046s] -- Added test 'cppcheck' to perform static code analysis on C / C++ code
[2.047s] -- Configured cppcheck include dirs: /home/cyberdog_ws/src/bes_transmit/include;$<BUILD_INTERFACE:/home/cyberdog_ws/src/bes_transmit/include>
[2.047s] -- Configured cppcheck exclude dirs and/or files: 
[2.049s] -- Added test 'cpplint' to check C / C++ code against the Google style
[2.049s] -- Configured cpplint exclude dirs and/or files: 
[2.050s] -- Added test 'lint_cmake' to check CMake code style
[2.052s] -- Added test 'uncrustify' to check C / C++ code style
[2.052s] -- Configured uncrustify additional arguments: 
[2.052s] -- Added test 'xmllint' to check XML markup files
[2.058s] -- Configuring done
[2.077s] -- Generating done
[2.079s] -- Build files have been written to: /home/cyberdog_ws/build/bes_transmit
[2.086s] Invoked command in '/home/cyberdog_ws/build/bes_transmit' returned '0': AMENT_PREFIX_PATH=/home/cyberdog_ws/install:${AMENT_PREFIX_PATH} CMAKE_PREFIX_PATH=/home/cyberdog_ws/install:/opt/ros/galactic LD_LIBRARY_PATH=/home/cyberdog_ws/install/lib:${LD_LIBRARY_PATH} PYTHONPATH=/home/cyberdog_ws/install/lib/python3.8/site-packages:${PYTHONPATH} /usr/bin/cmake /home/cyberdog_ws/src/bes_transmit -DCMAKE_INSTALL_PREFIX=/home/cyberdog_ws/install
[2.088s] Invoking command in '/home/cyberdog_ws/build/bes_transmit': AMENT_PREFIX_PATH=/home/cyberdog_ws/install:${AMENT_PREFIX_PATH} CMAKE_PREFIX_PATH=/home/cyberdog_ws/install:/opt/ros/galactic LD_LIBRARY_PATH=/home/cyberdog_ws/install/lib:${LD_LIBRARY_PATH} PYTHONPATH=/home/cyberdog_ws/install/lib/python3.8/site-packages:${PYTHONPATH} /usr/bin/cmake --build /home/cyberdog_ws/build/bes_transmit -- -j16 -l16
[2.131s] [35m[1mScanning dependencies of target lcm_log_uploader[0m
[2.131s] [35m[1mScanning dependencies of target bes_transmit_waiter[0m
[2.131s] [35m[1mScanning dependencies of target file_uploading[0m
[2.179s] [ 14%] [32mBuilding CXX object CMakeFiles/file_uploading.dir/src/file_uploading.cpp.o[0m
[2.179s] [ 28%] [32mBuilding CXX object CMakeFiles/lcm_log_uploader.dir/src/lcm_log_uploader.cpp.o[0m
[2.188s] [ 42%] [32mBuilding CXX object CMakeFiles/bes_transmit_waiter.dir/src/main.cpp.o[0m
[2.188s] [ 57%] [32mBuilding CXX object CMakeFiles/bes_transmit_waiter.dir/src/bes_transmit_center.cpp.o[0m
[5.027s] [01m[K/home/cyberdog_ws/src/bes_transmit/src/file_uploading.cpp:[m[K In function ‘[01m[Kint uploadFile(const char*, const char*, int, int*)[m[K’:
[5.027s] [01m[K/home/cyberdog_ws/src/bes_transmit/src/file_uploading.cpp:86:63:[m[K [01;35m[Kwarning: [m[Kunused parameter ‘[01m[Kid[m[K’ [[01;35m[K-Wunused-parameter[m[K]
[5.027s]    86 | int uploadFile(const char * file_name, const char * info, [01;35m[Kint id[m[K, int * http_result_code)
[5.027s]       |                                                           [01;35m[K~~~~^~[m[K
[5.028s] [01m[K/home/cyberdog_ws/src/bes_transmit/src/file_uploading.cpp:[m[K In function ‘[01m[Kint sendWarningInfo(const char*, int, int*)[m[K’:
[5.028s] [01m[K/home/cyberdog_ws/src/bes_transmit/src/file_uploading.cpp:108:44:[m[K [01;35m[Kwarning: [m[Kunused parameter ‘[01m[Kid[m[K’ [[01;35m[K-Wunused-parameter[m[K]
[5.028s]   108 | int sendWarningInfo(const char * info, [01;35m[Kint id[m[K, int * http_result_code)
[5.028s]       |                                        [01;35m[K~~~~^~[m[K
[6.615s] [ 71%] [32m[1mLinking CXX shared library liblcm_log_uploader.so[0m
[6.836s] [ 71%] Built target lcm_log_uploader
[10.172s] [ 85%] [32m[1mLinking CXX shared library libfile_uploading.so[0m
[10.435s] [ 85%] Built target file_uploading
[16.016s] [100%] [32m[1mLinking CXX executable bes_transmit_waiter[0m
[16.650s] [100%] Built target bes_transmit_waiter
[16.661s] Invoked command in '/home/cyberdog_ws/build/bes_transmit' returned '0': AMENT_PREFIX_PATH=/home/cyberdog_ws/install:${AMENT_PREFIX_PATH} CMAKE_PREFIX_PATH=/home/cyberdog_ws/install:/opt/ros/galactic LD_LIBRARY_PATH=/home/cyberdog_ws/install/lib:${LD_LIBRARY_PATH} PYTHONPATH=/home/cyberdog_ws/install/lib/python3.8/site-packages:${PYTHONPATH} /usr/bin/cmake --build /home/cyberdog_ws/build/bes_transmit -- -j16 -l16
[16.703s] Invoking command in '/home/cyberdog_ws/build/bes_transmit': AMENT_PREFIX_PATH=/home/cyberdog_ws/install:${AMENT_PREFIX_PATH} CMAKE_PREFIX_PATH=/home/cyberdog_ws/install:/opt/ros/galactic LD_LIBRARY_PATH=/home/cyberdog_ws/install/lib:${LD_LIBRARY_PATH} PYTHONPATH=/home/cyberdog_ws/install/lib/python3.8/site-packages:${PYTHONPATH} /usr/bin/cmake --install /home/cyberdog_ws/build/bes_transmit
[16.709s] -- Install configuration: ""
[16.710s] -- Installing: /home/cyberdog_ws/install/share/bes_transmit/environment/library_path.sh
[16.710s] -- Installing: /home/cyberdog_ws/install/share/bes_transmit/environment/library_path.dsv
[16.710s] -- Installing: /home/cyberdog_ws/install/lib/bes_transmit/bes_transmit_waiter
[16.714s] -- Set runtime path of "/home/cyberdog_ws/install/lib/bes_transmit/bes_transmit_waiter" to ""
[16.714s] -- Installing: /home/cyberdog_ws/install/lib/libfile_uploading.so
[16.716s] -- Set runtime path of "/home/cyberdog_ws/install/lib/libfile_uploading.so" to ""
[16.716s] -- Installing: /home/cyberdog_ws/install/lib/liblcm_log_uploader.so
[16.717s] -- Set runtime path of "/home/cyberdog_ws/install/lib/liblcm_log_uploader.so" to ""
[16.718s] -- Installing: /home/cyberdog_ws/install/include/file_uploading/
[16.718s] -- Installing: /home/cyberdog_ws/install/include/file_uploading//file_uploading.h
[16.718s] -- Installing: /home/cyberdog_ws/install/include/file_uploading//lcm_log_uploader.hpp
[16.718s] -- Installing: /home/cyberdog_ws/install/share/ament_index/resource_index/package_run_dependencies/bes_transmit
[16.718s] -- Installing: /home/cyberdog_ws/install/share/ament_index/resource_index/parent_prefix_path/bes_transmit
[16.718s] -- Installing: /home/cyberdog_ws/install/share/bes_transmit/environment/ament_prefix_path.sh
[16.719s] -- Installing: /home/cyberdog_ws/install/share/bes_transmit/environment/ament_prefix_path.dsv
[16.719s] -- Installing: /home/cyberdog_ws/install/share/bes_transmit/environment/path.sh
[16.719s] -- Installing: /home/cyberdog_ws/install/share/bes_transmit/environment/path.dsv
[16.719s] -- Installing: /home/cyberdog_ws/install/share/bes_transmit/local_setup.bash
[16.719s] -- Installing: /home/cyberdog_ws/install/share/bes_transmit/local_setup.sh
[16.719s] -- Installing: /home/cyberdog_ws/install/share/bes_transmit/local_setup.zsh
[16.719s] -- Installing: /home/cyberdog_ws/install/share/bes_transmit/local_setup.dsv
[16.719s] -- Installing: /home/cyberdog_ws/install/share/bes_transmit/package.dsv
[16.719s] -- Installing: /home/cyberdog_ws/install/share/ament_index/resource_index/packages/bes_transmit
[16.719s] -- Installing: /home/cyberdog_ws/install/share/bes_transmit/cmake/file_uploadingExport.cmake
[16.719s] -- Installing: /home/cyberdog_ws/install/share/bes_transmit/cmake/file_uploadingExport-noconfig.cmake
[16.720s] -- Installing: /home/cyberdog_ws/install/share/bes_transmit/cmake/lcm_log_uploaderExport.cmake
[16.720s] -- Installing: /home/cyberdog_ws/install/share/bes_transmit/cmake/lcm_log_uploaderExport-noconfig.cmake
[16.720s] -- Installing: /home/cyberdog_ws/install/share/bes_transmit/cmake/ament_cmake_export_targets-extras.cmake
[16.720s] -- Installing: /home/cyberdog_ws/install/share/bes_transmit/cmake/ament_cmake_export_include_directories-extras.cmake
[16.720s] -- Installing: /home/cyberdog_ws/install/share/bes_transmit/cmake/ament_cmake_export_dependencies-extras.cmake
[16.720s] -- Installing: /home/cyberdog_ws/install/share/bes_transmit/cmake/bes_transmitConfig.cmake
[16.720s] -- Installing: /home/cyberdog_ws/install/share/bes_transmit/cmake/bes_transmitConfig-version.cmake
[16.720s] -- Installing: /home/cyberdog_ws/install/share/bes_transmit/package.xml
[16.725s] Invoked command in '/home/cyberdog_ws/build/bes_transmit' returned '0': AMENT_PREFIX_PATH=/home/cyberdog_ws/install:${AMENT_PREFIX_PATH} CMAKE_PREFIX_PATH=/home/cyberdog_ws/install:/opt/ros/galactic LD_LIBRARY_PATH=/home/cyberdog_ws/install/lib:${LD_LIBRARY_PATH} PYTHONPATH=/home/cyberdog_ws/install/lib/python3.8/site-packages:${PYTHONPATH} /usr/bin/cmake --install /home/cyberdog_ws/build/bes_transmit
