[0.029s] Invoking command in '/home/cyberdog_ws/build/rapidjson': CMAKE_PREFIX_PATH=/opt/ros/galactic /usr/bin/cmake --build /home/cyberdog_ws/build/rapidjson -- -j16 -l16
[0.069s] Invoked command in '/home/cyberdog_ws/build/rapidjson' returned '0': CMAKE_PREFIX_PATH=/opt/ros/galactic /usr/bin/cmake --build /home/cyberdog_ws/build/rapidjson -- -j16 -l16
[0.102s] Invoking command in '/home/cyberdog_ws/build/rapidjson': CMAKE_PREFIX_PATH=/opt/ros/galactic /usr/bin/cmake --install /home/cyberdog_ws/build/rapidjson
[0.112s] -- Install configuration: ""
[0.112s] -- Up-to-date: /home/cyberdog_ws/install/include
[0.113s] -- Up-to-date: /home/cyberdog_ws/install/include/rapidjson
[0.113s] -- Up-to-date: /home/cyberdog_ws/install/include/rapidjson/stream.h
[0.113s] -- Up-to-date: /home/cyberdog_ws/install/include/rapidjson/schema.h
[0.113s] -- Up-to-date: /home/cyberdog_ws/install/include/rapidjson/ostreamwrapper.h
[0.113s] -- Up-to-date: /home/cyberdog_ws/install/include/rapidjson/allocators.h
[0.113s] -- Up-to-date: /home/cyberdog_ws/install/include/rapidjson/istreamwrapper.h
[0.113s] -- Up-to-date: /home/cyberdog_ws/install/include/rapidjson/filereadstream.h
[0.113s] -- Up-to-date: /home/cyberdog_ws/install/include/rapidjson/reader.h
[0.113s] -- Up-to-date: /home/cyberdog_ws/install/include/rapidjson/pointer.h
[0.113s] -- Up-to-date: /home/cyberdog_ws/install/include/rapidjson/memorybuffer.h
[0.113s] -- Up-to-date: /home/cyberdog_ws/install/include/rapidjson/document.h
[0.113s] -- Up-to-date: /home/cyberdog_ws/install/include/rapidjson/encodings.h
[0.113s] -- Up-to-date: /home/cyberdog_ws/install/include/rapidjson/writer.h
[0.114s] -- Up-to-date: /home/cyberdog_ws/install/include/rapidjson/fwd.h
[0.114s] -- Up-to-date: /home/cyberdog_ws/install/include/rapidjson/prettywriter.h
[0.114s] -- Up-to-date: /home/cyberdog_ws/install/include/rapidjson/stringbuffer.h
[0.114s] -- Up-to-date: /home/cyberdog_ws/install/include/rapidjson/filewritestream.h
[0.114s] -- Up-to-date: /home/cyberdog_ws/install/include/rapidjson/memorystream.h
[0.114s] -- Up-to-date: /home/cyberdog_ws/install/include/rapidjson/rapidjson.h
[0.114s] -- Up-to-date: /home/cyberdog_ws/install/include/rapidjson/encodedstream.h
[0.114s] -- Up-to-date: /home/cyberdog_ws/install/include/rapidjson/internal
[0.114s] -- Up-to-date: /home/cyberdog_ws/install/include/rapidjson/internal/stack.h
[0.114s] -- Up-to-date: /home/cyberdog_ws/install/include/rapidjson/internal/swap.h
[0.114s] -- Up-to-date: /home/cyberdog_ws/install/include/rapidjson/internal/diyfp.h
[0.114s] -- Up-to-date: /home/cyberdog_ws/install/include/rapidjson/internal/pow10.h
[0.114s] -- Up-to-date: /home/cyberdog_ws/install/include/rapidjson/internal/itoa.h
[0.115s] -- Up-to-date: /home/cyberdog_ws/install/include/rapidjson/internal/ieee754.h
[0.115s] -- Up-to-date: /home/cyberdog_ws/install/include/rapidjson/internal/biginteger.h
[0.115s] -- Up-to-date: /home/cyberdog_ws/install/include/rapidjson/internal/regex.h
[0.115s] -- Up-to-date: /home/cyberdog_ws/install/include/rapidjson/internal/strfunc.h
[0.115s] -- Up-to-date: /home/cyberdog_ws/install/include/rapidjson/internal/dtoa.h
[0.115s] -- Up-to-date: /home/cyberdog_ws/install/include/rapidjson/internal/strtod.h
[0.115s] -- Up-to-date: /home/cyberdog_ws/install/include/rapidjson/internal/meta.h
[0.115s] -- Up-to-date: /home/cyberdog_ws/install/include/rapidjson/msinttypes
[0.115s] -- Up-to-date: /home/cyberdog_ws/install/include/rapidjson/msinttypes/stdint.h
[0.115s] -- Up-to-date: /home/cyberdog_ws/install/include/rapidjson/msinttypes/inttypes.h
[0.115s] -- Up-to-date: /home/cyberdog_ws/install/include/rapidjson/error
[0.115s] -- Up-to-date: /home/cyberdog_ws/install/include/rapidjson/error/error.h
[0.115s] -- Up-to-date: /home/cyberdog_ws/install/include/rapidjson/error/en.h
[0.116s] -- Up-to-date: /home/cyberdog_ws/install/share/ament_index/resource_index/package_run_dependencies/rapidjson
[0.116s] -- Up-to-date: /home/cyberdog_ws/install/share/ament_index/resource_index/parent_prefix_path/rapidjson
[0.116s] -- Up-to-date: /home/cyberdog_ws/install/share/rapidjson/environment/ament_prefix_path.sh
[0.116s] -- Up-to-date: /home/cyberdog_ws/install/share/rapidjson/environment/ament_prefix_path.dsv
[0.116s] -- Up-to-date: /home/cyberdog_ws/install/share/rapidjson/environment/path.sh
[0.116s] -- Up-to-date: /home/cyberdog_ws/install/share/rapidjson/environment/path.dsv
[0.117s] -- Up-to-date: /home/cyberdog_ws/install/share/rapidjson/local_setup.bash
[0.117s] -- Up-to-date: /home/cyberdog_ws/install/share/rapidjson/local_setup.sh
[0.117s] -- Up-to-date: /home/cyberdog_ws/install/share/rapidjson/local_setup.zsh
[0.117s] -- Up-to-date: /home/cyberdog_ws/install/share/rapidjson/local_setup.dsv
[0.117s] -- Installing: /home/cyberdog_ws/install/share/rapidjson/package.dsv
[0.117s] -- Up-to-date: /home/cyberdog_ws/install/share/ament_index/resource_index/packages/rapidjson
[0.117s] -- Up-to-date: /home/cyberdog_ws/install/share/rapidjson/cmake/ament_cmake_export_include_directories-extras.cmake
[0.117s] -- Up-to-date: /home/cyberdog_ws/install/share/rapidjson/cmake/rapidjsonConfig.cmake
[0.117s] -- Up-to-date: /home/cyberdog_ws/install/share/rapidjson/cmake/rapidjsonConfig-version.cmake
[0.117s] -- Up-to-date: /home/cyberdog_ws/install/share/rapidjson/package.xml
[0.128s] Invoked command in '/home/cyberdog_ws/build/rapidjson' returned '0': CMAKE_PREFIX_PATH=/opt/ros/galactic /usr/bin/cmake --install /home/cyberdog_ws/build/rapidjson
