[ 28%] Built target file_uploading
[ 57%] Built target lcm_log_uploader
[100%] Built target bes_transmit_waiter
-- Install configuration: ""
-- Up-to-date: /home/cyberdog_ws/install/share/bes_transmit/environment/library_path.sh
-- Up-to-date: /home/cyberdog_ws/install/share/bes_transmit/environment/library_path.dsv
-- Up-to-date: /home/cyberdog_ws/install/lib/bes_transmit/bes_transmit_waiter
-- Up-to-date: /home/cyberdog_ws/install/lib/libfile_uploading.so
-- Up-to-date: /home/cyberdog_ws/install/lib/liblcm_log_uploader.so
-- Up-to-date: /home/cyberdog_ws/install/include/file_uploading/
-- Up-to-date: /home/cyberdog_ws/install/include/file_uploading//file_uploading.h
-- Up-to-date: /home/cyberdog_ws/install/include/file_uploading//lcm_log_uploader.hpp
-- Up-to-date: /home/cyberdog_ws/install/share/ament_index/resource_index/package_run_dependencies/bes_transmit
-- Up-to-date: /home/cyberdog_ws/install/share/ament_index/resource_index/parent_prefix_path/bes_transmit
-- Up-to-date: /home/cyberdog_ws/install/share/bes_transmit/environment/ament_prefix_path.sh
-- Up-to-date: /home/cyberdog_ws/install/share/bes_transmit/environment/ament_prefix_path.dsv
-- Up-to-date: /home/cyberdog_ws/install/share/bes_transmit/environment/path.sh
-- Up-to-date: /home/cyberdog_ws/install/share/bes_transmit/environment/path.dsv
-- Up-to-date: /home/cyberdog_ws/install/share/bes_transmit/local_setup.bash
-- Up-to-date: /home/cyberdog_ws/install/share/bes_transmit/local_setup.sh
-- Up-to-date: /home/cyberdog_ws/install/share/bes_transmit/local_setup.zsh
-- Up-to-date: /home/cyberdog_ws/install/share/bes_transmit/local_setup.dsv
-- Installing: /home/cyberdog_ws/install/share/bes_transmit/package.dsv
-- Up-to-date: /home/cyberdog_ws/install/share/ament_index/resource_index/packages/bes_transmit
-- Up-to-date: /home/cyberdog_ws/install/share/bes_transmit/cmake/file_uploadingExport.cmake
-- Up-to-date: /home/cyberdog_ws/install/share/bes_transmit/cmake/file_uploadingExport-noconfig.cmake
-- Up-to-date: /home/cyberdog_ws/install/share/bes_transmit/cmake/lcm_log_uploaderExport.cmake
-- Up-to-date: /home/cyberdog_ws/install/share/bes_transmit/cmake/lcm_log_uploaderExport-noconfig.cmake
-- Up-to-date: /home/cyberdog_ws/install/share/bes_transmit/cmake/ament_cmake_export_targets-extras.cmake
-- Up-to-date: /home/cyberdog_ws/install/share/bes_transmit/cmake/ament_cmake_export_include_directories-extras.cmake
-- Up-to-date: /home/cyberdog_ws/install/share/bes_transmit/cmake/ament_cmake_export_dependencies-extras.cmake
-- Up-to-date: /home/cyberdog_ws/install/share/bes_transmit/cmake/bes_transmitConfig.cmake
-- Up-to-date: /home/cyberdog_ws/install/share/bes_transmit/cmake/bes_transmitConfig-version.cmake
-- Up-to-date: /home/cyberdog_ws/install/share/bes_transmit/package.xml
