[0.029s] Invoking command in '/home/cyberdog_ws/build/motion_action': AMENT_PREFIX_PATH=/home/cyberdog_ws/install:${AMENT_PREFIX_PATH} CMAKE_PREFIX_PATH=/home/cyberdog_ws/install:/opt/ros/galactic LD_LIBRARY_PATH=/home/cyberdog_ws/install/lib:${LD_LIBRARY_PATH} PYTHONPATH=/home/cyberdog_ws/install/lib/python3.8/site-packages:${PYTHONPATH} /usr/bin/cmake /home/cyberdog_ws/src/motion/motion_action -DCMAKE_INSTALL_PREFIX=/home/cyberdog_ws/install
[0.083s] -- The C compiler identification is GNU 9.4.0
[0.136s] -- The CXX compiler identification is GNU 9.4.0
[0.140s] -- Check for working C compiler: /usr/bin/cc
[0.231s] -- Check for working C compiler: /usr/bin/cc -- works
[0.232s] -- Detecting C compiler ABI info
[0.297s] -- Detecting C compiler ABI info - done
[0.311s] -- Detecting C compile features
[0.312s] -- Detecting C compile features - done
[0.314s] -- Check for working CXX compiler: /usr/bin/c++
[0.392s] -- Check for working CXX compiler: /usr/bin/c++ -- works
[0.393s] -- Detecting CXX compiler ABI info
[0.463s] -- Detecting CXX compiler ABI info - done
[0.472s] -- Detecting CXX compile features
[0.473s] -- Detecting CXX compile features - done
[0.476s] -- Found ament_cmake: 1.1.6 (/opt/ros/galactic/share/ament_cmake/cmake)
[0.502s] -- Found PythonInterp: /usr/bin/python3 (found suitable version "3.8.10", minimum required is "3") 
[0.502s] -- Using PYTHON_EXECUTABLE: /usr/bin/python3
[0.590s] -- Found rclcpp: 9.2.2 (/opt/ros/galactic/share/rclcpp/cmake)
[0.649s] -- Using all available rosidl_typesupport_c: rosidl_typesupport_fastrtps_c;rosidl_typesupport_introspection_c
[0.657s] -- Found rosidl_adapter: 2.2.3 (/opt/ros/galactic/share/rosidl_adapter/cmake)
[0.755s] -- Found OpenSSL: /usr/lib/x86_64-linux-gnu/libcrypto.so (found version "1.1.1f")  
[0.797s] -- Found FastRTPS: /opt/ros/galactic/include  
[0.902s] -- Using all available rosidl_typesupport_cpp: rosidl_typesupport_fastrtps_cpp;rosidl_typesupport_introspection_cpp
[0.956s] -- Found rmw_implementation_cmake: 3.3.1 (/opt/ros/galactic/share/rmw_implementation_cmake/cmake)
[0.960s] -- Found rmw_cyclonedds_cpp: 0.22.6 (/opt/ros/galactic/share/rmw_cyclonedds_cpp/cmake)
[0.976s] -- Using RMW implementation 'rmw_cyclonedds_cpp' as default
[0.977s] -- Looking for pthread.h
[1.067s] -- Looking for pthread.h - found
[1.067s] -- Performing Test CMAKE_HAVE_LIBC_PTHREAD
[1.140s] -- Performing Test CMAKE_HAVE_LIBC_PTHREAD - Failed
[1.140s] -- Looking for pthread_create in pthreads
[1.202s] -- Looking for pthread_create in pthreads - not found
[1.202s] -- Looking for pthread_create in pthread
[1.283s] -- Looking for pthread_create in pthread - found
[1.284s] -- Found Threads: TRUE  
[1.422s] -- Found rclpy: 1.9.3 (/opt/ros/galactic/share/rclpy/cmake)
[1.422s] -- Found protocol: 1.0.0 (/home/cyberdog_ws/install/share/protocol/cmake)
[1.766s] -- Found cyberdog_system: 0.0.0 (/home/cyberdog_ws/install/share/cyberdog_system/cmake)
[1.767s] -- Found cyberdog_debug: 0.0.0 (/home/cyberdog_ws/install/share/cyberdog_debug/cmake)
[1.768s] -- Found cyberdog_common: 0.0.0 (/home/cyberdog_ws/install/share/cyberdog_common/cmake)
[1.793s] -- Found skin_manager: 0.0.0 (/home/cyberdog_ws/install/share/skin_manager/cmake)
[1.880s] -- Found ament_lint_auto: 0.10.7 (/opt/ros/galactic/share/ament_lint_auto/cmake)
[1.957s] -- Added test 'copyright' to check source files copyright and LICENSE
[1.960s] -- Added test 'cppcheck' to perform static code analysis on C / C++ code
[1.961s] -- Configured cppcheck include dirs: /home/cyberdog_ws/src/motion/motion_action/include
[1.961s] -- Configured cppcheck exclude dirs and/or files: 
[1.964s] -- Added test 'cpplint' to check C / C++ code against the Google style
[1.964s] -- Configured cpplint exclude dirs and/or files: 
[1.965s] -- Added test 'flake8' to check Python code syntax and style conventions
[1.966s] -- Added test 'lint_cmake' to check CMake code style
[1.967s] -- Added test 'pep257' to check Python code against some of the style conventions in PEP 257
[1.970s] -- Added test 'uncrustify' to check C / C++ code style
[1.971s] -- Configured uncrustify additional arguments: 
[1.971s] -- Added test 'xmllint' to check XML markup files
[1.976s] -- Configuring done
[2.001s] -- Generating done
[2.003s] -- Build files have been written to: /home/cyberdog_ws/build/motion_action
[2.010s] Invoked command in '/home/cyberdog_ws/build/motion_action' returned '0': AMENT_PREFIX_PATH=/home/cyberdog_ws/install:${AMENT_PREFIX_PATH} CMAKE_PREFIX_PATH=/home/cyberdog_ws/install:/opt/ros/galactic LD_LIBRARY_PATH=/home/cyberdog_ws/install/lib:${LD_LIBRARY_PATH} PYTHONPATH=/home/cyberdog_ws/install/lib/python3.8/site-packages:${PYTHONPATH} /usr/bin/cmake /home/cyberdog_ws/src/motion/motion_action -DCMAKE_INSTALL_PREFIX=/home/cyberdog_ws/install
[2.012s] Invoking command in '/home/cyberdog_ws/build/motion_action': AMENT_PREFIX_PATH=/home/cyberdog_ws/install:${AMENT_PREFIX_PATH} CMAKE_PREFIX_PATH=/home/cyberdog_ws/install:/opt/ros/galactic LD_LIBRARY_PATH=/home/cyberdog_ws/install/lib:${LD_LIBRARY_PATH} PYTHONPATH=/home/cyberdog_ws/install/lib/python3.8/site-packages:${PYTHONPATH} /usr/bin/cmake --build /home/cyberdog_ws/build/motion_action -- -j16 -l16
[2.058s] [35m[1mScanning dependencies of target motion_action[0m
[2.059s] [35m[1mScanning dependencies of target ament_cmake_python_copy_motion_action[0m
[2.078s] [  0%] Built target ament_cmake_python_copy_motion_action
[2.089s] [35m[1mScanning dependencies of target ament_cmake_python_build_motion_action_egg[0m
[2.107s] [ 12%] [32mBuilding CXX object CMakeFiles/motion_action.dir/src/motion_action.cpp.o[0m
[2.276s] running egg_info
[2.277s] creating motion_action.egg-info
[2.277s] writing motion_action.egg-info/PKG-INFO
[2.277s] writing dependency_links to motion_action.egg-info/dependency_links.txt
[2.277s] writing top-level names to motion_action.egg-info/top_level.txt
[2.279s] writing manifest file 'motion_action.egg-info/SOURCES.txt'
[2.326s] reading manifest file 'motion_action.egg-info/SOURCES.txt'
[2.326s] writing manifest file 'motion_action.egg-info/SOURCES.txt'
[2.354s] [ 12%] Built target ament_cmake_python_build_motion_action_egg
[10.351s] [ 25%] [32m[1mLinking CXX shared library libmotion_action.so[0m
[10.642s] [ 25%] Built target motion_action
[10.653s] [35m[1mScanning dependencies of target client_test[0m
[10.653s] [35m[1mScanning dependencies of target controller_test[0m
[10.653s] [35m[1mScanning dependencies of target publisher_test[0m
[10.708s] [ 37%] [32mBuilding CXX object CMakeFiles/client_test.dir/test/client_test.cpp.o[0m
[10.709s] [ 62%] [32mBuilding CXX object CMakeFiles/controller_test.dir/test/controller_test.cpp.o[0m
[10.709s] [ 62%] [32mBuilding CXX object CMakeFiles/publisher_test.dir/test/publisher_test.cpp.o[0m
[15.394s] [ 75%] [32m[1mLinking CXX executable controller_test[0m
[15.567s] [ 75%] Built target controller_test
[18.737s] [ 87%] [32m[1mLinking CXX executable client_test[0m
[19.028s] [ 87%] Built target client_test
[19.438s] [100%] [32m[1mLinking CXX executable publisher_test[0m
[19.743s] [100%] Built target publisher_test
[19.753s] Invoked command in '/home/cyberdog_ws/build/motion_action' returned '0': AMENT_PREFIX_PATH=/home/cyberdog_ws/install:${AMENT_PREFIX_PATH} CMAKE_PREFIX_PATH=/home/cyberdog_ws/install:/opt/ros/galactic LD_LIBRARY_PATH=/home/cyberdog_ws/install/lib:${LD_LIBRARY_PATH} PYTHONPATH=/home/cyberdog_ws/install/lib/python3.8/site-packages:${PYTHONPATH} /usr/bin/cmake --build /home/cyberdog_ws/build/motion_action -- -j16 -l16
[19.801s] Invoking command in '/home/cyberdog_ws/build/motion_action': AMENT_PREFIX_PATH=/home/cyberdog_ws/install:${AMENT_PREFIX_PATH} CMAKE_PREFIX_PATH=/home/cyberdog_ws/install:/opt/ros/galactic LD_LIBRARY_PATH=/home/cyberdog_ws/install/lib:${LD_LIBRARY_PATH} PYTHONPATH=/home/cyberdog_ws/install/lib/python3.8/site-packages:${PYTHONPATH} /usr/bin/cmake --install /home/cyberdog_ws/build/motion_action
[19.814s] -- Install configuration: ""
[19.814s] -- Up-to-date: /home/cyberdog_ws/install/include
[19.814s] -- Installing: /home/cyberdog_ws/install/include/motion_action
[19.814s] -- Installing: /home/cyberdog_ws/install/include/motion_action/motion_macros.hpp
[19.814s] -- Installing: /home/cyberdog_ws/install/include/motion_action/motion_action.hpp
[19.814s] -- Installing: /home/cyberdog_ws/install/share/motion_action/launch
[19.814s] -- Installing: /home/cyberdog_ws/install/share/motion_action/launch/test_as_manager.py
[19.815s] -- Installing: /home/cyberdog_ws/install/share/motion_action/launch/test_as_manager.launch
[19.815s] -- Installing: /home/cyberdog_ws/install/share/motion_action/launch/AMENT_IGNORE
[19.815s] -- Installing: /home/cyberdog_ws/install/share/motion_action/preset
[19.815s] -- Installing: /home/cyberdog_ws/install/share/motion_action/preset/144.toml
[19.815s] -- Installing: /home/cyberdog_ws/install/share/motion_action/preset/141.toml
[19.815s] -- Installing: /home/cyberdog_ws/install/share/motion_action/preset/162.toml
[19.815s] -- Installing: /home/cyberdog_ws/install/share/motion_action/preset/164.toml
[19.815s] -- Installing: /home/cyberdog_ws/install/share/motion_action/preset/181.toml
[19.815s] -- Installing: /home/cyberdog_ws/install/share/motion_action/preset/124.toml
[19.816s] -- Installing: /home/cyberdog_ws/install/share/motion_action/preset/126.toml
[19.816s] -- Installing: /home/cyberdog_ws/install/share/motion_action/preset/157.toml
[19.816s] -- Installing: /home/cyberdog_ws/install/share/motion_action/preset/133.toml
[19.816s] -- Installing: /home/cyberdog_ws/install/share/motion_action/preset/177.toml
[19.816s] -- Installing: /home/cyberdog_ws/install/share/motion_action/preset/180.toml
[19.816s] -- Installing: /home/cyberdog_ws/install/share/motion_action/preset/101.toml
[19.816s] -- Installing: /home/cyberdog_ws/install/share/motion_action/preset/302.toml
[19.816s] -- Installing: /home/cyberdog_ws/install/share/motion_action/preset/136.toml
[19.817s] -- Installing: /home/cyberdog_ws/install/share/motion_action/preset/123.toml
[19.817s] -- Installing: /home/cyberdog_ws/install/share/motion_action/preset/131.toml
[19.817s] -- Installing: /home/cyberdog_ws/install/share/motion_action/preset/179.toml
[19.817s] -- Installing: /home/cyberdog_ws/install/share/motion_action/preset/102.toml
[19.817s] -- Installing: /home/cyberdog_ws/install/share/motion_action/preset/305.toml
[19.817s] -- Installing: /home/cyberdog_ws/install/share/motion_action/preset/163.toml
[19.817s] -- Installing: /home/cyberdog_ws/install/share/motion_action/preset/132.toml
[19.817s] -- Installing: /home/cyberdog_ws/install/share/motion_action/preset/128.toml
[19.818s] -- Installing: /home/cyberdog_ws/install/share/motion_action/preset/154.toml
[19.818s] -- Installing: /home/cyberdog_ws/install/share/motion_action/preset/173.toml
[19.818s] -- Installing: /home/cyberdog_ws/install/share/motion_action/preset/145.toml
[19.818s] -- Installing: /home/cyberdog_ws/install/share/motion_action/preset/138.toml
[19.818s] -- Installing: /home/cyberdog_ws/install/share/motion_action/preset/156.toml
[19.818s] -- Installing: /home/cyberdog_ws/install/share/motion_action/preset/elec_skin.toml
[19.818s] -- Installing: /home/cyberdog_ws/install/share/motion_action/preset/201.toml
[19.818s] -- Installing: /home/cyberdog_ws/install/share/motion_action/preset/user_gait_400.toml
[19.819s] -- Installing: /home/cyberdog_ws/install/share/motion_action/preset/171.toml
[19.819s] -- Installing: /home/cyberdog_ws/install/share/motion_action/preset/135.toml
[19.819s] -- Installing: /home/cyberdog_ws/install/share/motion_action/preset/167.toml
[19.819s] -- Installing: /home/cyberdog_ws/install/share/motion_action/preset/175.toml
[19.819s] -- Installing: /home/cyberdog_ws/install/share/motion_action/preset/176.toml
[19.819s] -- Installing: /home/cyberdog_ws/install/share/motion_action/preset/172.toml
[19.819s] -- Installing: /home/cyberdog_ws/install/share/motion_action/preset/178.toml
[19.819s] -- Installing: /home/cyberdog_ws/install/share/motion_action/preset/127.toml
[19.819s] -- Installing: /home/cyberdog_ws/install/share/motion_action/preset/153.toml
[19.819s] -- Installing: /home/cyberdog_ws/install/share/motion_action/preset/211.toml
[19.820s] -- Installing: /home/cyberdog_ws/install/share/motion_action/preset/147.toml
[19.820s] -- Installing: /home/cyberdog_ws/install/share/motion_action/preset/152.toml
[19.820s] -- Installing: /home/cyberdog_ws/install/share/motion_action/preset/166.toml
[19.820s] -- Installing: /home/cyberdog_ws/install/share/motion_action/preset/155.toml
[19.820s] -- Installing: /home/cyberdog_ws/install/share/motion_action/preset/165.toml
[19.820s] -- Installing: /home/cyberdog_ws/install/share/motion_action/preset/111.toml
[19.820s] -- Installing: /home/cyberdog_ws/install/share/motion_action/preset/301.toml
[19.820s] -- Installing: /home/cyberdog_ws/install/share/motion_action/preset/170.toml
[19.820s] -- Installing: /home/cyberdog_ws/install/share/motion_action/preset/158.toml
[19.820s] -- Installing: /home/cyberdog_ws/install/share/motion_action/preset/121.toml
[19.820s] -- Installing: /home/cyberdog_ws/install/share/motion_action/preset/168.toml
[19.820s] -- Installing: /home/cyberdog_ws/install/share/motion_action/preset/129.toml
[19.821s] -- Installing: /home/cyberdog_ws/install/share/motion_action/preset/137.toml
[19.821s] -- Installing: /home/cyberdog_ws/install/share/motion_action/preset/122.toml
[19.821s] -- Installing: /home/cyberdog_ws/install/share/motion_action/preset/303.toml
[19.821s] -- Installing: /home/cyberdog_ws/install/share/motion_action/preset/motion_id_map.toml
[19.821s] -- Installing: /home/cyberdog_ws/install/share/motion_action/preset/125.toml
[19.821s] -- Installing: /home/cyberdog_ws/install/share/motion_action/preset/212.toml
[19.821s] -- Installing: /home/cyberdog_ws/install/share/motion_action/preset/161.toml
[19.821s] -- Installing: /home/cyberdog_ws/install/share/motion_action/preset/148.toml
[19.821s] -- Installing: /home/cyberdog_ws/install/share/motion_action/preset/130.toml
[19.821s] -- Installing: /home/cyberdog_ws/install/share/motion_action/preset/160.toml
[19.821s] -- Installing: /home/cyberdog_ws/install/share/motion_action/preset/159.toml
[19.821s] -- Installing: /home/cyberdog_ws/install/share/motion_action/preset/150.toml
[19.822s] -- Installing: /home/cyberdog_ws/install/share/motion_action/preset/149.toml
[19.822s] -- Installing: /home/cyberdog_ws/install/share/motion_action/preset/142.toml
[19.822s] -- Installing: /home/cyberdog_ws/install/share/motion_action/preset/140.toml
[19.822s] -- Installing: /home/cyberdog_ws/install/share/motion_action/preset/174.toml
[19.822s] -- Installing: /home/cyberdog_ws/install/share/motion_action/preset/134.toml
[19.822s] -- Installing: /home/cyberdog_ws/install/share/motion_action/preset/146.toml
[19.822s] -- Installing: /home/cyberdog_ws/install/share/motion_action/preset/0.toml
[19.822s] -- Installing: /home/cyberdog_ws/install/share/motion_action/preset/400.toml
[19.822s] -- Installing: /home/cyberdog_ws/install/share/motion_action/preset/169.toml
[19.822s] -- Installing: /home/cyberdog_ws/install/share/motion_action/preset/143.toml
[19.822s] -- Installing: /home/cyberdog_ws/install/share/motion_action/preset/151.toml
[19.822s] -- Installing: /home/cyberdog_ws/install/share/motion_action/preset/202.toml
[19.823s] -- Installing: /home/cyberdog_ws/install/lib/libmotion_action.so
[19.828s] -- Set runtime path of "/home/cyberdog_ws/install/lib/libmotion_action.so" to ""
[19.828s] -- Installing: /home/cyberdog_ws/install/lib/motion_action/controller_test
[19.829s] -- Set runtime path of "/home/cyberdog_ws/install/lib/motion_action/controller_test" to ""
[19.829s] -- Installing: /home/cyberdog_ws/install/lib/motion_action/publisher_test
[19.834s] -- Set runtime path of "/home/cyberdog_ws/install/lib/motion_action/publisher_test" to ""
[19.834s] -- Installing: /home/cyberdog_ws/install/lib/motion_action/client_test
[19.838s] -- Set runtime path of "/home/cyberdog_ws/install/lib/motion_action/client_test" to ""
[19.839s] -- Installing: /home/cyberdog_ws/install/share/motion_action/environment/pythonpath.sh
[19.839s] -- Installing: /home/cyberdog_ws/install/share/motion_action/environment/pythonpath.dsv
[19.839s] -- Installing: /home/cyberdog_ws/install/lib/python3.8/site-packages//motion_action.egg-info
[19.839s] -- Installing: /home/cyberdog_ws/install/lib/python3.8/site-packages//motion_action.egg-info/PKG-INFO
[19.839s] -- Installing: /home/cyberdog_ws/install/lib/python3.8/site-packages//motion_action.egg-info/top_level.txt
[19.839s] -- Installing: /home/cyberdog_ws/install/lib/python3.8/site-packages//motion_action.egg-info/SOURCES.txt
[19.839s] -- Installing: /home/cyberdog_ws/install/lib/python3.8/site-packages//motion_action.egg-info/dependency_links.txt
[19.839s] -- Installing: /home/cyberdog_ws/install/lib/python3.8/site-packages/motion_action
[19.840s] -- Installing: /home/cyberdog_ws/install/lib/python3.8/site-packages/motion_action/__init__.py
[19.866s] Listing '/home/cyberdog_ws/install/lib/python3.8/site-packages/motion_action'...
[19.867s] Compiling '/home/cyberdog_ws/install/lib/python3.8/site-packages/motion_action/__init__.py'...
[19.870s] -- Installing: /home/cyberdog_ws/install/lib/motion_action/motion_teleop.py
[19.871s] -- Installing: /home/cyberdog_ws/install/lib/motion_action/pose_teleop.py
[19.871s] -- Installing: /home/cyberdog_ws/install/lib/motion_action/statistics.py
[19.871s] -- Installing: /home/cyberdog_ws/install/lib/motion_action/motion_units.py
[19.871s] -- Installing: /home/cyberdog_ws/install/lib/motion_action/motion_demo.py
[19.871s] -- Installing: /home/cyberdog_ws/install/share/motion_action/environment/library_path.sh
[19.872s] -- Installing: /home/cyberdog_ws/install/share/motion_action/environment/library_path.dsv
[19.872s] -- Installing: /home/cyberdog_ws/install/share/ament_index/resource_index/package_run_dependencies/motion_action
[19.872s] -- Installing: /home/cyberdog_ws/install/share/ament_index/resource_index/parent_prefix_path/motion_action
[19.872s] -- Installing: /home/cyberdog_ws/install/share/motion_action/environment/ament_prefix_path.sh
[19.872s] -- Installing: /home/cyberdog_ws/install/share/motion_action/environment/ament_prefix_path.dsv
[19.872s] -- Installing: /home/cyberdog_ws/install/share/motion_action/environment/path.sh
[19.872s] -- Installing: /home/cyberdog_ws/install/share/motion_action/environment/path.dsv
[19.872s] -- Installing: /home/cyberdog_ws/install/share/motion_action/local_setup.bash
[19.872s] -- Installing: /home/cyberdog_ws/install/share/motion_action/local_setup.sh
[19.872s] -- Installing: /home/cyberdog_ws/install/share/motion_action/local_setup.zsh
[19.872s] -- Installing: /home/cyberdog_ws/install/share/motion_action/local_setup.dsv
[19.872s] -- Installing: /home/cyberdog_ws/install/share/motion_action/package.dsv
[19.872s] -- Installing: /home/cyberdog_ws/install/share/ament_index/resource_index/packages/motion_action
[19.873s] -- Installing: /home/cyberdog_ws/install/share/motion_action/cmake/ament_cmake_export_include_directories-extras.cmake
[19.873s] -- Installing: /home/cyberdog_ws/install/share/motion_action/cmake/ament_cmake_export_libraries-extras.cmake
[19.873s] -- Installing: /home/cyberdog_ws/install/share/motion_action/cmake/ament_cmake_export_dependencies-extras.cmake
[19.873s] -- Installing: /home/cyberdog_ws/install/share/motion_action/cmake/motion_actionConfig.cmake
[19.873s] -- Installing: /home/cyberdog_ws/install/share/motion_action/cmake/motion_actionConfig-version.cmake
[19.873s] -- Installing: /home/cyberdog_ws/install/share/motion_action/package.xml
[19.877s] Invoked command in '/home/cyberdog_ws/build/motion_action' returned '0': AMENT_PREFIX_PATH=/home/cyberdog_ws/install:${AMENT_PREFIX_PATH} CMAKE_PREFIX_PATH=/home/cyberdog_ws/install:/opt/ros/galactic LD_LIBRARY_PATH=/home/cyberdog_ws/install/lib:${LD_LIBRARY_PATH} PYTHONPATH=/home/cyberdog_ws/install/lib/python3.8/site-packages:${PYTHONPATH} /usr/bin/cmake --install /home/cyberdog_ws/build/motion_action
