[0.039s] Invoking command in '/home/cyberdog_ws/build/bes_transmit': CMAKE_PREFIX_PATH=${CMAKE_PREFIX_PATH}:/opt/ros/galactic /usr/bin/cmake --build /home/cyberdog_ws/build/bes_transmit -- -j16 -l16
[0.112s] [ 28%] Built target file_uploading
[0.112s] [ 57%] Built target lcm_log_uploader
[0.129s] [100%] Built target bes_transmit_waiter
[0.150s] Invoked command in '/home/cyberdog_ws/build/bes_transmit' returned '0': CMAKE_PREFIX_PATH=${CMAKE_PREFIX_PATH}:/opt/ros/galactic /usr/bin/cmake --build /home/cyberdog_ws/build/bes_transmit -- -j16 -l16
[0.252s] Invoking command in '/home/cyberdog_ws/build/bes_transmit': CMAKE_PREFIX_PATH=${CMAKE_PREFIX_PATH}:/opt/ros/galactic /usr/bin/cmake --install /home/cyberdog_ws/build/bes_transmit
[0.272s] -- Install configuration: ""
[0.272s] -- Up-to-date: /home/cyberdog_ws/install/share/bes_transmit/environment/library_path.sh
[0.272s] -- Up-to-date: /home/cyberdog_ws/install/share/bes_transmit/environment/library_path.dsv
[0.272s] -- Up-to-date: /home/cyberdog_ws/install/lib/bes_transmit/bes_transmit_waiter
[0.272s] -- Up-to-date: /home/cyberdog_ws/install/lib/libfile_uploading.so
[0.272s] -- Up-to-date: /home/cyberdog_ws/install/lib/liblcm_log_uploader.so
[0.272s] -- Up-to-date: /home/cyberdog_ws/install/include/file_uploading/
[0.272s] -- Up-to-date: /home/cyberdog_ws/install/include/file_uploading//file_uploading.h
[0.272s] -- Up-to-date: /home/cyberdog_ws/install/include/file_uploading//lcm_log_uploader.hpp
[0.272s] -- Up-to-date: /home/cyberdog_ws/install/share/ament_index/resource_index/package_run_dependencies/bes_transmit
[0.272s] -- Up-to-date: /home/cyberdog_ws/install/share/ament_index/resource_index/parent_prefix_path/bes_transmit
[0.273s] -- Up-to-date: /home/cyberdog_ws/install/share/bes_transmit/environment/ament_prefix_path.sh
[0.273s] -- Up-to-date: /home/cyberdog_ws/install/share/bes_transmit/environment/ament_prefix_path.dsv
[0.273s] -- Up-to-date: /home/cyberdog_ws/install/share/bes_transmit/environment/path.sh
[0.273s] -- Up-to-date: /home/cyberdog_ws/install/share/bes_transmit/environment/path.dsv
[0.273s] -- Up-to-date: /home/cyberdog_ws/install/share/bes_transmit/local_setup.bash
[0.273s] -- Up-to-date: /home/cyberdog_ws/install/share/bes_transmit/local_setup.sh
[0.273s] -- Up-to-date: /home/cyberdog_ws/install/share/bes_transmit/local_setup.zsh
[0.273s] -- Up-to-date: /home/cyberdog_ws/install/share/bes_transmit/local_setup.dsv
[0.273s] -- Installing: /home/cyberdog_ws/install/share/bes_transmit/package.dsv
[0.273s] -- Up-to-date: /home/cyberdog_ws/install/share/ament_index/resource_index/packages/bes_transmit
[0.273s] -- Up-to-date: /home/cyberdog_ws/install/share/bes_transmit/cmake/file_uploadingExport.cmake
[0.273s] -- Up-to-date: /home/cyberdog_ws/install/share/bes_transmit/cmake/file_uploadingExport-noconfig.cmake
[0.273s] -- Up-to-date: /home/cyberdog_ws/install/share/bes_transmit/cmake/lcm_log_uploaderExport.cmake
[0.273s] -- Up-to-date: /home/cyberdog_ws/install/share/bes_transmit/cmake/lcm_log_uploaderExport-noconfig.cmake
[0.273s] -- Up-to-date: /home/cyberdog_ws/install/share/bes_transmit/cmake/ament_cmake_export_targets-extras.cmake
[0.273s] -- Up-to-date: /home/cyberdog_ws/install/share/bes_transmit/cmake/ament_cmake_export_include_directories-extras.cmake
[0.273s] -- Up-to-date: /home/cyberdog_ws/install/share/bes_transmit/cmake/ament_cmake_export_dependencies-extras.cmake
[0.273s] -- Up-to-date: /home/cyberdog_ws/install/share/bes_transmit/cmake/bes_transmitConfig.cmake
[0.274s] -- Up-to-date: /home/cyberdog_ws/install/share/bes_transmit/cmake/bes_transmitConfig-version.cmake
[0.274s] -- Up-to-date: /home/cyberdog_ws/install/share/bes_transmit/package.xml
[0.318s] Invoked command in '/home/cyberdog_ws/build/bes_transmit' returned '0': CMAKE_PREFIX_PATH=${CMAKE_PREFIX_PATH}:/opt/ros/galactic /usr/bin/cmake --install /home/cyberdog_ws/build/bes_transmit
