[ 25%] Built target cyberdog_log
[ 50%] Built target cyberdog_fds
[ 75%] Built target test_fds
[100%] Built target model_test
-- Install configuration: ""
-- Up-to-date: /home/cyberdog_ws/install/share/cyberdog_common/environment/library_path.sh
-- Up-to-date: /home/cyberdog_ws/install/share/cyberdog_common/environment/library_path.dsv
-- Up-to-date: /home/cyberdog_ws/install/include/
-- Up-to-date: /home/cyberdog_ws/install/include//cyberdog_common
-- Up-to-date: /home/cyberdog_ws/install/include//cyberdog_common/cyberdog_deque.hpp
-- Up-to-date: /home/cyberdog_ws/install/include//cyberdog_common/cyberdog_fds.hpp
-- Up-to-date: /home/cyberdog_ws/install/include//cyberdog_common/cyberdog_msg_queue.hpp
-- Up-to-date: /home/cyberdog_ws/install/include//cyberdog_common/cyberdog_model.hpp
-- Up-to-date: /home/cyberdog_ws/install/include//cyberdog_common/cyberdog_toml.hpp
-- Up-to-date: /home/cyberdog_ws/install/include//cyberdog_common/cyberdog_fds_impl.hpp
-- Up-to-date: /home/cyberdog_ws/install/include//cyberdog_common/cyberdog_lcm.hpp
-- Up-to-date: /home/cyberdog_ws/install/include//cyberdog_common/cyberdog_config.hpp
-- Up-to-date: /home/cyberdog_ws/install/include//cyberdog_common/cyberdog_log.hpp
-- Up-to-date: /home/cyberdog_ws/install/include//cyberdog_common/cyberdog_json.hpp
-- Up-to-date: /home/cyberdog_ws/install/include//cyberdog_common/cyberdog_semaphore.hpp
-- Up-to-date: /home/cyberdog_ws/install/lib/libcyberdog_log.so
-- Up-to-date: /home/cyberdog_ws/install/lib/libcyberdog_fds.so
-- Up-to-date: /home/cyberdog_ws/install/share/cyberdog_common/environment/library_path.sh
-- Up-to-date: /home/cyberdog_ws/install/share/cyberdog_common/environment/library_path.dsv
-- Up-to-date: /home/cyberdog_ws/install/share/ament_index/resource_index/package_run_dependencies/cyberdog_common
-- Up-to-date: /home/cyberdog_ws/install/share/ament_index/resource_index/parent_prefix_path/cyberdog_common
-- Up-to-date: /home/cyberdog_ws/install/share/cyberdog_common/environment/ament_prefix_path.sh
-- Up-to-date: /home/cyberdog_ws/install/share/cyberdog_common/environment/ament_prefix_path.dsv
-- Up-to-date: /home/cyberdog_ws/install/share/cyberdog_common/environment/path.sh
-- Up-to-date: /home/cyberdog_ws/install/share/cyberdog_common/environment/path.dsv
-- Up-to-date: /home/cyberdog_ws/install/share/cyberdog_common/local_setup.bash
-- Up-to-date: /home/cyberdog_ws/install/share/cyberdog_common/local_setup.sh
-- Up-to-date: /home/cyberdog_ws/install/share/cyberdog_common/local_setup.zsh
-- Up-to-date: /home/cyberdog_ws/install/share/cyberdog_common/local_setup.dsv
-- Installing: /home/cyberdog_ws/install/share/cyberdog_common/package.dsv
-- Up-to-date: /home/cyberdog_ws/install/share/ament_index/resource_index/packages/cyberdog_common
-- Up-to-date: /home/cyberdog_ws/install/share/cyberdog_common/cmake/cyberdog_logExport.cmake
-- Up-to-date: /home/cyberdog_ws/install/share/cyberdog_common/cmake/cyberdog_logExport-noconfig.cmake
-- Up-to-date: /home/cyberdog_ws/install/share/cyberdog_common/cmake/cyberdog_fdsExport.cmake
-- Up-to-date: /home/cyberdog_ws/install/share/cyberdog_common/cmake/cyberdog_fdsExport-noconfig.cmake
-- Up-to-date: /home/cyberdog_ws/install/share/cyberdog_common/cmake/ament_cmake_export_include_directories-extras.cmake
-- Up-to-date: /home/cyberdog_ws/install/share/cyberdog_common/cmake/ament_cmake_export_targets-extras.cmake
-- Up-to-date: /home/cyberdog_ws/install/share/cyberdog_common/cmake/ament_cmake_export_dependencies-extras.cmake
-- Up-to-date: /home/cyberdog_ws/install/share/cyberdog_common/cmake/cyberdog_commonConfig.cmake
-- Up-to-date: /home/cyberdog_ws/install/share/cyberdog_common/cmake/cyberdog_commonConfig-version.cmake
-- Up-to-date: /home/cyberdog_ws/install/share/cyberdog_common/package.xml
